
Showing logs for build [32mentando-k8s-entando-k8s-dbjob-p-xx2tx-4[0m stage [32mfrom-build-pack[0m and container [32mcredential-initializer[0m
{"level":"info","ts":1628***948.685642,"caller":"creds-init/main.go:44","msg":"Credentials initialized."}

Showing logs for build [32mentando-k8s-entando-k8s-dbjob-p-xx2tx-4[0m stage [32mfrom-build-pack[0m and container [32mworking-dir-initializer[0m

Showing logs for build [32mentando-k8s-entando-k8s-dbjob-p-xx2tx-4[0m stage [32mfrom-build-pack[0m and container [32mplace-tools[0m

Showing logs for build [32mentando-k8s-entando-k8s-dbjob-p-xx2tx-4[0m stage [32mfrom-build-pack[0m and container [32mstep-git-source-entando-k8s-entando-k8s-dbjob-p-xx2tx-h9gnn[0m
{"level":"info","ts":1628***983.8240802,"caller":"git/git.go:105","msg":"Successfully cloned https://github.com/entando-k8s/entando-k8s-dbjob.git @ master in path /workspace/source"}
{"level":"warn","ts":1628***983.824334,"caller":"git/git.go:152","msg":"Unexpected error: creating symlink: symlink /tekton/home/.ssh /****/.ssh: file exists"}
{"level":"info","ts":1628***983.894227,"caller":"git/git.go:133","msg":"Successfully initialized and updated submodules in path /workspace/source"}

Showing logs for build [32mentando-k8s-entando-k8s-dbjob-p-xx2tx-4[0m stage [32mfrom-build-pack[0m and container [32mstep-setup-builder-home[0m

Showing logs for build [32mentando-k8s-entando-k8s-dbjob-p-xx2tx-4[0m stage [32mfrom-build-pack[0m and container [32mstep-git-merge[0m
Using SHAs from PULL_REFS=master:7d0306014cbfb0c287e3833d262f2c33dfd3b506,7:2b6908a4955f488e3f5697b2c1d23aebf575bd21
DEBUG: LC_ALL=C JX_LOG_LEVEL=error git fetch origin --unshallow 2b6908a4955f488e3f5697b2c1d23aebf575bd21: 7d0306014cbfb0c287e3833d262f2c33dfd3b506:
DEBUG: ran git fetch --unshallow origin 2b6908a4955f488e3f5697b2c1d23aebf575bd21: 7d0306014cbfb0c287e3833d262f2c33dfd3b506: in 
DEBUG: LC_ALL=C JX_LOG_LEVEL=error git branch
DEBUG: LC_ALL=C JX_LOG_LEVEL=error git checkout master
DEBUG: ran git checkout master in 
DEBUG: JX_LOG_LEVEL=error LC_ALL=C git reset --hard 7d0306014cbfb0c287e3833d262f2c33dfd3b506
DEBUG: ran git reset --hard 7d0306014cbfb0c287e3833d262f2c33dfd3b506 in 
DEBUG: LC_ALL=C JX_LOG_LEVEL=error git clean -fd .
DEBUG: ran clean --force -d . in 
DEBUG: LC_ALL=C JX_LOG_LEVEL=error git merge 2b6908a4955f488e3f5697b2c1d23aebf575bd21
DEBUG: ran git merge 2b6908a4955f488e3f5697b2c1d23aebf575bd21 in 
DEBUG: LC_ALL=C JX_LOG_LEVEL=error git log --format=%H%x1f%an%x1f%ae%x1f%cn%x1f%ce%x1f%s%n%b%x1e 7d0306014cbfb0c287e3833d262f2c33dfd3b506..HEAD
Merged SHA 2b6908a4955f488e3f5697b2c1d23aebf575bd21 with commit message 'ENG-2585 bumped to latest parent pom' into base branch master
Merged SHA ad6023ec17c3531071c05ce8901597b9fe4af012 with commit message 'ENG-2585 fi**d pipeline' into base branch master
Merged SHA 8c55a47f68c54ba4bd264a956ef6b6c8ff831c5e with commit message 'ENG-2585 bumped to latest baseimage' into base branch master

Showing logs for build [32mentando-k8s-entando-k8s-dbjob-p-xx2tx-4[0m stage [32mfrom-build-pack[0m and container [32mstep-build-set-version[0m
Picked up _JAVA_OPTIONS: -XX:+UnlockExperimentalVMOptions -Dsun.zip.disableMemoryMapping=**** -XX:+UseParallelGC -XX:MinHeapFreeRatio=5 -XX:MaxHeapFreeRatio=10 -XX:GCTimeRatio=4 -XX:AdaptiveSizePolicyWeight=90 -Xms10m -Xmx8000m
[INFO] Scanning for projects...
[INFO] 
[INFO] -------------------< org.entando:entando-k8s-dbjob >--------------------
[INFO] Building Entando K8S Database Job 6.3.0-SNAPSHOT
[INFO] --------------------------------[ jar ]---------------------------------
[INFO] 
[INFO] --- versions-maven-plugin:2.8.1:set (default-cli) @ entando-k8s-dbjob ---
[INFO] Local aggregation ****: /workspace/source
[INFO] Processing change of org.entando:entando-k8s-dbjob:6.3.0-SNAPSHOT -> 0.0.0-SNAPSHOT-PR-7-4
[INFO] Processing org.entando:entando-k8s-dbjob
[INFO]     Updating project org.entando:entando-k8s-dbjob
[INFO]         from version 6.3.0-SNAPSHOT to 0.0.0-SNAPSHOT-PR-7-4
[INFO] 
[INFO] ------------------------------------------------------------------------
[INFO] BUILD SUCCESS
[INFO] ------------------------------------------------------------------------
[INFO] Total time:  11.065 s
[INFO] Finished at: 2021-08-06T07:30:00Z
[INFO] ------------------------------------------------------------------------

Showing logs for build [32mentando-k8s-entando-k8s-dbjob-p-xx2tx-4[0m stage [32mfrom-build-pack[0m and container [32mstep-build-fix-git-for-sonar[0m
Switched to a new branch 'PR-7'
M	pom.xml
Deleted branch master (was 2b6908a).
From https://github.com/entando-k8s/entando-k8s-dbjob
 * [new branch]      master     -> master

Showing logs for build [32mentando-k8s-entando-k8s-dbjob-p-xx2tx-4[0m stage [32mfrom-build-pack[0m and container [32mstep-build-mvn-verify-pr[0m
Picked up _JAVA_OPTIONS: -XX:+UnlockExperimentalVMOptions -Dsun.zip.disableMemoryMapping=**** -XX:+UseParallelGC -XX:MinHeapFreeRatio=5 -XX:MaxHeapFreeRatio=10 -XX:GCTimeRatio=4 -XX:AdaptiveSizePolicyWeight=90 -Xms10m -Xmx8000m
[INFO] Scanning for projects...
[INFO] 
[INFO] -------------------< org.entando:entando-k8s-dbjob >--------------------
[INFO] Building Entando K8S Database Job 0.0.0-SNAPSHOT-PR-7-4
[INFO] --------------------------------[ jar ]---------------------------------
[INFO] 
[INFO] --- maven-checkstyle-plugin:3.1.1:check (validate) @ entando-k8s-dbjob ---
[INFO] Starting audit...
Audit done.
[INFO] You have 0 Checkstyle violations.
[INFO] 
[INFO] --- maven-checkstyle-plugin:3.1.1:checkstyle (validate) @ entando-k8s-dbjob ---
[INFO] Starting audit...
Audit done.
[INFO] 
[INFO] --- jacoco-maven-plugin:0.8.7:prepare-agent (prepare-agent) @ entando-k8s-dbjob ---
[INFO] argLine set to -javaagent:/home/jenkins/.mvnrepository/org/jacoco/org.jacoco.agent/0.8.7/org.jacoco.agent-0.8.7-runtime.jar=destfile=/workspace/source/target/jacoco.e**c
[INFO] 
[INFO] --- maven-resources-plugin:2.6:resources (default-resources) @ entando-k8s-dbjob ---
[INFO] Using 'UTF-8' encoding to copy filtered resources.
[INFO] Copying 1 resource
[INFO] 
[INFO] --- maven-compiler-plugin:3.8.1:compile (default-compile) @ entando-k8s-dbjob ---
[INFO] Changes detected - recompiling the module!
[INFO] Compiling 4 source files to /workspace/source/target/classes
[INFO] 
[INFO] --- maven-resources-plugin:2.6:testResources (default-testResources) @ entando-k8s-dbjob ---
[INFO] Using 'UTF-8' encoding to copy filtered resources.
[INFO] skip non existing resourceDirectory /workspace/source/src/test/resources
[INFO] 
[INFO] --- maven-compiler-plugin:3.8.1:testCompile (default-testCompile) @ entando-k8s-dbjob ---
[INFO] Changes detected - recompiling the module!
[INFO] Compiling 7 source files to /workspace/source/target/test-classes
[INFO] /workspace/source/src/test/java/org/entando/k8s/db/job/CreatePostgresqlSchemaTest.java: /workspace/source/src/test/java/org/entando/k8s/db/job/CreatePostgresqlSchemaTest.java uses or overrides a deprecated API.
[INFO] /workspace/source/src/test/java/org/entando/k8s/db/job/CreatePostgresqlSchemaTest.java: Recompile with -Xlint:deprecation for details.
[INFO] -------------------------------------------------------------
[ERROR] COMPILATION ERROR : 
[INFO] -------------------------------------------------------------
[ERROR] /workspace/source/src/test/java/org/entando/k8s/db/job/SmokeIntegratedTest.java:[6,39] cannot find symbol
  symbol:   class DoneablePod
  location: package io.fabric8.kubernetes.api.model
[ERROR] /workspace/source/src/test/java/org/entando/k8s/db/job/SmokeIntegratedTest.java:[47,32] cannot find symbol
  symbol:   method createNew()
  location: interface io.fabric8.kubernetes.client.dsl.NonNamespaceOperation<io.fabric8.kubernetes.api.model.Namespace,io.fabric8.kubernetes.api.model.NamespaceList,io.fabric8.kubernetes.client.dsl.Resource<io.fabric8.kubernetes.api.model.Namespace>>
[ERROR] /workspace/source/src/test/java/org/entando/k8s/db/job/SmokeIntegratedTest.java:[127,45] cannot find symbol
  symbol:   method createNew()
  location: interface io.fabric8.kubernetes.client.dsl.NonNamespaceOperation<io.fabric8.kubernetes.api.model.Pod,io.fabric8.kubernetes.api.model.PodList,io.fabric8.kubernetes.client.dsl.PodResource<io.fabric8.kubernetes.api.model.Pod>>
[ERROR] /workspace/source/src/test/java/org/entando/k8s/db/job/SmokeIntegratedTest.java:[144,26] cannot find symbol
  symbol:   class DoneablePod
  location: class org.entando.k8s.db.job.SmokeIntegratedTest
[ERROR] /workspace/source/src/test/java/org/entando/k8s/db/job/SmokeIntegratedTest.java:[144,20] wrong number of type arguments; required 1
[ERROR] /workspace/source/src/test/java/org/entando/k8s/db/job/SmokeIntegratedTest.java:[155,45] cannot find symbol
  symbol:   method createNew()
  location: interface io.fabric8.kubernetes.client.dsl.NonNamespaceOperation<io.fabric8.kubernetes.api.model.Pod,io.fabric8.kubernetes.api.model.PodList,io.fabric8.kubernetes.client.dsl.PodResource<io.fabric8.kubernetes.api.model.Pod>>
[ERROR] /workspace/source/src/test/java/org/entando/k8s/db/job/SmokeIntegratedTest.java:[171,26] cannot find symbol
  symbol:   class DoneablePod
  location: class org.entando.k8s.db.job.SmokeIntegratedTest
[ERROR] /workspace/source/src/test/java/org/entando/k8s/db/job/SmokeIntegratedTest.java:[171,20] wrong number of type arguments; required 1
[INFO] 8 errors 
[INFO] -------------------------------------------------------------
[INFO] 
[INFO] ------------------------------------------------------------------------
[INFO] Skipping Entando K8S Database Job
[INFO] This project has been banned from the build due to previous failures.
[INFO] ------------------------------------------------------------------------
[INFO] ------------------------------------------------------------------------
[INFO] BUILD FAILURE
[INFO] ------------------------------------------------------------------------
[INFO] Total time:  25.860 s
[INFO] Finished at: 2021-08-06T07:30:33Z
[INFO] ------------------------------------------------------------------------
[ERROR] Failed to e**cute goal org.apache.maven.plugins:maven-compiler-plugin:3.8.1:testCompile (default-testCompile) on project entando-k8s-dbjob: Compilation failure: Compilation failure: 
[ERROR] /workspace/source/src/test/java/org/entando/k8s/db/job/SmokeIntegratedTest.java:[6,39] cannot find symbol
[ERROR]   symbol:   class DoneablePod
[ERROR]   location: package io.fabric8.kubernetes.api.model
[ERROR] /workspace/source/src/test/java/org/entando/k8s/db/job/SmokeIntegratedTest.java:[47,32] cannot find symbol
[ERROR]   symbol:   method createNew()
[ERROR]   location: interface io.fabric8.kubernetes.client.dsl.NonNamespaceOperation<io.fabric8.kubernetes.api.model.Namespace,io.fabric8.kubernetes.api.model.NamespaceList,io.fabric8.kubernetes.client.dsl.Resource<io.fabric8.kubernetes.api.model.Namespace>>
[ERROR] /workspace/source/src/test/java/org/entando/k8s/db/job/SmokeIntegratedTest.java:[127,45] cannot find symbol
[ERROR]   symbol:   method createNew()
[ERROR]   location: interface io.fabric8.kubernetes.client.dsl.NonNamespaceOperation<io.fabric8.kubernetes.api.model.Pod,io.fabric8.kubernetes.api.model.PodList,io.fabric8.kubernetes.client.dsl.PodResource<io.fabric8.kubernetes.api.model.Pod>>
[ERROR] /workspace/source/src/test/java/org/entando/k8s/db/job/SmokeIntegratedTest.java:[144,26] cannot find symbol
[ERROR]   symbol:   class DoneablePod
[ERROR]   location: class org.entando.k8s.db.job.SmokeIntegratedTest
[ERROR] /workspace/source/src/test/java/org/entando/k8s/db/job/SmokeIntegratedTest.java:[144,20] wrong number of type arguments; required 1
[ERROR] /workspace/source/src/test/java/org/entando/k8s/db/job/SmokeIntegratedTest.java:[155,45] cannot find symbol
[ERROR]   symbol:   method createNew()
[ERROR]   location: interface io.fabric8.kubernetes.client.dsl.NonNamespaceOperation<io.fabric8.kubernetes.api.model.Pod,io.fabric8.kubernetes.api.model.PodList,io.fabric8.kubernetes.client.dsl.PodResource<io.fabric8.kubernetes.api.model.Pod>>
[ERROR] /workspace/source/src/test/java/org/entando/k8s/db/job/SmokeIntegratedTest.java:[171,26] cannot find symbol
[ERROR]   symbol:   class DoneablePod
[ERROR]   location: class org.entando.k8s.db.job.SmokeIntegratedTest
[ERROR] /workspace/source/src/test/java/org/entando/k8s/db/job/SmokeIntegratedTest.java:[171,20] wrong number of type arguments; required 1
[ERROR] -> [Help 1]
[ERROR] 
[ERROR] To see the full stack trace of the errors, re-run Maven with the -e switch.
[ERROR] Re-run Maven using the -X switch to enable full debug logging.
[ERROR] 
[ERROR] For more information about the errors and possible solutions, please read the following articles:
[ERROR] [Help 1] http://cwiki.apache.org/confluence/display/MAVEN/MojoFailureException
Picked up _JAVA_OPTIONS: -XX:+UnlockExperimentalVMOptions -Dsun.zip.disableMemoryMapping=**** -XX:+UseParallelGC -XX:MinHeapFreeRatio=5 -XX:MaxHeapFreeRatio=10 -XX:GCTimeRatio=4 -XX:AdaptiveSizePolicyWeight=90 -Xms10m -Xmx8000m
[INFO] Scanning for projects...
[INFO] 
[INFO] -------------------< org.entando:entando-k8s-dbjob >--------------------
[INFO] Building Entando K8S Database Job 0.0.0-SNAPSHOT-PR-7-4
[INFO] --------------------------------[ jar ]---------------------------------
[INFO] 
[INFO] --- maven-site-plugin:3.9.0:site (default-site) @ entando-k8s-dbjob ---
[INFO] configuring report plugin org.apache.maven.plugins:maven-project-info-reports-plugin:3.0.0
[INFO] 9 reports configured for maven-project-info-reports-plugin:3.0.0: dependency-info, distribution-management, index, ci-management, issue-management, licenses, plugins, scm, summary
[INFO] Rendering site with default locale English (en)
[WARNING] Unable to find a URL to the parent project. The parent menu will NOT be added.
[INFO] Relativizing decoration links with respect to localized project URL: https://central.entando.com
[INFO] Rendering content with org.apache.maven.skins:maven-default-skin:jar:1.3 skin.
[INFO] Generating "Dependency Information" report --- maven-project-info-reports-plugin:3.0.0:dependency-info
[INFO] Generating "About" report         --- maven-project-info-reports-plugin:3.0.0:index
[INFO] Generating "Issue Management" report --- maven-project-info-reports-plugin:3.0.0:issue-management
[INFO] Generating "Licenses" report      --- maven-project-info-reports-plugin:3.0.0:licenses
[INFO] Generating "Plugins" report       --- maven-project-info-reports-plugin:3.0.0:plugins
[INFO] Generating "Source Code Management" report --- maven-project-info-reports-plugin:3.0.0:scm
[INFO] Generating "Summary" report       --- maven-project-info-reports-plugin:3.0.0:summary
[INFO] 
[INFO] --- allure-maven:2.10.0:report (default) @ entando-k8s-dbjob ---
[INFO] Allure installation directory /workspace/source/.allure
[INFO] Try to finding out allure 2.14.0
[INFO] Downloading allure commandline...
[INFO] Proxy is not specified.
[INFO] Downloading allure commandline complete
[INFO] Generate Allure report (report) with version 2.14.0
[INFO] Generate Allure report to /workspace/source/target/site/allure-reports
[ERROR] Directory /workspace/source/target/allure-results not found.
[WARNING] Allure report was skipped because there is no results directories found.
[INFO] ------------------------------------------------------------------------
[INFO] BUILD SUCCESS
[INFO] ------------------------------------------------------------------------
[INFO] Total time:  26.691 s
[INFO] Finished at: 2021-08-06T07:31:01Z
[INFO] ------------------------------------------------------------------------
error: etcdserver: request is too large
No pre-deployment test results found for entando-k8s-dbjob-PR-7.
No OWASP dependency check found for entando-k8s-dbjob-PR-7.
The following checks failed for entando-k8s-dbjob-PR-7:
No pre-deployment test results produced by build
No OWASP dependency check results produced by build
[31m
Pipeline failed on stage 'from-build-pack' : container 'step-build-mvn-verify-pr'. The execution of the pipeline has stopped.[0m
