{
  "uid" : "af2d4ff2b06a3582",
  "name" : "shouldPointComponentManagerToGlobalRepositoryNamespaces()",
  "fullName" : "org.entando.kubernetes.controller.app.DeployedEntandoAppServerTest.shouldPointComponentManagerToGlobalRepositoryNamespaces",
  "historyId" : "e482b7d10d271c8b7c5fa9a0b300ea3a",
  "time" : {
    "start" : 1628261803199,
    "stop" : 1628261803997,
    "duration" : 798
  },
  "description" : "Should point ComponentManager to the globally configured Component Repository Namespaces",
  "descriptionHtml" : "<p>Should point ComponentManager to the globally configured Component Repository Namespaces</p>\n",
  "status" : "failed",
  "statusMessage" : "Could not find 'ENTANDO_DIGITAL_EXCHANGES_NAME'. Available items: SPRING_SECURITY_OAUTH2_CLIENT_PROVIDER_OIDC_ISSUER_URI,SPRING_SECURITY_OAUTH2_CLIENT_REGISTRATION_OIDC_CLIENT_SECRET,SPRING_SECURITY_OAUTH2_CLIENT_REGISTRATION_OIDC_CLIENT_ID,SPRING_JPA_DATABASE_PLATFORM,SPRING_DATASOURCE_USERNAME,SPRING_DATASOURCE_PASSWORD,SPRING_DATASOURCE_URL,SERVER_SERVLET_CONTEXT_PATH,CONNECTION_CONFIG_ROOT,ENTANDO_APP_NAME,ENTANDO_URL,SERVER_PORT,ENTANDO_COMPONENT_REPOSITORY_NAMESPACES,ENTANDO_K8S_SERVICE_URL",
  "statusTrace" : "java.lang.AssertionError: Could not find 'ENTANDO_DIGITAL_EXCHANGES_NAME'. Available items: SPRING_SECURITY_OAUTH2_CLIENT_PROVIDER_OIDC_ISSUER_URI,SPRING_SECURITY_OAUTH2_CLIENT_REGISTRATION_OIDC_CLIENT_SECRET,SPRING_SECURITY_OAUTH2_CLIENT_REGISTRATION_OIDC_CLIENT_ID,SPRING_JPA_DATABASE_PLATFORM,SPRING_DATASOURCE_USERNAME,SPRING_DATASOURCE_PASSWORD,SPRING_DATASOURCE_URL,SERVER_SERVLET_CONTEXT_PATH,CONNECTION_CONFIG_ROOT,ENTANDO_APP_NAME,ENTANDO_URL,SERVER_PORT,ENTANDO_COMPONENT_REPOSITORY_NAMESPACES,ENTANDO_K8S_SERVICE_URL\n\tat org.entando.kubernetes.test.common.FluentTraversals$AbstractFinder.lambda$find$0(FluentTraversals.java:205)\n\tat java.base/java.util.Optional.orElseThrow(Optional.java:408)\n\tat org.entando.kubernetes.test.common.FluentTraversals$AbstractFinder.find(FluentTraversals.java:203)\n\tat org.entando.kubernetes.test.common.FluentTraversals$VariableFinder.on(FluentTraversals.java:304)\n\tat org.entando.kubernetes.controller.app.DeployedEntandoAppServerTest.lambda$shouldPointComponentManagerToGlobalRepositoryNamespaces$56(DeployedEntandoAppServerTest.java:453)\n\tat io.qameta.allure.Allure.lambda$step$0(Allure.java:113)\n\tat io.qameta.allure.Allure.lambda$step$1(Allure.java:127)\n\tat io.qameta.allure.Allure.step(Allure.java:181)\n\tat io.qameta.allure.Allure.step(Allure.java:125)\n\tat io.qameta.allure.Allure.step(Allure.java:112)\n\tat org.entando.kubernetes.controller.app.DeployedEntandoAppServerTest.shouldPointComponentManagerToGlobalRepositoryNamespaces(DeployedEntandoAppServerTest.java:452)\n\tat java.base/jdk.internal.reflect.NativeMethodAccessorImpl.invoke0(Native Method)\n\tat java.base/jdk.internal.reflect.NativeMethodAccessorImpl.invoke(NativeMethodAccessorImpl.java:62)\n\tat java.base/jdk.internal.reflect.DelegatingMethodAccessorImpl.invoke(DelegatingMethodAccessorImpl.java:43)\n\tat java.base/java.lang.reflect.Method.invoke(Method.java:566)\n\tat org.junit.platform.commons.util.ReflectionUtils.invokeMethod(ReflectionUtils.java:688)\n\tat org.junit.jupiter.engine.execution.MethodInvocation.proceed(MethodInvocation.java:60)\n\tat org.junit.jupiter.engine.execution.InvocationInterceptorChain$ValidatingInvocation.proceed(InvocationInterceptorChain.java:131)\n\tat org.junit.jupiter.api.extension.InvocationInterceptor.interceptTestMethod(InvocationInterceptor.java:117)\n\tat org.junit.jupiter.engine.execution.ExecutableInvoker$ReflectiveInterceptorCall.lambda$ofVoidMethod$0(ExecutableInvoker.java:115)\n\tat org.junit.jupiter.engine.execution.ExecutableInvoker.lambda$invoke$0(ExecutableInvoker.java:105)\n\tat org.junit.jupiter.engine.execution.InvocationInterceptorChain$InterceptedInvocation.proceed(InvocationInterceptorChain.java:106)\n\tat org.junit.jupiter.engine.extension.TimeoutExtension.intercept(TimeoutExtension.java:149)\n\tat org.junit.jupiter.engine.extension.TimeoutExtension.interceptTestableMethod(TimeoutExtension.java:140)\n\tat org.junit.jupiter.engine.extension.TimeoutExtension.interceptTestMethod(TimeoutExtension.java:84)\n\tat org.junit.jupiter.engine.execution.ExecutableInvoker$ReflectiveInterceptorCall.lambda$ofVoidMethod$0(ExecutableInvoker.java:115)\n\tat org.junit.jupiter.engine.execution.ExecutableInvoker.lambda$invoke$0(ExecutableInvoker.java:105)\n\tat org.junit.jupiter.engine.execution.InvocationInterceptorChain$InterceptedInvocation.proceed(InvocationInterceptorChain.java:106)\n\tat org.junit.jupiter.engine.execution.InvocationInterceptorChain.proceed(InvocationInterceptorChain.java:64)\n\tat org.junit.jupiter.engine.execution.InvocationInterceptorChain.chainAndInvoke(InvocationInterceptorChain.java:45)\n\tat org.junit.jupiter.engine.execution.InvocationInterceptorChain.invoke(InvocationInterceptorChain.java:37)\n\tat org.junit.jupiter.engine.execution.ExecutableInvoker.invoke(ExecutableInvoker.java:104)\n\tat org.junit.jupiter.engine.execution.ExecutableInvoker.invoke(ExecutableInvoker.java:98)\n\tat org.junit.jupiter.engine.descriptor.TestMethodTestDescriptor.lambda$invokeTestMethod$6(TestMethodTestDescriptor.java:210)\n\tat org.junit.platform.engine.support.hierarchical.ThrowableCollector.execute(ThrowableCollector.java:73)\n\tat org.junit.jupiter.engine.descriptor.TestMethodTestDescriptor.invokeTestMethod(TestMethodTestDescriptor.java:206)\n\tat org.junit.jupiter.engine.descriptor.TestMethodTestDescriptor.execute(TestMethodTestDescriptor.java:131)\n\tat org.junit.jupiter.engine.descriptor.TestMethodTestDescriptor.execute(TestMethodTestDescriptor.java:65)\n\tat org.junit.platform.engine.support.hierarchical.NodeTestTask.lambda$executeRecursively$5(NodeTestTask.java:139)\n\tat org.junit.platform.engine.support.hierarchical.ThrowableCollector.execute(ThrowableCollector.java:73)\n\tat org.junit.platform.engine.support.hierarchical.NodeTestTask.lambda$executeRecursively$7(NodeTestTask.java:129)\n\tat org.junit.platform.engine.support.hierarchical.Node.around(Node.java:137)\n\tat org.junit.platform.engine.support.hierarchical.NodeTestTask.lambda$executeRecursively$8(NodeTestTask.java:127)\n\tat org.junit.platform.engine.support.hierarchical.ThrowableCollector.execute(ThrowableCollector.java:73)\n\tat org.junit.platform.engine.support.hierarchical.NodeTestTask.executeRecursively(NodeTestTask.java:126)\n\tat org.junit.platform.engine.support.hierarchical.NodeTestTask.execute(NodeTestTask.java:84)\n\tat org.junit.platform.engine.support.hierarchical.ForkJoinPoolHierarchicalTestExecutorService$ExclusiveTask.compute(ForkJoinPoolHierarchicalTestExecutorService.java:185)\n\tat org.junit.platform.engine.support.hierarchical.ForkJoinPoolHierarchicalTestExecutorService.executeNonConcurrentTasks(ForkJoinPoolHierarchicalTestExecutorService.java:155)\n\tat org.junit.platform.engine.support.hierarchical.ForkJoinPoolHierarchicalTestExecutorService.invokeAll(ForkJoinPoolHierarchicalTestExecutorService.java:135)\n\tat org.junit.platform.engine.support.hierarchical.NodeTestTask.lambda$executeRecursively$5(NodeTestTask.java:143)\n\tat org.junit.platform.engine.support.hierarchical.ThrowableCollector.execute(ThrowableCollector.java:73)\n\tat org.junit.platform.engine.support.hierarchical.NodeTestTask.lambda$executeRecursively$7(NodeTestTask.java:129)\n\tat org.junit.platform.engine.support.hierarchical.Node.around(Node.java:137)\n\tat org.junit.platform.engine.support.hierarchical.NodeTestTask.lambda$executeRecursively$8(NodeTestTask.java:127)\n\tat org.junit.platform.engine.support.hierarchical.ThrowableCollector.execute(ThrowableCollector.java:73)\n\tat org.junit.platform.engine.support.hierarchical.NodeTestTask.executeRecursively(NodeTestTask.java:126)\n\tat org.junit.platform.engine.support.hierarchical.NodeTestTask.execute(NodeTestTask.java:84)\n\tat org.junit.platform.engine.support.hierarchical.ForkJoinPoolHierarchicalTestExecutorService$ExclusiveTask.compute(ForkJoinPoolHierarchicalTestExecutorService.java:185)\n\tat org.junit.platform.engine.support.hierarchical.ForkJoinPoolHierarchicalTestExecutorService.executeNonConcurrentTasks(ForkJoinPoolHierarchicalTestExecutorService.java:155)\n\tat org.junit.platform.engine.support.hierarchical.ForkJoinPoolHierarchicalTestExecutorService.invokeAll(ForkJoinPoolHierarchicalTestExecutorService.java:135)\n\tat org.junit.platform.engine.support.hierarchical.NodeTestTask.lambda$executeRecursively$5(NodeTestTask.java:143)\n\tat org.junit.platform.engine.support.hierarchical.ThrowableCollector.execute(ThrowableCollector.java:73)\n\tat org.junit.platform.engine.support.hierarchical.NodeTestTask.lambda$executeRecursively$7(NodeTestTask.java:129)\n\tat org.junit.platform.engine.support.hierarchical.Node.around(Node.java:137)\n\tat org.junit.platform.engine.support.hierarchical.NodeTestTask.lambda$executeRecursively$8(NodeTestTask.java:127)\n\tat org.junit.platform.engine.support.hierarchical.ThrowableCollector.execute(ThrowableCollector.java:73)\n\tat org.junit.platform.engine.support.hierarchical.NodeTestTask.executeRecursively(NodeTestTask.java:126)\n\tat org.junit.platform.engine.support.hierarchical.NodeTestTask.execute(NodeTestTask.java:84)\n\tat org.junit.platform.engine.support.hierarchical.ForkJoinPoolHierarchicalTestExecutorService$ExclusiveTask.compute(ForkJoinPoolHierarchicalTestExecutorService.java:185)\n\tat java.base/java.util.concurrent.RecursiveAction.exec(RecursiveAction.java:189)\n\tat java.base/java.util.concurrent.ForkJoinTask.doExec(ForkJoinTask.java:290)\n\tat java.base/java.util.concurrent.ForkJoinPool$WorkQueue.topLevelExec(ForkJoinPool.java:1020)\n\tat java.base/java.util.concurrent.ForkJoinPool.scan(ForkJoinPool.java:1656)\n\tat java.base/java.util.concurrent.ForkJoinPool.runWorker(ForkJoinPool.java:1594)\n\tat java.base/java.util.concurrent.ForkJoinWorkerThread.run(ForkJoinWorkerThread.java:177)\n",
  "flaky" : false,
  "newFailed" : false,
  "beforeStages" : [ {
    "name" : "registerCrds",
    "time" : {
      "start" : 1628261803209,
      "stop" : 1628261803310,
      "duration" : 101
    },
    "status" : "passed",
    "steps" : [ ],
    "attachments" : [ ],
    "parameters" : [ ],
    "stepsCount" : 0,
    "attachmentsCount" : 0,
    "shouldDisplayMessage" : false,
    "hasContent" : false
  } ],
  "testStage" : {
    "description" : "Should point ComponentManager to the globally configured Component Repository Namespaces",
    "status" : "failed",
    "statusMessage" : "Could not find 'ENTANDO_DIGITAL_EXCHANGES_NAME'. Available items: SPRING_SECURITY_OAUTH2_CLIENT_PROVIDER_OIDC_ISSUER_URI,SPRING_SECURITY_OAUTH2_CLIENT_REGISTRATION_OIDC_CLIENT_SECRET,SPRING_SECURITY_OAUTH2_CLIENT_REGISTRATION_OIDC_CLIENT_ID,SPRING_JPA_DATABASE_PLATFORM,SPRING_DATASOURCE_USERNAME,SPRING_DATASOURCE_PASSWORD,SPRING_DATASOURCE_URL,SERVER_SERVLET_CONTEXT_PATH,CONNECTION_CONFIG_ROOT,ENTANDO_APP_NAME,ENTANDO_URL,SERVER_PORT,ENTANDO_COMPONENT_REPOSITORY_NAMESPACES,ENTANDO_K8S_SERVICE_URL",
    "statusTrace" : "java.lang.AssertionError: Could not find 'ENTANDO_DIGITAL_EXCHANGES_NAME'. Available items: SPRING_SECURITY_OAUTH2_CLIENT_PROVIDER_OIDC_ISSUER_URI,SPRING_SECURITY_OAUTH2_CLIENT_REGISTRATION_OIDC_CLIENT_SECRET,SPRING_SECURITY_OAUTH2_CLIENT_REGISTRATION_OIDC_CLIENT_ID,SPRING_JPA_DATABASE_PLATFORM,SPRING_DATASOURCE_USERNAME,SPRING_DATASOURCE_PASSWORD,SPRING_DATASOURCE_URL,SERVER_SERVLET_CONTEXT_PATH,CONNECTION_CONFIG_ROOT,ENTANDO_APP_NAME,ENTANDO_URL,SERVER_PORT,ENTANDO_COMPONENT_REPOSITORY_NAMESPACES,ENTANDO_K8S_SERVICE_URL\n\tat org.entando.kubernetes.test.common.FluentTraversals$AbstractFinder.lambda$find$0(FluentTraversals.java:205)\n\tat java.base/java.util.Optional.orElseThrow(Optional.java:408)\n\tat org.entando.kubernetes.test.common.FluentTraversals$AbstractFinder.find(FluentTraversals.java:203)\n\tat org.entando.kubernetes.test.common.FluentTraversals$VariableFinder.on(FluentTraversals.java:304)\n\tat org.entando.kubernetes.controller.app.DeployedEntandoAppServerTest.lambda$shouldPointComponentManagerToGlobalRepositoryNamespaces$56(DeployedEntandoAppServerTest.java:453)\n\tat io.qameta.allure.Allure.lambda$step$0(Allure.java:113)\n\tat io.qameta.allure.Allure.lambda$step$1(Allure.java:127)\n\tat io.qameta.allure.Allure.step(Allure.java:181)\n\tat io.qameta.allure.Allure.step(Allure.java:125)\n\tat io.qameta.allure.Allure.step(Allure.java:112)\n\tat org.entando.kubernetes.controller.app.DeployedEntandoAppServerTest.shouldPointComponentManagerToGlobalRepositoryNamespaces(DeployedEntandoAppServerTest.java:452)\n\tat java.base/jdk.internal.reflect.NativeMethodAccessorImpl.invoke0(Native Method)\n\tat java.base/jdk.internal.reflect.NativeMethodAccessorImpl.invoke(NativeMethodAccessorImpl.java:62)\n\tat java.base/jdk.internal.reflect.DelegatingMethodAccessorImpl.invoke(DelegatingMethodAccessorImpl.java:43)\n\tat java.base/java.lang.reflect.Method.invoke(Method.java:566)\n\tat org.junit.platform.commons.util.ReflectionUtils.invokeMethod(ReflectionUtils.java:688)\n\tat org.junit.jupiter.engine.execution.MethodInvocation.proceed(MethodInvocation.java:60)\n\tat org.junit.jupiter.engine.execution.InvocationInterceptorChain$ValidatingInvocation.proceed(InvocationInterceptorChain.java:131)\n\tat org.junit.jupiter.api.extension.InvocationInterceptor.interceptTestMethod(InvocationInterceptor.java:117)\n\tat org.junit.jupiter.engine.execution.ExecutableInvoker$ReflectiveInterceptorCall.lambda$ofVoidMethod$0(ExecutableInvoker.java:115)\n\tat org.junit.jupiter.engine.execution.ExecutableInvoker.lambda$invoke$0(ExecutableInvoker.java:105)\n\tat org.junit.jupiter.engine.execution.InvocationInterceptorChain$InterceptedInvocation.proceed(InvocationInterceptorChain.java:106)\n\tat org.junit.jupiter.engine.extension.TimeoutExtension.intercept(TimeoutExtension.java:149)\n\tat org.junit.jupiter.engine.extension.TimeoutExtension.interceptTestableMethod(TimeoutExtension.java:140)\n\tat org.junit.jupiter.engine.extension.TimeoutExtension.interceptTestMethod(TimeoutExtension.java:84)\n\tat org.junit.jupiter.engine.execution.ExecutableInvoker$ReflectiveInterceptorCall.lambda$ofVoidMethod$0(ExecutableInvoker.java:115)\n\tat org.junit.jupiter.engine.execution.ExecutableInvoker.lambda$invoke$0(ExecutableInvoker.java:105)\n\tat org.junit.jupiter.engine.execution.InvocationInterceptorChain$InterceptedInvocation.proceed(InvocationInterceptorChain.java:106)\n\tat org.junit.jupiter.engine.execution.InvocationInterceptorChain.proceed(InvocationInterceptorChain.java:64)\n\tat org.junit.jupiter.engine.execution.InvocationInterceptorChain.chainAndInvoke(InvocationInterceptorChain.java:45)\n\tat org.junit.jupiter.engine.execution.InvocationInterceptorChain.invoke(InvocationInterceptorChain.java:37)\n\tat org.junit.jupiter.engine.execution.ExecutableInvoker.invoke(ExecutableInvoker.java:104)\n\tat org.junit.jupiter.engine.execution.ExecutableInvoker.invoke(ExecutableInvoker.java:98)\n\tat org.junit.jupiter.engine.descriptor.TestMethodTestDescriptor.lambda$invokeTestMethod$6(TestMethodTestDescriptor.java:210)\n\tat org.junit.platform.engine.support.hierarchical.ThrowableCollector.execute(ThrowableCollector.java:73)\n\tat org.junit.jupiter.engine.descriptor.TestMethodTestDescriptor.invokeTestMethod(TestMethodTestDescriptor.java:206)\n\tat org.junit.jupiter.engine.descriptor.TestMethodTestDescriptor.execute(TestMethodTestDescriptor.java:131)\n\tat org.junit.jupiter.engine.descriptor.TestMethodTestDescriptor.execute(TestMethodTestDescriptor.java:65)\n\tat org.junit.platform.engine.support.hierarchical.NodeTestTask.lambda$executeRecursively$5(NodeTestTask.java:139)\n\tat org.junit.platform.engine.support.hierarchical.ThrowableCollector.execute(ThrowableCollector.java:73)\n\tat org.junit.platform.engine.support.hierarchical.NodeTestTask.lambda$executeRecursively$7(NodeTestTask.java:129)\n\tat org.junit.platform.engine.support.hierarchical.Node.around(Node.java:137)\n\tat org.junit.platform.engine.support.hierarchical.NodeTestTask.lambda$executeRecursively$8(NodeTestTask.java:127)\n\tat org.junit.platform.engine.support.hierarchical.ThrowableCollector.execute(ThrowableCollector.java:73)\n\tat org.junit.platform.engine.support.hierarchical.NodeTestTask.executeRecursively(NodeTestTask.java:126)\n\tat org.junit.platform.engine.support.hierarchical.NodeTestTask.execute(NodeTestTask.java:84)\n\tat org.junit.platform.engine.support.hierarchical.ForkJoinPoolHierarchicalTestExecutorService$ExclusiveTask.compute(ForkJoinPoolHierarchicalTestExecutorService.java:185)\n\tat org.junit.platform.engine.support.hierarchical.ForkJoinPoolHierarchicalTestExecutorService.executeNonConcurrentTasks(ForkJoinPoolHierarchicalTestExecutorService.java:155)\n\tat org.junit.platform.engine.support.hierarchical.ForkJoinPoolHierarchicalTestExecutorService.invokeAll(ForkJoinPoolHierarchicalTestExecutorService.java:135)\n\tat org.junit.platform.engine.support.hierarchical.NodeTestTask.lambda$executeRecursively$5(NodeTestTask.java:143)\n\tat org.junit.platform.engine.support.hierarchical.ThrowableCollector.execute(ThrowableCollector.java:73)\n\tat org.junit.platform.engine.support.hierarchical.NodeTestTask.lambda$executeRecursively$7(NodeTestTask.java:129)\n\tat org.junit.platform.engine.support.hierarchical.Node.around(Node.java:137)\n\tat org.junit.platform.engine.support.hierarchical.NodeTestTask.lambda$executeRecursively$8(NodeTestTask.java:127)\n\tat org.junit.platform.engine.support.hierarchical.ThrowableCollector.execute(ThrowableCollector.java:73)\n\tat org.junit.platform.engine.support.hierarchical.NodeTestTask.executeRecursively(NodeTestTask.java:126)\n\tat org.junit.platform.engine.support.hierarchical.NodeTestTask.execute(NodeTestTask.java:84)\n\tat org.junit.platform.engine.support.hierarchical.ForkJoinPoolHierarchicalTestExecutorService$ExclusiveTask.compute(ForkJoinPoolHierarchicalTestExecutorService.java:185)\n\tat org.junit.platform.engine.support.hierarchical.ForkJoinPoolHierarchicalTestExecutorService.executeNonConcurrentTasks(ForkJoinPoolHierarchicalTestExecutorService.java:155)\n\tat org.junit.platform.engine.support.hierarchical.ForkJoinPoolHierarchicalTestExecutorService.invokeAll(ForkJoinPoolHierarchicalTestExecutorService.java:135)\n\tat org.junit.platform.engine.support.hierarchical.NodeTestTask.lambda$executeRecursively$5(NodeTestTask.java:143)\n\tat org.junit.platform.engine.support.hierarchical.ThrowableCollector.execute(ThrowableCollector.java:73)\n\tat org.junit.platform.engine.support.hierarchical.NodeTestTask.lambda$executeRecursively$7(NodeTestTask.java:129)\n\tat org.junit.platform.engine.support.hierarchical.Node.around(Node.java:137)\n\tat org.junit.platform.engine.support.hierarchical.NodeTestTask.lambda$executeRecursively$8(NodeTestTask.java:127)\n\tat org.junit.platform.engine.support.hierarchical.ThrowableCollector.execute(ThrowableCollector.java:73)\n\tat org.junit.platform.engine.support.hierarchical.NodeTestTask.executeRecursively(NodeTestTask.java:126)\n\tat org.junit.platform.engine.support.hierarchical.NodeTestTask.execute(NodeTestTask.java:84)\n\tat org.junit.platform.engine.support.hierarchical.ForkJoinPoolHierarchicalTestExecutorService$ExclusiveTask.compute(ForkJoinPoolHierarchicalTestExecutorService.java:185)\n\tat java.base/java.util.concurrent.RecursiveAction.exec(RecursiveAction.java:189)\n\tat java.base/java.util.concurrent.ForkJoinTask.doExec(ForkJoinTask.java:290)\n\tat java.base/java.util.concurrent.ForkJoinPool$WorkQueue.topLevelExec(ForkJoinPool.java:1020)\n\tat java.base/java.util.concurrent.ForkJoinPool.scan(ForkJoinPool.java:1656)\n\tat java.base/java.util.concurrent.ForkJoinPool.runWorker(ForkJoinPool.java:1594)\n\tat java.base/java.util.concurrent.ForkJoinWorkerThread.run(ForkJoinWorkerThread.java:177)\n",
    "steps" : [ {
      "name" : "Given that I have configured the Component Repository namespaces 'ecr1' and 'ecr2'",
      "time" : {
        "start" : 1628261803312,
        "stop" : 1628261803313,
        "duration" : 1
      },
      "status" : "passed",
      "steps" : [ ],
      "attachments" : [ {
        "uid" : "3e55b24bc82ad71b",
        "name" : "Environment Variable",
        "source" : "3e55b24bc82ad71b.txt",
        "type" : "text/plain",
        "size" : 49
      } ],
      "parameters" : [ ],
      "stepsCount" : 0,
      "attachmentsCount" : 1,
      "shouldDisplayMessage" : false,
      "hasContent" : true
    }, {
      "name" : "And the routing suffix has been configured globally ",
      "time" : {
        "start" : 1628261803314,
        "stop" : 1628261803314,
        "duration" : 0
      },
      "status" : "passed",
      "steps" : [ ],
      "attachments" : [ {
        "uid" : "98a5c0a2805118ef",
        "name" : "Environment Variable",
        "source" : "98a5c0a2805118ef.txt",
        "type" : "text/plain",
        "size" : 42
      } ],
      "parameters" : [ ],
      "stepsCount" : 0,
      "attachmentsCount" : 1,
      "shouldDisplayMessage" : false,
      "hasContent" : true
    }, {
      "name" : "And a TLS Secret was created and configured as default",
      "time" : {
        "start" : 1628261803314,
        "stop" : 1628261803315,
        "duration" : 1
      },
      "status" : "passed",
      "steps" : [ ],
      "attachments" : [ {
        "uid" : "4cef314b677440c6",
        "name" : "Environment Variable",
        "source" : "4cef314b677440c6.txt",
        "type" : "text/plain",
        "size" : 42
      } ],
      "parameters" : [ ],
      "stepsCount" : 0,
      "attachmentsCount" : 1,
      "shouldDisplayMessage" : false,
      "hasContent" : true
    }, {
      "name" : "And there is a controller to process requests for the DBMS capability",
      "time" : {
        "start" : 1628261803315,
        "stop" : 1628261803316,
        "duration" : 1
      },
      "status" : "passed",
      "steps" : [ ],
      "attachments" : [ ],
      "parameters" : [ ],
      "stepsCount" : 0,
      "attachmentsCount" : 0,
      "shouldDisplayMessage" : false,
      "hasContent" : false
    }, {
      "name" : "And there is a controller to process requests for the SSO capability",
      "time" : {
        "start" : 1628261803316,
        "stop" : 1628261803317,
        "duration" : 1
      },
      "status" : "passed",
      "steps" : [ ],
      "attachments" : [ ],
      "parameters" : [ ],
      "stepsCount" : 0,
      "attachmentsCount" : 0,
      "shouldDisplayMessage" : false,
      "hasContent" : false
    }, {
      "name" : "When I create an EntandoApp ",
      "time" : {
        "start" : 1628261803317,
        "stop" : 1628261803980,
        "duration" : 663
      },
      "status" : "passed",
      "steps" : [ {
        "name" : "Executing command PROVIDE_CAPABILITY",
        "time" : {
          "start" : 1628261803360,
          "stop" : 1628261803607,
          "duration" : 247
        },
        "status" : "passed",
        "steps" : [ {
          "name" : "with the SSO service 'default-sso-in-namespace-service'",
          "time" : {
            "start" : 1628261803582,
            "stop" : 1628261803586,
            "duration" : 4
          },
          "status" : "passed",
          "steps" : [ ],
          "attachments" : [ {
            "uid" : "56b95a74354d008d",
            "name" : "SSO Service",
            "source" : "56b95a74354d008d.txt",
            "type" : "text/plain",
            "size" : 173
          } ],
          "parameters" : [ ],
          "stepsCount" : 0,
          "attachmentsCount" : 1,
          "shouldDisplayMessage" : false,
          "hasContent" : true
        }, {
          "name" : "and the admin secret 'default-sso-in-namespace-admin-secret'",
          "time" : {
            "start" : 1628261803587,
            "stop" : 1628261803588,
            "duration" : 1
          },
          "status" : "passed",
          "steps" : [ ],
          "attachments" : [ {
            "uid" : "6dd0c7df4f3b8e43",
            "name" : "Admin Secret",
            "source" : "6dd0c7df4f3b8e43.txt",
            "type" : "text/plain",
            "size" : 178
          } ],
          "parameters" : [ ],
          "stepsCount" : 0,
          "attachmentsCount" : 1,
          "shouldDisplayMessage" : false,
          "hasContent" : true
        }, {
          "name" : "and the Ingress 'default-sso-in-namespace-ingress'",
          "time" : {
            "start" : 1628261803604,
            "stop" : 1628261803607,
            "duration" : 3
          },
          "status" : "passed",
          "steps" : [ ],
          "attachments" : [ {
            "uid" : "17848325b64bcf8d",
            "name" : "SSO Ingress",
            "source" : "17848325b64bcf8d.txt",
            "type" : "text/plain",
            "size" : 385
          } ],
          "parameters" : [ ],
          "stepsCount" : 0,
          "attachmentsCount" : 1,
          "shouldDisplayMessage" : false,
          "hasContent" : true
        } ],
        "attachments" : [ {
          "uid" : "3d6f1725e28daac7",
          "name" : "Required Capability",
          "source" : "3d6f1725e28daac7.txt",
          "type" : "text/plain",
          "size" : 348
        }, {
          "uid" : "70720d604465d86c",
          "name" : "Provided Capability",
          "source" : "70720d604465d86c.txt",
          "type" : "text/plain",
          "size" : 730
        } ],
        "parameters" : [ ],
        "stepsCount" : 3,
        "attachmentsCount" : 5,
        "shouldDisplayMessage" : false,
        "hasContent" : true
      }, {
        "name" : "Executing command PROCESS_DEPLOYABLE",
        "time" : {
          "start" : 1628261803637,
          "stop" : 1628261803830,
          "duration" : 193
        },
        "status" : "passed",
        "steps" : [ ],
        "attachments" : [ {
          "uid" : "4ab26fe7bfd9c516",
          "name" : "Input Deployable",
          "source" : "4ab26fe7bfd9c516.txt",
          "type" : "text/plain",
          "size" : 1110
        }, {
          "uid" : "a2d349b98dcfa248",
          "name" : "Ouput DeploymentResult",
          "source" : "a2d349b98dcfa248.txt",
          "type" : "text/plain",
          "size" : 1457
        } ],
        "parameters" : [ ],
        "stepsCount" : 0,
        "attachmentsCount" : 2,
        "shouldDisplayMessage" : false,
        "hasContent" : true
      }, {
        "name" : "Executing command PROCESS_DEPLOYABLE",
        "time" : {
          "start" : 1628261803685,
          "stop" : 1628261803903,
          "duration" : 218
        },
        "status" : "passed",
        "steps" : [ ],
        "attachments" : [ {
          "uid" : "20e641ab7e2c520e",
          "name" : "Input Deployable",
          "source" : "20e641ab7e2c520e.txt",
          "type" : "text/plain",
          "size" : 4575
        }, {
          "uid" : "3e92f0d38355fd4b",
          "name" : "Ouput DeploymentResult",
          "source" : "3e92f0d38355fd4b.txt",
          "type" : "text/plain",
          "size" : 1551
        } ],
        "parameters" : [ ],
        "stepsCount" : 0,
        "attachmentsCount" : 2,
        "shouldDisplayMessage" : false,
        "hasContent" : true
      }, {
        "name" : "Executing command PROCESS_DEPLOYABLE",
        "time" : {
          "start" : 1628261803699,
          "stop" : 1628261803934,
          "duration" : 235
        },
        "status" : "passed",
        "steps" : [ ],
        "attachments" : [ {
          "uid" : "421fa699fd3c6791",
          "name" : "Input Deployable",
          "source" : "421fa699fd3c6791.txt",
          "type" : "text/plain",
          "size" : 4488
        }, {
          "uid" : "6dda3f8a073d5888",
          "name" : "Ouput DeploymentResult",
          "source" : "6dda3f8a073d5888.txt",
          "type" : "text/plain",
          "size" : 1571
        } ],
        "parameters" : [ ],
        "stepsCount" : 0,
        "attachmentsCount" : 2,
        "shouldDisplayMessage" : false,
        "hasContent" : true
      } ],
      "attachments" : [ {
        "uid" : "36a823d25ee7af7f",
        "name" : "EntandoApp",
        "source" : "36a823d25ee7af7f.txt",
        "type" : "text/plain",
        "size" : 203
      } ],
      "parameters" : [ ],
      "stepsCount" : 7,
      "attachmentsCount" : 12,
      "shouldDisplayMessage" : false,
      "hasContent" : true
    }, {
      "name" : "Then a Kubernetes Deployment was created for the Entando Component Manager image:",
      "time" : {
        "start" : 1628261803981,
        "stop" : 1628261803990,
        "duration" : 9
      },
      "status" : "passed",
      "steps" : [ ],
      "attachments" : [ {
        "uid" : "e301f137aa031112",
        "name" : "Deployment",
        "source" : "e301f137aa031112.txt",
        "type" : "text/plain",
        "size" : 3978
      } ],
      "parameters" : [ ],
      "stepsCount" : 0,
      "attachmentsCount" : 1,
      "shouldDisplayMessage" : false,
      "hasContent" : true
    }, {
      "name" : "And the Component Manager container points to the previously configured ComponentRepository namespaces",
      "time" : {
        "start" : 1628261803990,
        "stop" : 1628261803994,
        "duration" : 4
      },
      "status" : "failed",
      "statusMessage" : "Could not find 'ENTANDO_DIGITAL_EXCHANGES_NAME'. Available items: SPRING_SECURITY_OAUTH2_CLIENT_PROVIDER_OIDC_ISSUER_URI,SPRING_SECURITY_OAUTH2_CLIENT_REGISTRATION_OIDC_CLIENT_SECRET,SPRING_SECURITY_OAUTH2_CLIENT_REGISTRATION_OIDC_CLIENT_ID,SPRING_JPA_DATABASE_PLATFORM,SPRING_DATASOURCE_USERNAME,SPRING_DATASOURCE_PASSWORD,SPRING_DATASOURCE_URL,SERVER_SERVLET_CONTEXT_PATH,CONNECTION_CONFIG_ROOT,ENTANDO_APP_NAME,ENTANDO_URL,SERVER_PORT,ENTANDO_COMPONENT_REPOSITORY_NAMESPACES,ENTANDO_K8S_SERVICE_URL",
      "statusTrace" : "java.lang.AssertionError: Could not find 'ENTANDO_DIGITAL_EXCHANGES_NAME'. Available items: SPRING_SECURITY_OAUTH2_CLIENT_PROVIDER_OIDC_ISSUER_URI,SPRING_SECURITY_OAUTH2_CLIENT_REGISTRATION_OIDC_CLIENT_SECRET,SPRING_SECURITY_OAUTH2_CLIENT_REGISTRATION_OIDC_CLIENT_ID,SPRING_JPA_DATABASE_PLATFORM,SPRING_DATASOURCE_USERNAME,SPRING_DATASOURCE_PASSWORD,SPRING_DATASOURCE_URL,SERVER_SERVLET_CONTEXT_PATH,CONNECTION_CONFIG_ROOT,ENTANDO_APP_NAME,ENTANDO_URL,SERVER_PORT,ENTANDO_COMPONENT_REPOSITORY_NAMESPACES,ENTANDO_K8S_SERVICE_URL\n\tat org.entando.kubernetes.test.common.FluentTraversals$AbstractFinder.lambda$find$0(FluentTraversals.java:205)\n\tat java.base/java.util.Optional.orElseThrow(Optional.java:408)\n\tat org.entando.kubernetes.test.common.FluentTraversals$AbstractFinder.find(FluentTraversals.java:203)\n\tat org.entando.kubernetes.test.common.FluentTraversals$VariableFinder.on(FluentTraversals.java:304)\n\tat org.entando.kubernetes.controller.app.DeployedEntandoAppServerTest.lambda$shouldPointComponentManagerToGlobalRepositoryNamespaces$56(DeployedEntandoAppServerTest.java:453)\n\tat io.qameta.allure.Allure.lambda$step$0(Allure.java:113)\n\tat io.qameta.allure.Allure.lambda$step$1(Allure.java:127)\n\tat io.qameta.allure.Allure.step(Allure.java:181)\n\tat io.qameta.allure.Allure.step(Allure.java:125)\n\tat io.qameta.allure.Allure.step(Allure.java:112)\n\tat org.entando.kubernetes.controller.app.DeployedEntandoAppServerTest.shouldPointComponentManagerToGlobalRepositoryNamespaces(DeployedEntandoAppServerTest.java:452)\n\tat java.base/jdk.internal.reflect.NativeMethodAccessorImpl.invoke0(Native Method)\n\tat java.base/jdk.internal.reflect.NativeMethodAccessorImpl.invoke(NativeMethodAccessorImpl.java:62)\n\tat java.base/jdk.internal.reflect.DelegatingMethodAccessorImpl.invoke(DelegatingMethodAccessorImpl.java:43)\n\tat java.base/java.lang.reflect.Method.invoke(Method.java:566)\n\tat org.junit.platform.commons.util.ReflectionUtils.invokeMethod(ReflectionUtils.java:688)\n\tat org.junit.jupiter.engine.execution.MethodInvocation.proceed(MethodInvocation.java:60)\n\tat org.junit.jupiter.engine.execution.InvocationInterceptorChain$ValidatingInvocation.proceed(InvocationInterceptorChain.java:131)\n\tat org.junit.jupiter.api.extension.InvocationInterceptor.interceptTestMethod(InvocationInterceptor.java:117)\n\tat org.junit.jupiter.engine.execution.ExecutableInvoker$ReflectiveInterceptorCall.lambda$ofVoidMethod$0(ExecutableInvoker.java:115)\n\tat org.junit.jupiter.engine.execution.ExecutableInvoker.lambda$invoke$0(ExecutableInvoker.java:105)\n\tat org.junit.jupiter.engine.execution.InvocationInterceptorChain$InterceptedInvocation.proceed(InvocationInterceptorChain.java:106)\n\tat org.junit.jupiter.engine.extension.TimeoutExtension.intercept(TimeoutExtension.java:149)\n\tat org.junit.jupiter.engine.extension.TimeoutExtension.interceptTestableMethod(TimeoutExtension.java:140)\n\tat org.junit.jupiter.engine.extension.TimeoutExtension.interceptTestMethod(TimeoutExtension.java:84)\n\tat org.junit.jupiter.engine.execution.ExecutableInvoker$ReflectiveInterceptorCall.lambda$ofVoidMethod$0(ExecutableInvoker.java:115)\n\tat org.junit.jupiter.engine.execution.ExecutableInvoker.lambda$invoke$0(ExecutableInvoker.java:105)\n\tat org.junit.jupiter.engine.execution.InvocationInterceptorChain$InterceptedInvocation.proceed(InvocationInterceptorChain.java:106)\n\tat org.junit.jupiter.engine.execution.InvocationInterceptorChain.proceed(InvocationInterceptorChain.java:64)\n\tat org.junit.jupiter.engine.execution.InvocationInterceptorChain.chainAndInvoke(InvocationInterceptorChain.java:45)\n\tat org.junit.jupiter.engine.execution.InvocationInterceptorChain.invoke(InvocationInterceptorChain.java:37)\n\tat org.junit.jupiter.engine.execution.ExecutableInvoker.invoke(ExecutableInvoker.java:104)\n\tat org.junit.jupiter.engine.execution.ExecutableInvoker.invoke(ExecutableInvoker.java:98)\n\tat org.junit.jupiter.engine.descriptor.TestMethodTestDescriptor.lambda$invokeTestMethod$6(TestMethodTestDescriptor.java:210)\n\tat org.junit.platform.engine.support.hierarchical.ThrowableCollector.execute(ThrowableCollector.java:73)\n\tat org.junit.jupiter.engine.descriptor.TestMethodTestDescriptor.invokeTestMethod(TestMethodTestDescriptor.java:206)\n\tat org.junit.jupiter.engine.descriptor.TestMethodTestDescriptor.execute(TestMethodTestDescriptor.java:131)\n\tat org.junit.jupiter.engine.descriptor.TestMethodTestDescriptor.execute(TestMethodTestDescriptor.java:65)\n\tat org.junit.platform.engine.support.hierarchical.NodeTestTask.lambda$executeRecursively$5(NodeTestTask.java:139)\n\tat org.junit.platform.engine.support.hierarchical.ThrowableCollector.execute(ThrowableCollector.java:73)\n\tat org.junit.platform.engine.support.hierarchical.NodeTestTask.lambda$executeRecursively$7(NodeTestTask.java:129)\n\tat org.junit.platform.engine.support.hierarchical.Node.around(Node.java:137)\n\tat org.junit.platform.engine.support.hierarchical.NodeTestTask.lambda$executeRecursively$8(NodeTestTask.java:127)\n\tat org.junit.platform.engine.support.hierarchical.ThrowableCollector.execute(ThrowableCollector.java:73)\n\tat org.junit.platform.engine.support.hierarchical.NodeTestTask.executeRecursively(NodeTestTask.java:126)\n\tat org.junit.platform.engine.support.hierarchical.NodeTestTask.execute(NodeTestTask.java:84)\n\tat org.junit.platform.engine.support.hierarchical.ForkJoinPoolHierarchicalTestExecutorService$ExclusiveTask.compute(ForkJoinPoolHierarchicalTestExecutorService.java:185)\n\tat org.junit.platform.engine.support.hierarchical.ForkJoinPoolHierarchicalTestExecutorService.executeNonConcurrentTasks(ForkJoinPoolHierarchicalTestExecutorService.java:155)\n\tat org.junit.platform.engine.support.hierarchical.ForkJoinPoolHierarchicalTestExecutorService.invokeAll(ForkJoinPoolHierarchicalTestExecutorService.java:135)\n\tat org.junit.platform.engine.support.hierarchical.NodeTestTask.lambda$executeRecursively$5(NodeTestTask.java:143)\n\tat org.junit.platform.engine.support.hierarchical.ThrowableCollector.execute(ThrowableCollector.java:73)\n\tat org.junit.platform.engine.support.hierarchical.NodeTestTask.lambda$executeRecursively$7(NodeTestTask.java:129)\n\tat org.junit.platform.engine.support.hierarchical.Node.around(Node.java:137)\n\tat org.junit.platform.engine.support.hierarchical.NodeTestTask.lambda$executeRecursively$8(NodeTestTask.java:127)\n\tat org.junit.platform.engine.support.hierarchical.ThrowableCollector.execute(ThrowableCollector.java:73)\n\tat org.junit.platform.engine.support.hierarchical.NodeTestTask.executeRecursively(NodeTestTask.java:126)\n\tat org.junit.platform.engine.support.hierarchical.NodeTestTask.execute(NodeTestTask.java:84)\n\tat org.junit.platform.engine.support.hierarchical.ForkJoinPoolHierarchicalTestExecutorService$ExclusiveTask.compute(ForkJoinPoolHierarchicalTestExecutorService.java:185)\n\tat org.junit.platform.engine.support.hierarchical.ForkJoinPoolHierarchicalTestExecutorService.executeNonConcurrentTasks(ForkJoinPoolHierarchicalTestExecutorService.java:155)\n\tat org.junit.platform.engine.support.hierarchical.ForkJoinPoolHierarchicalTestExecutorService.invokeAll(ForkJoinPoolHierarchicalTestExecutorService.java:135)\n\tat org.junit.platform.engine.support.hierarchical.NodeTestTask.lambda$executeRecursively$5(NodeTestTask.java:143)\n\tat org.junit.platform.engine.support.hierarchical.ThrowableCollector.execute(ThrowableCollector.java:73)\n\tat org.junit.platform.engine.support.hierarchical.NodeTestTask.lambda$executeRecursively$7(NodeTestTask.java:129)\n\tat org.junit.platform.engine.support.hierarchical.Node.around(Node.java:137)\n\tat org.junit.platform.engine.support.hierarchical.NodeTestTask.lambda$executeRecursively$8(NodeTestTask.java:127)\n\tat org.junit.platform.engine.support.hierarchical.ThrowableCollector.execute(ThrowableCollector.java:73)\n\tat org.junit.platform.engine.support.hierarchical.NodeTestTask.executeRecursively(NodeTestTask.java:126)\n\tat org.junit.platform.engine.support.hierarchical.NodeTestTask.execute(NodeTestTask.java:84)\n\tat org.junit.platform.engine.support.hierarchical.ForkJoinPoolHierarchicalTestExecutorService$ExclusiveTask.compute(ForkJoinPoolHierarchicalTestExecutorService.java:185)\n\tat java.base/java.util.concurrent.RecursiveAction.exec(RecursiveAction.java:189)\n\tat java.base/java.util.concurrent.ForkJoinTask.doExec(ForkJoinTask.java:290)\n\tat java.base/java.util.concurrent.ForkJoinPool$WorkQueue.topLevelExec(ForkJoinPool.java:1020)\n\tat java.base/java.util.concurrent.ForkJoinPool.scan(ForkJoinPool.java:1656)\n\tat java.base/java.util.concurrent.ForkJoinPool.runWorker(ForkJoinPool.java:1594)\n\tat java.base/java.util.concurrent.ForkJoinWorkerThread.run(ForkJoinWorkerThread.java:177)\n",
      "steps" : [ ],
      "attachments" : [ ],
      "parameters" : [ ],
      "stepsCount" : 0,
      "attachmentsCount" : 0,
      "shouldDisplayMessage" : true,
      "hasContent" : true
    } ],
    "attachments" : [ ],
    "parameters" : [ ],
    "stepsCount" : 15,
    "attachmentsCount" : 16,
    "shouldDisplayMessage" : false,
    "hasContent" : true
  },
  "afterStages" : [ {
    "name" : "resetSystemProps",
    "time" : {
      "start" : 1628261803996,
      "stop" : 1628261803996,
      "duration" : 0
    },
    "status" : "passed",
    "steps" : [ ],
    "attachments" : [ ],
    "parameters" : [ ],
    "stepsCount" : 0,
    "attachmentsCount" : 0,
    "shouldDisplayMessage" : false,
    "hasContent" : false
  } ],
  "labels" : [ {
    "name" : "tag",
    "value" : "component"
  }, {
    "name" : "tag",
    "value" : "in-process"
  }, {
    "name" : "tag",
    "value" : "allure"
  }, {
    "name" : "tag",
    "value" : "inner-hexagon"
  }, {
    "name" : "feature",
    "value" : "As a deployer, I would like to deploy an EntandoApp directly so that I have more granular control over the configuration settings"
  }, {
    "name" : "host",
    "value" : "entando-k8s-entando-k8s-app-con-j8lcr-54-from-build-pack--gg246"
  }, {
    "name" : "thread",
    "value" : "110@entando-k8s-entando-k8s-app-con-j8lcr-54-from-build-pack--gg246.ForkJoinPool-1-worker-3(17)"
  }, {
    "name" : "framework",
    "value" : "junit-platform"
  }, {
    "name" : "language",
    "value" : "java"
  }, {
    "name" : "package",
    "value" : "org.entando.kubernetes.controller.app.DeployedEntandoAppServerTest"
  }, {
    "name" : "testClass",
    "value" : "org.entando.kubernetes.controller.app.DeployedEntandoAppServerTest"
  }, {
    "name" : "testMethod",
    "value" : "shouldPointComponentManagerToGlobalRepositoryNamespaces"
  }, {
    "name" : "suite",
    "value" : "org.entando.kubernetes.controller.app.DeployedEntandoAppServerTest"
  }, {
    "name" : "resultFormat",
    "value" : "allure2"
  } ],
  "parameters" : [ ],
  "links" : [ {
    "name" : "ENG-2284",
    "url" : "https://entando.myjetbrains.com/youtrack/issue/ENG-2284",
    "type" : "issue"
  }, {
    "name" : "DeployedEntandoAppServerTest.java",
    "url" : "https://github.com/entando-k8s/entando-k8s-app-controller/tree/ENG-ENG-2284_use_predeployed_k8s_svc/src/test/java/org/entando/kubernetes/controller/app/DeployedEntandoAppServerTest.java",
    "type" : "source"
  } ],
  "hidden" : false,
  "retry" : false,
  "extra" : {
    "severity" : "normal",
    "retries" : [ ],
    "categories" : [ {
      "name" : "Product defects",
      "matchedStatuses" : [ ],
      "flaky" : false
    } ],
    "tags" : [ "inner-hexagon", "component", "allure", "in-process" ]
  },
  "source" : "af2d4ff2b06a3582.json",
  "parameterValues" : [ ]
}