{
  "uid" : "4016d5d2aa281e9b",
  "name" : "shouldNotResolveProvidedCapabilityFromInaccessibleNamespaces()",
  "fullName" : "org.entando.kubernetes.controller.support.client.impl.DefaultCapabilityClientTest.shouldNotResolveProvidedCapabilityFromInaccessibleNamespaces",
  "historyId" : "6029808e1bbba93d3981844b838c43d7",
  "time" : {
    "start" : 1637673647127,
    "stop" : 1637673652059,
    "duration" : 4932
  },
  "description" : "Should not resolve a ProvidedCapability at  Cluster scope by labels from namespaces I don't have access to",
  "descriptionHtml" : "<p>Should not resolve a ProvidedCapability at  Cluster scope by labels from namespaces I don't have access to</p>\n",
  "status" : "failed",
  "statusMessage" : "\nExpecting an empty Optional but was containing value: CustomResource{kind='ProvidedCapability', apiVersion='entando.org/v1', metadata=ObjectMeta(annotations=null, clusterName=null, creationTimestamp=2021-11-23T08:05:47Z, deletionGracePeriodSeconds=null, deletionTimestamp=null, finalizers=[], generateName=null, generation=1, labels={my-label=value2}, managedFields=[], name=my-capability2, namespace=entando-k8s-operator-common-cmpr70-test12, ownerReferences=[], resourceVersion=231065998, selfLink=/apis/entando.org/v1/namespaces/entando-k8s-operator-common-cmpr70-test12/providedcapabilities/my-capability2, uid=2a776066-4c34-11ec-9836-ee8ada7efff9, additionalProperties={}), spec=org.entando.kubernetes.model.capability.CapabilityRequirement@508396ce, status=org.entando.kubernetes.model.common.EntandoCustomResourceStatus@ce7031c}",
  "statusTrace" : "java.lang.AssertionError: \nExpecting an empty Optional but was containing value: CustomResource{kind='ProvidedCapability', apiVersion='entando.org/v1', metadata=ObjectMeta(annotations=null, clusterName=null, creationTimestamp=2021-11-23T08:05:47Z, deletionGracePeriodSeconds=null, deletionTimestamp=null, finalizers=[], generateName=null, generation=1, labels={my-label=value2}, managedFields=[], name=my-capability2, namespace=entando-k8s-operator-common-cmpr70-test12, ownerReferences=[], resourceVersion=231065998, selfLink=/apis/entando.org/v1/namespaces/entando-k8s-operator-common-cmpr70-test12/providedcapabilities/my-capability2, uid=2a776066-4c34-11ec-9836-ee8ada7efff9, additionalProperties={}), spec=org.entando.kubernetes.model.capability.CapabilityRequirement@508396ce, status=org.entando.kubernetes.model.common.EntandoCustomResourceStatus@ce7031c}\n\tat org.entando.kubernetes.controller.support.client.impl.DefaultCapabilityClientTest.lambda$shouldNotResolveProvidedCapabilityFromInaccessibleNamespaces$12(DefaultCapabilityClientTest.java:154)\n\tat io.qameta.allure.Allure.lambda$step$0(Allure.java:113)\n\tat io.qameta.allure.Allure.lambda$step$1(Allure.java:127)\n\tat io.qameta.allure.Allure.step(Allure.java:181)\n\tat io.qameta.allure.Allure.step(Allure.java:125)\n\tat io.qameta.allure.Allure.step(Allure.java:112)\n\tat org.entando.kubernetes.controller.support.client.impl.DefaultCapabilityClientTest.shouldNotResolveProvidedCapabilityFromInaccessibleNamespaces(DefaultCapabilityClientTest.java:153)\n\tat java.base/jdk.internal.reflect.NativeMethodAccessorImpl.invoke0(Native Method)\n\tat java.base/jdk.internal.reflect.NativeMethodAccessorImpl.invoke(NativeMethodAccessorImpl.java:62)\n\tat java.base/jdk.internal.reflect.DelegatingMethodAccessorImpl.invoke(DelegatingMethodAccessorImpl.java:43)\n\tat java.base/java.lang.reflect.Method.invoke(Method.java:566)\n\tat org.junit.platform.commons.util.ReflectionUtils.invokeMethod(ReflectionUtils.java:688)\n\tat org.junit.jupiter.engine.execution.MethodInvocation.proceed(MethodInvocation.java:60)\n\tat org.junit.jupiter.engine.execution.InvocationInterceptorChain$ValidatingInvocation.proceed(InvocationInterceptorChain.java:131)\n\tat org.junit.jupiter.api.extension.InvocationInterceptor.interceptTestMethod(InvocationInterceptor.java:117)\n\tat org.junit.jupiter.engine.execution.ExecutableInvoker$ReflectiveInterceptorCall.lambda$ofVoidMethod$0(ExecutableInvoker.java:115)\n\tat org.junit.jupiter.engine.execution.ExecutableInvoker.lambda$invoke$0(ExecutableInvoker.java:105)\n\tat org.junit.jupiter.engine.execution.InvocationInterceptorChain$InterceptedInvocation.proceed(InvocationInterceptorChain.java:106)\n\tat org.junit.jupiter.engine.extension.TimeoutExtension.intercept(TimeoutExtension.java:149)\n\tat org.junit.jupiter.engine.extension.TimeoutExtension.interceptTestableMethod(TimeoutExtension.java:140)\n\tat org.junit.jupiter.engine.extension.TimeoutExtension.interceptTestMethod(TimeoutExtension.java:84)\n\tat org.junit.jupiter.engine.execution.ExecutableInvoker$ReflectiveInterceptorCall.lambda$ofVoidMethod$0(ExecutableInvoker.java:115)\n\tat org.junit.jupiter.engine.execution.ExecutableInvoker.lambda$invoke$0(ExecutableInvoker.java:105)\n\tat org.junit.jupiter.engine.execution.InvocationInterceptorChain$InterceptedInvocation.proceed(InvocationInterceptorChain.java:106)\n\tat org.junit.jupiter.engine.execution.InvocationInterceptorChain.proceed(InvocationInterceptorChain.java:64)\n\tat org.junit.jupiter.engine.execution.InvocationInterceptorChain.chainAndInvoke(InvocationInterceptorChain.java:45)\n\tat org.junit.jupiter.engine.execution.InvocationInterceptorChain.invoke(InvocationInterceptorChain.java:37)\n\tat org.junit.jupiter.engine.execution.ExecutableInvoker.invoke(ExecutableInvoker.java:104)\n\tat org.junit.jupiter.engine.execution.ExecutableInvoker.invoke(ExecutableInvoker.java:98)\n\tat org.junit.jupiter.engine.descriptor.TestMethodTestDescriptor.lambda$invokeTestMethod$6(TestMethodTestDescriptor.java:210)\n\tat org.junit.platform.engine.support.hierarchical.ThrowableCollector.execute(ThrowableCollector.java:73)\n\tat org.junit.jupiter.engine.descriptor.TestMethodTestDescriptor.invokeTestMethod(TestMethodTestDescriptor.java:206)\n\tat org.junit.jupiter.engine.descriptor.TestMethodTestDescriptor.execute(TestMethodTestDescriptor.java:131)\n\tat org.junit.jupiter.engine.descriptor.TestMethodTestDescriptor.execute(TestMethodTestDescriptor.java:65)\n\tat org.junit.platform.engine.support.hierarchical.NodeTestTask.lambda$executeRecursively$5(NodeTestTask.java:139)\n\tat org.junit.platform.engine.support.hierarchical.ThrowableCollector.execute(ThrowableCollector.java:73)\n\tat org.junit.platform.engine.support.hierarchical.NodeTestTask.lambda$executeRecursively$7(NodeTestTask.java:129)\n\tat org.junit.platform.engine.support.hierarchical.Node.around(Node.java:137)\n\tat org.junit.platform.engine.support.hierarchical.NodeTestTask.lambda$executeRecursively$8(NodeTestTask.java:127)\n\tat org.junit.platform.engine.support.hierarchical.ThrowableCollector.execute(ThrowableCollector.java:73)\n\tat org.junit.platform.engine.support.hierarchical.NodeTestTask.executeRecursively(NodeTestTask.java:126)\n\tat org.junit.platform.engine.support.hierarchical.NodeTestTask.execute(NodeTestTask.java:84)\n\tat org.junit.platform.engine.support.hierarchical.ForkJoinPoolHierarchicalTestExecutorService$ExclusiveTask.compute(ForkJoinPoolHierarchicalTestExecutorService.java:185)\n\tat org.junit.platform.engine.support.hierarchical.ForkJoinPoolHierarchicalTestExecutorService.executeNonConcurrentTasks(ForkJoinPoolHierarchicalTestExecutorService.java:155)\n\tat org.junit.platform.engine.support.hierarchical.ForkJoinPoolHierarchicalTestExecutorService.invokeAll(ForkJoinPoolHierarchicalTestExecutorService.java:135)\n\tat org.junit.platform.engine.support.hierarchical.NodeTestTask.lambda$executeRecursively$5(NodeTestTask.java:143)\n\tat org.junit.platform.engine.support.hierarchical.ThrowableCollector.execute(ThrowableCollector.java:73)\n\tat org.junit.platform.engine.support.hierarchical.NodeTestTask.lambda$executeRecursively$7(NodeTestTask.java:129)\n\tat org.junit.platform.engine.support.hierarchical.Node.around(Node.java:137)\n\tat org.junit.platform.engine.support.hierarchical.NodeTestTask.lambda$executeRecursively$8(NodeTestTask.java:127)\n\tat org.junit.platform.engine.support.hierarchical.ThrowableCollector.execute(ThrowableCollector.java:73)\n\tat org.junit.platform.engine.support.hierarchical.NodeTestTask.executeRecursively(NodeTestTask.java:126)\n\tat org.junit.platform.engine.support.hierarchical.NodeTestTask.execute(NodeTestTask.java:84)\n\tat org.junit.platform.engine.support.hierarchical.ForkJoinPoolHierarchicalTestExecutorService$ExclusiveTask.compute(ForkJoinPoolHierarchicalTestExecutorService.java:185)\n\tat org.junit.platform.engine.support.hierarchical.ForkJoinPoolHierarchicalTestExecutorService.executeNonConcurrentTasks(ForkJoinPoolHierarchicalTestExecutorService.java:155)\n\tat org.junit.platform.engine.support.hierarchical.ForkJoinPoolHierarchicalTestExecutorService.invokeAll(ForkJoinPoolHierarchicalTestExecutorService.java:135)\n\tat org.junit.platform.engine.support.hierarchical.NodeTestTask.lambda$executeRecursively$5(NodeTestTask.java:143)\n\tat org.junit.platform.engine.support.hierarchical.ThrowableCollector.execute(ThrowableCollector.java:73)\n\tat org.junit.platform.engine.support.hierarchical.NodeTestTask.lambda$executeRecursively$7(NodeTestTask.java:129)\n\tat org.junit.platform.engine.support.hierarchical.Node.around(Node.java:137)\n\tat org.junit.platform.engine.support.hierarchical.NodeTestTask.lambda$executeRecursively$8(NodeTestTask.java:127)\n\tat org.junit.platform.engine.support.hierarchical.ThrowableCollector.execute(ThrowableCollector.java:73)\n\tat org.junit.platform.engine.support.hierarchical.NodeTestTask.executeRecursively(NodeTestTask.java:126)\n\tat org.junit.platform.engine.support.hierarchical.NodeTestTask.execute(NodeTestTask.java:84)\n\tat org.junit.platform.engine.support.hierarchical.ForkJoinPoolHierarchicalTestExecutorService$ExclusiveTask.compute(ForkJoinPoolHierarchicalTestExecutorService.java:185)\n\tat java.base/java.util.concurrent.RecursiveAction.exec(RecursiveAction.java:189)\n\tat java.base/java.util.concurrent.ForkJoinTask.doExec(ForkJoinTask.java:290)\n\tat java.base/java.util.concurrent.ForkJoinPool$WorkQueue.topLevelExec(ForkJoinPool.java:1020)\n\tat java.base/java.util.concurrent.ForkJoinPool.scan(ForkJoinPool.java:1656)\n\tat java.base/java.util.concurrent.ForkJoinPool.runWorker(ForkJoinPool.java:1594)\n\tat java.base/java.util.concurrent.ForkJoinWorkerThread.run(ForkJoinWorkerThread.java:177)\n",
  "flaky" : false,
  "newFailed" : false,
  "beforeStages" : [ {
    "name" : "setup",
    "time" : {
      "start" : 1637673647128,
      "stop" : 1637673651681,
      "duration" : 4553
    },
    "status" : "passed",
    "steps" : [ ],
    "attachments" : [ ],
    "parameters" : [ ],
    "stepsCount" : 0,
    "attachmentsCount" : 0,
    "shouldDisplayMessage" : false,
    "hasContent" : false
  } ],
  "testStage" : {
    "description" : "Should not resolve a ProvidedCapability at  Cluster scope by labels from namespaces I don't have access to",
    "status" : "failed",
    "statusMessage" : "\nExpecting an empty Optional but was containing value: CustomResource{kind='ProvidedCapability', apiVersion='entando.org/v1', metadata=ObjectMeta(annotations=null, clusterName=null, creationTimestamp=2021-11-23T08:05:47Z, deletionGracePeriodSeconds=null, deletionTimestamp=null, finalizers=[], generateName=null, generation=1, labels={my-label=value2}, managedFields=[], name=my-capability2, namespace=entando-k8s-operator-common-cmpr70-test12, ownerReferences=[], resourceVersion=231065998, selfLink=/apis/entando.org/v1/namespaces/entando-k8s-operator-common-cmpr70-test12/providedcapabilities/my-capability2, uid=2a776066-4c34-11ec-9836-ee8ada7efff9, additionalProperties={}), spec=org.entando.kubernetes.model.capability.CapabilityRequirement@508396ce, status=org.entando.kubernetes.model.common.EntandoCustomResourceStatus@ce7031c}",
    "statusTrace" : "java.lang.AssertionError: \nExpecting an empty Optional but was containing value: CustomResource{kind='ProvidedCapability', apiVersion='entando.org/v1', metadata=ObjectMeta(annotations=null, clusterName=null, creationTimestamp=2021-11-23T08:05:47Z, deletionGracePeriodSeconds=null, deletionTimestamp=null, finalizers=[], generateName=null, generation=1, labels={my-label=value2}, managedFields=[], name=my-capability2, namespace=entando-k8s-operator-common-cmpr70-test12, ownerReferences=[], resourceVersion=231065998, selfLink=/apis/entando.org/v1/namespaces/entando-k8s-operator-common-cmpr70-test12/providedcapabilities/my-capability2, uid=2a776066-4c34-11ec-9836-ee8ada7efff9, additionalProperties={}), spec=org.entando.kubernetes.model.capability.CapabilityRequirement@508396ce, status=org.entando.kubernetes.model.common.EntandoCustomResourceStatus@ce7031c}\n\tat org.entando.kubernetes.controller.support.client.impl.DefaultCapabilityClientTest.lambda$shouldNotResolveProvidedCapabilityFromInaccessibleNamespaces$12(DefaultCapabilityClientTest.java:154)\n\tat io.qameta.allure.Allure.lambda$step$0(Allure.java:113)\n\tat io.qameta.allure.Allure.lambda$step$1(Allure.java:127)\n\tat io.qameta.allure.Allure.step(Allure.java:181)\n\tat io.qameta.allure.Allure.step(Allure.java:125)\n\tat io.qameta.allure.Allure.step(Allure.java:112)\n\tat org.entando.kubernetes.controller.support.client.impl.DefaultCapabilityClientTest.shouldNotResolveProvidedCapabilityFromInaccessibleNamespaces(DefaultCapabilityClientTest.java:153)\n\tat java.base/jdk.internal.reflect.NativeMethodAccessorImpl.invoke0(Native Method)\n\tat java.base/jdk.internal.reflect.NativeMethodAccessorImpl.invoke(NativeMethodAccessorImpl.java:62)\n\tat java.base/jdk.internal.reflect.DelegatingMethodAccessorImpl.invoke(DelegatingMethodAccessorImpl.java:43)\n\tat java.base/java.lang.reflect.Method.invoke(Method.java:566)\n\tat org.junit.platform.commons.util.ReflectionUtils.invokeMethod(ReflectionUtils.java:688)\n\tat org.junit.jupiter.engine.execution.MethodInvocation.proceed(MethodInvocation.java:60)\n\tat org.junit.jupiter.engine.execution.InvocationInterceptorChain$ValidatingInvocation.proceed(InvocationInterceptorChain.java:131)\n\tat org.junit.jupiter.api.extension.InvocationInterceptor.interceptTestMethod(InvocationInterceptor.java:117)\n\tat org.junit.jupiter.engine.execution.ExecutableInvoker$ReflectiveInterceptorCall.lambda$ofVoidMethod$0(ExecutableInvoker.java:115)\n\tat org.junit.jupiter.engine.execution.ExecutableInvoker.lambda$invoke$0(ExecutableInvoker.java:105)\n\tat org.junit.jupiter.engine.execution.InvocationInterceptorChain$InterceptedInvocation.proceed(InvocationInterceptorChain.java:106)\n\tat org.junit.jupiter.engine.extension.TimeoutExtension.intercept(TimeoutExtension.java:149)\n\tat org.junit.jupiter.engine.extension.TimeoutExtension.interceptTestableMethod(TimeoutExtension.java:140)\n\tat org.junit.jupiter.engine.extension.TimeoutExtension.interceptTestMethod(TimeoutExtension.java:84)\n\tat org.junit.jupiter.engine.execution.ExecutableInvoker$ReflectiveInterceptorCall.lambda$ofVoidMethod$0(ExecutableInvoker.java:115)\n\tat org.junit.jupiter.engine.execution.ExecutableInvoker.lambda$invoke$0(ExecutableInvoker.java:105)\n\tat org.junit.jupiter.engine.execution.InvocationInterceptorChain$InterceptedInvocation.proceed(InvocationInterceptorChain.java:106)\n\tat org.junit.jupiter.engine.execution.InvocationInterceptorChain.proceed(InvocationInterceptorChain.java:64)\n\tat org.junit.jupiter.engine.execution.InvocationInterceptorChain.chainAndInvoke(InvocationInterceptorChain.java:45)\n\tat org.junit.jupiter.engine.execution.InvocationInterceptorChain.invoke(InvocationInterceptorChain.java:37)\n\tat org.junit.jupiter.engine.execution.ExecutableInvoker.invoke(ExecutableInvoker.java:104)\n\tat org.junit.jupiter.engine.execution.ExecutableInvoker.invoke(ExecutableInvoker.java:98)\n\tat org.junit.jupiter.engine.descriptor.TestMethodTestDescriptor.lambda$invokeTestMethod$6(TestMethodTestDescriptor.java:210)\n\tat org.junit.platform.engine.support.hierarchical.ThrowableCollector.execute(ThrowableCollector.java:73)\n\tat org.junit.jupiter.engine.descriptor.TestMethodTestDescriptor.invokeTestMethod(TestMethodTestDescriptor.java:206)\n\tat org.junit.jupiter.engine.descriptor.TestMethodTestDescriptor.execute(TestMethodTestDescriptor.java:131)\n\tat org.junit.jupiter.engine.descriptor.TestMethodTestDescriptor.execute(TestMethodTestDescriptor.java:65)\n\tat org.junit.platform.engine.support.hierarchical.NodeTestTask.lambda$executeRecursively$5(NodeTestTask.java:139)\n\tat org.junit.platform.engine.support.hierarchical.ThrowableCollector.execute(ThrowableCollector.java:73)\n\tat org.junit.platform.engine.support.hierarchical.NodeTestTask.lambda$executeRecursively$7(NodeTestTask.java:129)\n\tat org.junit.platform.engine.support.hierarchical.Node.around(Node.java:137)\n\tat org.junit.platform.engine.support.hierarchical.NodeTestTask.lambda$executeRecursively$8(NodeTestTask.java:127)\n\tat org.junit.platform.engine.support.hierarchical.ThrowableCollector.execute(ThrowableCollector.java:73)\n\tat org.junit.platform.engine.support.hierarchical.NodeTestTask.executeRecursively(NodeTestTask.java:126)\n\tat org.junit.platform.engine.support.hierarchical.NodeTestTask.execute(NodeTestTask.java:84)\n\tat org.junit.platform.engine.support.hierarchical.ForkJoinPoolHierarchicalTestExecutorService$ExclusiveTask.compute(ForkJoinPoolHierarchicalTestExecutorService.java:185)\n\tat org.junit.platform.engine.support.hierarchical.ForkJoinPoolHierarchicalTestExecutorService.executeNonConcurrentTasks(ForkJoinPoolHierarchicalTestExecutorService.java:155)\n\tat org.junit.platform.engine.support.hierarchical.ForkJoinPoolHierarchicalTestExecutorService.invokeAll(ForkJoinPoolHierarchicalTestExecutorService.java:135)\n\tat org.junit.platform.engine.support.hierarchical.NodeTestTask.lambda$executeRecursively$5(NodeTestTask.java:143)\n\tat org.junit.platform.engine.support.hierarchical.ThrowableCollector.execute(ThrowableCollector.java:73)\n\tat org.junit.platform.engine.support.hierarchical.NodeTestTask.lambda$executeRecursively$7(NodeTestTask.java:129)\n\tat org.junit.platform.engine.support.hierarchical.Node.around(Node.java:137)\n\tat org.junit.platform.engine.support.hierarchical.NodeTestTask.lambda$executeRecursively$8(NodeTestTask.java:127)\n\tat org.junit.platform.engine.support.hierarchical.ThrowableCollector.execute(ThrowableCollector.java:73)\n\tat org.junit.platform.engine.support.hierarchical.NodeTestTask.executeRecursively(NodeTestTask.java:126)\n\tat org.junit.platform.engine.support.hierarchical.NodeTestTask.execute(NodeTestTask.java:84)\n\tat org.junit.platform.engine.support.hierarchical.ForkJoinPoolHierarchicalTestExecutorService$ExclusiveTask.compute(ForkJoinPoolHierarchicalTestExecutorService.java:185)\n\tat org.junit.platform.engine.support.hierarchical.ForkJoinPoolHierarchicalTestExecutorService.executeNonConcurrentTasks(ForkJoinPoolHierarchicalTestExecutorService.java:155)\n\tat org.junit.platform.engine.support.hierarchical.ForkJoinPoolHierarchicalTestExecutorService.invokeAll(ForkJoinPoolHierarchicalTestExecutorService.java:135)\n\tat org.junit.platform.engine.support.hierarchical.NodeTestTask.lambda$executeRecursively$5(NodeTestTask.java:143)\n\tat org.junit.platform.engine.support.hierarchical.ThrowableCollector.execute(ThrowableCollector.java:73)\n\tat org.junit.platform.engine.support.hierarchical.NodeTestTask.lambda$executeRecursively$7(NodeTestTask.java:129)\n\tat org.junit.platform.engine.support.hierarchical.Node.around(Node.java:137)\n\tat org.junit.platform.engine.support.hierarchical.NodeTestTask.lambda$executeRecursively$8(NodeTestTask.java:127)\n\tat org.junit.platform.engine.support.hierarchical.ThrowableCollector.execute(ThrowableCollector.java:73)\n\tat org.junit.platform.engine.support.hierarchical.NodeTestTask.executeRecursively(NodeTestTask.java:126)\n\tat org.junit.platform.engine.support.hierarchical.NodeTestTask.execute(NodeTestTask.java:84)\n\tat org.junit.platform.engine.support.hierarchical.ForkJoinPoolHierarchicalTestExecutorService$ExclusiveTask.compute(ForkJoinPoolHierarchicalTestExecutorService.java:185)\n\tat java.base/java.util.concurrent.RecursiveAction.exec(RecursiveAction.java:189)\n\tat java.base/java.util.concurrent.ForkJoinTask.doExec(ForkJoinTask.java:290)\n\tat java.base/java.util.concurrent.ForkJoinPool$WorkQueue.topLevelExec(ForkJoinPool.java:1020)\n\tat java.base/java.util.concurrent.ForkJoinPool.scan(ForkJoinPool.java:1656)\n\tat java.base/java.util.concurrent.ForkJoinPool.runWorker(ForkJoinPool.java:1594)\n\tat java.base/java.util.concurrent.ForkJoinWorkerThread.run(ForkJoinWorkerThread.java:177)\n",
    "steps" : [ {
      "name" : "Given I have configured to operator to observe the Namespace 'entando-k8s-operator-common-cmpr70-test1'",
      "time" : {
        "start" : 1637673651683,
        "stop" : 1637673651684,
        "duration" : 1
      },
      "status" : "passed",
      "steps" : [ ],
      "attachments" : [ {
        "uid" : "cdbaccadaadad861",
        "name" : "Environment Variable",
        "source" : "cdbaccadaadad861.txt",
        "type" : "text/plain",
        "size" : 70
      } ],
      "parameters" : [ ],
      "stepsCount" : 0,
      "attachmentsCount" : 1,
      "shouldDisplayMessage" : false,
      "hasContent" : true
    }, {
      "name" : "And I have configured to operator to have interest in the Namespace 'entando-k8s-operator-common-cmpr70-test12'",
      "time" : {
        "start" : 1637673651685,
        "stop" : 1637673651685,
        "duration" : 0
      },
      "status" : "passed",
      "steps" : [ ],
      "attachments" : [ {
        "uid" : "459b8de7a39050f3",
        "name" : "Environment Variable",
        "source" : "459b8de7a39050f3.txt",
        "type" : "text/plain",
        "size" : 72
      } ],
      "parameters" : [ ],
      "stepsCount" : 0,
      "attachmentsCount" : 1,
      "shouldDisplayMessage" : false,
      "hasContent" : true
    }, {
      "name" : "And I have created a ProvidedCapability 'my-capability1' with the label 'my-label=value1' in the Namespace 'entando-k8s-operator-common-cmpr70-test1'",
      "time" : {
        "start" : 1637673651685,
        "stop" : 1637673651711,
        "duration" : 26
      },
      "status" : "passed",
      "steps" : [ ],
      "attachments" : [ {
        "uid" : "f096f7ad661977c9",
        "name" : "ProvidedCapability 1",
        "source" : "f096f7ad661977c9.txt",
        "type" : "text/plain",
        "size" : 614
      } ],
      "parameters" : [ ],
      "stepsCount" : 0,
      "attachmentsCount" : 1,
      "shouldDisplayMessage" : false,
      "hasContent" : true
    }, {
      "name" : "And I have created a ProvidedCapability 'my-capability2' with the label 'my-label=value2' in the Namespace 'entando-k8s-operator-common-cmpr70-test12'",
      "time" : {
        "start" : 1637673651712,
        "stop" : 1637673651733,
        "duration" : 21
      },
      "status" : "passed",
      "steps" : [ ],
      "attachments" : [ {
        "uid" : "6e4ff0efa7bb744d",
        "name" : "ProvidedCapability 2",
        "source" : "6e4ff0efa7bb744d.txt",
        "type" : "text/plain",
        "size" : 616
      } ],
      "parameters" : [ ],
      "stepsCount" : 0,
      "attachmentsCount" : 1,
      "shouldDisplayMessage" : false,
      "hasContent" : true
    }, {
      "name" : "And I have logged in with an account that does not have access to the namespaces entando-k8s-operator-common-cmpr70-test12",
      "time" : {
        "start" : 1637673651734,
        "stop" : 1637673651900,
        "duration" : 166
      },
      "status" : "passed",
      "steps" : [ ],
      "attachments" : [ ],
      "parameters" : [ ],
      "stepsCount" : 0,
      "attachmentsCount" : 0,
      "shouldDisplayMessage" : false,
      "hasContent" : false
    }, {
      "name" : "Expect ProvidedCapability 'my-capability1' to be resolved using the label 'my-label=value1'",
      "time" : {
        "start" : 1637673651901,
        "stop" : 1637673651990,
        "duration" : 89
      },
      "status" : "passed",
      "steps" : [ ],
      "attachments" : [ {
        "uid" : "5e1cdd40d34829b6",
        "name" : "Resolve ProvidedCapability 'my-capability1'",
        "source" : "5e1cdd40d34829b6.txt",
        "type" : "text/plain",
        "size" : 614
      } ],
      "parameters" : [ ],
      "stepsCount" : 0,
      "attachmentsCount" : 1,
      "shouldDisplayMessage" : false,
      "hasContent" : true
    }, {
      "name" : "But expect no ProvidedCapability to be resolved using the label 'my-label=value2'",
      "time" : {
        "start" : 1637673651991,
        "stop" : 1637673652057,
        "duration" : 66
      },
      "status" : "failed",
      "statusMessage" : "\nExpecting an empty Optional but was containing value: CustomResource{kind='ProvidedCapability', apiVersion='entando.org/v1', metadata=ObjectMeta(annotations=null, clusterName=null, creationTimestamp=2021-11-23T08:05:47Z, deletionGracePeriodSeconds=null, deletionTimestamp=null, finalizers=[], generateName=null, generation=1, labels={my-label=value2}, managedFields=[], name=my-capability2, namespace=entando-k8s-operator-common-cmpr70-test12, ownerReferences=[], resourceVersion=231065998, selfLink=/apis/entando.org/v1/namespaces/entando-k8s-operator-common-cmpr70-test12/providedcapabilities/my-capability2, uid=2a776066-4c34-11ec-9836-ee8ada7efff9, additionalProperties={}), spec=org.entando.kubernetes.model.capability.CapabilityRequirement@508396ce, status=org.entando.kubernetes.model.common.EntandoCustomResourceStatus@ce7031c}",
      "statusTrace" : "java.lang.AssertionError: \nExpecting an empty Optional but was containing value: CustomResource{kind='ProvidedCapability', apiVersion='entando.org/v1', metadata=ObjectMeta(annotations=null, clusterName=null, creationTimestamp=2021-11-23T08:05:47Z, deletionGracePeriodSeconds=null, deletionTimestamp=null, finalizers=[], generateName=null, generation=1, labels={my-label=value2}, managedFields=[], name=my-capability2, namespace=entando-k8s-operator-common-cmpr70-test12, ownerReferences=[], resourceVersion=231065998, selfLink=/apis/entando.org/v1/namespaces/entando-k8s-operator-common-cmpr70-test12/providedcapabilities/my-capability2, uid=2a776066-4c34-11ec-9836-ee8ada7efff9, additionalProperties={}), spec=org.entando.kubernetes.model.capability.CapabilityRequirement@508396ce, status=org.entando.kubernetes.model.common.EntandoCustomResourceStatus@ce7031c}\n\tat org.entando.kubernetes.controller.support.client.impl.DefaultCapabilityClientTest.lambda$shouldNotResolveProvidedCapabilityFromInaccessibleNamespaces$12(DefaultCapabilityClientTest.java:154)\n\tat io.qameta.allure.Allure.lambda$step$0(Allure.java:113)\n\tat io.qameta.allure.Allure.lambda$step$1(Allure.java:127)\n\tat io.qameta.allure.Allure.step(Allure.java:181)\n\tat io.qameta.allure.Allure.step(Allure.java:125)\n\tat io.qameta.allure.Allure.step(Allure.java:112)\n\tat org.entando.kubernetes.controller.support.client.impl.DefaultCapabilityClientTest.shouldNotResolveProvidedCapabilityFromInaccessibleNamespaces(DefaultCapabilityClientTest.java:153)\n\tat java.base/jdk.internal.reflect.NativeMethodAccessorImpl.invoke0(Native Method)\n\tat java.base/jdk.internal.reflect.NativeMethodAccessorImpl.invoke(NativeMethodAccessorImpl.java:62)\n\tat java.base/jdk.internal.reflect.DelegatingMethodAccessorImpl.invoke(DelegatingMethodAccessorImpl.java:43)\n\tat java.base/java.lang.reflect.Method.invoke(Method.java:566)\n\tat org.junit.platform.commons.util.ReflectionUtils.invokeMethod(ReflectionUtils.java:688)\n\tat org.junit.jupiter.engine.execution.MethodInvocation.proceed(MethodInvocation.java:60)\n\tat org.junit.jupiter.engine.execution.InvocationInterceptorChain$ValidatingInvocation.proceed(InvocationInterceptorChain.java:131)\n\tat org.junit.jupiter.api.extension.InvocationInterceptor.interceptTestMethod(InvocationInterceptor.java:117)\n\tat org.junit.jupiter.engine.execution.ExecutableInvoker$ReflectiveInterceptorCall.lambda$ofVoidMethod$0(ExecutableInvoker.java:115)\n\tat org.junit.jupiter.engine.execution.ExecutableInvoker.lambda$invoke$0(ExecutableInvoker.java:105)\n\tat org.junit.jupiter.engine.execution.InvocationInterceptorChain$InterceptedInvocation.proceed(InvocationInterceptorChain.java:106)\n\tat org.junit.jupiter.engine.extension.TimeoutExtension.intercept(TimeoutExtension.java:149)\n\tat org.junit.jupiter.engine.extension.TimeoutExtension.interceptTestableMethod(TimeoutExtension.java:140)\n\tat org.junit.jupiter.engine.extension.TimeoutExtension.interceptTestMethod(TimeoutExtension.java:84)\n\tat org.junit.jupiter.engine.execution.ExecutableInvoker$ReflectiveInterceptorCall.lambda$ofVoidMethod$0(ExecutableInvoker.java:115)\n\tat org.junit.jupiter.engine.execution.ExecutableInvoker.lambda$invoke$0(ExecutableInvoker.java:105)\n\tat org.junit.jupiter.engine.execution.InvocationInterceptorChain$InterceptedInvocation.proceed(InvocationInterceptorChain.java:106)\n\tat org.junit.jupiter.engine.execution.InvocationInterceptorChain.proceed(InvocationInterceptorChain.java:64)\n\tat org.junit.jupiter.engine.execution.InvocationInterceptorChain.chainAndInvoke(InvocationInterceptorChain.java:45)\n\tat org.junit.jupiter.engine.execution.InvocationInterceptorChain.invoke(InvocationInterceptorChain.java:37)\n\tat org.junit.jupiter.engine.execution.ExecutableInvoker.invoke(ExecutableInvoker.java:104)\n\tat org.junit.jupiter.engine.execution.ExecutableInvoker.invoke(ExecutableInvoker.java:98)\n\tat org.junit.jupiter.engine.descriptor.TestMethodTestDescriptor.lambda$invokeTestMethod$6(TestMethodTestDescriptor.java:210)\n\tat org.junit.platform.engine.support.hierarchical.ThrowableCollector.execute(ThrowableCollector.java:73)\n\tat org.junit.jupiter.engine.descriptor.TestMethodTestDescriptor.invokeTestMethod(TestMethodTestDescriptor.java:206)\n\tat org.junit.jupiter.engine.descriptor.TestMethodTestDescriptor.execute(TestMethodTestDescriptor.java:131)\n\tat org.junit.jupiter.engine.descriptor.TestMethodTestDescriptor.execute(TestMethodTestDescriptor.java:65)\n\tat org.junit.platform.engine.support.hierarchical.NodeTestTask.lambda$executeRecursively$5(NodeTestTask.java:139)\n\tat org.junit.platform.engine.support.hierarchical.ThrowableCollector.execute(ThrowableCollector.java:73)\n\tat org.junit.platform.engine.support.hierarchical.NodeTestTask.lambda$executeRecursively$7(NodeTestTask.java:129)\n\tat org.junit.platform.engine.support.hierarchical.Node.around(Node.java:137)\n\tat org.junit.platform.engine.support.hierarchical.NodeTestTask.lambda$executeRecursively$8(NodeTestTask.java:127)\n\tat org.junit.platform.engine.support.hierarchical.ThrowableCollector.execute(ThrowableCollector.java:73)\n\tat org.junit.platform.engine.support.hierarchical.NodeTestTask.executeRecursively(NodeTestTask.java:126)\n\tat org.junit.platform.engine.support.hierarchical.NodeTestTask.execute(NodeTestTask.java:84)\n\tat org.junit.platform.engine.support.hierarchical.ForkJoinPoolHierarchicalTestExecutorService$ExclusiveTask.compute(ForkJoinPoolHierarchicalTestExecutorService.java:185)\n\tat org.junit.platform.engine.support.hierarchical.ForkJoinPoolHierarchicalTestExecutorService.executeNonConcurrentTasks(ForkJoinPoolHierarchicalTestExecutorService.java:155)\n\tat org.junit.platform.engine.support.hierarchical.ForkJoinPoolHierarchicalTestExecutorService.invokeAll(ForkJoinPoolHierarchicalTestExecutorService.java:135)\n\tat org.junit.platform.engine.support.hierarchical.NodeTestTask.lambda$executeRecursively$5(NodeTestTask.java:143)\n\tat org.junit.platform.engine.support.hierarchical.ThrowableCollector.execute(ThrowableCollector.java:73)\n\tat org.junit.platform.engine.support.hierarchical.NodeTestTask.lambda$executeRecursively$7(NodeTestTask.java:129)\n\tat org.junit.platform.engine.support.hierarchical.Node.around(Node.java:137)\n\tat org.junit.platform.engine.support.hierarchical.NodeTestTask.lambda$executeRecursively$8(NodeTestTask.java:127)\n\tat org.junit.platform.engine.support.hierarchical.ThrowableCollector.execute(ThrowableCollector.java:73)\n\tat org.junit.platform.engine.support.hierarchical.NodeTestTask.executeRecursively(NodeTestTask.java:126)\n\tat org.junit.platform.engine.support.hierarchical.NodeTestTask.execute(NodeTestTask.java:84)\n\tat org.junit.platform.engine.support.hierarchical.ForkJoinPoolHierarchicalTestExecutorService$ExclusiveTask.compute(ForkJoinPoolHierarchicalTestExecutorService.java:185)\n\tat org.junit.platform.engine.support.hierarchical.ForkJoinPoolHierarchicalTestExecutorService.executeNonConcurrentTasks(ForkJoinPoolHierarchicalTestExecutorService.java:155)\n\tat org.junit.platform.engine.support.hierarchical.ForkJoinPoolHierarchicalTestExecutorService.invokeAll(ForkJoinPoolHierarchicalTestExecutorService.java:135)\n\tat org.junit.platform.engine.support.hierarchical.NodeTestTask.lambda$executeRecursively$5(NodeTestTask.java:143)\n\tat org.junit.platform.engine.support.hierarchical.ThrowableCollector.execute(ThrowableCollector.java:73)\n\tat org.junit.platform.engine.support.hierarchical.NodeTestTask.lambda$executeRecursively$7(NodeTestTask.java:129)\n\tat org.junit.platform.engine.support.hierarchical.Node.around(Node.java:137)\n\tat org.junit.platform.engine.support.hierarchical.NodeTestTask.lambda$executeRecursively$8(NodeTestTask.java:127)\n\tat org.junit.platform.engine.support.hierarchical.ThrowableCollector.execute(ThrowableCollector.java:73)\n\tat org.junit.platform.engine.support.hierarchical.NodeTestTask.executeRecursively(NodeTestTask.java:126)\n\tat org.junit.platform.engine.support.hierarchical.NodeTestTask.execute(NodeTestTask.java:84)\n\tat org.junit.platform.engine.support.hierarchical.ForkJoinPoolHierarchicalTestExecutorService$ExclusiveTask.compute(ForkJoinPoolHierarchicalTestExecutorService.java:185)\n\tat java.base/java.util.concurrent.RecursiveAction.exec(RecursiveAction.java:189)\n\tat java.base/java.util.concurrent.ForkJoinTask.doExec(ForkJoinTask.java:290)\n\tat java.base/java.util.concurrent.ForkJoinPool$WorkQueue.topLevelExec(ForkJoinPool.java:1020)\n\tat java.base/java.util.concurrent.ForkJoinPool.scan(ForkJoinPool.java:1656)\n\tat java.base/java.util.concurrent.ForkJoinPool.runWorker(ForkJoinPool.java:1594)\n\tat java.base/java.util.concurrent.ForkJoinWorkerThread.run(ForkJoinWorkerThread.java:177)\n",
      "steps" : [ ],
      "attachments" : [ ],
      "parameters" : [ ],
      "stepsCount" : 0,
      "attachmentsCount" : 0,
      "shouldDisplayMessage" : true,
      "hasContent" : true
    } ],
    "attachments" : [ ],
    "parameters" : [ ],
    "stepsCount" : 7,
    "attachmentsCount" : 5,
    "shouldDisplayMessage" : false,
    "hasContent" : true
  },
  "afterStages" : [ {
    "name" : "teardown",
    "time" : {
      "start" : 1637673652058,
      "stop" : 1637673652058,
      "duration" : 0
    },
    "status" : "passed",
    "steps" : [ ],
    "attachments" : [ ],
    "parameters" : [ ],
    "stepsCount" : 0,
    "attachmentsCount" : 0,
    "shouldDisplayMessage" : false,
    "hasContent" : false
  } ],
  "labels" : [ {
    "name" : "tag",
    "value" : "adapter"
  }, {
    "name" : "tag",
    "value" : "pre-deployment"
  }, {
    "name" : "tag",
    "value" : "integration"
  }, {
    "name" : "feature",
    "value" : "As a support developer, I would like perform common operations on the ProvidedCapability resources through a simple interface to reduce the learning curve"
  }, {
    "name" : "host",
    "value" : "entando-k8s-entando-k8s-operato-zczfr-12-from-build-pack--tb88x"
  }, {
    "name" : "thread",
    "value" : "107@entando-k8s-entando-k8s-operato-zczfr-12-from-build-pack--tb88x.ForkJoinPool-1-worker-3(17)"
  }, {
    "name" : "framework",
    "value" : "junit-platform"
  }, {
    "name" : "language",
    "value" : "java"
  }, {
    "name" : "package",
    "value" : "org.entando.kubernetes.controller.support.client.impl.DefaultCapabilityClientTest"
  }, {
    "name" : "testClass",
    "value" : "org.entando.kubernetes.controller.support.client.impl.DefaultCapabilityClientTest"
  }, {
    "name" : "testMethod",
    "value" : "shouldNotResolveProvidedCapabilityFromInaccessibleNamespaces"
  }, {
    "name" : "suite",
    "value" : "org.entando.kubernetes.controller.support.client.impl.DefaultCapabilityClientTest"
  }, {
    "name" : "resultFormat",
    "value" : "allure2"
  } ],
  "parameters" : [ ],
  "links" : [ ],
  "hidden" : false,
  "retry" : false,
  "extra" : {
    "severity" : "normal",
    "retries" : [ ],
    "categories" : [ {
      "name" : "Product defects",
      "matchedStatuses" : [ ],
      "flaky" : false
    } ],
    "tags" : [ "adapter", "integration", "pre-deployment" ]
  },
  "source" : "4016d5d2aa281e9b.json",
  "parameterValues" : [ ]
}