<!DOCTYPE html>
<!--
 | Generated by Apache Maven Doxia Site Renderer 1.9.1 at 2021-12-03

 | Rendered using Apache Maven Default Skin
-->
<html xmlns="http://www.w3.org/1999/xhtml" xml:lang="en" lang="en">
  <head>
    <meta charset="UTF-8" />
    <meta name="viewport" content="width=device-width, initial-scale=1.0" />
    <meta name="generator" content="Apache Maven Doxia Site Renderer 1.9.1" />
    <title>Surefire Report</title>
    <link rel="stylesheet" href="./css/maven-base.css" />
    <link rel="stylesheet" href="./css/maven-theme.css" />
    <link rel="stylesheet" href="./css/site.css" />
    <link rel="stylesheet" href="./css/print.css" media="print" />
  </head>
  <body class="composite">
    <div id="banner">
      <div class="clear">
        <hr/>
      </div>
    </div>
    <div id="breadcrumbs">
      <div class="xleft">
        <span id="publishDate">Last Published: 2021-12-03</span>
          &#xA0;| <span id="projectVersion">Version: 0.0.0-SNAPSHOT-PR-10-12</span>
      </div>
      <div class="xright">      </div>
      <div class="clear">
        <hr/>
      </div>
    </div>
    <div id="leftColumn">
      <div id="navcolumn">
      <a href="http://maven.apache.org/" title="Built by Maven" class="poweredBy">
        <img class="poweredBy" alt="Built by Maven" src="./images/logos/maven-feather.png" />
      </a>
      </div>
    </div>
    <div id="bodyColumn">
      <div id="contentBox">
<script type="application/javascript">
//<![CDATA[
function toggleDisplay(elementId) {
 var elm = document.getElementById(elementId + '-error');
 if (elm == null) {
  elm = document.getElementById(elementId + '-failure');
 }
 if (elm && typeof elm.style != "undefined") {
  if (elm.style.display == "none") {
   elm.style.display = "";
   document.getElementById(elementId + '-off').style.display = "none";
   document.getElementById(elementId + '-on').style.display = "inline";
  } else if (elm.style.display == "") {   elm.style.display = "none";
   document.getElementById(elementId + '-off').style.display = "inline";
   document.getElementById(elementId + '-on').style.display = "none";
  } 
 } 
 }
//]]>
</script><section>
<h2><a name="Surefire_Report"></a>Surefire Report</h2></section><section>
<h2><a name="Summary"></a>Summary</h2><a name="Summary"></a>
<p>[<a href="#Summary">Summary</a>] [<a href="#Package_List">Package List</a>] [<a href="#Test_Cases">Test Cases</a>]</p><br />
<table border="1" class="bodyTable">
<tr class="a">
<th>Tests</th>
<th>Errors</th>
<th>Failures</th>
<th>Skipped</th>
<th>Success Rate</th>
<th>Time</th></tr>
<tr class="b">
<td>23</td>
<td>5</td>
<td>0</td>
<td>0</td>
<td>78.261%</td>
<td>21.382</td></tr></table><br />
<p>Note: failures are anticipated and checked for with assertions while errors are unanticipated.</p><br /></section><section>
<h2><a name="Package_List"></a>Package List</h2><a name="Package_List"></a>
<p>[<a href="#Summary">Summary</a>] [<a href="#Package_List">Package List</a>] [<a href="#Test_Cases">Test Cases</a>]</p><br />
<table border="1" class="bodyTable">
<tr class="a">
<th>Package</th>
<th>Tests</th>
<th>Errors</th>
<th>Failures</th>
<th>Skipped</th>
<th>Success Rate</th>
<th>Time</th></tr>
<tr class="b">
<td><a href="#org.entando.k8s.db.job">org.entando.k8s.db.job</a></td>
<td>23</td>
<td>5</td>
<td>0</td>
<td>0</td>
<td>78.261%</td>
<td>21.382</td></tr></table><br />
<p>Note: package statistics are not computed recursively, they only sum up all of its testsuites numbers.</p><section>
<h3><a name="org.entando.k8s.db.job"></a>org.entando.k8s.db.job</h3><a name="org.entando.k8s.db.job"></a>
<table border="1" class="bodyTable">
<tr class="a">
<th></th>
<th>Class</th>
<th>Tests</th>
<th>Errors</th>
<th>Failures</th>
<th>Skipped</th>
<th>Success Rate</th>
<th>Time</th></tr>
<tr class="b">
<td><a href="#org.entando.k8s.db.job.DbUtilsTest"><figure><img src="images/icon_success_sml.gif" alt="" /></figure></a></td>
<td><a href="#org.entando.k8s.db.job.DbUtilsTest">DbUtilsTest</a></td>
<td>3</td>
<td>0</td>
<td>0</td>
<td>0</td>
<td>100%</td>
<td>0.013</td></tr>
<tr class="a">
<td><a href="#org.entando.k8s.db.job.CreateMysqlSchemaTest"><figure><img src="images/icon_success_sml.gif" alt="" /></figure></a></td>
<td><a href="#org.entando.k8s.db.job.CreateMysqlSchemaTest">CreateMysqlSchemaTest</a></td>
<td>5</td>
<td>0</td>
<td>0</td>
<td>0</td>
<td>100%</td>
<td>4.448</td></tr>
<tr class="b">
<td><a href="#org.entando.k8s.db.job.CreatePostgresqlSchemaTest"><figure><img src="images/icon_error_sml.gif" alt="" /></figure></a></td>
<td><a href="#org.entando.k8s.db.job.CreatePostgresqlSchemaTest">CreatePostgresqlSchemaTest</a></td>
<td>5</td>
<td>5</td>
<td>0</td>
<td>0</td>
<td>0%</td>
<td>0.543</td></tr>
<tr class="a">
<td><a href="#org.entando.k8s.db.job.CreateOracle11SchemaTest"><figure><img src="images/icon_success_sml.gif" alt="" /></figure></a></td>
<td><a href="#org.entando.k8s.db.job.CreateOracle11SchemaTest">CreateOracle11SchemaTest</a></td>
<td>5</td>
<td>0</td>
<td>0</td>
<td>0</td>
<td>100%</td>
<td>3.316</td></tr>
<tr class="b">
<td><a href="#org.entando.k8s.db.job.CreateOracle12SchemaTest"><figure><img src="images/icon_success_sml.gif" alt="" /></figure></a></td>
<td><a href="#org.entando.k8s.db.job.CreateOracle12SchemaTest">CreateOracle12SchemaTest</a></td>
<td>5</td>
<td>0</td>
<td>0</td>
<td>0</td>
<td>100%</td>
<td>13.062</td></tr></table></section><br /></section><section>
<h2><a name="Test_Cases"></a>Test Cases</h2><a name="Test_Cases"></a>
<p>[<a href="#Summary">Summary</a>] [<a href="#Package_List">Package List</a>] [<a href="#Test_Cases">Test Cases</a>]</p><section>
<h3><a name="DbUtilsTest"></a>DbUtilsTest</h3><a name="org.entando.k8s.db.job.DbUtilsTest"></a>
<table border="1" class="bodyTable">
<tr class="a">
<td><figure><img src="images/icon_success_sml.gif" alt="" /></figure></td>
<td><a name="TC_org.entando.k8s.db.job.DbUtilsTest.shouldThrowExceptionWhenReceivingValuesWithQuotesOrDoubleQuotes"></a>shouldThrowExceptionWhenReceivingValuesWithQuotesOrDoubleQuotes</td>
<td>0</td></tr>
<tr class="b">
<td><figure><img src="images/icon_success_sml.gif" alt="" /></figure></td>
<td><a name="TC_org.entando.k8s.db.job.DbUtilsTest.shouldSurroundTheReceivedValueWithDoubleQuotes"></a>shouldSurroundTheReceivedValueWithDoubleQuotes</td>
<td>0.006</td></tr>
<tr class="a">
<td><figure><img src="images/icon_success_sml.gif" alt="" /></figure></td>
<td><a name="TC_org.entando.k8s.db.job.DbUtilsTest.shouldNotBreakWhenSanitizingANulLValue"></a>shouldNotBreakWhenSanitizingANulLValue</td>
<td>0.002</td></tr></table></section><section>
<h3><a name="CreateMysqlSchemaTest"></a>CreateMysqlSchemaTest</h3><a name="org.entando.k8s.db.job.CreateMysqlSchemaTest"></a>
<table border="1" class="bodyTable">
<tr class="a">
<td><figure><img src="images/icon_success_sml.gif" alt="" /></figure></td>
<td><a name="TC_org.entando.k8s.db.job.CreateMysqlSchemaTest.testSingleAccess"></a>testSingleAccess</td>
<td>2.471</td></tr>
<tr class="b">
<td><figure><img src="images/icon_success_sml.gif" alt="" /></figure></td>
<td><a name="TC_org.entando.k8s.db.job.CreateMysqlSchemaTest.testSimpleCreate"></a>testSimpleCreate</td>
<td>0.758</td></tr>
<tr class="a">
<td><figure><img src="images/icon_success_sml.gif" alt="" /></figure></td>
<td><a name="TC_org.entando.k8s.db.job.CreateMysqlSchemaTest.testIdempotent"></a>testIdempotent</td>
<td>0.313</td></tr>
<tr class="b">
<td><figure><img src="images/icon_success_sml.gif" alt="" /></figure></td>
<td><a name="TC_org.entando.k8s.db.job.CreateMysqlSchemaTest.testDatasource"></a>testDatasource</td>
<td>0.585</td></tr>
<tr class="a">
<td><figure><img src="images/icon_success_sml.gif" alt="" /></figure></td>
<td><a name="TC_org.entando.k8s.db.job.CreateMysqlSchemaTest.testForcePasswordReset"></a>testForcePasswordReset</td>
<td>0.147</td></tr></table></section><section>
<h3><a name="CreatePostgresqlSchemaTest"></a>CreatePostgresqlSchemaTest</h3><a name="org.entando.k8s.db.job.CreatePostgresqlSchemaTest"></a>
<table border="1" class="bodyTable">
<tr class="a">
<td><a href="#org.entando.k8s.db.job.CreatePostgresqlSchemaTest.testSingleAccess"><figure><img src="images/icon_error_sml.gif" alt="" /></figure></a></td>
<td><a name="TC_org.entando.k8s.db.job.CreatePostgresqlSchemaTest.testSingleAccess"></a><a href="#org.entando.k8s.db.job.CreatePostgresqlSchemaTest.testSingleAccess">testSingleAccess</a>
<div class="detailToggle" style="display:inline"><a href="javascript:toggleDisplay('org.entando.k8s.db.job.CreatePostgresqlSchemaTest.testSingleAccess');"><span style="display:inline;" id="org.entando.k8s.db.job.CreatePostgresqlSchemaTest.testSingleAccess-off"> + </span><span style="display:none;" id="org.entando.k8s.db.job.CreatePostgresqlSchemaTest.testSingleAccess-on"> - </span>[ Detail ]</a></div></td>
<td>0.316</td></tr>
<tr class="b">
<td></td>
<td>ERROR: syntax error at or near &quot;ELECT&quot;
  Position: 31</td>
<td></td></tr>
<tr class="a">
<td></td>
<td>
<div id="org.entando.k8s.db.job.CreatePostgresqlSchemaTest.testSingleAccess-error" style="display:none;">
<div>
<pre>org.postgresql.util.PSQLException: 
ERROR: syntax error at or near &quot;ELECT&quot;
  Position: 31
	at org.entando.k8s.db.job.CreatePostgresqlSchemaTest.testSingleAccess(CreatePostgresqlSchemaTest.java:146)</pre></div></div></td>
<td></td></tr>
<tr class="b">
<td><a href="#org.entando.k8s.db.job.CreatePostgresqlSchemaTest.testSimpleCreate"><figure><img src="images/icon_error_sml.gif" alt="" /></figure></a></td>
<td><a name="TC_org.entando.k8s.db.job.CreatePostgresqlSchemaTest.testSimpleCreate"></a><a href="#org.entando.k8s.db.job.CreatePostgresqlSchemaTest.testSimpleCreate">testSimpleCreate</a>
<div class="detailToggle" style="display:inline"><a href="javascript:toggleDisplay('org.entando.k8s.db.job.CreatePostgresqlSchemaTest.testSimpleCreate');"><span style="display:inline;" id="org.entando.k8s.db.job.CreatePostgresqlSchemaTest.testSimpleCreate-off"> + </span><span style="display:none;" id="org.entando.k8s.db.job.CreatePostgresqlSchemaTest.testSimpleCreate-on"> - </span>[ Detail ]</a></div></td>
<td>0.063</td></tr>
<tr class="a">
<td></td>
<td>ERROR: syntax error at or near &quot;ELECT&quot;
  Position: 31</td>
<td></td></tr>
<tr class="b">
<td></td>
<td>
<div id="org.entando.k8s.db.job.CreatePostgresqlSchemaTest.testSimpleCreate-error" style="display:none;">
<div>
<pre>org.postgresql.util.PSQLException: 
ERROR: syntax error at or near &quot;ELECT&quot;
  Position: 31
	at org.entando.k8s.db.job.CreatePostgresqlSchemaTest.testSimpleCreate(CreatePostgresqlSchemaTest.java:33)</pre></div></div></td>
<td></td></tr>
<tr class="a">
<td><a href="#org.entando.k8s.db.job.CreatePostgresqlSchemaTest.testIdempotent"><figure><img src="images/icon_error_sml.gif" alt="" /></figure></a></td>
<td><a name="TC_org.entando.k8s.db.job.CreatePostgresqlSchemaTest.testIdempotent"></a><a href="#org.entando.k8s.db.job.CreatePostgresqlSchemaTest.testIdempotent">testIdempotent</a>
<div class="detailToggle" style="display:inline"><a href="javascript:toggleDisplay('org.entando.k8s.db.job.CreatePostgresqlSchemaTest.testIdempotent');"><span style="display:inline;" id="org.entando.k8s.db.job.CreatePostgresqlSchemaTest.testIdempotent-off"> + </span><span style="display:none;" id="org.entando.k8s.db.job.CreatePostgresqlSchemaTest.testIdempotent-on"> - </span>[ Detail ]</a></div></td>
<td>0.052</td></tr>
<tr class="b">
<td></td>
<td>ERROR: syntax error at or near &quot;ELECT&quot;
  Position: 31</td>
<td></td></tr>
<tr class="a">
<td></td>
<td>
<div id="org.entando.k8s.db.job.CreatePostgresqlSchemaTest.testIdempotent-error" style="display:none;">
<div>
<pre>org.postgresql.util.PSQLException: 
ERROR: syntax error at or near &quot;ELECT&quot;
  Position: 31
	at org.entando.k8s.db.job.CreatePostgresqlSchemaTest.testCreate(CreatePostgresqlSchemaTest.java:48)
	at org.entando.k8s.db.job.CreatePostgresqlSchemaTest.testIdempotent(CreatePostgresqlSchemaTest.java:114)
</pre></div></div></td>
<td></td></tr>
<tr class="b">
<td><a href="#org.entando.k8s.db.job.CreatePostgresqlSchemaTest.testDatasource"><figure><img src="images/icon_error_sml.gif" alt="" /></figure></a></td>
<td><a name="TC_org.entando.k8s.db.job.CreatePostgresqlSchemaTest.testDatasource"></a><a href="#org.entando.k8s.db.job.CreatePostgresqlSchemaTest.testDatasource">testDatasource</a>
<div class="detailToggle" style="display:inline"><a href="javascript:toggleDisplay('org.entando.k8s.db.job.CreatePostgresqlSchemaTest.testDatasource');"><span style="display:inline;" id="org.entando.k8s.db.job.CreatePostgresqlSchemaTest.testDatasource-off"> + </span><span style="display:none;" id="org.entando.k8s.db.job.CreatePostgresqlSchemaTest.testDatasource-on"> - </span>[ Detail ]</a></div></td>
<td>0.066</td></tr>
<tr class="a">
<td></td>
<td>ERROR: syntax error at or near &quot;ELECT&quot;
  Position: 31</td>
<td></td></tr>
<tr class="b">
<td></td>
<td>
<div id="org.entando.k8s.db.job.CreatePostgresqlSchemaTest.testDatasource-error" style="display:none;">
<div>
<pre>org.postgresql.util.PSQLException: 
ERROR: syntax error at or near &quot;ELECT&quot;
  Position: 31
	at org.entando.k8s.db.job.CreatePostgresqlSchemaTest.testDatasource(CreatePostgresqlSchemaTest.java:66)</pre></div></div></td>
<td></td></tr>
<tr class="a">
<td><a href="#org.entando.k8s.db.job.CreatePostgresqlSchemaTest.testForcePasswordReset"><figure><img src="images/icon_error_sml.gif" alt="" /></figure></a></td>
<td><a name="TC_org.entando.k8s.db.job.CreatePostgresqlSchemaTest.testForcePasswordReset"></a><a href="#org.entando.k8s.db.job.CreatePostgresqlSchemaTest.testForcePasswordReset">testForcePasswordReset</a>
<div class="detailToggle" style="display:inline"><a href="javascript:toggleDisplay('org.entando.k8s.db.job.CreatePostgresqlSchemaTest.testForcePasswordReset');"><span style="display:inline;" id="org.entando.k8s.db.job.CreatePostgresqlSchemaTest.testForcePasswordReset-off"> + </span><span style="display:none;" id="org.entando.k8s.db.job.CreatePostgresqlSchemaTest.testForcePasswordReset-on"> - </span>[ Detail ]</a></div></td>
<td>0.04</td></tr>
<tr class="b">
<td></td>
<td>ERROR: syntax error at or near &quot;ELECT&quot;
  Position: 31</td>
<td></td></tr>
<tr class="a">
<td></td>
<td>
<div id="org.entando.k8s.db.job.CreatePostgresqlSchemaTest.testForcePasswordReset-error" style="display:none;">
<div>
<pre>org.postgresql.util.PSQLException: 
ERROR: syntax error at or near &quot;ELECT&quot;
  Position: 31
	at org.entando.k8s.db.job.CreatePostgresqlSchemaTest.testCreate(CreatePostgresqlSchemaTest.java:48)
	at org.entando.k8s.db.job.CreatePostgresqlSchemaTest.testForcePasswordReset(CreatePostgresqlSchemaTest.java:128)
</pre></div></div></td>
<td></td></tr></table></section><section>
<h3><a name="CreateOracle11SchemaTest"></a>CreateOracle11SchemaTest</h3><a name="org.entando.k8s.db.job.CreateOracle11SchemaTest"></a>
<table border="1" class="bodyTable">
<tr class="a">
<td><figure><img src="images/icon_success_sml.gif" alt="" /></figure></td>
<td><a name="TC_org.entando.k8s.db.job.CreateOracle11SchemaTest.simpleCreate"></a>simpleCreate</td>
<td>0.541</td></tr>
<tr class="b">
<td><figure><img src="images/icon_success_sml.gif" alt="" /></figure></td>
<td><a name="TC_org.entando.k8s.db.job.CreateOracle11SchemaTest.testIdempotent"></a>testIdempotent</td>
<td>0.522</td></tr>
<tr class="a">
<td><figure><img src="images/icon_success_sml.gif" alt="" /></figure></td>
<td><a name="TC_org.entando.k8s.db.job.CreateOracle11SchemaTest.singleAccess"></a>singleAccess</td>
<td>1.171</td></tr>
<tr class="b">
<td><figure><img src="images/icon_success_sml.gif" alt="" /></figure></td>
<td><a name="TC_org.entando.k8s.db.job.CreateOracle11SchemaTest.testDatasource"></a>testDatasource</td>
<td>0.419</td></tr>
<tr class="a">
<td><figure><img src="images/icon_success_sml.gif" alt="" /></figure></td>
<td><a name="TC_org.entando.k8s.db.job.CreateOracle11SchemaTest.testForcePasswordReset"></a>testForcePasswordReset</td>
<td>0.653</td></tr></table></section><section>
<h3><a name="CreateOracle12SchemaTest"></a>CreateOracle12SchemaTest</h3><a name="org.entando.k8s.db.job.CreateOracle12SchemaTest"></a>
<table border="1" class="bodyTable">
<tr class="a">
<td><figure><img src="images/icon_success_sml.gif" alt="" /></figure></td>
<td><a name="TC_org.entando.k8s.db.job.CreateOracle12SchemaTest.simpleCreate"></a>simpleCreate</td>
<td>3.753</td></tr>
<tr class="b">
<td><figure><img src="images/icon_success_sml.gif" alt="" /></figure></td>
<td><a name="TC_org.entando.k8s.db.job.CreateOracle12SchemaTest.testIdempotent"></a>testIdempotent</td>
<td>1.744</td></tr>
<tr class="a">
<td><figure><img src="images/icon_success_sml.gif" alt="" /></figure></td>
<td><a name="TC_org.entando.k8s.db.job.CreateOracle12SchemaTest.singleAccess"></a>singleAccess</td>
<td>3.079</td></tr>
<tr class="b">
<td><figure><img src="images/icon_success_sml.gif" alt="" /></figure></td>
<td><a name="TC_org.entando.k8s.db.job.CreateOracle12SchemaTest.testDatasource"></a>testDatasource</td>
<td>1.545</td></tr>
<tr class="a">
<td><figure><img src="images/icon_success_sml.gif" alt="" /></figure></td>
<td><a name="TC_org.entando.k8s.db.job.CreateOracle12SchemaTest.testForcePasswordReset"></a>testForcePasswordReset</td>
<td>2.927</td></tr></table></section><br /></section><section>
<h2><a name="Failure_Details"></a>Failure Details</h2><a name="Failure_Details"></a>
<p>[<a href="#Summary">Summary</a>] [<a href="#Package_List">Package List</a>] [<a href="#Test_Cases">Test Cases</a>]</p><br />
<table border="1" class="bodyTable">
<tr class="a">
<td><figure><img src="images/icon_error_sml.gif" alt="" /></figure></td>
<td><a name="org.entando.k8s.db.job.CreatePostgresqlSchemaTest.testSingleAccess"></a>testSingleAccess</td></tr>
<tr class="b">
<td></td>
<td>org.postgresql.util.PSQLException: ERROR: syntax error at or near &quot;ELECT&quot;
  Position: 31</td></tr>
<tr class="a">
<td></td>
<td>
<div id="testSingleAccess-error">org.entando.k8s.db.job.CreatePostgresqlSchemaTest:146</div></td></tr>
<tr class="b">
<td><figure><img src="images/icon_error_sml.gif" alt="" /></figure></td>
<td><a name="org.entando.k8s.db.job.CreatePostgresqlSchemaTest.testSimpleCreate"></a>testSimpleCreate</td></tr>
<tr class="a">
<td></td>
<td>org.postgresql.util.PSQLException: ERROR: syntax error at or near &quot;ELECT&quot;
  Position: 31</td></tr>
<tr class="b">
<td></td>
<td>
<div id="testSimpleCreate-error">org.entando.k8s.db.job.CreatePostgresqlSchemaTest:33</div></td></tr>
<tr class="a">
<td><figure><img src="images/icon_error_sml.gif" alt="" /></figure></td>
<td><a name="org.entando.k8s.db.job.CreatePostgresqlSchemaTest.testIdempotent"></a>testIdempotent</td></tr>
<tr class="b">
<td></td>
<td>org.postgresql.util.PSQLException: ERROR: syntax error at or near &quot;ELECT&quot;
  Position: 31</td></tr>
<tr class="a">
<td></td>
<td>
<div id="testIdempotent-error">org.entando.k8s.db.job.CreatePostgresqlSchemaTest:114</div></td></tr>
<tr class="b">
<td><figure><img src="images/icon_error_sml.gif" alt="" /></figure></td>
<td><a name="org.entando.k8s.db.job.CreatePostgresqlSchemaTest.testDatasource"></a>testDatasource</td></tr>
<tr class="a">
<td></td>
<td>org.postgresql.util.PSQLException: ERROR: syntax error at or near &quot;ELECT&quot;
  Position: 31</td></tr>
<tr class="b">
<td></td>
<td>
<div id="testDatasource-error">org.entando.k8s.db.job.CreatePostgresqlSchemaTest:66</div></td></tr>
<tr class="a">
<td><figure><img src="images/icon_error_sml.gif" alt="" /></figure></td>
<td><a name="org.entando.k8s.db.job.CreatePostgresqlSchemaTest.testForcePasswordReset"></a>testForcePasswordReset</td></tr>
<tr class="b">
<td></td>
<td>org.postgresql.util.PSQLException: ERROR: syntax error at or near &quot;ELECT&quot;
  Position: 31</td></tr>
<tr class="a">
<td></td>
<td>
<div id="testForcePasswordReset-error">org.entando.k8s.db.job.CreatePostgresqlSchemaTest:128</div></td></tr></table><br /></section>
      </div>
    </div>
    <div class="clear">
      <hr/>
    </div>
    <div id="footer">
      <div class="xright">
        Copyright &#169;      2019&#x2013;2021<a href="http://www.entando.com/">Entando Inc.</a>.
.      </div>
      <div class="clear">
        <hr/>
      </div>
    </div>
  </body>
</html>
