
Showing logs for build [32mentando-k8s-entando-de-app-pr-2-x7fdk-1[0m stage [32mfrom-build-pack[0m and container [32mcredential-initializer[0m
{"level":"info","ts":1636492050.8009648,"caller":"creds-init/main.go:44","msg":"Credentials initialized."}

Showing logs for build [32mentando-k8s-entando-de-app-pr-2-x7fdk-1[0m stage [32mfrom-build-pack[0m and container [32mworking-dir-initializer[0m

Showing logs for build [32mentando-k8s-entando-de-app-pr-2-x7fdk-1[0m stage [32mfrom-build-pack[0m and container [32mplace-tools[0m

Showing logs for build [32mentando-k8s-entando-de-app-pr-2-x7fdk-1[0m stage [32mfrom-build-pack[0m and container [32mstep-git-source-entando-k8s-entando-de-app-pr-2-x7fdk-98dnm[0m
{"level":"info","ts":1636492155.0613525,"caller":"git/git.go:105","msg":"Successfully cloned https://github.com/entando-k8s/entando-de-app.git @ master in path /workspace/source"}
{"level":"warn","ts":1636492155.0615926,"caller":"git/git.go:152","msg":"Unexpected error: creating symlink: symlink /tekton/home/.ssh /****/.ssh: file exists"}
{"level":"info","ts":1636492155.133281,"caller":"git/git.go:133","msg":"Successfully initialized and updated submodules in path /workspace/source"}

Showing logs for build [32mentando-k8s-entando-de-app-pr-2-x7fdk-1[0m stage [32mfrom-build-pack[0m and container [32mstep-setup-builder-home[0m

Showing logs for build [32mentando-k8s-entando-de-app-pr-2-x7fdk-1[0m stage [32mfrom-build-pack[0m and container [32mstep-git-merge[0m
Using SHAs from PULL_REFS=develop:362d4518847988cf1f1db7706c5c55f3147297f4,268:4d842a4df34a25de65d8d1e36c511c66206a7206
DEBUG: LC_ALL=C JX_LOG_LEVEL=error git fetch origin --unshallow 4d842a4df34a25de65d8d1e36c511c66206a7206: 362d4518847988cf1f1db7706c5c55f3147297f4:
DEBUG: ran git fetch --unshallow origin 4d842a4df34a25de65d8d1e36c511c66206a7206: 362d4518847988cf1f1db7706c5c55f3147297f4: in 
DEBUG: LC_ALL=C JX_LOG_LEVEL=error git branch
DEBUG: LC_ALL=C JX_LOG_LEVEL=error git branch develop
DEBUG: LC_ALL=C JX_LOG_LEVEL=error git checkout develop
DEBUG: ran git checkout develop in 
DEBUG: LC_ALL=C JX_LOG_LEVEL=error git reset --hard 362d4518847988cf1f1db7706c5c55f3147297f4
DEBUG: ran git reset --hard 362d4518847988cf1f1db7706c5c55f3147297f4 in 
DEBUG: LC_ALL=C JX_LOG_LEVEL=error git clean -fd .
DEBUG: ran clean --force -d . in 
DEBUG: LC_ALL=C JX_LOG_LEVEL=error git merge 4d842a4df34a25de65d8d1e36c511c66206a7206
DEBUG: ran git merge 4d842a4df34a25de65d8d1e36c511c66206a7206 in 
DEBUG: LC_ALL=C JX_LOG_LEVEL=error git log --format=%H%x1f%an%x1f%ae%x1f%cn%x1f%ce%x1f%s%n%b%x1e 362d4518847988cf1f1db7706c5c55f3147297f4..HEAD
Merged SHA 4d842a4df34a25de65d8d1e36c511c66206a7206 with commit message 'Revert "ENG-2578: Update CMS version"' into base branch develop

Showing logs for build [32mentando-k8s-entando-de-app-pr-2-x7fdk-1[0m stage [32mfrom-build-pack[0m and container [32mstep-build-set-version[0m
Picked up _JAVA_OPTIONS: -XX:+UnlockExperimentalVMOptions -Dsun.zip.disableMemoryMapping=**** -XX:+UseParallelGC -XX:MinHeapFreeRatio=5 -XX:MaxHeapFreeRatio=10 -XX:GCTimeRatio=4 -XX:AdaptiveSizePolicyWeight=90 -Xms1000m -Xmx12000m
[INFO] Scanning for projects...
[INFO] 
[INFO] -----------------< org.entando.entando:entando-de-app >-----------------
[INFO] Building entando-de-app 6.4.0-SNAPSHOT
[INFO] --------------------------------[ war ]---------------------------------
[INFO] 
[INFO] --- versions-maven-plugin:2.8.1:set (default-cli) @ entando-de-app ---
[INFO] Local aggregation ****: /workspace/source
[INFO] Processing change of org.entando.entando:entando-de-app:6.4.0-SNAPSHOT -> 0.0.0-SNAPSHOT-PR-268-1
[INFO] Processing org.entando.entando:entando-de-app
[INFO]     Updating project org.entando.entando:entando-de-app
[INFO]         from version 6.4.0-SNAPSHOT to 0.0.0-SNAPSHOT-PR-268-1
[INFO] 
[INFO] ------------------------------------------------------------------------
[INFO] BUILD SUCCESS
[INFO] ------------------------------------------------------------------------
[INFO] Total time:  7.270 s
[INFO] Finished at: 2021-11-09T21:09:27Z
[INFO] ------------------------------------------------------------------------

Showing logs for build [32mentando-k8s-entando-de-app-pr-2-x7fdk-1[0m stage [32mfrom-build-pack[0m and container [32mstep-build-mvn-verify[0m
Picked up _JAVA_OPTIONS: -XX:+UnlockExperimentalVMOptions -Dsun.zip.disableMemoryMapping=**** -XX:+UseParallelGC -XX:MinHeapFreeRatio=5 -XX:MaxHeapFreeRatio=10 -XX:GCTimeRatio=4 -XX:AdaptiveSizePolicyWeight=90 -Xms1000m -Xmx12000m
[INFO] Scanning for projects...
[INFO] 
[INFO] -----------------< org.entando.entando:entando-de-app >-----------------
[INFO] Building entando-de-app 0.0.0-SNAPSHOT-PR-268-1
[INFO] --------------------------------[ war ]---------------------------------
[WARNING] The POM for org.entando.entando:entando-*****-console:jar:classes:v7.0.0-ENG-2704-PR-100 is missing, no dependency information available
[WARNING] The POM for org.entando.entando:entando-portal-ui:jar:classes:v7.0.0-ENG-2704-PR-31 is missing, no dependency information available
[WARNING] The POM for org.entando.entando.plugins:entando-plugin-jacms:jar:classes:v7.0.0-ENG-2704-PR-126 is missing, no dependency information available
[WARNING] The POM for org.entando.entando.plugins:entando-plugin-jpmail:jar:classes:v7.0.0-ENG-2704-PR-30 is missing, no dependency information available
[WARNING] The POM for org.entando.entando.plugins:entando-plugin-jpversioning:jar:classes:v7.0.0-ENG-2704-PR-30 is missing, no dependency information available
[WARNING] The POM for org.entando.entando.plugins:entando-plugin-jpseo:jar:classes:v7.0.0-ENG-2704-PR-51 is missing, no dependency information available
[WARNING] The POM for org.entando.entando.plugins:entando-plugin-jpredis:jar:classes:v7.0.0-ENG-2704-PR-15 is missing, no dependency information available
[WARNING] The POM for org.entando.entando:entando-*****-console:war:v7.0.0-ENG-2704-PR-100 is missing, no dependency information available
[WARNING] The POM for org.entando.entando:entando-portal-ui:war:v7.0.0-ENG-2704-PR-31 is missing, no dependency information available
[WARNING] The POM for org.entando.entando.plugins:entando-plugin-jacms:war:v7.0.0-ENG-2704-PR-126 is missing, no dependency information available
[WARNING] The POM for org.entando.entando.plugins:entando-plugin-jpmail:war:v7.0.0-ENG-2704-PR-30 is missing, no dependency information available
[WARNING] The POM for org.entando.entando.plugins:entando-plugin-jpseo:war:v7.0.0-ENG-2704-PR-51 is missing, no dependency information available
[WARNING] The POM for org.entando.entando.plugins:entando-plugin-jpredis:war:v7.0.0-ENG-2704-PR-15 is missing, no dependency information available
[WARNING] The POM for org.entando.entando.plugins:entando-plugin-jpversioning:war:v7.0.0-ENG-2704-PR-30 is missing, no dependency information available
[WARNING] The POM for org.entando.entando:entando-*****-console:jar:tests:v7.0.0-ENG-2704-PR-100 is missing, no dependency information available
[WARNING] The POM for org.entando.entando:entando-portal-ui:jar:tests:v7.0.0-ENG-2704-PR-31 is missing, no dependency information available
[INFO] ------------------------------------------------------------------------
[INFO] BUILD FAILURE
[INFO] ------------------------------------------------------------------------
[INFO] Total time:  35.877 s
[INFO] Finished at: 2021-11-09T21:10:05Z
[INFO] ------------------------------------------------------------------------
[ERROR] Failed to e**cute goal on project entando-de-app: Could not resolve dependencies for project org.entando.entando:entando-de-app:war:0.0.0-SNAPSHOT-PR-268-1: The following artifacts could not be resolved: org.entando.entando:entando-*****-console:jar:classes:v7.0.0-ENG-2704-PR-100, org.entando.entando:entando-portal-ui:jar:classes:v7.0.0-ENG-2704-PR-31, org.entando.entando.plugins:entando-plugin-jacms:jar:classes:v7.0.0-ENG-2704-PR-126, org.entando.entando.plugins:entando-plugin-jpmail:jar:classes:v7.0.0-ENG-2704-PR-30, org.entando.entando.plugins:entando-plugin-jpversioning:jar:classes:v7.0.0-ENG-2704-PR-30, org.entando.entando.plugins:entando-plugin-jpseo:jar:classes:v7.0.0-ENG-2704-PR-51, org.entando.entando.plugins:entando-plugin-jpredis:jar:classes:v7.0.0-ENG-2704-PR-15, org.entando.entando:entando-*****-console:war:v7.0.0-ENG-2704-PR-100, org.entando.entando:entando-portal-ui:war:v7.0.0-ENG-2704-PR-31, org.entando.entando.plugins:entando-plugin-jacms:war:v7.0.0-ENG-2704-PR-126, org.entando.entando.plugins:entando-plugin-jpmail:war:v7.0.0-ENG-2704-PR-30, org.entando.entando.plugins:entando-plugin-jpseo:war:v7.0.0-ENG-2704-PR-51, org.entando.entando.plugins:entando-plugin-jpredis:war:v7.0.0-ENG-2704-PR-15, org.entando.entando.plugins:entando-plugin-jpversioning:war:v7.0.0-ENG-2704-PR-30, org.entando.entando:entando-*****-console:jar:tests:v7.0.0-ENG-2704-PR-100, org.entando.entando:entando-portal-ui:jar:tests:v7.0.0-ENG-2704-PR-31: Could not find artifact org.entando.entando:entando-*****-console:jar:classes:v7.0.0-ENG-2704-PR-100 in nexus (http://nexus/repository/maven-group/) -> [Help 1]
[ERROR] 
[ERROR] To see the full stack trace of the errors, re-run Maven with the -e switch.
[ERROR] Re-run Maven using the -X switch to enable full debug logging.
[ERROR] 
[ERROR] For more information about the errors and possible solutions, please read the following articles:
[ERROR] [Help 1] http://cwiki.apache.org/confluence/display/MAVEN/DependencyResolutionException
[31m
Pipeline failed on stage 'from-build-pack' : container 'step-build-mvn-verify'. The execution of the pipeline has stopped.[0m
