GROUP,PACKAGE,CLASS,INSTRUCTION_MISSED,INSTRUCTION_COVERED,BRANCH_MISSED,BRANCH_COVERED,LINE_MISSED,LINE_COVERED,COMPLEXITY_MISSED,COMPLEXITY_COVERED,METHOD_MISSED,METHOD_COVERED
Entando K8S Controller for Entando Plugin Deployments,org.entando.kubernetes.controller.plugin,EntandoPluginDeploymentResult,0,6,0,0,0,2,0,1,0,1
Entando K8S Controller for Entando Plugin Deployments,org.entando.kubernetes.controller.plugin,EntandoPluginDeployableContainer,0,231,0,0,0,44,0,24,0,24
Entando K8S Controller for Entando Plugin Deployments,org.entando.kubernetes.controller.plugin,EntandoPluginServerDeployable,0,128,0,0,0,26,0,16,0,16
Entando K8S Controller for Entando Plugin Deployments,org.entando.kubernetes.controller.plugin,EntandoPluginController,2,386,1,7,1,64,1,17,0,14
