
Showing logs for build [32mentando-k8s-entando-k8s-service-r97j4-6[0m stage [32mfrom-build-pack[0m and container [32mcredential-initializer[0m
{"level":"info","ts":1628071431.661683,"caller":"creds-init/main.go:44","msg":"Credentials initialized."}

Showing logs for build [32mentando-k8s-entando-k8s-service-r97j4-6[0m stage [32mfrom-build-pack[0m and container [32mworking-dir-initializer[0m

Showing logs for build [32mentando-k8s-entando-k8s-service-r97j4-6[0m stage [32mfrom-build-pack[0m and container [32mplace-tools[0m

Showing logs for build [32mentando-k8s-entando-k8s-service-r97j4-6[0m stage [32mfrom-build-pack[0m and container [32mstep-git-source-entando-k8s-entando-k8s-service-r97j4-tm56f[0m
{"level":"info","ts":1628071451.4737353,"caller":"git/git.go:105","msg":"Successfully cloned https://github.com/entando-k8s/entando-k8s-service.git @ master in path /workspace/source"}
{"level":"warn","ts":1628071451.4739187,"caller":"git/git.go:152","msg":"Unexpected error: creating symlink: symlink /tekton/home/.ssh /****/.ssh: file exists"}
{"level":"info","ts":1628071451.5530894,"caller":"git/git.go:133","msg":"Successfully initialized and updated submodules in path /workspace/source"}

Showing logs for build [32mentando-k8s-entando-k8s-service-r97j4-6[0m stage [32mfrom-build-pack[0m and container [32mstep-setup-builder-home[0m

Showing logs for build [32mentando-k8s-entando-k8s-service-r97j4-6[0m stage [32mfrom-build-pack[0m and container [32mstep-git-merge[0m
Using SHAs from PULL_REFS=master:9503bf296bedaffadbdece79a3da88bd7c867419,26:11191c3740e4fd64b8840ba731b86729f4af69ba
DEBUG: LC_ALL=C JX_LOG_LEVEL=error git fetch origin --unshallow 11191c3740e4fd64b8840ba731b86729f4af69ba: 9503bf296bedaffadbdece79a3da88bd7c867419:
DEBUG: ran git fetch --unshallow origin 11191c3740e4fd64b8840ba731b86729f4af69ba: 9503bf296bedaffadbdece79a3da88bd7c867419: in 
DEBUG: LC_ALL=C JX_LOG_LEVEL=error git branch
DEBUG: JX_LOG_LEVEL=error LC_ALL=C git checkout master
DEBUG: ran git checkout master in 
DEBUG: LC_ALL=C JX_LOG_LEVEL=error git reset --hard 9503bf296bedaffadbdece79a3da88bd7c867419
DEBUG: ran git reset --hard 9503bf296bedaffadbdece79a3da88bd7c867419 in 
DEBUG: LC_ALL=C JX_LOG_LEVEL=error git clean -fd .
DEBUG: ran clean --force -d . in 
DEBUG: LC_ALL=C JX_LOG_LEVEL=error git merge 11191c3740e4fd64b8840ba731b86729f4af69ba
DEBUG: ran git merge 11191c3740e4fd64b8840ba731b86729f4af69ba in 
DEBUG: LC_ALL=C JX_LOG_LEVEL=error git log --format=%H%x1f%an%x1f%ae%x1f%cn%x1f%ce%x1f%s%n%b%x1e 9503bf296bedaffadbdece79a3da88bd7c867419..HEAD
Merged SHA 11191c3740e4fd64b8840ba731b86729f4af69ba with commit message 'ENG-2284 added namespace request parameter to Bundle.get contract' into base branch master
Merged SHA 24bede5774a1789020727f83424a8dc096dbab46 with commit message 'ENG-2284 dependency-check fi**s' into base branch master
Merged SHA 1360788e54b8c6f7e05d5d4c4782261449b068fa with commit message 'ENG-2284 removed obsolete test cases' into base branch master
Merged SHA b3988ef5a12fc832a491753ad4bc59d607fe8b18 with commit message 'ENG-2284 updated owners' into base branch master
Merged SHA ee6c5cd7c7badd86c30e7c619078dd01aebd71e8 with commit message 'ENG-2284 removed validations for observed namespaces' into base branch master
Merged SHA d92798e56657116e4fd19e4126bbfeee7ebdc5a5 with commit message 'asdf' into base branch master

Showing logs for build [32mentando-k8s-entando-k8s-service-r97j4-6[0m stage [32mfrom-build-pack[0m and container [32mstep-build-set-version[0m
Picked up _JAVA_OPTIONS: -XX:+UnlockExperimentalVMOptions -Dsun.zip.disableMemoryMapping=**** -XX:+UseParallelGC -XX:MinHeapFreeRatio=5 -XX:MaxHeapFreeRatio=10 -XX:GCTimeRatio=4 -XX:AdaptiveSizePolicyWeight=90 -Xms1000m -Xmx12000m
[INFO] Scanning for projects...
[INFO] 
[INFO] ------------------< org.entando:entando-k8s-service >-------------------
[INFO] Building Entando Kubernetes Service 6.3.0-SNAPSHOT
[INFO] --------------------------------[ jar ]---------------------------------
[INFO] 
[INFO] --- versions-maven-plugin:2.8.1:set (default-cli) @ entando-k8s-service ---
[INFO] Local aggregation ****: /workspace/source
[INFO] Processing change of org.entando:entando-k8s-service:6.3.0-SNAPSHOT -> 0.0.0-SNAPSHOT-PR-26-6
[INFO] Processing org.entando:entando-k8s-service
[INFO]     Updating project org.entando:entando-k8s-service
[INFO]         from version 6.3.0-SNAPSHOT to 0.0.0-SNAPSHOT-PR-26-6
[INFO] 
[INFO] ------------------------------------------------------------------------
[INFO] BUILD SUCCESS
[INFO] ------------------------------------------------------------------------
[INFO] Total time:  9.844 s
[INFO] Finished at: 2021-08-04T10:04:26Z
[INFO] ------------------------------------------------------------------------

Showing logs for build [32mentando-k8s-entando-k8s-service-r97j4-6[0m stage [32mfrom-build-pack[0m and container [32mstep-build-fix-git-for-sonar[0m
Switched to a new branch 'PR-26'
M	pom.xml
Deleted branch master (was 11191c3).
From https://github.com/entando-k8s/entando-k8s-service
 * [new branch]      master     -> master
 * [new tag]         v6.0.1     -> v6.0.1
 * [new tag]         v6.0.17    -> v6.0.17

Showing logs for build [32mentando-k8s-entando-k8s-service-r97j4-6[0m stage [32mfrom-build-pack[0m and container [32mstep-build-mvn-verify-pr[0m
Picked up _JAVA_OPTIONS: -XX:+UnlockExperimentalVMOptions -Dsun.zip.disableMemoryMapping=**** -XX:+UseParallelGC -XX:MinHeapFreeRatio=5 -XX:MaxHeapFreeRatio=10 -XX:GCTimeRatio=4 -XX:AdaptiveSizePolicyWeight=90 -Xms1000m -Xmx12000m
[INFO] Scanning for projects...
[INFO] 
[INFO] ------------------< org.entando:entando-k8s-service >-------------------
[INFO] Building Entando Kubernetes Service 0.0.0-SNAPSHOT-PR-26-6
[INFO] --------------------------------[ jar ]---------------------------------
[INFO] 
[INFO] --- maven-checkstyle-plugin:3.1.1:check (validate) @ entando-k8s-service ---
[INFO] Starting audit...
Audit done.
[INFO] You have 0 Checkstyle violations.
[INFO] 
[INFO] --- maven-checkstyle-plugin:3.1.1:checkstyle (validate) @ entando-k8s-service ---
[INFO] Starting audit...
Audit done.
[INFO] 
[INFO] --- jacoco-maven-plugin:0.8.6:prepare-agent (prepare-agent) @ entando-k8s-service ---
[INFO] argLine set to -javaagent:/home/jenkins/.mvnrepository/org/jacoco/org.jacoco.agent/0.8.6/org.jacoco.agent-0.8.6-runtime.jar=destfile=/workspace/source/target/jacoco.e**c
[INFO] 
[INFO] --- maven-resources-plugin:2.6:resources (default-resources) @ entando-k8s-service ---
[INFO] Using 'UTF-8' encoding to copy filtered resources.
[INFO] Copying 4 resources
[INFO] 
[INFO] --- maven-compiler-plugin:3.8.1:compile (default-compile) @ entando-k8s-service ---
[INFO] Changes detected - recompiling the module!
[INFO] Compiling 32 source files to /workspace/source/target/classes
[INFO] /workspace/source/src/main/java/org/entando/kubernetes/security/oauth2/JwtAuthorityExtractor.java: Some input files use or override a deprecated API.
[INFO] /workspace/source/src/main/java/org/entando/kubernetes/security/oauth2/JwtAuthorityExtractor.java: Recompile with -Xlint:deprecation for details.
[INFO] -------------------------------------------------------------
[ERROR] COMPILATION ERROR : 
[INFO] -------------------------------------------------------------
[ERROR] /workspace/source/src/main/java/org/entando/kubernetes/service/assembler/EntandoDeBundleResourceAssembler.java:[29,61] method get in class org.entando.kubernetes.controller.EntandoDeBundleController cannot be applied to given types;
  required: java.lang.String,java.lang.String
  found: java.lang.String
  reason: actual and formal argument lists differ in length
[INFO] 1 error
[INFO] -------------------------------------------------------------
[INFO] 
[INFO] ------------------------------------------------------------------------
[INFO] Skipping Entando Kubernetes Service
[INFO] This project has been banned from the build due to previous failures.
[INFO] ------------------------------------------------------------------------
[INFO] ------------------------------------------------------------------------
[INFO] BUILD FAILURE
[INFO] ------------------------------------------------------------------------
[INFO] Total time:  15.603 s
[INFO] Finished at: 2021-08-04T10:04:47Z
[INFO] ------------------------------------------------------------------------
[ERROR] Failed to e**cute goal org.apache.maven.plugins:maven-compiler-plugin:3.8.1:compile (default-compile) on project entando-k8s-service: Compilation failure
[ERROR] /workspace/source/src/main/java/org/entando/kubernetes/service/assembler/EntandoDeBundleResourceAssembler.java:[29,61] method get in class org.entando.kubernetes.controller.EntandoDeBundleController cannot be applied to given types;
[ERROR]   required: java.lang.String,java.lang.String
[ERROR]   found: java.lang.String
[ERROR]   reason: actual and formal argument lists differ in length
[ERROR] 
[ERROR] -> [Help 1]
[ERROR] 
[ERROR] To see the full stack trace of the errors, re-run Maven with the -e switch.
[ERROR] Re-run Maven using the -X switch to enable full debug logging.
[ERROR] 
[ERROR] For more information about the errors and possible solutions, please read the following articles:
[ERROR] [Help 1] http://cwiki.apache.org/confluence/display/MAVEN/MojoFailureException
Picked up _JAVA_OPTIONS: -XX:+UnlockExperimentalVMOptions -Dsun.zip.disableMemoryMapping=**** -XX:+UseParallelGC -XX:MinHeapFreeRatio=5 -XX:MaxHeapFreeRatio=10 -XX:GCTimeRatio=4 -XX:AdaptiveSizePolicyWeight=90 -Xms1000m -Xmx12000m
[INFO] Scanning for projects...
[INFO] 
[INFO] ------------------< org.entando:entando-k8s-service >-------------------
[INFO] Building Entando Kubernetes Service 0.0.0-SNAPSHOT-PR-26-6
[INFO] --------------------------------[ jar ]---------------------------------
[INFO] 
[INFO] --- maven-site-plugin:3.9.0:site (default-site) @ entando-k8s-service ---
[INFO] configuring report plugin org.apache.maven.plugins:maven-project-info-reports-plugin:3.0.0
[INFO] 9 reports configured for maven-project-info-reports-plugin:3.0.0: dependency-info, distribution-management, index, ci-management, issue-management, licenses, plugins, scm, summary
[INFO] Rendering site with default locale English (en)
[WARNING] Unable to find a URL to the parent project. The parent menu will NOT be added.
[INFO] Relativizing decoration links with respect to localized project URL: http://www.entando.com/
[INFO] Rendering content with org.apache.maven.skins:maven-default-skin:jar:1.3 skin.
[INFO] Generating "Dependency Information" report --- maven-project-info-reports-plugin:3.0.0:dependency-info
[INFO] Generating "About" report         --- maven-project-info-reports-plugin:3.0.0:index
[INFO] Generating "Issue Management" report --- maven-project-info-reports-plugin:3.0.0:issue-management
[INFO] Generating "Licenses" report      --- maven-project-info-reports-plugin:3.0.0:licenses
[INFO] Generating "Plugins" report       --- maven-project-info-reports-plugin:3.0.0:plugins
[INFO] Generating "Source Code Management" report --- maven-project-info-reports-plugin:3.0.0:scm
[INFO] Generating "Summary" report       --- maven-project-info-reports-plugin:3.0.0:summary
[INFO] ------------------------------------------------------------------------
[INFO] BUILD SUCCESS
[INFO] ------------------------------------------------------------------------
[INFO] Total time:  10.208 s
[INFO] Finished at: 2021-08-04T10:04:59Z
[INFO] ------------------------------------------------------------------------
No pre-deployment test results found for entando-k8s-service-PR-26.
No OWASP dependency check found for entando-k8s-service-PR-26.
The following checks failed for entando-k8s-service-PR-26:
No pre-deployment test results produced by build
No OWASP dependency check results produced by build
[31m
Pipeline failed on stage 'from-build-pack' : container 'step-build-mvn-verify-pr'. The execution of the pipeline has stopped.[0m
