
Showing logs for build [32mentando-k8s-entando-k8s-control-xx87n-42[0m stage [32mfrom-build-pack[0m and container [32mcredential-initializer[0m
{"level":"info","ts":1626262922.32059,"caller":"creds-init/main.go:44","msg":"Credentials initialized."}

Showing logs for build [32mentando-k8s-entando-k8s-control-xx87n-42[0m stage [32mfrom-build-pack[0m and container [32mworking-dir-initializer[0m

Showing logs for build [32mentando-k8s-entando-k8s-control-xx87n-42[0m stage [32mfrom-build-pack[0m and container [32mplace-tools[0m

Showing logs for build [32mentando-k8s-entando-k8s-control-xx87n-42[0m stage [32mfrom-build-pack[0m and container [32mstep-git-source-entando-k8s-entando-k8s-control-xx87n-5h5gs[0m
{"level":"info","ts":1626262944.1904445,"caller":"git/git.go:105","msg":"Successfully cloned https://github.com/entando-k8s/entando-k8s-controller-coordinator.git @ master in path /workspace/source"}
{"level":"warn","ts":1626262944.190727,"caller":"git/git.go:152","msg":"Unexpected error: creating symlink: symlink /tekton/home/.ssh /****/.ssh: file exists"}
{"level":"info","ts":1626262944.2651293,"caller":"git/git.go:133","msg":"Successfully initialized and updated submodules in path /workspace/source"}

Showing logs for build [32mentando-k8s-entando-k8s-control-xx87n-42[0m stage [32mfrom-build-pack[0m and container [32mstep-setup-builder-home[0m

Showing logs for build [32mentando-k8s-entando-k8s-control-xx87n-42[0m stage [32mfrom-build-pack[0m and container [32mstep-git-merge[0m
Using SHAs from PULL_REFS=master:f7a594ed87c434f968d2769a9e47184bdd717980,75:8e92d25043669de3527952240b4c535ebd916ffe
DEBUG: LC_ALL=C JX_LOG_LEVEL=error git fetch origin --unshallow 8e92d25043669de3527952240b4c535ebd916ffe: f7a594ed87c434f968d2769a9e47184bdd717980:
DEBUG: ran git fetch --unshallow origin 8e92d25043669de3527952240b4c535ebd916ffe: f7a594ed87c434f968d2769a9e47184bdd717980: in 
DEBUG: LC_ALL=C JX_LOG_LEVEL=error git branch
DEBUG: LC_ALL=C JX_LOG_LEVEL=error git checkout master
DEBUG: ran git checkout master in 
DEBUG: LC_ALL=C JX_LOG_LEVEL=error git reset --hard f7a594ed87c434f968d2769a9e47184bdd717980
DEBUG: ran git reset --hard f7a594ed87c434f968d2769a9e47184bdd717980 in 
DEBUG: JX_LOG_LEVEL=error LC_ALL=C git clean -fd .
DEBUG: ran clean --force -d . in 
DEBUG: LC_ALL=C JX_LOG_LEVEL=error git merge 8e92d25043669de3527952240b4c535ebd916ffe
DEBUG: ran git merge 8e92d25043669de3527952240b4c535ebd916ffe in 
DEBUG: LC_ALL=C JX_LOG_LEVEL=error git log --format=%H%x1f%an%x1f%ae%x1f%cn%x1f%ce%x1f%s%n%b%x1e f7a594ed87c434f968d2769a9e47184bdd717980..HEAD
Merged SHA 8e92d25043669de3527952240b4c535ebd916ffe with commit message 'ENG-2284 some tweaks to the resource watchers' into base branch master
Merged SHA aa6f664b5250490bdc5695fb8797042067e1f913 with commit message 'ENG-2284 bumped to latest operator-common' into base branch master
Merged SHA 9f3521d0c4604e3206e1792a37c672626d7351b5 with commit message 'ENG-2284 fi**d helm tempalte' into base branch master
Merged SHA a1faf1aae7410847cccb960dec6fbd8628f59447 with commit message 'ENG-2284 removed event logging from RestartingWatcher' into base branch master
Merged SHA 456f30c91538736a69b6168ab9d9ebccc4cc36a4 with commit message 'ENG-2284 bumped all latest images' into base branch master
Merged SHA 274fdbc7a0beca537065953b169e62be3f13f612 with commit message 'ENG-2284 fi**d ingress-viewer clusterrole' into base branch master
Merged SHA 43c3f70cf58323c14b7f43dd3d07e045e642eb0d with commit message 'ENG-2284 remove accidental override of onClose method' into base branch master
Merged SHA 54eeca0fcc98fadccbeed74ccaca43a0389370e4 with commit message 'ENG-2284 bumped parent' into base branch master
Merged SHA 51036ecf12d778df238c2dd29c6e07b6462be80c with commit message 'ENG-2284 using cleartext redhat registry credentials' into base branch master
Merged SHA 76c204d9ac608a00a0b4b47f0861ae7ea9b68d23 with commit message 'ENG-2284' into base branch master
Merged SHA d2c2e2780a0facd4212fa92bc789e8de92b82577 with commit message 'ENG-2284 fi**d some integration tests' into base branch master
Merged SHA 8ba05bb227ab0f060e506ea228f8337970896329 with commit message 'ENG-2284 rela**d timeouts' into base branch master
Merged SHA a682e7cdeef908f4a55906ed5b8feb8af316cded with commit message 'ENG-2284 fi**d compilation errors' into base branch master
Merged SHA 6395f1f769fa248550ce3639cc53280080bfd297 with commit message 'ENG-2284 latest images' into base branch master
Merged SHA 10efa002ab03a3de135b60d89223f6af1f235b4e with commit message 'ENG-2284 changed ingressHostname to compliant name for *.*************' into base branch master
Merged SHA b2035532bb1c1b5d9c1971cf2f463289773ebf4f with commit message 'ENG-2284 bumped to latest app-controller' into base branch master
Merged SHA 1b79660d49c8e2c5408e1dba626f42b41649fda6 with commit message 'ENG-2284 removed superfluous deletion of TestResources' into base branch master
Merged SHA fd7c7faf510a36f8403724da82c91f9e9de8c74b with commit message 'ENG-2284 addressed some waiting require for CRD APIs to become available' into base branch master
Merged SHA 80bd21bee38e06cae90c518e17c40cc65fd298cc with commit message 'ENF-2284 now deleting test crds' into base branch master
Merged SHA 9c394e24803b092cb907ad20a174d8e5d4cfa39d with commit message 'ENG-2284 using latest app-controller and keycloak-controller to verify that the inter-namespace issue has been addressed' into base branch master
Merged SHA d46ad0e6cd6353ae6db9c06495d42f94d33953dd with commit message 'ENG-2284 checkstyle' into base branch master
Merged SHA 28d61ad1507fb95f24b6b98b8d865f909f6c3d50 with commit message 'ENG-2284 using latest keycloak-controller' into base branch master
Merged SHA 4d9c875d67961cdbb43b72153a8f6804d3223d28 with commit message 'ENG-2284 deleting existing ProvidedCapabilities from the Adapater tests' into base branch master
Merged SHA bc692e4022c797***be9cd80d2b88a10c95167e5 with commit message 'ENG-2284 fi**d interference between adapter tests and smoketest' into base branch master
Merged SHA 7ef5de2c29248c9e475dc505ffa1c091f0f536b9 with commit message 'ENG-2284 trying to sort out HTTPS' into base branch master
Merged SHA f4c8fd089eac387893dc96eeabdf346d9f1cbee2 with commit message 'ENG-2284 using latest Keycloak controller' into base branch master
Merged SHA 3d78c3a303ad6a43dd067773dd23248994a46db3 with commit message 'ENG-2284 trying to make the smoketest more robust' into base branch master
Merged SHA 07939e26e4e8281f122489916a704e92ad0a2e80 with commit message 'ENG-2284 bumped to latest parent' into base branch master
Merged SHA 6bee31df9a013dacf81972cc1d3c8c3c86777920 with commit message 'ENG-2284 toned down deletion of resources in adapter tests' into base branch master
Merged SHA 1d51e880566a6ef07902f677350f1dc73d6b9803 with commit message 'ENG-2284 activated post-deployment tests' into base branch master
Merged SHA 928951356f3e9870af724ef3ac14b0c39bcb9341 with commit message 'ENG-2284 bumped operator-common' into base branch master
Merged SHA 019c4be77f546e1df63541af46f887279bae3618 with commit message 'ENG-2284 improved coverage a bit' into base branch master
Merged SHA 86a3253e41c8d3dfce18ae6c910f79a24461ba79 with commit message '#ENG-2284 first smoketest' into base branch master
Merged SHA a38f102b8965c10022c0373178becab7f6d85d92 with commit message '#ENG-2284 first smoketest' into base branch master
Merged SHA 5fe9483522bb4315b0e059af2cb269f6cec0d99f with commit message '#ENG02284 bumped to latest operator-common' into base branch master
Merged SHA c6302a4724fdcf7ef93b70bd45bbba23add8f948 with commit message '#ENG-2284 disabled end to end tests' into base branch master
Merged SHA fe2c6ef1eb7b47af4f8fffc9b65167e64958c24b with commit message '#ENG-2284 refined adapter tests for robustness' into base branch master
Merged SHA 7799c4d2a74dce233573eb43b40705b238179da0 with commit message '#ENG-2284 93% test coverage' into base branch master
Merged SHA 2f94a83a890794df03d59b94cddd2748d149a969 with commit message '#ENG-2284 removed chown directive from Dockerfile.***' into base branch master
Merged SHA 5c3ea618350bc49d1ca033cf326a5aeffba344f0 with commit message '#ENG-2284 tried different checks in pods' into base branch master
Merged SHA db364d5ed1f8f5d99bee146900d3b26e2a577b6d with commit message '#2284 new EntandoCustomResource agnostic implementation' into base branch master
Merged SHA 85f83b98385280542be6f6a0dbb8ea60eada2633 with commit message '#ENG-2284 increased in-process test coverage' into base branch master
Merged SHA cdf72e9497c15293ee9aa10f1948c430eade3dc7 with commit message '#ENG-2284 first commit after redesign' into base branch master
Merged SHA d45270d94a020fd40e9a177374f4c900f4664160 with commit message '#ENG-2284 decoupled from operator-common' into base branch master
Merged SHA 5f5eebecbf232dbd759ffabbd8c8bbbfa3a98052 with commit message '#ENG-2284 some comments' into base branch master
Merged SHA 24f34511c73d8861264755f4d2258dbaa58c7403 with commit message '#ENG-2284 some initial experimental refactorings' into base branch master
Merged SHA a29a89987fe411a412ac75d694552f0ec9bbeaad with commit message '#ENG-2884 removed EntandoClusterInfrastructure' into base branch master

Showing logs for build [32mentando-k8s-entando-k8s-control-xx87n-42[0m stage [32mfrom-build-pack[0m and container [32mstep-build-set-version[0m
Picked up _JAVA_OPTIONS: -XX:+UnlockExperimentalVMOptions -Dsun.zip.disableMemoryMapping=**** -XX:+UseParallelGC -XX:MinHeapFreeRatio=5 -XX:MaxHeapFreeRatio=10 -XX:GCTimeRatio=4 -XX:AdaptiveSizePolicyWeight=90 -Xms1000m -Xmx12000m
[INFO] Scanning for projects...
[INFO] 
[INFO] -----------< org.entando:entando-k8s-controller-coordinator >-----------
[INFO] Building Entando K8S Controller Coordinator 6.3.0-SNAPSHOT
[INFO] --------------------------------[ jar ]---------------------------------
[INFO] 
[INFO] --- versions-maven-plugin:2.8.1:set (default-cli) @ entando-k8s-controller-coordinator ---
[INFO] Local aggregation ****: /workspace/source
[INFO] Processing change of org.entando:entando-k8s-controller-coordinator:6.3.0-SNAPSHOT -> 0.0.0-SNAPSHOT-PR-75-42
[INFO] Processing org.entando:entando-k8s-controller-coordinator
[INFO]     Updating project org.entando:entando-k8s-controller-coordinator
[INFO]         from version 6.3.0-SNAPSHOT to 0.0.0-SNAPSHOT-PR-75-42
[INFO] 
[INFO] ------------------------------------------------------------------------
[INFO] BUILD SUCCESS
[INFO] ------------------------------------------------------------------------
[INFO] Total time:  13.949 s
[INFO] Finished at: 2021-07-14T11:42:42Z
[INFO] ------------------------------------------------------------------------

Showing logs for build [32mentando-k8s-entando-k8s-control-xx87n-42[0m stage [32mfrom-build-pack[0m and container [32mstep-build-fix-git-for-sonar[0m
M	pom.xml
Switched to a new branch 'PR-75'
Deleted branch master (was 8e92d25).
From https://github.com/entando-k8s/entando-k8s-controller-coordinator
 * [new branch]      master                  -> master
 * [new tag]         Entando6.2.1-pre-test01 -> Entando6.2.1-pre-test01

Showing logs for build [32mentando-k8s-entando-k8s-control-xx87n-42[0m stage [32mfrom-build-pack[0m and container [32mstep-build-mvn-verify-pr[0m
Picked up _JAVA_OPTIONS: -XX:+UnlockExperimentalVMOptions -Dsun.zip.disableMemoryMapping=**** -XX:+UseParallelGC -XX:MinHeapFreeRatio=5 -XX:MaxHeapFreeRatio=10 -XX:GCTimeRatio=4 -XX:AdaptiveSizePolicyWeight=90 -Xms1000m -Xmx12000m
[INFO] Scanning for projects...
[INFO] 
[INFO] -----------< org.entando:entando-k8s-controller-coordinator >-----------
[INFO] Building Entando K8S Controller Coordinator 0.0.0-SNAPSHOT-PR-75-42
[INFO] --------------------------------[ jar ]---------------------------------
[WARNING] The POM for org.entando:entando-k8s-operator-common:jar:6.3.0-SNAPSHOT is missing, no dependency information available
[WARNING] The POM for org.entando:entando-k8s-operator-common:jar:tests:6.3.0-SNAPSHOT is missing, no dependency information available
[INFO] 
[INFO] ------------------------------------------------------------------------
[INFO] Skipping Entando K8S Controller Coordinator
[INFO] This project has been banned from the build due to previous failures.
[INFO] ------------------------------------------------------------------------
[INFO] ------------------------------------------------------------------------
[INFO] BUILD FAILURE
[INFO] ------------------------------------------------------------------------
[INFO] Total time:  12.886 s
[INFO] Finished at: 2021-07-14T11:43:01Z
[INFO] ------------------------------------------------------------------------
[ERROR] Failed to e**cute goal on project entando-k8s-controller-coordinator: Could not resolve dependencies for project org.entando:entando-k8s-controller-coordinator:jar:0.0.0-SNAPSHOT-PR-75-42: The following artifacts could not be resolved: org.entando:entando-k8s-operator-common:jar:6.3.0-SNAPSHOT, org.entando:entando-k8s-operator-common:jar:tests:6.3.0-SNAPSHOT: Could not find artifact org.entando:entando-k8s-operator-common:jar:6.3.0-SNAPSHOT in nexus (http://nexus/repository/maven-group/) -> [Help 1]
[ERROR] 
[ERROR] To see the full stack trace of the errors, re-run Maven with the -e switch.
[ERROR] Re-run Maven using the -X switch to enable full debug logging.
[ERROR] 
[ERROR] For more information about the errors and possible solutions, please read the following articles:
[ERROR] [Help 1] http://cwiki.apache.org/confluence/display/MAVEN/DependencyResolutionException
Picked up _JAVA_OPTIONS: -XX:+UnlockExperimentalVMOptions -Dsun.zip.disableMemoryMapping=**** -XX:+UseParallelGC -XX:MinHeapFreeRatio=5 -XX:MaxHeapFreeRatio=10 -XX:GCTimeRatio=4 -XX:AdaptiveSizePolicyWeight=90 -Xms1000m -Xmx12000m
[INFO] Scanning for projects...
[INFO] 
[INFO] -----------< org.entando:entando-k8s-controller-coordinator >-----------
[INFO] Building Entando K8S Controller Coordinator 0.0.0-SNAPSHOT-PR-75-42
[INFO] --------------------------------[ jar ]---------------------------------
[WARNING] The POM for org.entando:entando-k8s-operator-common:jar:6.3.0-SNAPSHOT is missing, no dependency information available
[WARNING] The POM for org.entando:entando-k8s-operator-common:jar:tests:6.3.0-SNAPSHOT is missing, no dependency information available
[INFO] ------------------------------------------------------------------------
[INFO] BUILD FAILURE
[INFO] ------------------------------------------------------------------------
[INFO] Total time:  1.863 s
[INFO] Finished at: 2021-07-14T11:43:05Z
[INFO] ------------------------------------------------------------------------
[ERROR] Failed to e**cute goal on project entando-k8s-controller-coordinator: Could not resolve dependencies for project org.entando:entando-k8s-controller-coordinator:jar:0.0.0-SNAPSHOT-PR-75-42: The following artifacts could not be resolved: org.entando:entando-k8s-operator-common:jar:6.3.0-SNAPSHOT, org.entando:entando-k8s-operator-common:jar:tests:6.3.0-SNAPSHOT: Failure to find org.entando:entando-k8s-operator-common:jar:6.3.0-SNAPSHOT in http://nexus/repository/maven-group/ was cached in the local repository, resolution will not be reattempted until the update interval of nexus has elapsed or updates are forced -> [Help 1]
[ERROR] 
[ERROR] To see the full stack trace of the errors, re-run Maven with the -e switch.
[ERROR] Re-run Maven using the -X switch to enable full debug logging.
[ERROR] 
[ERROR] For more information about the errors and possible solutions, please read the following articles:
[ERROR] [Help 1] http://cwiki.apache.org/confluence/display/MAVEN/DependencyResolutionException
No pre-deployment test results found for entando-k8s-controller-coordinator-PR-75.
No checkstyle results found for entando-k8s-controller-coordinator-PR-75.
The following checks failed for entando-k8s-controller-coordinator-PR-75:
No pre-deployment test results produced by build
No checkstyle results produced by build
[31m
Pipeline failed on stage 'from-build-pack' : container 'step-build-mvn-verify-pr'. The execution of the pipeline has stopped.[0m
