
Showing logs for build [32mentando-k8s-entando-k8s-control-ftnn9-44[0m stage [32mfrom-build-pack[0m and container [32mcredential-initializer[0m
{"level":"info","ts":1626425996.9417336,"caller":"creds-init/main.go:44","msg":"Credentials initialized."}

Showing logs for build [32mentando-k8s-entando-k8s-control-ftnn9-44[0m stage [32mfrom-build-pack[0m and container [32mworking-dir-initializer[0m

Showing logs for build [32mentando-k8s-entando-k8s-control-ftnn9-44[0m stage [32mfrom-build-pack[0m and container [32mplace-tools[0m

Showing logs for build [32mentando-k8s-entando-k8s-control-ftnn9-44[0m stage [32mfrom-build-pack[0m and container [32mstep-git-source-entando-k8s-entando-k8s-control-ftnn9-n5754[0m
{"level":"info","ts":1626426022.611207,"caller":"git/git.go:105","msg":"Successfully cloned https://github.com/entando-k8s/entando-k8s-controller-coordinator.git @ master in path /workspace/source"}
{"level":"warn","ts":1626426022.611507,"caller":"git/git.go:152","msg":"Unexpected error: creating symlink: symlink /tekton/home/.ssh /****/.ssh: file exists"}
{"level":"info","ts":1626426022.692714,"caller":"git/git.go:133","msg":"Successfully initialized and updated submodules in path /workspace/source"}

Showing logs for build [32mentando-k8s-entando-k8s-control-ftnn9-44[0m stage [32mfrom-build-pack[0m and container [32mstep-setup-builder-home[0m

Showing logs for build [32mentando-k8s-entando-k8s-control-ftnn9-44[0m stage [32mfrom-build-pack[0m and container [32mstep-git-merge[0m
Using SHAs from PULL_REFS=master:f7a594ed87c434f968d2769a9e47184bdd717980,75:585decd358c9dc5848ac18481bb87769e9e7b082
DEBUG: LC_ALL=C JX_LOG_LEVEL=error git fetch origin --unshallow 585decd358c9dc5848ac18481bb87769e9e7b082: f7a594ed87c434f968d2769a9e47184bdd717980:
DEBUG: ran git fetch --unshallow origin 585decd358c9dc5848ac18481bb87769e9e7b082: f7a594ed87c434f968d2769a9e47184bdd717980: in 
DEBUG: LC_ALL=C JX_LOG_LEVEL=error git branch
DEBUG: JX_LOG_LEVEL=error LC_ALL=C git checkout master
DEBUG: ran git checkout master in 
DEBUG: LC_ALL=C JX_LOG_LEVEL=error git reset --hard f7a594ed87c434f968d2769a9e47184bdd717980
DEBUG: ran git reset --hard f7a594ed87c434f968d2769a9e47184bdd717980 in 
DEBUG: LC_ALL=C JX_LOG_LEVEL=error git clean -fd .
DEBUG: ran clean --force -d . in 
DEBUG: JX_LOG_LEVEL=error LC_ALL=C git merge 585decd358c9dc5848ac18481bb87769e9e7b082
DEBUG: ran git merge 585decd358c9dc5848ac18481bb87769e9e7b082 in 
DEBUG: LC_ALL=C JX_LOG_LEVEL=error git log --format=%H%x1f%an%x1f%ae%x1f%cn%x1f%ce%x1f%s%n%b%x1e f7a594ed87c434f968d2769a9e47184bdd717980..HEAD
Merged SHA 585decd358c9dc5848ac18481bb87769e9e7b082 with commit message 'ENG-2284 using latest controller images' into base branch master
Merged SHA b2ea36045a6ebf6844a7057f9f020749f36e3cdc with commit message 'ENG-2284 bumped to latest operator-common' into base branch master
Merged SHA 8e92d25043669de3527952240b4c535ebd916ffe with commit message 'ENG-2284 some tweaks to the resource watchers' into base branch master
Merged SHA aa6f664b5250490bdc5695fb8797042067e1f913 with commit message 'ENG-2284 bumped to latest operator-common' into base branch master
Merged SHA 9f3521d0c4604e3206e1792a37c672626d7351b5 with commit message 'ENG-2284 fi**d helm tempalte' into base branch master
Merged SHA a1faf1aae7410847cccb960dec6fbd8628f59447 with commit message 'ENG-2284 removed event logging from RestartingWatcher' into base branch master
Merged SHA 456f30c91538736a69b6168ab9d9ebccc4cc36a4 with commit message 'ENG-2284 bumped all latest images' into base branch master
Merged SHA 274fdbc7a0beca537065953b169e62be3f13f612 with commit message 'ENG-2284 fi**d ingress-viewer clusterrole' into base branch master
Merged SHA 43c3f70cf58323c14b7f43dd3d07e045e642eb0d with commit message 'ENG-2284 remove accidental override of onClose method' into base branch master
Merged SHA 54eeca0fcc98fadccbeed74ccaca43a0389370e4 with commit message 'ENG-2284 bumped parent' into base branch master
Merged SHA 51036ecf12d778df238c2dd29c6e07b6462be80c with commit message 'ENG-2284 using cleartext redhat registry credentials' into base branch master
Merged SHA 76c204d9ac608a00a0b4b47f0861ae7ea9b68d23 with commit message 'ENG-2284' into base branch master
Merged SHA d2c2e2780a0facd4212fa92bc789e8de92b82577 with commit message 'ENG-2284 fi**d some integration tests' into base branch master
Merged SHA 8ba05bb227ab0f060e506ea228f8337970896329 with commit message 'ENG-2284 rela**d timeouts' into base branch master
Merged SHA a682e7cdeef908f4a55906ed5b8feb8af316cded with commit message 'ENG-2284 fi**d compilation errors' into base branch master
Merged SHA 6395f1f769fa248550ce3639cc53280080bfd297 with commit message 'ENG-2284 latest images' into base branch master
Merged SHA 10efa002ab03a3de135b60d89223f6af1f235b4e with commit message 'ENG-2284 changed ingressHostname to compliant name for *.*************' into base branch master
Merged SHA b2035532bb1c1b5d9c1971cf2f463289773ebf4f with commit message 'ENG-2284 bumped to latest app-controller' into base branch master
Merged SHA 1b79660d49c8e2c5408e1dba626f42b41649fda6 with commit message 'ENG-2284 removed superfluous deletion of TestResources' into base branch master
Merged SHA fd7c7faf510a36f8403724da82c91f9e9de8c74b with commit message 'ENG-2284 addressed some waiting require for CRD APIs to become available' into base branch master
Merged SHA 80bd21bee38e06cae90c518e17c40cc65fd298cc with commit message 'ENF-2284 now deleting test crds' into base branch master
Merged SHA 9c394e24803b092cb907ad20a174d8e5d4cfa39d with commit message 'ENG-2284 using latest app-controller and keycloak-controller to verify that the inter-namespace issue has been addressed' into base branch master
Merged SHA d46ad0e6cd6353ae6db9c06495d42f94d33953dd with commit message 'ENG-2284 checkstyle' into base branch master
Merged SHA 28d61ad1507fb95f24b6b98b8d865f909f6c3d50 with commit message 'ENG-2284 using latest keycloak-controller' into base branch master
Merged SHA 4d9c875d67961cdbb43b72153a8f6804d3223d28 with commit message 'ENG-2284 deleting existing ProvidedCapabilities from the Adapater tests' into base branch master
Merged SHA bc692e4022c797***be9cd80d2b88a10c95167e5 with commit message 'ENG-2284 fi**d interference between adapter tests and smoketest' into base branch master
Merged SHA 7ef5de2c29248c9e475dc505ffa1c091f0f536b9 with commit message 'ENG-2284 trying to sort out HTTPS' into base branch master
Merged SHA f4c8fd089eac387893dc96eeabdf346d9f1cbee2 with commit message 'ENG-2284 using latest Keycloak controller' into base branch master
Merged SHA 3d78c3a303ad6a43dd067773dd23248994a46db3 with commit message 'ENG-2284 trying to make the smoketest more robust' into base branch master
Merged SHA 07939e26e4e8281f122489916a704e92ad0a2e80 with commit message 'ENG-2284 bumped to latest parent' into base branch master
Merged SHA 6bee31df9a013dacf81972cc1d3c8c3c86777920 with commit message 'ENG-2284 toned down deletion of resources in adapter tests' into base branch master
Merged SHA 1d51e880566a6ef07902f677350f1dc73d6b9803 with commit message 'ENG-2284 activated post-deployment tests' into base branch master
Merged SHA 928951356f3e9870af724ef3ac14b0c39bcb9341 with commit message 'ENG-2284 bumped operator-common' into base branch master
Merged SHA 019c4be77f546e1df63541af46f887279bae3618 with commit message 'ENG-2284 improved coverage a bit' into base branch master
Merged SHA 86a3253e41c8d3dfce18ae6c910f79a24461ba79 with commit message '#ENG-2284 first smoketest' into base branch master
Merged SHA a38f102b8965c10022c0373178becab7f6d85d92 with commit message '#ENG-2284 first smoketest' into base branch master
Merged SHA 5fe9483522bb4315b0e059af2cb269f6cec0d99f with commit message '#ENG02284 bumped to latest operator-common' into base branch master
Merged SHA c6302a4724fdcf7ef93b70bd45bbba23add8f948 with commit message '#ENG-2284 disabled end to end tests' into base branch master
Merged SHA fe2c6ef1eb7b47af4f8fffc9b65167e64958c24b with commit message '#ENG-2284 refined adapter tests for robustness' into base branch master
Merged SHA 7799c4d2a74dce233573eb43b40705b238179da0 with commit message '#ENG-2284 93% test coverage' into base branch master
Merged SHA 2f94a83a890794df03d59b94cddd2748d149a969 with commit message '#ENG-2284 removed chown directive from Dockerfile.***' into base branch master
Merged SHA 5c3ea618350bc49d1ca033cf326a5aeffba344f0 with commit message '#ENG-2284 tried different checks in pods' into base branch master
Merged SHA db364d5ed1f8f5d99bee146900d3b26e2a577b6d with commit message '#2284 new EntandoCustomResource agnostic implementation' into base branch master
Merged SHA 85f83b98385280542be6f6a0dbb8ea60eada2633 with commit message '#ENG-2284 increased in-process test coverage' into base branch master
Merged SHA cdf72e9497c15293ee9aa10f1948c430eade3dc7 with commit message '#ENG-2284 first commit after redesign' into base branch master
Merged SHA d45270d94a020fd40e9a177374f4c900f4664160 with commit message '#ENG-2284 decoupled from operator-common' into base branch master
Merged SHA 5f5eebecbf232dbd759ffabbd8c8bbbfa3a98052 with commit message '#ENG-2284 some comments' into base branch master
Merged SHA 24f34511c73d8861264755f4d2258dbaa58c7403 with commit message '#ENG-2284 some initial experimental refactorings' into base branch master
Merged SHA a29a89987fe411a412ac75d694552f0ec9bbeaad with commit message '#ENG-2884 removed EntandoClusterInfrastructure' into base branch master

Showing logs for build [32mentando-k8s-entando-k8s-control-ftnn9-44[0m stage [32mfrom-build-pack[0m and container [32mstep-build-set-version[0m
Picked up _JAVA_OPTIONS: -XX:+UnlockExperimentalVMOptions -Dsun.zip.disableMemoryMapping=**** -XX:+UseParallelGC -XX:MinHeapFreeRatio=5 -XX:MaxHeapFreeRatio=10 -XX:GCTimeRatio=4 -XX:AdaptiveSizePolicyWeight=90 -Xms1000m -Xmx12000m
[INFO] Scanning for projects...
[INFO] 
[INFO] -----------< org.entando:entando-k8s-controller-coordinator >-----------
[INFO] Building Entando K8S Controller Coordinator 6.3.0-SNAPSHOT
[INFO] --------------------------------[ jar ]---------------------------------
[INFO] 
[INFO] --- versions-maven-plugin:2.8.1:set (default-cli) @ entando-k8s-controller-coordinator ---
[INFO] Local aggregation ****: /workspace/source
[INFO] Processing change of org.entando:entando-k8s-controller-coordinator:6.3.0-SNAPSHOT -> 0.0.0-SNAPSHOT-PR-75-44
[INFO] Processing org.entando:entando-k8s-controller-coordinator
[INFO]     Updating project org.entando:entando-k8s-controller-coordinator
[INFO]         from version 6.3.0-SNAPSHOT to 0.0.0-SNAPSHOT-PR-75-44
[INFO] 
[INFO] ------------------------------------------------------------------------
[INFO] BUILD SUCCESS
[INFO] ------------------------------------------------------------------------
[INFO] Total time:  9.016 s
[INFO] Finished at: 2021-07-16T09:00:35Z
[INFO] ------------------------------------------------------------------------

Showing logs for build [32mentando-k8s-entando-k8s-control-ftnn9-44[0m stage [32mfrom-build-pack[0m and container [32mstep-build-fix-git-for-sonar[0m
Switched to a new branch 'PR-75'
M	pom.xml
Deleted branch master (was 585decd).
From https://github.com/entando-k8s/entando-k8s-controller-coordinator
 * [new branch]      master                  -> master
 * [new tag]         Entando6.2.1-pre-test01 -> Entando6.2.1-pre-test01

Showing logs for build [32mentando-k8s-entando-k8s-control-ftnn9-44[0m stage [32mfrom-build-pack[0m and container [32mstep-build-mvn-verify-pr[0m
Picked up _JAVA_OPTIONS: -XX:+UnlockExperimentalVMOptions -Dsun.zip.disableMemoryMapping=**** -XX:+UseParallelGC -XX:MinHeapFreeRatio=5 -XX:MaxHeapFreeRatio=10 -XX:GCTimeRatio=4 -XX:AdaptiveSizePolicyWeight=90 -Xms1000m -Xmx12000m
[INFO] Scanning for projects...
[INFO] 
[INFO] -----------< org.entando:entando-k8s-controller-coordinator >-----------
[INFO] Building Entando K8S Controller Coordinator 0.0.0-SNAPSHOT-PR-75-44
[INFO] --------------------------------[ jar ]---------------------------------
[INFO] 
[INFO] --- maven-checkstyle-plugin:3.1.1:check (validate) @ entando-k8s-controller-coordinator ---
[INFO] Starting audit...
Audit done.
[INFO] You have 0 Checkstyle violations.
[INFO] 
[INFO] --- maven-checkstyle-plugin:3.1.1:checkstyle (validate) @ entando-k8s-controller-coordinator ---
[INFO] Starting audit...
Audit done.
[INFO] 
[INFO] --- jacoco-maven-plugin:0.8.7:prepare-agent (prepare-agent) @ entando-k8s-controller-coordinator ---
[INFO] argLine set to -javaagent:/home/jenkins/.mvnrepository/org/jacoco/org.jacoco.agent/0.8.7/org.jacoco.agent-0.8.7-runtime.jar=destfile=/workspace/source/target/jacoco.e**c
[INFO] 
[INFO] --- maven-resources-plugin:2.6:resources (default-resources) @ entando-k8s-controller-coordinator ---
[INFO] Using 'UTF-8' encoding to copy filtered resources.
[INFO] Copying 4 resources
[INFO] 
[INFO] --- maven-compiler-plugin:3.8.1:compile (default-compile) @ entando-k8s-controller-coordinator ---
[INFO] Changes detected - recompiling the module!
[INFO] Compiling 23 source files to /workspace/source/target/classes
[INFO] 
[INFO] --- maven-resources-plugin:2.6:testResources (default-testResources) @ entando-k8s-controller-coordinator ---
[INFO] Using 'UTF-8' encoding to copy filtered resources.
[INFO] Copying 8 resources
[INFO] 
[INFO] --- maven-compiler-plugin:3.8.1:testCompile (default-testCompile) @ entando-k8s-controller-coordinator ---
[INFO] Changes detected - recompiling the module!
[INFO] Compiling 16 source files to /workspace/source/target/test-classes
[INFO] 
[INFO] --- maven-surefire-plugin:3.0.0-M1:test (default-test) @ entando-k8s-controller-coordinator ---
[INFO] 
[INFO] -------------------------------------------------------
[INFO]  T E S T S
[INFO] -------------------------------------------------------
[INFO] Running org.entando.kubernetes.controller.coordinator.DefaultSimpleEntandoOperationsTest
[INFO] Tests run: 6, Failures: 0, Errors: 0, Skipped: 0, Time elapsed: 90.641 s - in org.entando.kubernetes.controller.coordinator.DefaultSimpleEntandoOperationsTest
[INFO] Running org.entando.kubernetes.controller.coordinator.ControllerCoordinatorProcessingCriteriaTest
Jul 16, 2021 9:02:41 AM org.entando.kubernetes.controller.coordinator.EntandoResourceObserver <init>
INFO: Listening to CRD 'providedcapabilities.entando.org'
Jul 16, 2021 9:02:41 AM org.entando.kubernetes.controller.coordinator.EntandoResourceObserver <init>
INFO: Listening to CRD 'testresources.test.org'
Jul 16, 2021 9:02:41 AM org.entando.kubernetes.controller.coordinator.EntandoControllerCoordinator onStartup
INFO: The EntandoControllerCoordinator has started up successfully
Jul 16, 2021 9:02:41 AM org.entando.kubernetes.controller.coordinator.EntandoResourceObserver logResource
INFO: Received MODIFIED for the TestResource observed-namespace/test-keycloak
Jul 16, 2021 9:02:42 AM org.entando.kubernetes.controller.coordinator.EntandoResourceObserver logResource
WARNING: Duplicate event for TestResource observed-namespace/test-keycloak. ResourceVersion=5836605
Jul 16, 2021 9:02:42 AM org.entando.kubernetes.controller.coordinator.EntandoResourceObserver <init>
INFO: Listening to CRD 'providedcapabilities.entando.org'
Jul 16, 2021 9:02:42 AM org.entando.kubernetes.controller.coordinator.EntandoResourceObserver <init>
INFO: Listening to CRD 'testresources.test.org'
Jul 16, 2021 9:02:42 AM org.entando.kubernetes.controller.coordinator.EntandoControllerCoordinator onStartup
INFO: The EntandoControllerCoordinator has started up successfully
Jul 16, 2021 9:02:42 AM org.entando.kubernetes.controller.coordinator.EntandoResourceObserver <init>
INFO: Listening to CRD 'providedcapabilities.entando.org'
Jul 16, 2021 9:02:42 AM org.entando.kubernetes.controller.coordinator.EntandoResourceObserver logResource
INFO: Received MODIFIED for the TestResource observed-namespace/test-keycloak
Jul 16, 2021 9:02:42 AM org.entando.kubernetes.controller.coordinator.EntandoResourceObserver <init>
INFO: Listening to CRD 'testresources.test.org'
Jul 16, 2021 9:02:42 AM org.entando.kubernetes.controller.coordinator.EntandoControllerCoordinator onStartup
INFO: The EntandoControllerCoordinator has started up successfully
Jul 16, 2021 9:02:42 AM org.entando.kubernetes.controller.coordinator.EntandoResourceObserver <init>
INFO: Listening to CRD 'providedcapabilities.entando.org'
Jul 16, 2021 9:02:42 AM org.entando.kubernetes.controller.coordinator.EntandoResourceObserver logResource
INFO: Received MODIFIED for the TestResource observed-namespace/test-keycloak
Jul 16, 2021 9:02:42 AM org.entando.kubernetes.controller.coordinator.EntandoResourceObserver <init>
INFO: Listening to CRD 'testresources.test.org'
Jul 16, 2021 9:02:42 AM org.entando.kubernetes.controller.coordinator.EntandoControllerCoordinator onStartup
INFO: The EntandoControllerCoordinator has started up successfully
Jul 16, 2021 9:02:42 AM org.entando.kubernetes.controller.coordinator.EntandoResourceObserver <init>
INFO: Listening to CRD 'providedcapabilities.entando.org'
Jul 16, 2021 9:02:42 AM org.entando.kubernetes.controller.coordinator.EntandoResourceObserver logResource
INFO: Received MODIFIED for the TestResource observed-namespace/test-keycloak
Jul 16, 2021 9:02:42 AM org.entando.kubernetes.controller.coordinator.EntandoResourceObserver <init>
INFO: Listening to CRD 'testresources.test.org'
Jul 16, 2021 9:02:42 AM org.entando.kubernetes.controller.coordinator.EntandoControllerCoordinator onStartup
INFO: The EntandoControllerCoordinator has started up successfully
Jul 16, 2021 9:02:42 AM org.entando.kubernetes.controller.coordinator.EntandoResourceObserver logResource
INFO: TestResource observed-namespace/test-keycloak was processed successfully
Jul 16, 2021 9:02:42 AM org.entando.kubernetes.controller.coordinator.EntandoResourceObserver logResource
INFO: TestResource observed-namespace/test-keycloak was processed successfully
Jul 16, 2021 9:02:43 AM org.entando.kubernetes.controller.coordinator.EntandoResourceObserver logResource
INFO: Received MODIFIED for the ProvidedCapability observed-namespace/my-capability
Jul 16, 2021 9:02:43 AM org.entando.kubernetes.controller.coordinator.EntandoResourceObserver <init>
INFO: Listening to CRD 'providedcapabilities.entando.org'
Jul 16, 2021 9:02:43 AM org.entando.kubernetes.controller.coordinator.EntandoResourceObserver <init>
INFO: Listening to CRD 'testresources.test.org'
Jul 16, 2021 9:02:43 AM org.entando.kubernetes.controller.coordinator.EntandoControllerCoordinator onStartup
INFO: The EntandoControllerCoordinator has started up successfully
Jul 16, 2021 9:02:43 AM org.entando.kubernetes.controller.coordinator.EntandoResourceObserver <init>
INFO: Listening to CRD 'providedcapabilities.entando.org'
Jul 16, 2021 9:02:43 AM org.entando.kubernetes.controller.coordinator.EntandoResourceObserver logResource
INFO: Received MODIFIED for the TestResource observed-namespace/test-keycloak
Jul 16, 2021 9:02:43 AM org.entando.kubernetes.controller.coordinator.EntandoResourceObserver <init>
INFO: Listening to CRD 'testresources.test.org'
Jul 16, 2021 9:02:43 AM org.entando.kubernetes.controller.coordinator.EntandoControllerCoordinator onStartup
INFO: The EntandoControllerCoordinator has started up successfully
Jul 16, 2021 9:02:43 AM org.entando.kubernetes.controller.coordinator.EntandoResourceObserver logResource
INFO: TestResource observed-namespace/test-keycloak was processed successfully
Jul 16, 2021 9:02:43 AM org.entando.kubernetes.controller.coordinator.EntandoResourceObserver logResource
INFO: TestResource observed-namespace/test-keycloak was processed successfully
Jul 16, 2021 9:02:43 AM org.entando.kubernetes.controller.coordinator.EntandoResourceObserver <init>
INFO: Listening to CRD 'providedcapabilities.entando.org'
Jul 16, 2021 9:02:43 AM org.entando.kubernetes.controller.coordinator.EntandoResourceObserver <init>
INFO: Listening to CRD 'testresources.test.org'
Jul 16, 2021 9:02:43 AM org.entando.kubernetes.controller.coordinator.EntandoControllerCoordinator onStartup
INFO: The EntandoControllerCoordinator has started up successfully
Jul 16, 2021 9:02:43 AM org.entando.kubernetes.controller.coordinator.EntandoResourceObserver <init>
INFO: Listening to CRD 'providedcapabilities.entando.org'
Jul 16, 2021 9:02:43 AM org.entando.kubernetes.controller.coordinator.EntandoResourceObserver logResource
INFO: Received MODIFIED for the TestResource observed-namespace/test-keycloak
Jul 16, 2021 9:02:43 AM org.entando.kubernetes.controller.coordinator.EntandoResourceObserver <init>
INFO: Listening to CRD 'testresources.test.org'
Jul 16, 2021 9:02:43 AM org.entando.kubernetes.controller.coordinator.EntandoControllerCoordinator onStartup
INFO: The EntandoControllerCoordinator has started up successfully
[INFO] Tests run: 9, Failures: 0, Errors: 0, Skipped: 0, Time elapsed: 3.23 s - in org.entando.kubernetes.controller.coordinator.ControllerCoordinatorProcessingCriteriaTest
[INFO] Running org.entando.kubernetes.controller.coordinator.LivenessTests
Jul 16, 2021 9:02:43 AM org.entando.kubernetes.controller.coordinator.EntandoResourceObserver <init>
INFO: Listening to CRD 'testresources.test.org'
Jul 16, 2021 9:02:43 AM org.entando.kubernetes.controller.coordinator.EntandoResourceObserver <init>
INFO: Listening to CRD 'providedcapabilities.entando.org'
Jul 16, 2021 9:02:43 AM org.entando.kubernetes.controller.coordinator.EntandoControllerCoordinator onStartup
INFO: The EntandoControllerCoordinator has started up successfully
Jul 16, 2021 9:02:43 AM org.entando.kubernetes.controller.coordinator.EntandoResourceObserver logResource
INFO: Received MODIFIED for the TestResource controller-namespace/test-keycloak
Jul 16, 2021 9:02:43 AM org.entando.kubernetes.controller.coordinator.RestartingWatcher onClose
SEVERE: EntandoResourceObserver closed. Can't reconnect. The container should restart now.
io.fabric8.kubernetes.client.WatcherException: Closed
	at org.entando.kubernetes.controller.coordinator.LivenessTests.lambda$shouldCreateControllerPodPointingToResource$2(LivenessTests.java:127)
	at io.qameta.allure.Allure.lambda$step$0(Allure.java:113)
	at io.qameta.allure.Allure.lambda$step$1(Allure.java:127)
	at io.qameta.allure.Allure.step(Allure.java:181)
	at io.qameta.allure.Allure.step(Allure.java:125)
	at io.qameta.allure.Allure.step(Allure.java:112)
	at org.entando.kubernetes.controller.coordinator.LivenessTests.lambda$shouldCreateControllerPodPointingToResource$4(LivenessTests.java:126)
	at java.base/java.util.ArrayList.forEach(ArrayList.java:1540)
	at org.entando.kubernetes.controller.coordinator.LivenessTests.shouldCreateControllerPodPointingToResource(LivenessTests.java:124)
	at java.base/jdk.internal.reflect.NativeMethodAccessorImpl.invoke0(Native Method)
	at java.base/jdk.internal.reflect.NativeMethodAccessorImpl.invoke(NativeMethodAccessorImpl.java:62)
	at java.base/jdk.internal.reflect.DelegatingMethodAccessorImpl.invoke(DelegatingMethodAccessorImpl.java:43)
	at java.base/java.lang.reflect.Method.invoke(Method.java:566)
	at org.junit.platform.commons.util.ReflectionUtils.invokeMethod(ReflectionUtils.java:688)
	at org.junit.jupiter.engine.e**cution.MethodInvocation.proceed(MethodInvocation.java:60)
	at org.junit.jupiter.engine.e**cution.InvocationInterceptorChain$ValidatingInvocation.proceed(InvocationInterceptorChain.java:131)
	at org.junit.jupiter.api.extension.InvocationInterceptor.interceptTestMethod(InvocationInterceptor.java:117)
	at org.junit.jupiter.engine.e**cution.E**cutableInvoker$ReflectiveInterceptorCall.lambda$ofVoidMethod$0(E**cutableInvoker.java:115)
	at org.junit.jupiter.engine.e**cution.E**cutableInvoker.lambda$invoke$0(E**cutableInvoker.java:105)
	at org.junit.jupiter.engine.e**cution.InvocationInterceptorChain$InterceptedInvocation.proceed(InvocationInterceptorChain.java:106)
	at org.junit.jupiter.engine.extension.TimeoutExtension.intercept(TimeoutExtension.java:149)
	at org.junit.jupiter.engine.extension.TimeoutExtension.interceptTestableMethod(TimeoutExtension.java:140)
	at org.junit.jupiter.engine.extension.TimeoutExtension.interceptTestMethod(TimeoutExtension.java:84)
	at org.junit.jupiter.engine.e**cution.E**cutableInvoker$ReflectiveInterceptorCall.lambda$ofVoidMethod$0(E**cutableInvoker.java:115)
	at org.junit.jupiter.engine.e**cution.E**cutableInvoker.lambda$invoke$0(E**cutableInvoker.java:105)
	at org.junit.jupiter.engine.e**cution.InvocationInterceptorChain$InterceptedInvocation.proceed(InvocationInterceptorChain.java:106)
	at org.junit.jupiter.engine.e**cution.InvocationInterceptorChain.proceed(InvocationInterceptorChain.java:64)
	at org.junit.jupiter.engine.e**cution.InvocationInterceptorChain.chainAndInvoke(InvocationInterceptorChain.java:45)
	at org.junit.jupiter.engine.e**cution.InvocationInterceptorChain.invoke(InvocationInterceptorChain.java:37)
	at org.junit.jupiter.engine.e**cution.E**cutableInvoker.invoke(E**cutableInvoker.java:104)
	at org.junit.jupiter.engine.e**cution.E**cutableInvoker.invoke(E**cutableInvoker.java:98)
	at org.junit.jupiter.engine.descriptor.TestMethodTestDescriptor.lambda$invokeTestMethod$6(TestMethodTestDescriptor.java:210)
	at org.junit.platform.engine.support.hierarchical.ThrowableCollector.e**cute(ThrowableCollector.java:73)
	at org.junit.jupiter.engine.descriptor.TestMethodTestDescriptor.invokeTestMethod(TestMethodTestDescriptor.java:206)
	at org.junit.jupiter.engine.descriptor.TestMethodTestDescriptor.e**cute(TestMethodTestDescriptor.java:131)
	at org.junit.jupiter.engine.descriptor.TestMethodTestDescriptor.e**cute(TestMethodTestDescriptor.java:65)
	at org.junit.platform.engine.support.hierarchical.NodeTestTask.lambda$e**cuteRecursively$5(NodeTestTask.java:139)
	at org.junit.platform.engine.support.hierarchical.ThrowableCollector.e**cute(ThrowableCollector.java:73)
	at org.junit.platform.engine.support.hierarchical.NodeTestTask.lambda$e**cuteRecursively$7(NodeTestTask.java:129)
	at org.junit.platform.engine.support.hierarchical.Node.around(Node.java:137)
	at org.junit.platform.engine.support.hierarchical.NodeTestTask.lambda$e**cuteRecursively$8(NodeTestTask.java:127)
	at org.junit.platform.engine.support.hierarchical.ThrowableCollector.e**cute(ThrowableCollector.java:73)
	at org.junit.platform.engine.support.hierarchical.NodeTestTask.e**cuteRecursively(NodeTestTask.java:126)
	at org.junit.platform.engine.support.hierarchical.NodeTestTask.e**cute(NodeTestTask.java:84)
	at org.junit.platform.engine.support.hierarchical.ForkJoinPoolHierarchicalTestE**cutorService$ExclusiveTask.compute(ForkJoinPoolHierarchicalTestE**cutorService.java:185)
	at org.junit.platform.engine.support.hierarchical.ForkJoinPoolHierarchicalTestE**cutorService.invokeAll(ForkJoinPoolHierarchicalTestE**cutorService.java:129)
	at org.junit.platform.engine.support.hierarchical.NodeTestTask.lambda$e**cuteRecursively$5(NodeTestTask.java:143)
	at org.junit.platform.engine.support.hierarchical.ThrowableCollector.e**cute(ThrowableCollector.java:73)
	at org.junit.platform.engine.support.hierarchical.NodeTestTask.lambda$e**cuteRecursively$7(NodeTestTask.java:129)
	at org.junit.platform.engine.support.hierarchical.Node.around(Node.java:137)
	at org.junit.platform.engine.support.hierarchical.NodeTestTask.lambda$e**cuteRecursively$8(NodeTestTask.java:127)
	at org.junit.platform.engine.support.hierarchical.ThrowableCollector.e**cute(ThrowableCollector.java:73)
	at org.junit.platform.engine.support.hierarchical.NodeTestTask.e**cuteRecursively(NodeTestTask.java:126)
	at org.junit.platform.engine.support.hierarchical.NodeTestTask.e**cute(NodeTestTask.java:84)
	at org.junit.platform.engine.support.hierarchical.ForkJoinPoolHierarchicalTestE**cutorService$ExclusiveTask.compute(ForkJoinPoolHierarchicalTestE**cutorService.java:185)
	at org.junit.platform.engine.support.hierarchical.ForkJoinPoolHierarchicalTestE**cutorService.e**cuteNonConcurrentTasks(ForkJoinPoolHierarchicalTestE**cutorService.java:155)
	at org.junit.platform.engine.support.hierarchical.ForkJoinPoolHierarchicalTestE**cutorService.invokeAll(ForkJoinPoolHierarchicalTestE**cutorService.java:135)
	at org.junit.platform.engine.support.hierarchical.NodeTestTask.lambda$e**cuteRecursively$5(NodeTestTask.java:143)
	at org.junit.platform.engine.support.hierarchical.ThrowableCollector.e**cute(ThrowableCollector.java:73)
	at org.junit.platform.engine.support.hierarchical.NodeTestTask.lambda$e**cuteRecursively$7(NodeTestTask.java:129)
	at org.junit.platform.engine.support.hierarchical.Node.around(Node.java:137)
	at org.junit.platform.engine.support.hierarchical.NodeTestTask.lambda$e**cuteRecursively$8(NodeTestTask.java:127)
	at org.junit.platform.engine.support.hierarchical.ThrowableCollector.e**cute(ThrowableCollector.java:73)
	at org.junit.platform.engine.support.hierarchical.NodeTestTask.e**cuteRecursively(NodeTestTask.java:126)
	at org.junit.platform.engine.support.hierarchical.NodeTestTask.e**cute(NodeTestTask.java:84)
	at org.junit.platform.engine.support.hierarchical.ForkJoinPoolHierarchicalTestE**cutorService$ExclusiveTask.compute(ForkJoinPoolHierarchicalTestE**cutorService.java:185)
	at java.base/java.util.concurrent.RecursiveAction.e**c(RecursiveAction.java:189)
	at java.base/java.util.concurrent.ForkJoinTask.doE**c(ForkJoinTask.java:290)
	at java.base/java.util.concurrent.ForkJoinPool$WorkQueue.topLevelE**c(ForkJoinPool.java:1020)
	at java.base/java.util.concurrent.ForkJoinPool.scan(ForkJoinPool.java:1656)
	at java.base/java.util.concurrent.ForkJoinPool.runWorker(ForkJoinPool.java:1594)
	at java.base/java.util.concurrent.ForkJoinWorkerThread.run(ForkJoinWorkerThread.java:177)

Jul 16, 2021 9:02:43 AM org.entando.kubernetes.controller.coordinator.RestartingWatcher onClose
SEVERE: EntandoResourceObserver closed. Can't reconnect. The container should restart now.
io.fabric8.kubernetes.client.WatcherException: Closed
	at org.entando.kubernetes.controller.coordinator.LivenessTests.lambda$shouldCreateControllerPodPointingToResource$2(LivenessTests.java:127)
	at io.qameta.allure.Allure.lambda$step$0(Allure.java:113)
	at io.qameta.allure.Allure.lambda$step$1(Allure.java:127)
	at io.qameta.allure.Allure.step(Allure.java:181)
	at io.qameta.allure.Allure.step(Allure.java:125)
	at io.qameta.allure.Allure.step(Allure.java:112)
	at org.entando.kubernetes.controller.coordinator.LivenessTests.lambda$shouldCreateControllerPodPointingToResource$4(LivenessTests.java:126)
	at java.base/java.util.ArrayList.forEach(ArrayList.java:1540)
	at org.entando.kubernetes.controller.coordinator.LivenessTests.shouldCreateControllerPodPointingToResource(LivenessTests.java:124)
	at java.base/jdk.internal.reflect.NativeMethodAccessorImpl.invoke0(Native Method)
	at java.base/jdk.internal.reflect.NativeMethodAccessorImpl.invoke(NativeMethodAccessorImpl.java:62)
	at java.base/jdk.internal.reflect.DelegatingMethodAccessorImpl.invoke(DelegatingMethodAccessorImpl.java:43)
	at java.base/java.lang.reflect.Method.invoke(Method.java:566)
	at org.junit.platform.commons.util.ReflectionUtils.invokeMethod(ReflectionUtils.java:688)
	at org.junit.jupiter.engine.e**cution.MethodInvocation.proceed(MethodInvocation.java:60)
	at org.junit.jupiter.engine.e**cution.InvocationInterceptorChain$ValidatingInvocation.proceed(InvocationInterceptorChain.java:131)
	at org.junit.jupiter.api.extension.InvocationInterceptor.interceptTestMethod(InvocationInterceptor.java:117)
	at org.junit.jupiter.engine.e**cution.E**cutableInvoker$ReflectiveInterceptorCall.lambda$ofVoidMethod$0(E**cutableInvoker.java:115)
	at org.junit.jupiter.engine.e**cution.E**cutableInvoker.lambda$invoke$0(E**cutableInvoker.java:105)
	at org.junit.jupiter.engine.e**cution.InvocationInterceptorChain$InterceptedInvocation.proceed(InvocationInterceptorChain.java:106)
	at org.junit.jupiter.engine.extension.TimeoutExtension.intercept(TimeoutExtension.java:149)
	at org.junit.jupiter.engine.extension.TimeoutExtension.interceptTestableMethod(TimeoutExtension.java:140)
	at org.junit.jupiter.engine.extension.TimeoutExtension.interceptTestMethod(TimeoutExtension.java:84)
	at org.junit.jupiter.engine.e**cution.E**cutableInvoker$ReflectiveInterceptorCall.lambda$ofVoidMethod$0(E**cutableInvoker.java:115)
	at org.junit.jupiter.engine.e**cution.E**cutableInvoker.lambda$invoke$0(E**cutableInvoker.java:105)
	at org.junit.jupiter.engine.e**cution.InvocationInterceptorChain$InterceptedInvocation.proceed(InvocationInterceptorChain.java:106)
	at org.junit.jupiter.engine.e**cution.InvocationInterceptorChain.proceed(InvocationInterceptorChain.java:64)
	at org.junit.jupiter.engine.e**cution.InvocationInterceptorChain.chainAndInvoke(InvocationInterceptorChain.java:45)
	at org.junit.jupiter.engine.e**cution.InvocationInterceptorChain.invoke(InvocationInterceptorChain.java:37)
	at org.junit.jupiter.engine.e**cution.E**cutableInvoker.invoke(E**cutableInvoker.java:104)
	at org.junit.jupiter.engine.e**cution.E**cutableInvoker.invoke(E**cutableInvoker.java:98)
	at org.junit.jupiter.engine.descriptor.TestMethodTestDescriptor.lambda$invokeTestMethod$6(TestMethodTestDescriptor.java:210)
	at org.junit.platform.engine.support.hierarchical.ThrowableCollector.e**cute(ThrowableCollector.java:73)
	at org.junit.jupiter.engine.descriptor.TestMethodTestDescriptor.invokeTestMethod(TestMethodTestDescriptor.java:206)
	at org.junit.jupiter.engine.descriptor.TestMethodTestDescriptor.e**cute(TestMethodTestDescriptor.java:131)
	at org.junit.jupiter.engine.descriptor.TestMethodTestDescriptor.e**cute(TestMethodTestDescriptor.java:65)
	at org.junit.platform.engine.support.hierarchical.NodeTestTask.lambda$e**cuteRecursively$5(NodeTestTask.java:139)
	at org.junit.platform.engine.support.hierarchical.ThrowableCollector.e**cute(ThrowableCollector.java:73)
	at org.junit.platform.engine.support.hierarchical.NodeTestTask.lambda$e**cuteRecursively$7(NodeTestTask.java:129)
	at org.junit.platform.engine.support.hierarchical.Node.around(Node.java:137)
	at org.junit.platform.engine.support.hierarchical.NodeTestTask.lambda$e**cuteRecursively$8(NodeTestTask.java:127)
	at org.junit.platform.engine.support.hierarchical.ThrowableCollector.e**cute(ThrowableCollector.java:73)
	at org.junit.platform.engine.support.hierarchical.NodeTestTask.e**cuteRecursively(NodeTestTask.java:126)
	at org.junit.platform.engine.support.hierarchical.NodeTestTask.e**cute(NodeTestTask.java:84)
	at org.junit.platform.engine.support.hierarchical.ForkJoinPoolHierarchicalTestE**cutorService$ExclusiveTask.compute(ForkJoinPoolHierarchicalTestE**cutorService.java:185)
	at org.junit.platform.engine.support.hierarchical.ForkJoinPoolHierarchicalTestE**cutorService.invokeAll(ForkJoinPoolHierarchicalTestE**cutorService.java:129)
	at org.junit.platform.engine.support.hierarchical.NodeTestTask.lambda$e**cuteRecursively$5(NodeTestTask.java:143)
	at org.junit.platform.engine.support.hierarchical.ThrowableCollector.e**cute(ThrowableCollector.java:73)
	at org.junit.platform.engine.support.hierarchical.NodeTestTask.lambda$e**cuteRecursively$7(NodeTestTask.java:129)
	at org.junit.platform.engine.support.hierarchical.Node.around(Node.java:137)
	at org.junit.platform.engine.support.hierarchical.NodeTestTask.lambda$e**cuteRecursively$8(NodeTestTask.java:127)
	at org.junit.platform.engine.support.hierarchical.ThrowableCollector.e**cute(ThrowableCollector.java:73)
	at org.junit.platform.engine.support.hierarchical.NodeTestTask.e**cuteRecursively(NodeTestTask.java:126)
	at org.junit.platform.engine.support.hierarchical.NodeTestTask.e**cute(NodeTestTask.java:84)
	at org.junit.platform.engine.support.hierarchical.ForkJoinPoolHierarchicalTestE**cutorService$ExclusiveTask.compute(ForkJoinPoolHierarchicalTestE**cutorService.java:185)
	at org.junit.platform.engine.support.hierarchical.ForkJoinPoolHierarchicalTestE**cutorService.e**cuteNonConcurrentTasks(ForkJoinPoolHierarchicalTestE**cutorService.java:155)
	at org.junit.platform.engine.support.hierarchical.ForkJoinPoolHierarchicalTestE**cutorService.invokeAll(ForkJoinPoolHierarchicalTestE**cutorService.java:135)
	at org.junit.platform.engine.support.hierarchical.NodeTestTask.lambda$e**cuteRecursively$5(NodeTestTask.java:143)
	at org.junit.platform.engine.support.hierarchical.ThrowableCollector.e**cute(ThrowableCollector.java:73)
	at org.junit.platform.engine.support.hierarchical.NodeTestTask.lambda$e**cuteRecursively$7(NodeTestTask.java:129)
	at org.junit.platform.engine.support.hierarchical.Node.around(Node.java:137)
	at org.junit.platform.engine.support.hierarchical.NodeTestTask.lambda$e**cuteRecursively$8(NodeTestTask.java:127)
	at org.junit.platform.engine.support.hierarchical.ThrowableCollector.e**cute(ThrowableCollector.java:73)
	at org.junit.platform.engine.support.hierarchical.NodeTestTask.e**cuteRecursively(NodeTestTask.java:126)
	at org.junit.platform.engine.support.hierarchical.NodeTestTask.e**cute(NodeTestTask.java:84)
	at org.junit.platform.engine.support.hierarchical.ForkJoinPoolHierarchicalTestE**cutorService$ExclusiveTask.compute(ForkJoinPoolHierarchicalTestE**cutorService.java:185)
	at java.base/java.util.concurrent.RecursiveAction.e**c(RecursiveAction.java:189)
	at java.base/java.util.concurrent.ForkJoinTask.doE**c(ForkJoinTask.java:290)
	at java.base/java.util.concurrent.ForkJoinPool$WorkQueue.topLevelE**c(ForkJoinPool.java:1020)
	at java.base/java.util.concurrent.ForkJoinPool.scan(ForkJoinPool.java:1656)
	at java.base/java.util.concurrent.ForkJoinPool.runWorker(ForkJoinPool.java:1594)
	at java.base/java.util.concurrent.ForkJoinWorkerThread.run(ForkJoinWorkerThread.java:177)

Jul 16, 2021 9:02:43 AM org.entando.kubernetes.controller.coordinator.RestartingWatcher onClose
SEVERE: EntandoResourceObserver closed. Can't reconnect. The container should restart now.
io.fabric8.kubernetes.client.WatcherException: Closed
	at org.entando.kubernetes.controller.coordinator.LivenessTests.lambda$shouldCreateControllerPodPointingToResource$2(LivenessTests.java:127)
	at io.qameta.allure.Allure.lambda$step$0(Allure.java:113)
	at io.qameta.allure.Allure.lambda$step$1(Allure.java:127)
	at io.qameta.allure.Allure.step(Allure.java:181)
	at io.qameta.allure.Allure.step(Allure.java:125)
	at io.qameta.allure.Allure.step(Allure.java:112)
	at org.entando.kubernetes.controller.coordinator.LivenessTests.lambda$shouldCreateControllerPodPointingToResource$4(LivenessTests.java:126)
	at java.base/java.util.ArrayList.forEach(ArrayList.java:1540)
	at org.entando.kubernetes.controller.coordinator.LivenessTests.shouldCreateControllerPodPointingToResource(LivenessTests.java:124)
	at java.base/jdk.internal.reflect.NativeMethodAccessorImpl.invoke0(Native Method)
	at java.base/jdk.internal.reflect.NativeMethodAccessorImpl.invoke(NativeMethodAccessorImpl.java:62)
	at java.base/jdk.internal.reflect.DelegatingMethodAccessorImpl.invoke(DelegatingMethodAccessorImpl.java:43)
	at java.base/java.lang.reflect.Method.invoke(Method.java:566)
	at org.junit.platform.commons.util.ReflectionUtils.invokeMethod(ReflectionUtils.java:688)
	at org.junit.jupiter.engine.e**cution.MethodInvocation.proceed(MethodInvocation.java:60)
	at org.junit.jupiter.engine.e**cution.InvocationInterceptorChain$ValidatingInvocation.proceed(InvocationInterceptorChain.java:131)
	at org.junit.jupiter.api.extension.InvocationInterceptor.interceptTestMethod(InvocationInterceptor.java:117)
	at org.junit.jupiter.engine.e**cution.E**cutableInvoker$ReflectiveInterceptorCall.lambda$ofVoidMethod$0(E**cutableInvoker.java:115)
	at org.junit.jupiter.engine.e**cution.E**cutableInvoker.lambda$invoke$0(E**cutableInvoker.java:105)
	at org.junit.jupiter.engine.e**cution.InvocationInterceptorChain$InterceptedInvocation.proceed(InvocationInterceptorChain.java:106)
	at org.junit.jupiter.engine.extension.TimeoutExtension.intercept(TimeoutExtension.java:149)
	at org.junit.jupiter.engine.extension.TimeoutExtension.interceptTestableMethod(TimeoutExtension.java:140)
	at org.junit.jupiter.engine.extension.TimeoutExtension.interceptTestMethod(TimeoutExtension.java:84)
	at org.junit.jupiter.engine.e**cution.E**cutableInvoker$ReflectiveInterceptorCall.lambda$ofVoidMethod$0(E**cutableInvoker.java:115)
	at org.junit.jupiter.engine.e**cution.E**cutableInvoker.lambda$invoke$0(E**cutableInvoker.java:105)
	at org.junit.jupiter.engine.e**cution.InvocationInterceptorChain$InterceptedInvocation.proceed(InvocationInterceptorChain.java:106)
	at org.junit.jupiter.engine.e**cution.InvocationInterceptorChain.proceed(InvocationInterceptorChain.java:64)
	at org.junit.jupiter.engine.e**cution.InvocationInterceptorChain.chainAndInvoke(InvocationInterceptorChain.java:45)
	at org.junit.jupiter.engine.e**cution.InvocationInterceptorChain.invoke(InvocationInterceptorChain.java:37)
	at org.junit.jupiter.engine.e**cution.E**cutableInvoker.invoke(E**cutableInvoker.java:104)
	at org.junit.jupiter.engine.e**cution.E**cutableInvoker.invoke(E**cutableInvoker.java:98)
	at org.junit.jupiter.engine.descriptor.TestMethodTestDescriptor.lambda$invokeTestMethod$6(TestMethodTestDescriptor.java:210)
	at org.junit.platform.engine.support.hierarchical.ThrowableCollector.e**cute(ThrowableCollector.java:73)
	at org.junit.jupiter.engine.descriptor.TestMethodTestDescriptor.invokeTestMethod(TestMethodTestDescriptor.java:206)
	at org.junit.jupiter.engine.descriptor.TestMethodTestDescriptor.e**cute(TestMethodTestDescriptor.java:131)
	at org.junit.jupiter.engine.descriptor.TestMethodTestDescriptor.e**cute(TestMethodTestDescriptor.java:65)
	at org.junit.platform.engine.support.hierarchical.NodeTestTask.lambda$e**cuteRecursively$5(NodeTestTask.java:139)
	at org.junit.platform.engine.support.hierarchical.ThrowableCollector.e**cute(ThrowableCollector.java:73)
	at org.junit.platform.engine.support.hierarchical.NodeTestTask.lambda$e**cuteRecursively$7(NodeTestTask.java:129)
	at org.junit.platform.engine.support.hierarchical.Node.around(Node.java:137)
	at org.junit.platform.engine.support.hierarchical.NodeTestTask.lambda$e**cuteRecursively$8(NodeTestTask.java:127)
	at org.junit.platform.engine.support.hierarchical.ThrowableCollector.e**cute(ThrowableCollector.java:73)
	at org.junit.platform.engine.support.hierarchical.NodeTestTask.e**cuteRecursively(NodeTestTask.java:126)
	at org.junit.platform.engine.support.hierarchical.NodeTestTask.e**cute(NodeTestTask.java:84)
	at org.junit.platform.engine.support.hierarchical.ForkJoinPoolHierarchicalTestE**cutorService$ExclusiveTask.compute(ForkJoinPoolHierarchicalTestE**cutorService.java:185)
	at org.junit.platform.engine.support.hierarchical.ForkJoinPoolHierarchicalTestE**cutorService.invokeAll(ForkJoinPoolHierarchicalTestE**cutorService.java:129)
	at org.junit.platform.engine.support.hierarchical.NodeTestTask.lambda$e**cuteRecursively$5(NodeTestTask.java:143)
	at org.junit.platform.engine.support.hierarchical.ThrowableCollector.e**cute(ThrowableCollector.java:73)
	at org.junit.platform.engine.support.hierarchical.NodeTestTask.lambda$e**cuteRecursively$7(NodeTestTask.java:129)
	at org.junit.platform.engine.support.hierarchical.Node.around(Node.java:137)
	at org.junit.platform.engine.support.hierarchical.NodeTestTask.lambda$e**cuteRecursively$8(NodeTestTask.java:127)
	at org.junit.platform.engine.support.hierarchical.ThrowableCollector.e**cute(ThrowableCollector.java:73)
	at org.junit.platform.engine.support.hierarchical.NodeTestTask.e**cuteRecursively(NodeTestTask.java:126)
	at org.junit.platform.engine.support.hierarchical.NodeTestTask.e**cute(NodeTestTask.java:84)
	at org.junit.platform.engine.support.hierarchical.ForkJoinPoolHierarchicalTestE**cutorService$ExclusiveTask.compute(ForkJoinPoolHierarchicalTestE**cutorService.java:185)
	at org.junit.platform.engine.support.hierarchical.ForkJoinPoolHierarchicalTestE**cutorService.e**cuteNonConcurrentTasks(ForkJoinPoolHierarchicalTestE**cutorService.java:155)
	at org.junit.platform.engine.support.hierarchical.ForkJoinPoolHierarchicalTestE**cutorService.invokeAll(ForkJoinPoolHierarchicalTestE**cutorService.java:135)
	at org.junit.platform.engine.support.hierarchical.NodeTestTask.lambda$e**cuteRecursively$5(NodeTestTask.java:143)
	at org.junit.platform.engine.support.hierarchical.ThrowableCollector.e**cute(ThrowableCollector.java:73)
	at org.junit.platform.engine.support.hierarchical.NodeTestTask.lambda$e**cuteRecursively$7(NodeTestTask.java:129)
	at org.junit.platform.engine.support.hierarchical.Node.around(Node.java:137)
	at org.junit.platform.engine.support.hierarchical.NodeTestTask.lambda$e**cuteRecursively$8(NodeTestTask.java:127)
	at org.junit.platform.engine.support.hierarchical.ThrowableCollector.e**cute(ThrowableCollector.java:73)
	at org.junit.platform.engine.support.hierarchical.NodeTestTask.e**cuteRecursively(NodeTestTask.java:126)
	at org.junit.platform.engine.support.hierarchical.NodeTestTask.e**cute(NodeTestTask.java:84)
	at org.junit.platform.engine.support.hierarchical.ForkJoinPoolHierarchicalTestE**cutorService$ExclusiveTask.compute(ForkJoinPoolHierarchicalTestE**cutorService.java:185)
	at java.base/java.util.concurrent.RecursiveAction.e**c(RecursiveAction.java:189)
	at java.base/java.util.concurrent.ForkJoinTask.doE**c(ForkJoinTask.java:290)
	at java.base/java.util.concurrent.ForkJoinPool$WorkQueue.topLevelE**c(ForkJoinPool.java:1020)
	at java.base/java.util.concurrent.ForkJoinPool.scan(ForkJoinPool.java:1656)
	at java.base/java.util.concurrent.ForkJoinPool.runWorker(ForkJoinPool.java:1594)
	at java.base/java.util.concurrent.ForkJoinWorkerThread.run(ForkJoinWorkerThread.java:177)

Jul 16, 2021 9:02:43 AM org.entando.kubernetes.controller.coordinator.RestartingWatcher onClose
SEVERE: EntandoResourceObserver closed. Can't reconnect. The container should restart now.
io.fabric8.kubernetes.client.WatcherException: Closed
	at org.entando.kubernetes.controller.coordinator.LivenessTests.lambda$shouldCreateControllerPodPointingToResource$2(LivenessTests.java:127)
	at io.qameta.allure.Allure.lambda$step$0(Allure.java:113)
	at io.qameta.allure.Allure.lambda$step$1(Allure.java:127)
	at io.qameta.allure.Allure.step(Allure.java:181)
	at io.qameta.allure.Allure.step(Allure.java:125)
	at io.qameta.allure.Allure.step(Allure.java:112)
	at org.entando.kubernetes.controller.coordinator.LivenessTests.lambda$shouldCreateControllerPodPointingToResource$4(LivenessTests.java:126)
	at java.base/java.util.ArrayList.forEach(ArrayList.java:1540)
	at org.entando.kubernetes.controller.coordinator.LivenessTests.shouldCreateControllerPodPointingToResource(LivenessTests.java:124)
	at java.base/jdk.internal.reflect.NativeMethodAccessorImpl.invoke0(Native Method)
	at java.base/jdk.internal.reflect.NativeMethodAccessorImpl.invoke(NativeMethodAccessorImpl.java:62)
	at java.base/jdk.internal.reflect.DelegatingMethodAccessorImpl.invoke(DelegatingMethodAccessorImpl.java:43)
	at java.base/java.lang.reflect.Method.invoke(Method.java:566)
	at org.junit.platform.commons.util.ReflectionUtils.invokeMethod(ReflectionUtils.java:688)
	at org.junit.jupiter.engine.e**cution.MethodInvocation.proceed(MethodInvocation.java:60)
	at org.junit.jupiter.engine.e**cution.InvocationInterceptorChain$ValidatingInvocation.proceed(InvocationInterceptorChain.java:131)
	at org.junit.jupiter.api.extension.InvocationInterceptor.interceptTestMethod(InvocationInterceptor.java:117)
	at org.junit.jupiter.engine.e**cution.E**cutableInvoker$ReflectiveInterceptorCall.lambda$ofVoidMethod$0(E**cutableInvoker.java:115)
	at org.junit.jupiter.engine.e**cution.E**cutableInvoker.lambda$invoke$0(E**cutableInvoker.java:105)
	at org.junit.jupiter.engine.e**cution.InvocationInterceptorChain$InterceptedInvocation.proceed(InvocationInterceptorChain.java:106)
	at org.junit.jupiter.engine.extension.TimeoutExtension.intercept(TimeoutExtension.java:149)
	at org.junit.jupiter.engine.extension.TimeoutExtension.interceptTestableMethod(TimeoutExtension.java:140)
	at org.junit.jupiter.engine.extension.TimeoutExtension.interceptTestMethod(TimeoutExtension.java:84)
	at org.junit.jupiter.engine.e**cution.E**cutableInvoker$ReflectiveInterceptorCall.lambda$ofVoidMethod$0(E**cutableInvoker.java:115)
	at org.junit.jupiter.engine.e**cution.E**cutableInvoker.lambda$invoke$0(E**cutableInvoker.java:105)
	at org.junit.jupiter.engine.e**cution.InvocationInterceptorChain$InterceptedInvocation.proceed(InvocationInterceptorChain.java:106)
	at org.junit.jupiter.engine.e**cution.InvocationInterceptorChain.proceed(InvocationInterceptorChain.java:64)
	at org.junit.jupiter.engine.e**cution.InvocationInterceptorChain.chainAndInvoke(InvocationInterceptorChain.java:45)
	at org.junit.jupiter.engine.e**cution.InvocationInterceptorChain.invoke(InvocationInterceptorChain.java:37)
	at org.junit.jupiter.engine.e**cution.E**cutableInvoker.invoke(E**cutableInvoker.java:104)
	at org.junit.jupiter.engine.e**cution.E**cutableInvoker.invoke(E**cutableInvoker.java:98)
	at org.junit.jupiter.engine.descriptor.TestMethodTestDescriptor.lambda$invokeTestMethod$6(TestMethodTestDescriptor.java:210)
	at org.junit.platform.engine.support.hierarchical.ThrowableCollector.e**cute(ThrowableCollector.java:73)
	at org.junit.jupiter.engine.descriptor.TestMethodTestDescriptor.invokeTestMethod(TestMethodTestDescriptor.java:206)
	at org.junit.jupiter.engine.descriptor.TestMethodTestDescriptor.e**cute(TestMethodTestDescriptor.java:131)
	at org.junit.jupiter.engine.descriptor.TestMethodTestDescriptor.e**cute(TestMethodTestDescriptor.java:65)
	at org.junit.platform.engine.support.hierarchical.NodeTestTask.lambda$e**cuteRecursively$5(NodeTestTask.java:139)
	at org.junit.platform.engine.support.hierarchical.ThrowableCollector.e**cute(ThrowableCollector.java:73)
	at org.junit.platform.engine.support.hierarchical.NodeTestTask.lambda$e**cuteRecursively$7(NodeTestTask.java:129)
	at org.junit.platform.engine.support.hierarchical.Node.around(Node.java:137)
	at org.junit.platform.engine.support.hierarchical.NodeTestTask.lambda$e**cuteRecursively$8(NodeTestTask.java:127)
	at org.junit.platform.engine.support.hierarchical.ThrowableCollector.e**cute(ThrowableCollector.java:73)
	at org.junit.platform.engine.support.hierarchical.NodeTestTask.e**cuteRecursively(NodeTestTask.java:126)
	at org.junit.platform.engine.support.hierarchical.NodeTestTask.e**cute(NodeTestTask.java:84)
	at org.junit.platform.engine.support.hierarchical.ForkJoinPoolHierarchicalTestE**cutorService$ExclusiveTask.compute(ForkJoinPoolHierarchicalTestE**cutorService.java:185)
	at org.junit.platform.engine.support.hierarchical.ForkJoinPoolHierarchicalTestE**cutorService.invokeAll(ForkJoinPoolHierarchicalTestE**cutorService.java:129)
	at org.junit.platform.engine.support.hierarchical.NodeTestTask.lambda$e**cuteRecursively$5(NodeTestTask.java:143)
	at org.junit.platform.engine.support.hierarchical.ThrowableCollector.e**cute(ThrowableCollector.java:73)
	at org.junit.platform.engine.support.hierarchical.NodeTestTask.lambda$e**cuteRecursively$7(NodeTestTask.java:129)
	at org.junit.platform.engine.support.hierarchical.Node.around(Node.java:137)
	at org.junit.platform.engine.support.hierarchical.NodeTestTask.lambda$e**cuteRecursively$8(NodeTestTask.java:127)
	at org.junit.platform.engine.support.hierarchical.ThrowableCollector.e**cute(ThrowableCollector.java:73)
	at org.junit.platform.engine.support.hierarchical.NodeTestTask.e**cuteRecursively(NodeTestTask.java:126)
	at org.junit.platform.engine.support.hierarchical.NodeTestTask.e**cute(NodeTestTask.java:84)
	at org.junit.platform.engine.support.hierarchical.ForkJoinPoolHierarchicalTestE**cutorService$ExclusiveTask.compute(ForkJoinPoolHierarchicalTestE**cutorService.java:185)
	at org.junit.platform.engine.support.hierarchical.ForkJoinPoolHierarchicalTestE**cutorService.e**cuteNonConcurrentTasks(ForkJoinPoolHierarchicalTestE**cutorService.java:155)
	at org.junit.platform.engine.support.hierarchical.ForkJoinPoolHierarchicalTestE**cutorService.invokeAll(ForkJoinPoolHierarchicalTestE**cutorService.java:135)
	at org.junit.platform.engine.support.hierarchical.NodeTestTask.lambda$e**cuteRecursively$5(NodeTestTask.java:143)
	at org.junit.platform.engine.support.hierarchical.ThrowableCollector.e**cute(ThrowableCollector.java:73)
	at org.junit.platform.engine.support.hierarchical.NodeTestTask.lambda$e**cuteRecursively$7(NodeTestTask.java:129)
	at org.junit.platform.engine.support.hierarchical.Node.around(Node.java:137)
	at org.junit.platform.engine.support.hierarchical.NodeTestTask.lambda$e**cuteRecursively$8(NodeTestTask.java:127)
	at org.junit.platform.engine.support.hierarchical.ThrowableCollector.e**cute(ThrowableCollector.java:73)
	at org.junit.platform.engine.support.hierarchical.NodeTestTask.e**cuteRecursively(NodeTestTask.java:126)
	at org.junit.platform.engine.support.hierarchical.NodeTestTask.e**cute(NodeTestTask.java:84)
	at org.junit.platform.engine.support.hierarchical.ForkJoinPoolHierarchicalTestE**cutorService$ExclusiveTask.compute(ForkJoinPoolHierarchicalTestE**cutorService.java:185)
	at java.base/java.util.concurrent.RecursiveAction.e**c(RecursiveAction.java:189)
	at java.base/java.util.concurrent.ForkJoinTask.doE**c(ForkJoinTask.java:290)
	at java.base/java.util.concurrent.ForkJoinPool$WorkQueue.topLevelE**c(ForkJoinPool.java:1020)
	at java.base/java.util.concurrent.ForkJoinPool.scan(ForkJoinPool.java:1656)
	at java.base/java.util.concurrent.ForkJoinPool.runWorker(ForkJoinPool.java:1594)
	at java.base/java.util.concurrent.ForkJoinWorkerThread.run(ForkJoinWorkerThread.java:177)

Jul 16, 2021 9:02:43 AM org.entando.kubernetes.controller.coordinator.RestartingWatcher onClose
SEVERE: EntandoResourceObserver closed. Can't reconnect. The container should restart now.
io.fabric8.kubernetes.client.WatcherException: Closed
	at org.entando.kubernetes.controller.coordinator.LivenessTests.lambda$shouldCreateControllerPodPointingToResource$2(LivenessTests.java:127)
	at io.qameta.allure.Allure.lambda$step$0(Allure.java:113)
	at io.qameta.allure.Allure.lambda$step$1(Allure.java:127)
	at io.qameta.allure.Allure.step(Allure.java:181)
	at io.qameta.allure.Allure.step(Allure.java:125)
	at io.qameta.allure.Allure.step(Allure.java:112)
	at org.entando.kubernetes.controller.coordinator.LivenessTests.lambda$shouldCreateControllerPodPointingToResource$4(LivenessTests.java:126)
	at java.base/java.util.ArrayList.forEach(ArrayList.java:1540)
	at org.entando.kubernetes.controller.coordinator.LivenessTests.shouldCreateControllerPodPointingToResource(LivenessTests.java:124)
	at java.base/jdk.internal.reflect.NativeMethodAccessorImpl.invoke0(Native Method)
	at java.base/jdk.internal.reflect.NativeMethodAccessorImpl.invoke(NativeMethodAccessorImpl.java:62)
	at java.base/jdk.internal.reflect.DelegatingMethodAccessorImpl.invoke(DelegatingMethodAccessorImpl.java:43)
	at java.base/java.lang.reflect.Method.invoke(Method.java:566)
	at org.junit.platform.commons.util.ReflectionUtils.invokeMethod(ReflectionUtils.java:688)
	at org.junit.jupiter.engine.e**cution.MethodInvocation.proceed(MethodInvocation.java:60)
	at org.junit.jupiter.engine.e**cution.InvocationInterceptorChain$ValidatingInvocation.proceed(InvocationInterceptorChain.java:131)
	at org.junit.jupiter.api.extension.InvocationInterceptor.interceptTestMethod(InvocationInterceptor.java:117)
	at org.junit.jupiter.engine.e**cution.E**cutableInvoker$ReflectiveInterceptorCall.lambda$ofVoidMethod$0(E**cutableInvoker.java:115)
	at org.junit.jupiter.engine.e**cution.E**cutableInvoker.lambda$invoke$0(E**cutableInvoker.java:105)
	at org.junit.jupiter.engine.e**cution.InvocationInterceptorChain$InterceptedInvocation.proceed(InvocationInterceptorChain.java:106)
	at org.junit.jupiter.engine.extension.TimeoutExtension.intercept(TimeoutExtension.java:149)
	at org.junit.jupiter.engine.extension.TimeoutExtension.interceptTestableMethod(TimeoutExtension.java:140)
	at org.junit.jupiter.engine.extension.TimeoutExtension.interceptTestMethod(TimeoutExtension.java:84)
	at org.junit.jupiter.engine.e**cution.E**cutableInvoker$ReflectiveInterceptorCall.lambda$ofVoidMethod$0(E**cutableInvoker.java:115)
	at org.junit.jupiter.engine.e**cution.E**cutableInvoker.lambda$invoke$0(E**cutableInvoker.java:105)
	at org.junit.jupiter.engine.e**cution.InvocationInterceptorChain$InterceptedInvocation.proceed(InvocationInterceptorChain.java:106)
	at org.junit.jupiter.engine.e**cution.InvocationInterceptorChain.proceed(InvocationInterceptorChain.java:64)
	at org.junit.jupiter.engine.e**cution.InvocationInterceptorChain.chainAndInvoke(InvocationInterceptorChain.java:45)
	at org.junit.jupiter.engine.e**cution.InvocationInterceptorChain.invoke(InvocationInterceptorChain.java:37)
	at org.junit.jupiter.engine.e**cution.E**cutableInvoker.invoke(E**cutableInvoker.java:104)
	at org.junit.jupiter.engine.e**cution.E**cutableInvoker.invoke(E**cutableInvoker.java:98)
	at org.junit.jupiter.engine.descriptor.TestMethodTestDescriptor.lambda$invokeTestMethod$6(TestMethodTestDescriptor.java:210)
	at org.junit.platform.engine.support.hierarchical.ThrowableCollector.e**cute(ThrowableCollector.java:73)
	at org.junit.jupiter.engine.descriptor.TestMethodTestDescriptor.invokeTestMethod(TestMethodTestDescriptor.java:206)
	at org.junit.jupiter.engine.descriptor.TestMethodTestDescriptor.e**cute(TestMethodTestDescriptor.java:131)
	at org.junit.jupiter.engine.descriptor.TestMethodTestDescriptor.e**cute(TestMethodTestDescriptor.java:65)
	at org.junit.platform.engine.support.hierarchical.NodeTestTask.lambda$e**cuteRecursively$5(NodeTestTask.java:139)
	at org.junit.platform.engine.support.hierarchical.ThrowableCollector.e**cute(ThrowableCollector.java:73)
	at org.junit.platform.engine.support.hierarchical.NodeTestTask.lambda$e**cuteRecursively$7(NodeTestTask.java:129)
	at org.junit.platform.engine.support.hierarchical.Node.around(Node.java:137)
	at org.junit.platform.engine.support.hierarchical.NodeTestTask.lambda$e**cuteRecursively$8(NodeTestTask.java:127)
	at org.junit.platform.engine.support.hierarchical.ThrowableCollector.e**cute(ThrowableCollector.java:73)
	at org.junit.platform.engine.support.hierarchical.NodeTestTask.e**cuteRecursively(NodeTestTask.java:126)
	at org.junit.platform.engine.support.hierarchical.NodeTestTask.e**cute(NodeTestTask.java:84)
	at org.junit.platform.engine.support.hierarchical.ForkJoinPoolHierarchicalTestE**cutorService$ExclusiveTask.compute(ForkJoinPoolHierarchicalTestE**cutorService.java:185)
	at org.junit.platform.engine.support.hierarchical.ForkJoinPoolHierarchicalTestE**cutorService.invokeAll(ForkJoinPoolHierarchicalTestE**cutorService.java:129)
	at org.junit.platform.engine.support.hierarchical.NodeTestTask.lambda$e**cuteRecursively$5(NodeTestTask.java:143)
	at org.junit.platform.engine.support.hierarchical.ThrowableCollector.e**cute(ThrowableCollector.java:73)
	at org.junit.platform.engine.support.hierarchical.NodeTestTask.lambda$e**cuteRecursively$7(NodeTestTask.java:129)
	at org.junit.platform.engine.support.hierarchical.Node.around(Node.java:137)
	at org.junit.platform.engine.support.hierarchical.NodeTestTask.lambda$e**cuteRecursively$8(NodeTestTask.java:127)
	at org.junit.platform.engine.support.hierarchical.ThrowableCollector.e**cute(ThrowableCollector.java:73)
	at org.junit.platform.engine.support.hierarchical.NodeTestTask.e**cuteRecursively(NodeTestTask.java:126)
	at org.junit.platform.engine.support.hierarchical.NodeTestTask.e**cute(NodeTestTask.java:84)
	at org.junit.platform.engine.support.hierarchical.ForkJoinPoolHierarchicalTestE**cutorService$ExclusiveTask.compute(ForkJoinPoolHierarchicalTestE**cutorService.java:185)
	at org.junit.platform.engine.support.hierarchical.ForkJoinPoolHierarchicalTestE**cutorService.e**cuteNonConcurrentTasks(ForkJoinPoolHierarchicalTestE**cutorService.java:155)
	at org.junit.platform.engine.support.hierarchical.ForkJoinPoolHierarchicalTestE**cutorService.invokeAll(ForkJoinPoolHierarchicalTestE**cutorService.java:135)
	at org.junit.platform.engine.support.hierarchical.NodeTestTask.lambda$e**cuteRecursively$5(NodeTestTask.java:143)
	at org.junit.platform.engine.support.hierarchical.ThrowableCollector.e**cute(ThrowableCollector.java:73)
	at org.junit.platform.engine.support.hierarchical.NodeTestTask.lambda$e**cuteRecursively$7(NodeTestTask.java:129)
	at org.junit.platform.engine.support.hierarchical.Node.around(Node.java:137)
	at org.junit.platform.engine.support.hierarchical.NodeTestTask.lambda$e**cuteRecursively$8(NodeTestTask.java:127)
	at org.junit.platform.engine.support.hierarchical.ThrowableCollector.e**cute(ThrowableCollector.java:73)
	at org.junit.platform.engine.support.hierarchical.NodeTestTask.e**cuteRecursively(NodeTestTask.java:126)
	at org.junit.platform.engine.support.hierarchical.NodeTestTask.e**cute(NodeTestTask.java:84)
	at org.junit.platform.engine.support.hierarchical.ForkJoinPoolHierarchicalTestE**cutorService$ExclusiveTask.compute(ForkJoinPoolHierarchicalTestE**cutorService.java:185)
	at java.base/java.util.concurrent.RecursiveAction.e**c(RecursiveAction.java:189)
	at java.base/java.util.concurrent.ForkJoinTask.doE**c(ForkJoinTask.java:290)
	at java.base/java.util.concurrent.ForkJoinPool$WorkQueue.topLevelE**c(ForkJoinPool.java:1020)
	at java.base/java.util.concurrent.ForkJoinPool.scan(ForkJoinPool.java:1656)
	at java.base/java.util.concurrent.ForkJoinPool.runWorker(ForkJoinPool.java:1594)
	at java.base/java.util.concurrent.ForkJoinWorkerThread.run(ForkJoinWorkerThread.java:177)

Jul 16, 2021 9:02:43 AM org.entando.kubernetes.controller.coordinator.RestartingWatcher onClose
SEVERE: EntandoResourceObserver closed. Can't reconnect. The container should restart now.
io.fabric8.kubernetes.client.WatcherException: Closed
	at org.entando.kubernetes.controller.coordinator.LivenessTests.lambda$shouldCreateControllerPodPointingToResource$2(LivenessTests.java:127)
	at io.qameta.allure.Allure.lambda$step$0(Allure.java:113)
	at io.qameta.allure.Allure.lambda$step$1(Allure.java:127)
	at io.qameta.allure.Allure.step(Allure.java:181)
	at io.qameta.allure.Allure.step(Allure.java:125)
	at io.qameta.allure.Allure.step(Allure.java:112)
	at org.entando.kubernetes.controller.coordinator.LivenessTests.lambda$shouldCreateControllerPodPointingToResource$4(LivenessTests.java:126)
	at java.base/java.util.ArrayList.forEach(ArrayList.java:1540)
	at org.entando.kubernetes.controller.coordinator.LivenessTests.shouldCreateControllerPodPointingToResource(LivenessTests.java:124)
	at java.base/jdk.internal.reflect.NativeMethodAccessorImpl.invoke0(Native Method)
	at java.base/jdk.internal.reflect.NativeMethodAccessorImpl.invoke(NativeMethodAccessorImpl.java:62)
	at java.base/jdk.internal.reflect.DelegatingMethodAccessorImpl.invoke(DelegatingMethodAccessorImpl.java:43)
	at java.base/java.lang.reflect.Method.invoke(Method.java:566)
	at org.junit.platform.commons.util.ReflectionUtils.invokeMethod(ReflectionUtils.java:688)
	at org.junit.jupiter.engine.e**cution.MethodInvocation.proceed(MethodInvocation.java:60)
	at org.junit.jupiter.engine.e**cution.InvocationInterceptorChain$ValidatingInvocation.proceed(InvocationInterceptorChain.java:131)
	at org.junit.jupiter.api.extension.InvocationInterceptor.interceptTestMethod(InvocationInterceptor.java:117)
	at org.junit.jupiter.engine.e**cution.E**cutableInvoker$ReflectiveInterceptorCall.lambda$ofVoidMethod$0(E**cutableInvoker.java:115)
	at org.junit.jupiter.engine.e**cution.E**cutableInvoker.lambda$invoke$0(E**cutableInvoker.java:105)
	at org.junit.jupiter.engine.e**cution.InvocationInterceptorChain$InterceptedInvocation.proceed(InvocationInterceptorChain.java:106)
	at org.junit.jupiter.engine.extension.TimeoutExtension.intercept(TimeoutExtension.java:149)
	at org.junit.jupiter.engine.extension.TimeoutExtension.interceptTestableMethod(TimeoutExtension.java:140)
	at org.junit.jupiter.engine.extension.TimeoutExtension.interceptTestMethod(TimeoutExtension.java:84)
	at org.junit.jupiter.engine.e**cution.E**cutableInvoker$ReflectiveInterceptorCall.lambda$ofVoidMethod$0(E**cutableInvoker.java:115)
	at org.junit.jupiter.engine.e**cution.E**cutableInvoker.lambda$invoke$0(E**cutableInvoker.java:105)
	at org.junit.jupiter.engine.e**cution.InvocationInterceptorChain$InterceptedInvocation.proceed(InvocationInterceptorChain.java:106)
	at org.junit.jupiter.engine.e**cution.InvocationInterceptorChain.proceed(InvocationInterceptorChain.java:64)
	at org.junit.jupiter.engine.e**cution.InvocationInterceptorChain.chainAndInvoke(InvocationInterceptorChain.java:45)
	at org.junit.jupiter.engine.e**cution.InvocationInterceptorChain.invoke(InvocationInterceptorChain.java:37)
	at org.junit.jupiter.engine.e**cution.E**cutableInvoker.invoke(E**cutableInvoker.java:104)
	at org.junit.jupiter.engine.e**cution.E**cutableInvoker.invoke(E**cutableInvoker.java:98)
	at org.junit.jupiter.engine.descriptor.TestMethodTestDescriptor.lambda$invokeTestMethod$6(TestMethodTestDescriptor.java:210)
	at org.junit.platform.engine.support.hierarchical.ThrowableCollector.e**cute(ThrowableCollector.java:73)
	at org.junit.jupiter.engine.descriptor.TestMethodTestDescriptor.invokeTestMethod(TestMethodTestDescriptor.java:206)
	at org.junit.jupiter.engine.descriptor.TestMethodTestDescriptor.e**cute(TestMethodTestDescriptor.java:131)
	at org.junit.jupiter.engine.descriptor.TestMethodTestDescriptor.e**cute(TestMethodTestDescriptor.java:65)
	at org.junit.platform.engine.support.hierarchical.NodeTestTask.lambda$e**cuteRecursively$5(NodeTestTask.java:139)
	at org.junit.platform.engine.support.hierarchical.ThrowableCollector.e**cute(ThrowableCollector.java:73)
	at org.junit.platform.engine.support.hierarchical.NodeTestTask.lambda$e**cuteRecursively$7(NodeTestTask.java:129)
	at org.junit.platform.engine.support.hierarchical.Node.around(Node.java:137)
	at org.junit.platform.engine.support.hierarchical.NodeTestTask.lambda$e**cuteRecursively$8(NodeTestTask.java:127)
	at org.junit.platform.engine.support.hierarchical.ThrowableCollector.e**cute(ThrowableCollector.java:73)
	at org.junit.platform.engine.support.hierarchical.NodeTestTask.e**cuteRecursively(NodeTestTask.java:126)
	at org.junit.platform.engine.support.hierarchical.NodeTestTask.e**cute(NodeTestTask.java:84)
	at org.junit.platform.engine.support.hierarchical.ForkJoinPoolHierarchicalTestE**cutorService$ExclusiveTask.compute(ForkJoinPoolHierarchicalTestE**cutorService.java:185)
	at org.junit.platform.engine.support.hierarchical.ForkJoinPoolHierarchicalTestE**cutorService.invokeAll(ForkJoinPoolHierarchicalTestE**cutorService.java:129)
	at org.junit.platform.engine.support.hierarchical.NodeTestTask.lambda$e**cuteRecursively$5(NodeTestTask.java:143)
	at org.junit.platform.engine.support.hierarchical.ThrowableCollector.e**cute(ThrowableCollector.java:73)
	at org.junit.platform.engine.support.hierarchical.NodeTestTask.lambda$e**cuteRecursively$7(NodeTestTask.java:129)
	at org.junit.platform.engine.support.hierarchical.Node.around(Node.java:137)
	at org.junit.platform.engine.support.hierarchical.NodeTestTask.lambda$e**cuteRecursively$8(NodeTestTask.java:127)
	at org.junit.platform.engine.support.hierarchical.ThrowableCollector.e**cute(ThrowableCollector.java:73)
	at org.junit.platform.engine.support.hierarchical.NodeTestTask.e**cuteRecursively(NodeTestTask.java:126)
	at org.junit.platform.engine.support.hierarchical.NodeTestTask.e**cute(NodeTestTask.java:84)
	at org.junit.platform.engine.support.hierarchical.ForkJoinPoolHierarchicalTestE**cutorService$ExclusiveTask.compute(ForkJoinPoolHierarchicalTestE**cutorService.java:185)
	at org.junit.platform.engine.support.hierarchical.ForkJoinPoolHierarchicalTestE**cutorService.e**cuteNonConcurrentTasks(ForkJoinPoolHierarchicalTestE**cutorService.java:155)
	at org.junit.platform.engine.support.hierarchical.ForkJoinPoolHierarchicalTestE**cutorService.invokeAll(ForkJoinPoolHierarchicalTestE**cutorService.java:135)
	at org.junit.platform.engine.support.hierarchical.NodeTestTask.lambda$e**cuteRecursively$5(NodeTestTask.java:143)
	at org.junit.platform.engine.support.hierarchical.ThrowableCollector.e**cute(ThrowableCollector.java:73)
	at org.junit.platform.engine.support.hierarchical.NodeTestTask.lambda$e**cuteRecursively$7(NodeTestTask.java:129)
	at org.junit.platform.engine.support.hierarchical.Node.around(Node.java:137)
	at org.junit.platform.engine.support.hierarchical.NodeTestTask.lambda$e**cuteRecursively$8(NodeTestTask.java:127)
	at org.junit.platform.engine.support.hierarchical.ThrowableCollector.e**cute(ThrowableCollector.java:73)
	at org.junit.platform.engine.support.hierarchical.NodeTestTask.e**cuteRecursively(NodeTestTask.java:126)
	at org.junit.platform.engine.support.hierarchical.NodeTestTask.e**cute(NodeTestTask.java:84)
	at org.junit.platform.engine.support.hierarchical.ForkJoinPoolHierarchicalTestE**cutorService$ExclusiveTask.compute(ForkJoinPoolHierarchicalTestE**cutorService.java:185)
	at java.base/java.util.concurrent.RecursiveAction.e**c(RecursiveAction.java:189)
	at java.base/java.util.concurrent.ForkJoinTask.doE**c(ForkJoinTask.java:290)
	at java.base/java.util.concurrent.ForkJoinPool$WorkQueue.topLevelE**c(ForkJoinPool.java:1020)
	at java.base/java.util.concurrent.ForkJoinPool.scan(ForkJoinPool.java:1656)
	at java.base/java.util.concurrent.ForkJoinPool.runWorker(ForkJoinPool.java:1594)
	at java.base/java.util.concurrent.ForkJoinWorkerThread.run(ForkJoinWorkerThread.java:177)

Jul 16, 2021 9:02:43 AM org.entando.kubernetes.controller.coordinator.EntandoResourceObserver <init>
INFO: Listening to CRD 'providedcapabilities.entando.org'
Jul 16, 2021 9:02:43 AM org.entando.kubernetes.controller.coordinator.EntandoControllerCoordinator onStartup
[INFO] Tests run: 1, Failures: 0, Errors: 0, Skipped: 0, Time elapsed: 0.221 s - in org.entando.kubernetes.controller.coordinator.LivenessTests
[INFO] Running org.entando.kubernetes.controller.coordinator.CrdManagementTest
INFO: The EntandoControllerCoordinator has started up successfully
Jul 16, 2021 9:02:43 AM org.entando.kubernetes.controller.coordinator.EntandoResourceObserver <init>
INFO: Listening to CRD 'mycrds.test.org'
Jul 16, 2021 9:02:43 AM org.entando.kubernetes.controller.coordinator.EntandoResourceObserver logResource
INFO: Received MODIFIED for the MyCRD my-namespace/my-resource
Jul 16, 2021 9:02:44 AM org.entando.kubernetes.controller.coordinator.EntandoResourceObserver <init>
INFO: Listening to CRD 'providedcapabilities.entando.org'
Jul 16, 2021 9:02:44 AM org.entando.kubernetes.controller.coordinator.EntandoControllerCoordinator onStartup
INFO: The EntandoControllerCoordinator has started up successfully
Jul 16, 2021 9:02:44 AM org.entando.kubernetes.controller.coordinator.EntandoResourceObserver <init>
INFO: Listening to CRD 'mycrds.test.org'
Jul 16, 2021 9:02:44 AM org.entando.kubernetes.controller.coordinator.EntandoResourceObserver logResource
INFO: Received MODIFIED for the ProvidedCapability my-namespace/my-capability
Jul 16, 2021 9:02:44 AM org.entando.kubernetes.controller.coordinator.EntandoResourceObserver <init>
INFO: Listening to CRD 'providedcapabilities.entando.org'
Jul 16, 2021 9:02:44 AM org.entando.kubernetes.controller.coordinator.EntandoControllerCoordinator onStartup
INFO: The EntandoControllerCoordinator has started up successfully
Jul 16, 2021 9:02:44 AM org.entando.kubernetes.controller.coordinator.EntandoResourceObserver <init>
INFO: Listening to CRD 'mycrds.test.org'
Jul 16, 2021 9:02:44 AM org.entando.kubernetes.controller.coordinator.EntandoResourceObserver <init>
INFO: Listening to CRD 'mycrds.test.org'
Jul 16, 2021 9:02:44 AM org.entando.kubernetes.controller.coordinator.EntandoResourceObserver <init>
INFO: Listening to CRD 'providedcapabilities.entando.org'
Jul 16, 2021 9:02:44 AM org.entando.kubernetes.controller.coordinator.EntandoControllerCoordinator onStartup
INFO: The EntandoControllerCoordinator has started up successfully
Jul 16, 2021 9:02:44 AM org.entando.kubernetes.controller.coordinator.EntandoResourceObserver <init>
INFO: Listening to CRD 'mycrds.test.org'
Jul 16, 2021 9:02:44 AM org.entando.kubernetes.controller.coordinator.EntandoResourceObserver logResource
INFO: Received MODIFIED for the MyCRD my-namespace/my-resource
Jul 16, 2021 9:02:44 AM org.entando.kubernetes.controller.coordinator.EntandoResourceObserver <init>
INFO: Listening to CRD 'providedcapabilities.entando.org'
Jul 16, 2021 9:02:44 AM org.entando.kubernetes.controller.coordinator.EntandoControllerCoordinator onStartup
INFO: The EntandoControllerCoordinator has started up successfully
Jul 16, 2021 9:02:44 AM org.entando.kubernetes.controller.coordinator.EntandoResourceObserver <init>
INFO: Listening to CRD 'mycrds.test.org'
Jul 16, 2021 9:02:44 AM org.entando.kubernetes.controller.coordinator.EntandoResourceObserver <init>
INFO: Listening to CRD 'providedcapabilities.entando.org'
Jul 16, 2021 9:02:44 AM org.entando.kubernetes.controller.coordinator.EntandoControllerCoordinator onStartup
INFO: The EntandoControllerCoordinator has started up successfully
Jul 16, 2021 9:02:44 AM org.entando.kubernetes.controller.coordinator.EntandoControllerCoordinator processCustomResourceDefinition
WARNING: CRD mycrds.test.org has neither the entando.org/controller-image annotation, nor is there an entry in the configmap entando-controller-image-overrides for MyCRD.test.org
Jul 16, 2021 9:02:44 AM org.entando.kubernetes.controller.coordinator.EntandoResourceObserver <init>
INFO: Listening to CRD 'mycrds.test.org'
Jul 16, 2021 9:02:44 AM org.entando.kubernetes.controller.coordinator.EntandoResourceObserver logResource
INFO: Received MODIFIED for the MyCRD my-namespace/my-resource
Jul 16, 2021 9:02:44 AM org.entando.kubernetes.controller.coordinator.EntandoControllerCoordinator startImage
WARNING: No controller image found for the MyCRD my-namespace/my-resource. Automatically updating to 'SUCCESSFUL'
Jul 16, 2021 9:02:44 AM org.entando.kubernetes.controller.coordinator.EntandoResourceObserver logResource
INFO: MyCRD my-namespace/my-resource was processed successfully
Jul 16, 2021 9:02:44 AM org.entando.kubernetes.controller.coordinator.EntandoResourceObserver <init>
INFO: Listening to CRD 'providedcapabilities.entando.org'
Jul 16, 2021 9:02:44 AM org.entando.kubernetes.controller.coordinator.EntandoControllerCoordinator onStartup
INFO: The EntandoControllerCoordinator has started up successfully
Jul 16, 2021 9:02:44 AM org.entando.kubernetes.controller.coordinator.EntandoResourceObserver <init>
INFO: Listening to CRD 'mycrds.test.org'
Jul 16, 2021 9:02:44 AM org.entando.kubernetes.controller.coordinator.EntandoResourceObserver logResource
INFO: Received MODIFIED for the ProvidedCapability my-namespace/my-capability
[INFO] Tests run: 7, Failures: 0, Errors: 0, Skipped: 0, Time elapsed: 1.21 s - in org.entando.kubernetes.controller.coordinator.CrdManagementTest
[INFO] Running org.entando.kubernetes.controller.coordinator.EntandoOperatorMatcherTest
Jul 16, 2021 9:02:45 AM org.entando.kubernetes.controller.coordinator.EntandoOperatorMatcher matchesThisOperator
WARNING: Operator ID mismatch. Ignoring resource EntandoApp:null/null
Jul 16, 2021 9:02:45 AM org.entando.kubernetes.controller.coordinator.EntandoOperatorMatcher matchesThisOperator
WARNING: Operator ID mismatch. Ignoring resource EntandoApp:null/null
Jul 16, 2021 9:02:45 AM org.entando.kubernetes.controller.coordinator.EntandoOperatorMatcher matchesThisOperator
WARNING: Operator ID mismatch. Ignoring resource EntandoApp:null/null
[INFO] Tests run: 5, Failures: 0, Errors: 0, Skipped: 0, Time elapsed: 0.051 s - in org.entando.kubernetes.controller.coordinator.EntandoOperatorMatcherTest
[INFO] Running org.entando.kubernetes.controller.coordinator.TrustStoreSecretRegeneratorTest
[INFO] Tests run: 1, Failures: 0, Errors: 0, Skipped: 0, Time elapsed: 0.461 s - in org.entando.kubernetes.controller.coordinator.TrustStoreSecretRegeneratorTest
[INFO] Running org.entando.kubernetes.controller.coordinator.CoordinatorUtilsTest
[INFO] Tests run: 1, Failures: 0, Errors: 0, Skipped: 0, Time elapsed: 0.003 s - in org.entando.kubernetes.controller.coordinator.CoordinatorUtilsTest
[INFO] Running org.entando.kubernetes.controller.coordinator.DefaultSimpleKubernetesClientTest
[INFO] Tests run: 9, Failures: 0, Errors: 0, Skipped: 0, Time elapsed: 154.601 s - in org.entando.kubernetes.controller.coordinator.DefaultSimpleKubernetesClientTest
[INFO] Running org.entando.kubernetes.controller.coordinator.ConfigListenerTest
Jul 16, 2021 9:05:20 AM org.entando.kubernetes.controller.coordinator.ConfigListener eventReceived
INFO: ConfigMap some-namespce/some-map action received: MODIFIED:
entando.k8s.controller.removal.delay=400
Jul 16, 2021 9:05:20 AM org.entando.kubernetes.controller.coordinator.RestartingWatcher onClose
SEVERE: EntandoResourceObserver closed. Can't reconnect. The container should restart now.
io.fabric8.kubernetes.client.WatcherException: Something went wrong
	at org.entando.kubernetes.controller.coordinator.ConfigListenerTest.shouldKillTheOperator(ConfigListenerTest.java:73)
	at java.base/jdk.internal.reflect.NativeMethodAccessorImpl.invoke0(Native Method)
	at java.base/jdk.internal.reflect.NativeMethodAccessorImpl.invoke(NativeMethodAccessorImpl.java:62)
	at java.base/jdk.internal.reflect.DelegatingMethodAccessorImpl.invoke(DelegatingMethodAccessorImpl.java:43)
	at java.base/java.lang.reflect.Method.invoke(Method.java:566)
	at org.junit.platform.commons.util.ReflectionUtils.invokeMethod(ReflectionUtils.java:688)
	at org.junit.jupiter.engine.e**cution.MethodInvocation.proceed(MethodInvocation.java:60)
	at org.junit.jupiter.engine.e**cution.InvocationInterceptorChain$ValidatingInvocation.proceed(InvocationInterceptorChain.java:131)
	at org.junit.jupiter.api.extension.InvocationInterceptor.interceptTestMethod(InvocationInterceptor.java:117)
	at org.junit.jupiter.engine.e**cution.E**cutableInvoker$ReflectiveInterceptorCall.lambda$ofVoidMethod$0(E**cutableInvoker.java:115)
	at org.junit.jupiter.engine.e**cution.E**cutableInvoker.lambda$invoke$0(E**cutableInvoker.java:105)
	at org.junit.jupiter.engine.e**cution.InvocationInterceptorChain$InterceptedInvocation.proceed(InvocationInterceptorChain.java:106)
	at org.junit.jupiter.engine.extension.TimeoutExtension.intercept(TimeoutExtension.java:149)
	at org.junit.jupiter.engine.extension.TimeoutExtension.interceptTestableMethod(TimeoutExtension.java:140)
	at org.junit.jupiter.engine.extension.TimeoutExtension.interceptTestMethod(TimeoutExtension.java:84)
	at org.junit.jupiter.engine.e**cution.E**cutableInvoker$ReflectiveInterceptorCall.lambda$ofVoidMethod$0(E**cutableInvoker.java:115)
	at org.junit.jupiter.engine.e**cution.E**cutableInvoker.lambda$invoke$0(E**cutableInvoker.java:105)
	at org.junit.jupiter.engine.e**cution.InvocationInterceptorChain$InterceptedInvocation.proceed(InvocationInterceptorChain.java:106)
	at org.junit.jupiter.engine.e**cution.InvocationInterceptorChain.proceed(InvocationInterceptorChain.java:64)
	at org.junit.jupiter.engine.e**cution.InvocationInterceptorChain.chainAndInvoke(InvocationInterceptorChain.java:45)
	at org.junit.jupiter.engine.e**cution.InvocationInterceptorChain.invoke(InvocationInterceptorChain.java:37)
	at org.junit.jupiter.engine.e**cution.E**cutableInvoker.invoke(E**cutableInvoker.java:104)
	at org.junit.jupiter.engine.e**cution.E**cutableInvoker.invoke(E**cutableInvoker.java:98)
	at org.junit.jupiter.engine.descriptor.TestMethodTestDescriptor.lambda$invokeTestMethod$6(TestMethodTestDescriptor.java:210)
	at org.junit.platform.engine.support.hierarchical.ThrowableCollector.e**cute(ThrowableCollector.java:73)
	at org.junit.jupiter.engine.descriptor.TestMethodTestDescriptor.invokeTestMethod(TestMethodTestDescriptor.java:206)
	at org.junit.jupiter.engine.descriptor.TestMethodTestDescriptor.e**cute(TestMethodTestDescriptor.java:131)
	at org.junit.jupiter.engine.descriptor.TestMethodTestDescriptor.e**cute(TestMethodTestDescriptor.java:65)
	at org.junit.platform.engine.support.hierarchical.NodeTestTask.lambda$e**cuteRecursively$5(NodeTestTask.java:139)
	at org.junit.platform.engine.support.hierarchical.ThrowableCollector.e**cute(ThrowableCollector.java:73)
	at org.junit.platform.engine.support.hierarchical.NodeTestTask.lambda$e**cuteRecursively$7(NodeTestTask.java:129)
	at org.junit.platform.engine.support.hierarchical.Node.around(Node.java:137)
	at org.junit.platform.engine.support.hierarchical.NodeTestTask.lambda$e**cuteRecursively$8(NodeTestTask.java:127)
	at org.junit.platform.engine.support.hierarchical.ThrowableCollector.e**cute(ThrowableCollector.java:73)
	at org.junit.platform.engine.support.hierarchical.NodeTestTask.e**cuteRecursively(NodeTestTask.java:126)
	at org.junit.platform.engine.support.hierarchical.NodeTestTask.e**cute(NodeTestTask.java:84)
	at org.junit.platform.engine.support.hierarchical.ForkJoinPoolHierarchicalTestE**cutorService$ExclusiveTask.compute(ForkJoinPoolHierarchicalTestE**cutorService.java:185)
	at org.junit.platform.engine.support.hierarchical.ForkJoinPoolHierarchicalTestE**cutorService.e**cuteNonConcurrentTasks(ForkJoinPoolHierarchicalTestE**cutorService.java:155)
	at org.junit.platform.engine.support.hierarchical.ForkJoinPoolHierarchicalTestE**cutorService.invokeAll(ForkJoinPoolHierarchicalTestE**cutorService.java:135)
	at org.junit.platform.engine.support.hierarchical.NodeTestTask.lambda$e**cuteRecursively$5(NodeTestTask.java:143)
	at org.junit.platform.engine.support.hierarchical.ThrowableCollector.e**cute(ThrowableCollector.java:73)
	at org.junit.platform.engine.support.hierarchical.NodeTestTask.lambda$e**cuteRecursively$7(NodeTestTask.java:129)
	at org.junit.platform.engine.support.hierarchical.Node.around(Node.java:137)
	at org.junit.platform.engine.support.hierarchical.NodeTestTask.lambda$e**cuteRecursively$8(NodeTestTask.java:127)
	at org.junit.platform.engine.support.hierarchical.ThrowableCollector.e**cute(ThrowableCollector.java:73)
	at org.junit.platform.engine.support.hierarchical.NodeTestTask.e**cuteRecursively(NodeTestTask.java:126)
	at org.junit.platform.engine.support.hierarchical.NodeTestTask.e**cute(NodeTestTask.java:84)
	at org.junit.platform.engine.support.hierarchical.ForkJoinPoolHierarchicalTestE**cutorService$ExclusiveTask.compute(ForkJoinPoolHierarchicalTestE**cutorService.java:185)
	at org.junit.platform.engine.support.hierarchical.ForkJoinPoolHierarchicalTestE**cutorService.e**cuteNonConcurrentTasks(ForkJoinPoolHierarchicalTestE**cutorService.java:155)
	at org.junit.platform.engine.support.hierarchical.ForkJoinPoolHierarchicalTestE**cutorService.invokeAll(ForkJoinPoolHierarchicalTestE**cutorService.java:135)
	at org.junit.platform.engine.support.hierarchical.NodeTestTask.lambda$e**cuteRecursively$5(NodeTestTask.java:143)
	at org.junit.platform.engine.support.hierarchical.ThrowableCollector.e**cute(ThrowableCollector.java:73)
	at org.junit.platform.engine.support.hierarchical.NodeTestTask.lambda$e**cuteRecursively$7(NodeTestTask.java:129)
	at org.junit.platform.engine.support.hierarchical.Node.around(Node.java:137)
	at org.junit.platform.engine.support.hierarchical.NodeTestTask.lambda$e**cuteRecursively$8(NodeTestTask.java:127)
	at org.junit.platform.engine.support.hierarchical.ThrowableCollector.e**cute(ThrowableCollector.java:73)
	at org.junit.platform.engine.support.hierarchical.NodeTestTask.e**cuteRecursively(NodeTestTask.java:126)
	at org.junit.platform.engine.support.hierarchical.NodeTestTask.e**cute(NodeTestTask.java:84)
[INFO] Tests run: 2, Failures: 0, Errors: 0, Skipped: 0, Time elapsed: 0.041 s - in org.entando.kubernetes.controller.coordinator.ConfigListenerTest
[INFO] Running org.entando.kubernetes.controller.coordinator.UtilsTest
	at org.junit.platform.engine.support.hierarchical.ForkJoinPoolHierarchicalTestE**cutorService$ExclusiveTask.compute(ForkJoinPoolHierarchicalTestE**cutorService.java:185)
	at java.base/java.util.concurrent.RecursiveAction.e**c(RecursiveAction.java:189)
	at java.base/java.util.concurrent.ForkJoinTask.doE**c(ForkJoinTask.java:290)
	at java.base/java.util.concurrent.ForkJoinPool$WorkQueue.topLevelE**c(ForkJoinPool.java:1020)
	at java.base/java.util.concurrent.ForkJoinPool.scan(ForkJoinPool.java:1656)
	at java.base/java.util.concurrent.ForkJoinPool.runWorker(ForkJoinPool.java:1594)
	at java.base/java.util.concurrent.ForkJoinWorkerThread.run(ForkJoinWorkerThread.java:177)

[INFO] Tests run: 2, Failures: 0, Errors: 0, Skipped: 0, Time elapsed: 0.005 s - in org.entando.kubernetes.controller.coordinator.UtilsTest
[INFO] Running org.entando.kubernetes.controller.coordinator.PodManagementTests
Jul 16, 2021 9:05:20 AM org.entando.kubernetes.controller.coordinator.EntandoResourceObserver <init>
INFO: Listening to CRD 'testresources.test.org'
Jul 16, 2021 9:05:20 AM org.entando.kubernetes.controller.coordinator.EntandoResourceObserver <init>
INFO: Listening to CRD 'providedcapabilities.entando.org'
Jul 16, 2021 9:05:20 AM org.entando.kubernetes.controller.coordinator.EntandoControllerCoordinator onStartup
INFO: The EntandoControllerCoordinator has started up successfully
Jul 16, 2021 9:05:20 AM org.entando.kubernetes.controller.coordinator.EntandoResourceObserver logResource
INFO: Received MODIFIED for the TestResource controller-namespace/test-keycloak
Jul 16, 2021 9:05:20 AM org.entando.kubernetes.controller.coordinator.EntandoResourceObserver logResource
INFO: Received MODIFIED for the TestResource controller-namespace/test-keycloak
Jul 16, 2021 9:05:20 AM org.entando.kubernetes.controller.coordinator.EntandoResourceObserver <init>
INFO: Listening to CRD 'testresources.test.org'
Jul 16, 2021 9:05:20 AM org.entando.kubernetes.controller.coordinator.EntandoResourceObserver <init>
INFO: Listening to CRD 'providedcapabilities.entando.org'
Jul 16, 2021 9:05:20 AM org.entando.kubernetes.controller.coordinator.EntandoControllerCoordinator onStartup
INFO: The EntandoControllerCoordinator has started up successfully
Jul 16, 2021 9:05:20 AM org.entando.kubernetes.controller.coordinator.EntandoResourceObserver logResource
INFO: Received MODIFIED for the TestResource controller-namespace/test-keycloak
Jul 16, 2021 9:05:20 AM org.entando.kubernetes.controller.coordinator.EntandoResourceObserver logResource
INFO: TestResource controller-namespace/test-keycloak was processed successfully
Jul 16, 2021 9:05:21 AM org.entando.kubernetes.controller.coordinator.EntandoResourceObserver <init>
INFO: Listening to CRD 'testresources.test.org'
Jul 16, 2021 9:05:21 AM org.entando.kubernetes.controller.coordinator.EntandoResourceObserver <init>
INFO: Listening to CRD 'providedcapabilities.entando.org'
Jul 16, 2021 9:05:21 AM org.entando.kubernetes.controller.coordinator.EntandoControllerCoordinator onStartup
INFO: The EntandoControllerCoordinator has started up successfully
Jul 16, 2021 9:05:21 AM org.entando.kubernetes.controller.coordinator.EntandoResourceObserver logResource
INFO: Received MODIFIED for the TestResource controller-namespace/test-keycloak
Jul 16, 2021 9:05:21 AM org.entando.kubernetes.controller.coordinator.EntandoResourceObserver logResource
INFO: TestResource controller-namespace/test-keycloak was processed successfully
[INFO] Tests run: 3, Failures: 0, Errors: 0, Skipped: 0, Time elapsed: 1.068 s - in org.entando.kubernetes.controller.coordinator.PodManagementTests
[INFO] 
[INFO] Results:
[INFO] 
[INFO] Tests run: 46, Failures: 0, Errors: 0, Skipped: 0
[INFO] 
[INFO] 
[INFO] --- maven-jar-plugin:3.2.0:jar (default-jar) @ entando-k8s-controller-coordinator ---
[INFO] Building jar: /workspace/source/target/entando-k8s-controller-coordinator-0.0.0-SNAPSHOT-PR-75-44.jar
[INFO] 
[INFO] --- maven-jar-plugin:3.2.0:test-jar (build-test-jar) @ entando-k8s-controller-coordinator ---
[INFO] Building jar: /workspace/source/target/entando-k8s-controller-coordinator-0.0.0-SNAPSHOT-PR-75-44-tests.jar
[INFO] 
[INFO] --- maven-javadoc-plugin:3.2.0:jar (attach-javadocs) @ entando-k8s-controller-coordinator ---
[INFO] Skipping javadoc generation
[INFO] 
[INFO] --- license-maven-plugin:2.0.0:aggregate-download-licenses (download-licenses) @ entando-k8s-controller-coordinator ---
[INFO] skip flag is on, will skip goal.
[INFO] 
[INFO] --- quarkus-maven-plugin:1.13.7.Final:build (default) @ entando-k8s-controller-coordinator ---
[INFO] [org.jboss.threads] JBoss Threads version 3.2.0.Final
[WARNING] [io.quarkus.deployment.steps.ReflectiveHierarchyStep] Unable to properly register the hierarchy of the following classes for reflection as they are not in the Jandex index:
	- org.entando.kubernetes.model.common.EntandoCustomResourceStatus (source: JacksonProcessor > org.entando.kubernetes.controller.spi.client.SerializedEntandoResource)
	- org.entando.kubernetes.model.common.ExpectedRole (source: JacksonProcessor > org.entando.kubernetes.controller.spi.deployable.SsoClientConfig)
	- org.entando.kubernetes.model.common.Permission (source: JacksonProcessor > org.entando.kubernetes.controller.spi.deployable.SsoClientConfig)
Consider adding them to the index either by creating a Jandex index for your dependency via the Maven plugin, an empty META-INF/beans.xml or quarkus.index-dependency properties.
[INFO] [io.quarkus.deployment.QuarkusAugmentor] Quarkus augmentation completed in 1529ms
[INFO] 
[INFO] --- maven-surefire-report-plugin:3.0.0-M4:failsafe-report-only (integration-tests) @ entando-k8s-controller-coordinator ---
[INFO] 
[INFO] --- dependency-check-maven:6.1.5:aggregate (default) @ entando-k8s-controller-coordinator ---
[INFO] Skipping National Vulnerability Database Report
[INFO] 
[INFO] --- jacoco-maven-plugin:0.8.7:report (report) @ entando-k8s-controller-coordinator ---
[INFO] Loading e**cution data file /workspace/source/target/jacoco.e**c
[INFO] Analyzed bundle 'Entando K8S Controller Coordinator' with 20 classes
[INFO] 
[INFO] --- maven-surefire-report-plugin:3.0.0-M4:report-only (unit-tests) @ entando-k8s-controller-coordinator ---
[WARNING] Unable to locate Test Source XRef to link to - DISABLED
[INFO] 
[INFO] --- maven-install-plugin:2.4:install (default-install) @ entando-k8s-controller-coordinator ---
[INFO] Installing /workspace/source/target/entando-k8s-controller-coordinator-0.0.0-SNAPSHOT-PR-75-44.jar to /home/jenkins/.mvnrepository/org/entando/entando-k8s-controller-coordinator/0.0.0-SNAPSHOT-PR-75-44/entando-k8s-controller-coordinator-0.0.0-SNAPSHOT-PR-75-44.jar
[INFO] Installing /workspace/source/pom.xml to /home/jenkins/.mvnrepository/org/entando/entando-k8s-controller-coordinator/0.0.0-SNAPSHOT-PR-75-44/entando-k8s-controller-coordinator-0.0.0-SNAPSHOT-PR-75-44.pom
[INFO] Installing /workspace/source/target/entando-k8s-controller-coordinator-0.0.0-SNAPSHOT-PR-75-44-tests.jar to /home/jenkins/.mvnrepository/org/entando/entando-k8s-controller-coordinator/0.0.0-SNAPSHOT-PR-75-44/entando-k8s-controller-coordinator-0.0.0-SNAPSHOT-PR-75-44-tests.jar
[INFO] 
[INFO] --- maven-deploy-plugin:2.8.2:deploy (default-deploy) @ entando-k8s-controller-coordinator ---
[INFO] Using alternate deployment repository local-nexus::default::http://nexus/repository/maven-releases/
[INFO] 
[INFO] -----------< org.entando:entando-k8s-controller-coordinator >-----------
[INFO] Building Entando K8S Controller Coordinator 0.0.0-SNAPSHOT-PR-75-44
[INFO] --------------------------------[ jar ]---------------------------------
[INFO] 
[INFO] --- sonar-maven-plugin:3.9.0.2155:sonar (default-cli) @ entando-k8s-controller-coordinator ---
[INFO] User cache: /****/.sonar/cache
[INFO] SonarQube version: 8.8.0
[INFO] Default locale: "en_US", source code encoding: "UTF-8"
[INFO] Load global settings
[INFO] Load global settings (done) | time=212ms
[INFO] Server id: 1BD809FA-AWHW8ct9-T_TB3XqouNu
[INFO] User cache: /****/.sonar/cache
[INFO] Load/download plugins
[INFO] Load plugins index
[INFO] Load plugins index (done) | time=67ms
[INFO] Load/download plugins (done) | time=23627ms
[INFO] Loaded core extensions: developer-scanner
[INFO] Load project settings for component key: 'entando-k8s_entando-k8s-controller-coordinator'
[INFO] Load project settings for component key: 'entando-k8s_entando-k8s-controller-coordinator' (done) | time=31ms
[INFO] Process project properties
[INFO] E**cute project builders
[INFO] E**cute project builders (done) | time=2ms
[INFO] Project key: entando-k8s_entando-k8s-controller-coordinator
[INFO] Base dir: /workspace/source
[INFO] Working dir: /workspace/source/target/sonar
[INFO] Load project branches
[INFO] Load project branches (done) | time=35ms
[INFO] Check ALM binding of project 'entando-k8s_entando-k8s-controller-coordinator'
[INFO] Detected project binding: BOUND
[INFO] Check ALM binding of project 'entando-k8s_entando-k8s-controller-coordinator' (done) | time=18ms
[INFO] Load project pull requests
[INFO] Load project pull requests (done) | time=41ms
[INFO] Load branch configuration
[INFO] Load branch configuration (done) | time=865ms
[INFO] Load quality profiles
[INFO] Load quality profiles (done) | time=79ms
[INFO] Load active rules
[INFO] Load active rules (done) | time=1618ms
[INFO] Organization key: entando-k8s
[INFO] Pull request 75 for merge into master from ENG-2284_removed_cluster_infrastructure
[INFO] SCM collecting changed files in the branch
[WARNING] Exception caught during e**cution of command '[/usr/local/git/bin/git, config, --******, --edit]' in '/usr/local/git/bin', return code '128', error message 'fatal: Invalid path '/usr/local/git/etc': No such file or directory
'
[INFO] SCM collecting changed files in the branch (done) | time=323ms
[INFO] Indexing files...
[INFO] Project configuration:
[INFO] 40 files inde**d
[INFO] 0 files ignored because of scm ignore settings
[INFO] Quality profile for java: Entando Sonar Way Java
[INFO] Quality profile for xml: Sonar way
[INFO] ------------- Run sensors on module Entando K8S Controller Coordinator
[INFO] Load metrics repository
[INFO] Load metrics repository (done) | time=28ms
[INFO] Sensor JavaSensor [java]
[INFO] Configured Java source version (sonar.java.source): 11
[INFO] JavaClasspath initialization
[INFO] JavaClasspath initialization (done) | time=9ms
[INFO] JavaTestClasspath initialization
[INFO] JavaTestClasspath initialization (done) | time=3ms
[INFO] Java "Main" source files AST scan
[INFO] 23 source files to be analyzed
[INFO] 23/23 source files have been analyzed
[INFO] Java "Main" source files AST scan (done) | time=5575ms
[INFO] Java "Test" source files AST scan
[INFO] 16 source files to be analyzed
[INFO] 16/16 source files have been analyzed
[INFO] Java "Test" source files AST scan (done) | time=2595ms
[INFO] No "Generated" source files to scan.
[INFO] Sensor JavaSensor [java] (done) | time=8538ms
[INFO] Sensor CSS Rules [cssfamily]
[INFO] No CSS, PHP, HTML or VueJS files are found in the project. CSS analysis is skipped.
[INFO] Sensor CSS Rules [cssfamily] (done) | time=4ms
[INFO] Sensor C# Project Type Information [csharp]
[INFO] Sensor C# Project Type Information [csharp] (done) | time=1ms
[INFO] Sensor C# Properties [csharp]
[INFO] Sensor C# Properties [csharp] (done) | time=1ms
[INFO] Sensor Import of Checkstyle issues [java]
[INFO] Importing /workspace/source/target/checkstyle-result.xml
[INFO] Sensor Import of Checkstyle issues [java] (done) | time=89ms
[INFO] Sensor SurefireSensor [java]
[INFO] parsing [/workspace/source/target/surefire-reports]
[INFO] Sensor SurefireSensor [java] (done) | time=76ms
[INFO] Sensor JavaXmlSensor [java]
[INFO] 1 source file to be analyzed
[INFO] 1/1 source file has been analyzed
[INFO] Sensor JavaXmlSensor [java] (done) | time=577ms
[INFO] Sensor HTML [web]
[INFO] Sensor HTML [web] (done) | time=5ms
[INFO] Sensor XML Sensor [xml]
[INFO] 1 source file to be analyzed
[INFO] 1/1 source file has been analyzed
[INFO] Sensor XML Sensor [xml] (done) | time=200ms
[INFO] Sensor VB.NET Project Type Information [vbnet]
[INFO] Sensor VB.NET Project Type Information [vbnet] (done) | time=1ms
[INFO] Sensor VB.NET Properties [vbnet]
[INFO] Sensor VB.NET Properties [vbnet] (done) | time=1ms
[INFO] Sensor JaCoCo XML Report Importer [jacoco]
[INFO] Importing 1 report(s). Turn your logs in debug mode in order to see the exhaustive list.
[INFO] Sensor JaCoCo XML Report Importer [jacoco] (done) | time=35ms
[INFO] Sensor ThymeLeaf template sensor [securityjavafrontend]
[INFO] Sensor ThymeLeaf template sensor [securityjavafrontend] (done) | time=3ms
[INFO] Sensor Serverless configuration file sensor [securityjsfrontend]
[INFO] 0 Serverless function entries were found in the project
[INFO] 0 Serverless function handlers were kept as entrypoints
[INFO] Sensor Serverless configuration file sensor [securityjsfrontend] (done) | time=88ms
[INFO] Sensor JavaSecuritySensor [security]
[INFO] Reading type hierarchy from: /workspace/source/target/sonar/ucfg2/java
[INFO] Read 252 type definitions
[INFO] Reading UCFGs from: /workspace/source/target/sonar/ucfg2/java
[INFO] 09:06:18.349104 Building Runtime Type propagation graph
[INFO] 09:06:18.379418 Running Tarjan on 966 nodes
[INFO] 09:06:18.385842 Tarjan found 957 components
[INFO] 09:06:18.39341 Variable type analysis: done
[INFO] 09:06:18.398024 Building Runtime Type propagation graph
[INFO] 09:06:18.414431 Running Tarjan on 966 nodes
[INFO] 09:06:18.416921 Tarjan found 957 components
[INFO] 09:06:18.419263 Variable type analysis: done
[INFO] Analyzing 200 ucfgs to detect vulnerabilities.
[INFO] All rules entrypoints : 0 Retained UCFGs : 0
[INFO] rule: S5131, entrypoints: 0
[INFO] rule: S5131 done
[INFO] rule: S3649, entrypoints: 0
[INFO] rule: S3649 done
[INFO] rule: S2076, entrypoints: 0
[INFO] rule: S2076 done
[INFO] rule: S2091, entrypoints: 0
[INFO] rule: S2091 done
[INFO] rule: S2078, entrypoints: 0
[INFO] rule: S2078 done
[INFO] rule: S2631, entrypoints: 0
[INFO] rule: S2631 done
[INFO] rule: S5135, entrypoints: 0
[INFO] rule: S5135 done
[INFO] rule: S2083, entrypoints: 0
[INFO] rule: S2083 done
[INFO] rule: S5167, entrypoints: 0
[INFO] rule: S5167 done
[INFO] rule: S5144, entrypoints: 0
[INFO] rule: S5144 done
[INFO] rule: S5145, entrypoints: 0
[INFO] rule: S5145 done
[INFO] rule: S5146, entrypoints: 0
[INFO] rule: S5146 done
[INFO] rule: S5334, entrypoints: 0
[INFO] rule: S5334 done
[INFO] rule: S6096, entrypoints: 0
[INFO] rule: S6096 done
[INFO] Sensor JavaSecuritySensor [security] (done) | time=1080ms
[INFO] Sensor CSharpSecuritySensor [security]
[INFO] Reading type hierarchy from: /workspace/source/target/ucfg_cs2
[INFO] Read 0 type definitions
[INFO] Reading UCFGs from: /workspace/source/target/ucfg_cs2
[INFO] No UCFGs have been included for analysis.
[INFO] Sensor CSharpSecuritySensor [security] (done) | time=1ms
[INFO] Sensor PhpSecuritySensor [security]
[INFO] Reading type hierarchy from: /workspace/source/target/sonar/ucfg2/php
[INFO] Read 0 type definitions
[INFO] Reading UCFGs from: /workspace/source/target/sonar/ucfg2/php
[INFO] No UCFGs have been included for analysis.
[INFO] Sensor PhpSecuritySensor [security] (done) | time=1ms
[INFO] Sensor PythonSecuritySensor [security]
[INFO] Reading type hierarchy from: /workspace/source/target/sonar/ucfg2/python
[INFO] Read 0 type definitions
[INFO] Reading UCFGs from: /workspace/source/target/sonar/ucfg2/python
[INFO] No UCFGs have been included for analysis.
[INFO] Sensor PythonSecuritySensor [security] (done) | time=1ms
[INFO] Sensor JsSecuritySensor [security]
[INFO] Reading type hierarchy from: /workspace/source/target/sonar/ucfg2/js
[INFO] Read 0 type definitions
[INFO] Reading UCFGs from: /workspace/source/target/sonar/ucfg2/js
[INFO] 09:06:19.170949 Building Runtime Type propagation graph
[INFO] 09:06:19.171287 Running Tarjan on 0 nodes
[INFO] 09:06:19.171484 Tarjan found 0 components
[INFO] 09:06:19.171655 Variable type analysis: done
[INFO] 09:06:19.171831 Building Runtime Type propagation graph
[INFO] 09:06:19.17208 Running Tarjan on 0 nodes
[INFO] 09:06:19.172256 Tarjan found 0 components
[INFO] 09:06:19.172416 Variable type analysis: done
[INFO] Analyzing 1 ucfgs to detect vulnerabilities.
[INFO] rule: S5147, entrypoints: 2
[INFO] Running symbolic analysis
[INFO] rule: S5147 done
[INFO] rule: S5696, entrypoints: 2
[INFO] Running symbolic analysis
[INFO] rule: S5696 done
[INFO] rule: S2083, entrypoints: 2
[INFO] Running symbolic analysis
[INFO] rule: S2083 done
[INFO] rule: S2631, entrypoints: 2
[INFO] Running symbolic analysis
[INFO] rule: S2631 done
[INFO] rule: S5883, entrypoints: 2
[INFO] Running symbolic analysis
[INFO] rule: S5883 done
[INFO] rule: S5334, entrypoints: 2
[INFO] Running symbolic analysis
[INFO] rule: S5334 done
[INFO] rule: S5146, entrypoints: 2
[INFO] Running symbolic analysis
[INFO] rule: S5146 done
[INFO] rule: S2076, entrypoints: 2
[INFO] Running symbolic analysis
[INFO] rule: S2076 done
[INFO] rule: S3649, entrypoints: 2
[INFO] Running symbolic analysis
[INFO] rule: S3649 done
[INFO] rule: S6096, entrypoints: 2
[INFO] Running symbolic analysis
[INFO] rule: S6096 done
[INFO] rule: S6105, entrypoints: 2
[INFO] Running symbolic analysis
[INFO] rule: S6105 done
[INFO] rule: S5131, entrypoints: 2
[INFO] Running symbolic analysis
[INFO] rule: S5131 done
[INFO] rule: S5144, entrypoints: 2
[INFO] Running symbolic analysis
[INFO] rule: S5144 done
[INFO] Sensor JsSecuritySensor [security] (done) | time=822ms
[INFO] ------------- Run sensors on project
[INFO] Sensor Zero Coverage Sensor
[INFO] Sensor Zero Coverage Sensor (done) | time=1ms
[INFO] Sensor Java CPD Block Inde**r
[INFO] Sensor Java CPD Block Inde**r (done) | time=100ms
[INFO] SCM Publisher SCM provider for this project is: git
[INFO] SCM Publisher 40 source files to be analyzed
[INFO] SCM Publisher 39/40 source files have been analyzed (done) | time=422ms
[WARNING] Missing blame information for the following files:
[WARNING]   * pom.xml
[WARNING] This may lead to missing/broken features in SonarCloud
[INFO] CPD E**cutor 6 files had no CPD blocks
[INFO] CPD E**cutor Calculating CPD for 17 files
[INFO] CPD E**cutor CPD calculation finished (done) | time=17ms
[INFO] SCM writing changed lines
[INFO] SCM writing changed lines (done) | time=258ms
[INFO] Analysis report generated in 466ms, dir size=581 KB
[INFO] Analysis report compressed in 102ms, zip size=215 KB
[INFO] Analysis report uploaded in 154ms
[INFO] ANALYSIS SUCCESSFUL, you can find the results at: https://sonarcloud.io/dashboard?id=entando-k8s_entando-k8s-controller-coordinator&pullRequest=75
[INFO] Note that you will be able to access the updated dashboard once the server has processed the submitted analysis report
[INFO] More about the report processing at https://sonarcloud.io/api/ce/task?id=AXqukROcyQMh4Rvsfq7P
[INFO] Analysis total time: 19.529 s
[INFO] ------------------------------------------------------------------------
[INFO] BUILD SUCCESS
[INFO] ------------------------------------------------------------------------
[INFO] Total time:  05:39 min
[INFO] Finished at: 2021-07-16T09:06:21Z
[INFO] ------------------------------------------------------------------------
Picked up _JAVA_OPTIONS: -XX:+UnlockExperimentalVMOptions -Dsun.zip.disableMemoryMapping=**** -XX:+UseParallelGC -XX:MinHeapFreeRatio=5 -XX:MaxHeapFreeRatio=10 -XX:GCTimeRatio=4 -XX:AdaptiveSizePolicyWeight=90 -Xms1000m -Xmx12000m
[INFO] Scanning for projects...
[INFO] 
[INFO] -----------< org.entando:entando-k8s-controller-coordinator >-----------
[INFO] Building Entando K8S Controller Coordinator 0.0.0-SNAPSHOT-PR-75-44
[INFO] --------------------------------[ jar ]---------------------------------
[INFO] 
[INFO] --- maven-site-plugin:3.9.0:site (default-site) @ entando-k8s-controller-coordinator ---
[INFO] configuring report plugin org.apache.maven.plugins:maven-project-info-reports-plugin:3.0.0
[INFO] 9 reports configured for maven-project-info-reports-plugin:3.0.0: dependency-info, distribution-management, index, ci-management, issue-management, licenses, plugins, scm, summary
[INFO] Rendering site with default locale English (en)
[WARNING] Unable to find a URL to the parent project. The parent menu will NOT be added.
[INFO] Relativizing decoration links with respect to localized project URL: https://central.entando.com
[INFO] Rendering content with org.apache.maven.skins:maven-default-skin:jar:1.3 skin.
[INFO] Generating "Dependency Information" report --- maven-project-info-reports-plugin:3.0.0:dependency-info
[INFO] Generating "About" report         --- maven-project-info-reports-plugin:3.0.0:index
[INFO] Generating "Issue Management" report --- maven-project-info-reports-plugin:3.0.0:issue-management
[INFO] Generating "Licenses" report      --- maven-project-info-reports-plugin:3.0.0:licenses
[INFO] Generating "Plugins" report       --- maven-project-info-reports-plugin:3.0.0:plugins
[INFO] Generating "Source Code Management" report --- maven-project-info-reports-plugin:3.0.0:scm
[INFO] Generating "Summary" report       --- maven-project-info-reports-plugin:3.0.0:summary
[INFO] 
[INFO] --- allure-maven:2.10.0:report (default) @ entando-k8s-controller-coordinator ---
[INFO] Allure installation directory /workspace/source/.allure
[INFO] Try to finding out allure 2.14.0
[INFO] Downloading allure commandline...
[INFO] Proxy is not specified.
[INFO] Downloading allure commandline complete
[INFO] Generate Allure report (report) with version 2.14.0
[INFO] Generate Allure report to /workspace/source/target/site/allure-reports
[INFO] Found results directory /workspace/source/target/allure-results
[INFO] Can't find information about categories.
[INFO] Generate report to /workspace/source/target/site/allure-reports
Picked up _JAVA_OPTIONS: -XX:+UnlockExperimentalVMOptions -Dsun.zip.disableMemoryMapping=**** -XX:+UseParallelGC -XX:MinHeapFreeRatio=5 -XX:MaxHeapFreeRatio=10 -XX:GCTimeRatio=4 -XX:AdaptiveSizePolicyWeight=90 -Xms1000m -Xmx12000m
Report successfully generated to /workspace/source/target/site/allure-reports
[INFO] Report generated successfully.
[INFO] ------------------------------------------------------------------------
[INFO] BUILD SUCCESS
[INFO] ------------------------------------------------------------------------
[INFO] Total time:  31.174 s
[INFO] Finished at: 2021-07-16T09:06:54Z
[INFO] ------------------------------------------------------------------------
Congratulations! No build failures found for entando-k8s-controller-coordinator-PR-75.

Showing logs for build [32mentando-k8s-entando-k8s-control-ftnn9-44[0m stage [32mfrom-build-pack[0m and container [32mstep-build-container-build[0m
Generating tags...
 - entando/entando-k8s-controller-coordinator -> *********/entando/entando-k8s-controller-coordinator:0.0.0-SNAPSHOT-PR-75-44
Checking cache...
 - entando/entando-k8s-controller-coordinator: Not found. Building
Building [entando/entando-k8s-controller-coordinator]...
Sending build context to Docker daemon  530.9kBSending build context to Docker daemon  797.2kB
Step 1/10 : FROM entando/entando-k8s-operator-common:0.0.0-SNAPSHOT-PR-61-7
 ---> b689eec35152
Step 2/10 : ARG VERSION
 ---> Using cache
 ---> cc21ecaa8cc7
Step 3/10 : LABEL name "Entando K8S Controller Coordinator" vendor "Entando" version "v${VERSION}" release "6" summary "This container is the entrypoint for the Entando Operator and launches delegate containers to process Entando custom resources." description "This is container runs background threads that observe events occurring against Entando custom resources.                    When it detects an event against a known Entando custom resource, it spawns the appropriate run-to-completion                    container to process the event in question."
 ---> Running in 13d8f16882c9
 ---> 54ccb5226397
Step 4/10 : ENV JAVA_OPTIONS "-Djava.util.logging.manager=org.jboss.logmanager.LogManager"
 ---> Running in b64321ca8a37
 ---> 349d727d1155
Step 5/10 : ENV AB_ENABLED jmx_exporter
 ---> Running in b290e9e6d2ea
 ---> a3f36057f7ef
Step 6/10 : COPY target/quarkus-app/lib/main/org.entando.*.jar /deployments/lib/main/
 ---> 441a92cb9456
Step 7/10 : COPY target/quarkus-app/*.* /deployments/
 ---> 193f36f93d64
Step 8/10 : COPY target/quarkus-app/app/ /deployments/app/
 ---> 912b2a93b83f
Step 9/10 : COPY target/quarkus-app/quarkus/ /deployments/quarkus/
 ---> c2f144b29746
Step 10/10 : ENTRYPOINT /deployments/run-java.sh
 ---> Running in ce8bd9d58e2a
 ---> 63251e38b0bc
Successfully built 63251e38b0bc
The push refers to a repository [*********/entando/entando-k8s-controller-coordinator]
062a630a4ea4: Preparing
8e4c64b19692: Preparing
0efb459c6836: Preparing
43d2259faeb3: Preparing
14935c4f2879: Preparing
0d325cafaeaa: Preparing
e2a83bca966f: Preparing
c090f7cd16e6: Preparing
b3b6627f7339: Preparing
c0df90db61d1: Preparing
e2a83bca966f: Waiting
c090f7cd16e6: Waiting
0d325cafaeaa: Waiting
b3b6627f7339: Waiting
c0df90db61d1: Waiting
14935c4f2879: Layer already exists
0d325cafaeaa: Layer already exists
0efb459c6836: Pushed
8e4c64b19692: Pushed
062a630a4ea4: Pushed
43d2259faeb3: Pushed
e2a83bca966f: Layer already exists
b3b6627f7339: Layer already exists
c0df90db61d1: Layer already exists
c090f7cd16e6: Layer already exists
0.0.0-SNAPSHOT-PR-75-44: digest: sha256:5d093abfc270b1a7fc1083fe70c0c5afc29b513f3712f77c0d3b43d3d71a4dad size: 2421
There is a new version (1.28.0) of Skaffold available. Download it at https://storage.googleapis.com/skaffold/releases/latest/skaffold-linux-amd64


Showing logs for build [32mentando-k8s-entando-k8s-control-ftnn9-44[0m stage [32mfrom-build-pack[0m and container [32mstep-postbuild-post-build[0m
no CVE provider running in the current ** namespace so skip adding image to be analysed

Showing logs for build [32mentando-k8s-entando-k8s-control-ftnn9-44[0m stage [32mfrom-build-pack[0m and container [32mstep-promote-make-preview[0m
Creating /tekton/home/.helm 
Creating /tekton/home/.helm/repository 
Creating /tekton/home/.helm/repository/cache 
Creating /tekton/home/.helm/repository/local 
Creating /tekton/home/.helm/plugins 
Creating /tekton/home/.helm/starters 
Creating /tekton/home/.helm/cache/archive 
Creating /tekton/home/.helm/repository/repositories.yaml 
Adding stable repo with URL: https://charts.helm.sh/stable 
Adding local repo with URL: http://127.0.0.1:8879/charts 
$HELM_HOME has been configured at /tekton/home/.helm.
Not installing Tiller due to 'client-only' flag having been set
sed -i -e "s/version:.*/version: 0.0.0-SNAPSHOT-PR-75-44/" Chart.yaml
sed -i -e "s/version:.*/version: 0.0.0-SNAPSHOT-PR-75-44/" ../*/Chart.yaml
sed -i -e "s|repository:.*|repository: *********\/entando\/entando-k8s-controller-coordinator|" values.yaml
sed -i -e "s/tag:.*/tag: 0.0.0-SNAPSHOT-PR-75-44/" values.yaml
sed -i -e "s/redhatRegistryCredentials:.*/redhatRegistryCredentials: ********************************************************************************************************************************************************************************************************************************************************************************************************************************************************************/" values.yaml
sed -i -e "s/ENTANDO_DOCKER_REGISTRY_OVERRIDE:.*/ENTANDO_DOCKER_REGISTRY_OVERRIDE: *********/" values.yaml
echo "  version: 0.0.0-SNAPSHOT-PR-75-44" >> requirements.yaml
** step helm build
WARNING: No $CHART_REPOSITORY defined so using the default value of: http://jenkins-x-chartmuseum:8080
Adding missing Helm repo: storage.googleapis.com https://storage.googleapis.com/chartmuseum.jenkins-x.io
Successfully added Helm repository storage.googleapis.com.
Adding missing Helm repo: jenkins-x-chartmuseum http://jenkins-x-chartmuseum:8080
Successfully added Helm repository jenkins-x-chartmuseum.
WARNING: No $CHART_REPOSITORY defined so using the default value of: http://jenkins-x-chartmuseum:8080

Showing logs for build [32mentando-k8s-entando-k8s-control-ftnn9-44[0m stage [32mfrom-build-pack[0m and container [32mstep-promote-jx-preview[0m
Creating a preview
Found commit author match for: ampie with email address: ampie.private@gmail.com
Namespace entando-k8s-controller-coordinator-carcpr75 created 
expose:
  Annotations:
    helm.sh/hook: post-install,post-upgrade
    helm.sh/hook-delete-policy: hook-succeeded
  config:
    domain: *************
    exposer: Ingress
    http: "****"
preview:
  image:
    repository: *********/entando/entando-k8s-controller-coordinator
    tag: 0.0.0-SNAPSHOT-PR-75-44
error: Failed to run helm template --name preview --namespace entando-k8s-controller-coordinator-carcpr75 . --output-dir /tmp/helm-template-workdir-260860369/preview/output --debug --set tags.**-ns-entando-k8s-controller-coordinator-carcpr75=**** --set global.**NsEntandoK8sControllerCoordinatorCarcpr75=**** --set tags.**-preview=**** --set tags.**-env-entando-k8s-controller-coordinator-carcpr75=**** --set global.**Preview=**** --set global.**EnvEntandoK8sControllerCoordinatorCarcpr75=**** --set-string global.**Ns=entando-k8s-controller-coordinator-carcpr75 --set-string global.**TypeEnv=preview --set-string global.**Env=entando-k8s-controller-coordinator-carcpr75 --set-string global.**PreviewApp=entando-k8s-controller-coordinator --set-string global.**PreviewPr=75 --values /tmp/values.yaml479298055 --values /tmp/values.yaml757303738: failed to run 'helm template --name preview --namespace entando-k8s-controller-coordinator-carcpr75 . --output-dir /tmp/helm-template-workdir-260860369/preview/output --debug --set tags.**-ns-entando-k8s-controller-coordinator-carcpr75=**** --set global.**NsEntandoK8sControllerCoordinatorCarcpr75=**** --set tags.**-preview=**** --set tags.**-env-entando-k8s-controller-coordinator-carcpr75=**** --set global.**Preview=**** --set global.**EnvEntandoK8sControllerCoordinatorCarcpr75=**** --set-string global.**Ns=entando-k8s-controller-coordinator-carcpr75 --set-string global.**TypeEnv=preview --set-string global.**Env=entando-k8s-controller-coordinator-carcpr75 --set-string global.**PreviewApp=entando-k8s-controller-coordinator --set-string global.**PreviewPr=75 --values /tmp/values.yaml479298055 --values /tmp/values.yaml757303738' command in directory '', output: 'Error: Error: Reading chart 'preview' default values (# Default values for Maven projects.
# This is a YAML-formatted file.
# Declare variables to be passed into your templates.
replicaCount: 1
image:
  tag: 0.0.0-SNAPSHOT-10
  repository: entando/entando-k8s-controller-coordinator
  pullPolicy: Always
supportOpenshift311: ****
livenessProbe:
  initialDelaySeconds: 60
clusterScope: false
generateClusterRoles: ****
env:
  ENTANDO_K8S_OPERATOR_SECURITY_MODE: strict
relatedImages:
  rhel8_mysql_80:
    sha256: 570bce7dc649ac7ac85e7ecb196aabc281c77a94590aa7df7d9746869ce757ea
    version: latest
  rhel8_********ql_12:
    sha256: f4e5c728b644bf1888ec8086424852ed74b5596a511be29e636fb10218fc9b6f
    version: latest
  app_builder:
    sha256: 39584207318bc61053321890d76567dbc2c9bc075f16d1950c79c625e75b159f
    version: 6.3.77
  busybox:
    sha256: 400ee2ed939df769d4681023810d2e4fb9479b8401d97003c710d0e20f7c49c6
    version: latest
  entando_avatar_plugin:
    sha256: 3ff5425ca1b27c609614879bf1c8a25df4e6c0c560caa683d272eccd6090cee6
    version: 6.0.5
  entando_component_manager:
    sha256: 28001329222a626c8ccf5c6f4e509da59c4e8788179b0f164634d1f74706c1f3
    version: 6.3.22
  entando_de_app_eap:
    sha256: 6eef37cd92b969f5d5a876fe233de076f142f75eed5006f847b108581c892615
    version: 6.3.66
  entando_de_app_wildfly:
    sha256: e7e25c52962fb529ea0cbdba7afb41b576d0095ab1fa6ddee06dc24514f7211d
    version: 6.3.66
  entando_k8s_app_controller:
    sha256: b623fd7d95b3ce9f399e65773fb6c5d851ba399d828b9867c76af823de87ed65
    version: 0.0.0-SNAPSHOT-PR-32-47
  entando_k8s_app_plugin_link_controller:
    sha256: ea0da4a006d5eb8f75c215a0bca37689f58d0513ea0250919e1313b130db3b9f
    version: 0.0.0-SNAPSHOT-PR-15-15
  entando_k8s_controller_coordinator:
    sha256: 7382ec22a9bf4f4b1dcb6203fd82f13fcfbb0bad237aba9400d76cdb96ccda53
    version: 0.0.0-SNAPSHOT-B39
  entando_k8s_database_service_controller:
    sha256: d63e37ca21a6f5c2896bb47a80f8e72cbcfd0d1f7c25e7097378af632c0b96f4
    version: 0.0.0-SNAPSHOT-PR-10-21
  entando_k8s_dbjob:
    sha256: 8ae47dbf93201965106663299f06daad544982fa244d4a0f365a1b717727e5ed
    version: 6.3.8
  entando_k8s_keycloak_controller:
    sha256: 37cbb78136bfb1a1d17c46df0cf610f76678ddde35ba0de8684f3722406bf988
    version: 0.0.0-SNAPSHOT-PR-28-29
  entando_k8s_plugin_controller:
    sha256:6dc1b4affae769e878c2707bd15de9b0da0ba564e3f38cfb617064245be69926
    version: 0.0.0-SNAPSHOT-PR-27-19
  entando_k8s_service:
    sha256: 4bb4300f3affa1afb2b5c99b92f0bbe5ba32dd6b358aeab5f053f5b33ada6086
    version: 0.0.0-SNAPSHOT-4
  entando_keycloak:
    sha256: 36383301348c15526deac7d378a2f1a8a216c419697f3255e6d183a9cd53e323
    version: 6.3.9
  entando_plugin_sidecar:
    sha256: 900a5725d7490c1835ad4f2bb851d6aae45887f52f1d2c47be0807f4f9b25543
    version: 6.0.2
  entando_process_driven_plugin:
    sha256: ff9374f45a370365b8ee79259340e1efb47c3040604fa1cb431b29b15ae0c06c
    version: 6.0.50
  entando_redhat_sso:
    sha256: 3692adb3694b3bf278bed7a678c9d0eaa0aba8e3e3ed4117ca04156525bcac72
    version: 6.3.9
  mysql_57_centos7:
    sha256: e08ee4d43b7356607685b69bde6335e27cf20c020f345b6c6c59400183882764
    version: latest
  ********ql_96_centos7:
    sha256: f574a3f9048a68c9e1e7277009bc1123f81bdbffd1e15f875d84bbb30ff7d62a
    version: latest

resources:
  limits:
    cpu: 500m
    memory: 512Mi
  requests:
    cpu: 400m
    memory: 512Mi
): error converting YAML to JSON: yaml: line 61: mapping values are not allowed in this context'
[31m
Pipeline failed on stage 'from-build-pack' : container 'step-promote-jx-preview'. The execution of the pipeline has stopped.[0m
