
Showing logs for build [32mentando-k8s-entando-component-m-72mwb-4[0m stage [32mfrom-build-pack[0m and container [32mcredential-initializer[0m
{"level":"info","ts":1627986141.4041235,"caller":"creds-init/main.go:44","msg":"Credentials initialized."}

Showing logs for build [32mentando-k8s-entando-component-m-72mwb-4[0m stage [32mfrom-build-pack[0m and container [32mworking-dir-initializer[0m

Showing logs for build [32mentando-k8s-entando-component-m-72mwb-4[0m stage [32mfrom-build-pack[0m and container [32mplace-tools[0m

Showing logs for build [32mentando-k8s-entando-component-m-72mwb-4[0m stage [32mfrom-build-pack[0m and container [32mstep-git-source-entando-k8s-entando-component-m-72mwb-tl2hp[0m
{"level":"info","ts":1627986164.8922853,"caller":"git/git.go:105","msg":"Successfully cloned https://github.com/entando-k8s/entando-component-manager.git @ master in path /workspace/source"}
{"level":"warn","ts":1627986164.8925965,"caller":"git/git.go:152","msg":"Unexpected error: creating symlink: symlink /tekton/home/.ssh /****/.ssh: file exists"}
{"level":"info","ts":1627986164.979258,"caller":"git/git.go:133","msg":"Successfully initialized and updated submodules in path /workspace/source"}

Showing logs for build [32mentando-k8s-entando-component-m-72mwb-4[0m stage [32mfrom-build-pack[0m and container [32mstep-setup-builder-home[0m

Showing logs for build [32mentando-k8s-entando-component-m-72mwb-4[0m stage [32mfrom-build-pack[0m and container [32mstep-git-merge[0m
Using SHAs from PULL_REFS=master:f23030b7d7537cc2b31cafcddc2d3353c10e9397,135:40e64d8586ec23958dbb273dab55dfd107e8d9ed
DEBUG: LC_ALL=C JX_LOG_LEVEL=error git fetch origin --unshallow 40e64d8586ec23958dbb273dab55dfd107e8d9ed: f23030b7d7537cc2b31cafcddc2d3353c10e9397:
DEBUG: ran git fetch --unshallow origin 40e64d8586ec23958dbb273dab55dfd107e8d9ed: f23030b7d7537cc2b31cafcddc2d3353c10e9397: in 
DEBUG: LC_ALL=C JX_LOG_LEVEL=error git branch
DEBUG: JX_LOG_LEVEL=error LC_ALL=C git checkout master
DEBUG: ran git checkout master in 
DEBUG: LC_ALL=C JX_LOG_LEVEL=error git reset --hard f23030b7d7537cc2b31cafcddc2d3353c10e9397
DEBUG: ran git reset --hard f23030b7d7537cc2b31cafcddc2d3353c10e9397 in 
DEBUG: LC_ALL=C JX_LOG_LEVEL=error git clean -fd .
DEBUG: ran clean --force -d . in 
DEBUG: LC_ALL=C JX_LOG_LEVEL=error git merge 40e64d8586ec23958dbb273dab55dfd107e8d9ed
DEBUG: ran git merge 40e64d8586ec23958dbb273dab55dfd107e8d9ed in 
DEBUG: JX_LOG_LEVEL=error LC_ALL=C git log --format=%H%x1f%an%x1f%ae%x1f%cn%x1f%ce%x1f%s%n%b%x1e f23030b7d7537cc2b31cafcddc2d3353c10e9397..HEAD
Merged SHA 40e64d8586ec23958dbb273dab55dfd107e8d9ed with commit message 'ENG-2284 bump entando-spring-boot-parent to 6.3.10' into base branch master
Merged SHA fed256c8b26352fe290cd2ab7a37886895150472 with commit message 'ENG-2284 fetch bundle by name and namespace if digitalExchangeNames is valued' into base branch master

Showing logs for build [32mentando-k8s-entando-component-m-72mwb-4[0m stage [32mfrom-build-pack[0m and container [32mstep-build-set-version[0m
Picked up _JAVA_OPTIONS: -XX:+UnlockExperimentalVMOptions -Dsun.zip.disableMemoryMapping=**** -XX:+UseParallelGC -XX:MinHeapFreeRatio=5 -XX:MaxHeapFreeRatio=10 -XX:GCTimeRatio=4 -XX:AdaptiveSizePolicyWeight=90 -Xms1000m -Xmx12000m
[INFO] Scanning for projects...
[INFO] 
[INFO] ---------------< org.entando:entando-component-manager >----------------
[INFO] Building Entando Component Manager 6.3.0-SNAPSHOT
[INFO] --------------------------------[ jar ]---------------------------------
[INFO] 
[INFO] --- versions-maven-plugin:2.8.1:set (default-cli) @ entando-component-manager ---
[INFO] Local aggregation ****: /workspace/source
[INFO] Processing change of org.entando:entando-component-manager:6.3.0-SNAPSHOT -> 0.0.0-SNAPSHOT-PR-135-4
[INFO] Processing org.entando:entando-component-manager
[INFO]     Updating project org.entando:entando-component-manager
[INFO]         from version 6.3.0-SNAPSHOT to 0.0.0-SNAPSHOT-PR-135-4
[INFO] 
[INFO] ------------------------------------------------------------------------
[INFO] BUILD SUCCESS
[INFO] ------------------------------------------------------------------------
[INFO] Total time:  15.297 s
[INFO] Finished at: 2021-08-03T10:23:08Z
[INFO] ------------------------------------------------------------------------

Showing logs for build [32mentando-k8s-entando-component-m-72mwb-4[0m stage [32mfrom-build-pack[0m and container [32mstep-build-fix-git-for-sonar[0m
Switched to a new branch 'PR-135'
M	pom.xml
Deleted branch master (was 40e64d8).
From https://github.com/entando-k8s/entando-component-manager
 * [new branch]      master     -> master
 * [new tag]         list       -> list
 * [new tag]         v6.0.32    -> v6.0.32
 * [new tag]         v6.0.32.1  -> v6.0.32.1

Showing logs for build [32mentando-k8s-entando-component-m-72mwb-4[0m stage [32mfrom-build-pack[0m and container [32mstep-build-mvn-verify-pr[0m
Picked up _JAVA_OPTIONS: -XX:+UnlockExperimentalVMOptions -Dsun.zip.disableMemoryMapping=**** -XX:+UseParallelGC -XX:MinHeapFreeRatio=5 -XX:MaxHeapFreeRatio=10 -XX:GCTimeRatio=4 -XX:AdaptiveSizePolicyWeight=90 -Xms1000m -Xmx12000m
[INFO] Scanning for projects...
[INFO] 
[INFO] ---------------< org.entando:entando-component-manager >----------------
[INFO] Building Entando Component Manager 0.0.0-SNAPSHOT-PR-135-4
[INFO] --------------------------------[ jar ]---------------------------------
[INFO] 
[INFO] --- maven-checkstyle-plugin:3.1.1:check (validate) @ entando-component-manager ---
[INFO] Starting audit...
Audit done.
[INFO] You have 0 Checkstyle violations.
[INFO] 
[INFO] --- maven-checkstyle-plugin:3.1.1:checkstyle (validate) @ entando-component-manager ---
[INFO] Starting audit...
Audit done.
[INFO] 
[INFO] --- jacoco-maven-plugin:0.8.6:prepare-agent (prepare-agent) @ entando-component-manager ---
[INFO] argLine set to -javaagent:/home/jenkins/.mvnrepository/org/jacoco/org.jacoco.agent/0.8.6/org.jacoco.agent-0.8.6-runtime.jar=destfile=/workspace/source/target/jacoco.e**c
[INFO] 
[INFO] --- maven-resources-plugin:2.6:resources (default-resources) @ entando-component-manager ---
[INFO] Using 'UTF-8' encoding to copy filtered resources.
[INFO] Copying 15 resources
[INFO] 
[INFO] --- maven-compiler-plugin:3.8.1:compile (default-compile) @ entando-component-manager ---
[INFO] Changes detected - recompiling the module!
[INFO] Compiling 228 source files to /workspace/source/target/classes
[WARNING] /workspace/source/src/main/java/org/entando/kubernetes/service/digitalexchange/job/EntandoBundleInstallService.java:[242,29] unchecked method invocation: method e**cuteInstall in class org.entando.kubernetes.service.digitalexchange.job.EntandoBundleInstallService is applied to given types
  required: org.entando.kubernetes.model.bundle.installable.Installable<T>
  found: org.entando.kubernetes.model.bundle.installable.Installable
[WARNING] /workspace/source/src/main/java/org/entando/kubernetes/model/job/HashMapConverter.java:[38,54] unchecked conversion
  required: java.util.Map<java.lang.String,java.lang.String>
  found:    java.util.Map
[WARNING] /workspace/source/src/main/java/org/entando/kubernetes/model/web/request/FilterUtils.java:[25,16] unchecked call to TransformingComparator(org.apache.commons.collections4.Transformer<? super I,? extends O>) as a member of the raw type org.apache.commons.collections4.comparators.TransformingComparator
[INFO] /workspace/source/src/main/java/org/entando/kubernetes/client/core/DefaultEntandoCoreClient.java: Some input files use or override a deprecated API.
[INFO] /workspace/source/src/main/java/org/entando/kubernetes/client/core/DefaultEntandoCoreClient.java: Recompile with -Xlint:deprecation for details.
[INFO] 
[INFO] --- maven-resources-plugin:2.6:testResources (default-testResources) @ entando-component-manager ---
[INFO] Using 'UTF-8' encoding to copy filtered resources.
[INFO] Copying 67 resources
[INFO] 
[INFO] --- maven-compiler-plugin:3.8.1:testCompile (default-testCompile) @ entando-component-manager ---
[INFO] Changes detected - recompiling the module!
[INFO] Compiling 88 source files to /workspace/source/target/test-classes
[INFO] /workspace/source/src/test/java/org/entando/kubernetes/model/bundle/processor/PluginProcessorTest.java: Some input files use or override a deprecated API.
[INFO] /workspace/source/src/test/java/org/entando/kubernetes/model/bundle/processor/PluginProcessorTest.java: Recompile with -Xlint:deprecation for details.
[INFO] -------------------------------------------------------------
[WARNING] COMPILATION WARNING : 
[INFO] -------------------------------------------------------------
[WARNING] /workspace/source/src/test/java/org/entando/kubernetes/assertionhelper/InstallPlanAssertionHelper.java:[15,52] unchecked method invocation: method containsOnly in class org.assertj.core.api.MapAssert is applied to given types
  required: java.util.Map.Entry<? extends K,? extends V>[]
  found: java.util.Map.Entry[]
[WARNING] /workspace/source/src/test/java/org/entando/kubernetes/assertionhelper/InstallPlanAssertionHelper.java:[15,85] unchecked conversion
  required: java.util.Map.Entry<? extends K,? extends V>[]
  found:    java.util.Map.Entry[]
[WARNING] /workspace/source/src/test/java/org/entando/kubernetes/assertionhelper/InstallPlanAssertionHelper.java:[16,55] unchecked method invocation: method containsOnly in class org.assertj.core.api.MapAssert is applied to given types
  required: java.util.Map.Entry<? extends K,? extends V>[]
  found: java.util.Map.Entry[]
[WARNING] /workspace/source/src/test/java/org/entando/kubernetes/assertionhelper/InstallPlanAssertionHelper.java:[16,88] unchecked conversion
  required: java.util.Map.Entry<? extends K,? extends V>[]
  found:    java.util.Map.Entry[]
[WARNING] /workspace/source/src/test/java/org/entando/kubernetes/assertionhelper/InstallPlanAssertionHelper.java:[17,54] unchecked method invocation: method containsOnly in class org.assertj.core.api.MapAssert is applied to given types
  required: java.util.Map.Entry<? extends K,? extends V>[]
  found: java.util.Map.Entry[]
[WARNING] /workspace/source/src/test/java/org/entando/kubernetes/assertionhelper/InstallPlanAssertionHelper.java:[17,87] unchecked conversion
  required: java.util.Map.Entry<? extends K,? extends V>[]
  found:    java.util.Map.Entry[]
[WARNING] /workspace/source/src/test/java/org/entando/kubernetes/assertionhelper/InstallPlanAssertionHelper.java:[18,62] unchecked method invocation: method containsOnly in class org.assertj.core.api.MapAssert is applied to given types
  required: java.util.Map.Entry<? extends K,? extends V>[]
  found: java.util.Map.Entry[]
[WARNING] /workspace/source/src/test/java/org/entando/kubernetes/assertionhelper/InstallPlanAssertionHelper.java:[18,95] unchecked conversion
  required: java.util.Map.Entry<? extends K,? extends V>[]
  found:    java.util.Map.Entry[]
[WARNING] /workspace/source/src/test/java/org/entando/kubernetes/assertionhelper/InstallPlanAssertionHelper.java:[19,58] unchecked method invocation: method containsOnly in class org.assertj.core.api.MapAssert is applied to given types
  required: java.util.Map.Entry<? extends K,? extends V>[]
  found: java.util.Map.Entry[]
[WARNING] /workspace/source/src/test/java/org/entando/kubernetes/assertionhelper/InstallPlanAssertionHelper.java:[19,91] unchecked conversion
  required: java.util.Map.Entry<? extends K,? extends V>[]
  found:    java.util.Map.Entry[]
[WARNING] /workspace/source/src/test/java/org/entando/kubernetes/assertionhelper/InstallPlanAssertionHelper.java:[20,52] unchecked method invocation: method containsOnly in class org.assertj.core.api.MapAssert is applied to given types
  required: java.util.Map.Entry<? extends K,? extends V>[]
  found: java.util.Map.Entry[]
[WARNING] /workspace/source/src/test/java/org/entando/kubernetes/assertionhelper/InstallPlanAssertionHelper.java:[20,85] unchecked conversion
  required: java.util.Map.Entry<? extends K,? extends V>[]
  found:    java.util.Map.Entry[]
[WARNING] /workspace/source/src/test/java/org/entando/kubernetes/assertionhelper/InstallPlanAssertionHelper.java:[21,52] unchecked method invocation: method containsOnly in class org.assertj.core.api.MapAssert is applied to given types
  required: java.util.Map.Entry<? extends K,? extends V>[]
  found: java.util.Map.Entry[]
[WARNING] /workspace/source/src/test/java/org/entando/kubernetes/assertionhelper/InstallPlanAssertionHelper.java:[21,85] unchecked conversion
  required: java.util.Map.Entry<? extends K,? extends V>[]
  found:    java.util.Map.Entry[]
[WARNING] /workspace/source/src/test/java/org/entando/kubernetes/assertionhelper/InstallPlanAssertionHelper.java:[22,55] unchecked method invocation: method containsOnly in class org.assertj.core.api.MapAssert is applied to given types
  required: java.util.Map.Entry<? extends K,? extends V>[]
  found: java.util.Map.Entry[]
[WARNING] /workspace/source/src/test/java/org/entando/kubernetes/assertionhelper/InstallPlanAssertionHelper.java:[22,88] unchecked conversion
  required: java.util.Map.Entry<? extends K,? extends V>[]
  found:    java.util.Map.Entry[]
[WARNING] /workspace/source/src/test/java/org/entando/kubernetes/assertionhelper/InstallPlanAssertionHelper.java:[23,51] unchecked method invocation: method containsOnly in class org.assertj.core.api.MapAssert is applied to given types
  required: java.util.Map.Entry<? extends K,? extends V>[]
  found: java.util.Map.Entry[]
[WARNING] /workspace/source/src/test/java/org/entando/kubernetes/assertionhelper/InstallPlanAssertionHelper.java:[23,84] unchecked conversion
  required: java.util.Map.Entry<? extends K,? extends V>[]
  found:    java.util.Map.Entry[]
[WARNING] /workspace/source/src/test/java/org/entando/kubernetes/assertionhelper/InstallPlanAssertionHelper.java:[24,59] unchecked method invocation: method containsOnly in class org.assertj.core.api.MapAssert is applied to given types
  required: java.util.Map.Entry<? extends K,? extends V>[]
  found: java.util.Map.Entry[]
[WARNING] /workspace/source/src/test/java/org/entando/kubernetes/assertionhelper/InstallPlanAssertionHelper.java:[24,92] unchecked conversion
  required: java.util.Map.Entry<? extends K,? extends V>[]
  found:    java.util.Map.Entry[]
[WARNING] /workspace/source/src/test/java/org/entando/kubernetes/assertionhelper/InstallPlanAssertionHelper.java:[25,53] unchecked method invocation: method containsOnly in class org.assertj.core.api.MapAssert is applied to given types
  required: java.util.Map.Entry<? extends K,? extends V>[]
  found: java.util.Map.Entry[]
[WARNING] /workspace/source/src/test/java/org/entando/kubernetes/assertionhelper/InstallPlanAssertionHelper.java:[25,86] unchecked conversion
  required: java.util.Map.Entry<? extends K,? extends V>[]
  found:    java.util.Map.Entry[]
[WARNING] /workspace/source/src/test/java/org/entando/kubernetes/assertionhelper/InstallPlanAssertionHelper.java:[26,56] unchecked method invocation: method containsOnly in class org.assertj.core.api.MapAssert is applied to given types
  required: java.util.Map.Entry<? extends K,? extends V>[]
  found: java.util.Map.Entry[]
[WARNING] /workspace/source/src/test/java/org/entando/kubernetes/assertionhelper/InstallPlanAssertionHelper.java:[26,89] unchecked conversion
  required: java.util.Map.Entry<? extends K,? extends V>[]
  found:    java.util.Map.Entry[]
[WARNING] /workspace/source/src/test/java/org/entando/kubernetes/assertionhelper/InstallPlanAssertionHelper.java:[27,55] unchecked method invocation: method containsOnly in class org.assertj.core.api.MapAssert is applied to given types
  required: java.util.Map.Entry<? extends K,? extends V>[]
  found: java.util.Map.Entry[]
[WARNING] /workspace/source/src/test/java/org/entando/kubernetes/assertionhelper/InstallPlanAssertionHelper.java:[27,88] unchecked conversion
  required: java.util.Map.Entry<? extends K,? extends V>[]
  found:    java.util.Map.Entry[]
[WARNING] /workspace/source/src/test/java/org/entando/kubernetes/assertionhelper/InstallPlanAssertionHelper.java:[28,53] unchecked method invocation: method containsOnly in class org.assertj.core.api.MapAssert is applied to given types
  required: java.util.Map.Entry<? extends K,? extends V>[]
  found: java.util.Map.Entry[]
[WARNING] /workspace/source/src/test/java/org/entando/kubernetes/assertionhelper/InstallPlanAssertionHelper.java:[28,86] unchecked conversion
  required: java.util.Map.Entry<? extends K,? extends V>[]
  found:    java.util.Map.Entry[]
[WARNING] /workspace/source/src/test/java/org/entando/kubernetes/client/EntandoBundleJobRepositoryTestDouble.java:[175,20] unchecked cast
  required: S
  found:    org.entando.kubernetes.model.job.EntandoBundleJobEntity
[WARNING] /workspace/source/src/test/java/org/entando/kubernetes/service/EntandoBundleUtilitiesTest.java:[446,17] unchecked call to SimpleEntry(K,V) as a member of the raw type java.util.AbstractMap.SimpleEntry
[WARNING] /workspace/source/src/test/java/org/entando/kubernetes/service/EntandoBundleUtilitiesTest.java:[447,17] unchecked call to SimpleEntry(K,V) as a member of the raw type java.util.AbstractMap.SimpleEntry
[WARNING] /workspace/source/src/test/java/org/entando/kubernetes/service/EntandoBundleUtilitiesTest.java:[448,17] unchecked call to SimpleEntry(K,V) as a member of the raw type java.util.AbstractMap.SimpleEntry
[WARNING] /workspace/source/src/test/java/org/entando/kubernetes/service/EntandoBundleUtilitiesTest.java:[454,45] unchecked method invocation: method containsExactly in class org.assertj.core.api.MapAssert is applied to given types
  required: java.util.Map.Entry<? extends K,? extends V>[]
  found: java.util.AbstractMap.SimpleEntry[]
[WARNING] /workspace/source/src/test/java/org/entando/kubernetes/service/EntandoBundleUtilitiesTest.java:[454,46] unchecked conversion
  required: java.util.Map.Entry<? extends K,? extends V>[]
  found:    java.util.AbstractMap.SimpleEntry[]
[WARNING] /workspace/source/src/test/java/org/entando/kubernetes/model/bundle/processor/ContentComponentProcessorTestDouble.java:[40,30] process(java.util.List) in org.entando.kubernetes.model.bundle.processor.ContentComponentProcessorTestDouble implements process(java.util.List<org.entando.kubernetes.model.job.EntandoBundleComponentJobEntity>) in org.entando.kubernetes.model.bundle.processor.ComponentProcessor
  return type requires unchecked conversion from java.util.List<org.entando.kubernetes.model.bundle.installable.Installable> to java.util.List<org.entando.kubernetes.model.bundle.installable.Installable<org.entando.kubernetes.model.bundle.descriptor.content.ContentDescriptor>>
[WARNING] /workspace/source/src/test/java/org/entando/kubernetes/client/model/entandocore/EntandoCoreWidgetTest.java:[45,70] unchecked cast
  required: java.util.List<java.lang.String>
  found:    java.lang.Object
[WARNING] /workspace/source/src/test/java/org/entando/kubernetes/service/digitalexchange/EntandoBundleServiceTest.java:[95,60] unchecked method invocation: method findEntandoBundleJobEntityByIdIn in interface org.entando.kubernetes.repository.EntandoBundleJobRepository is applied to given types
  required: java.util.Set<java.util.UUID>
  found: java.util.Set
[WARNING] /workspace/source/src/test/java/org/entando/kubernetes/service/digitalexchange/EntandoBundleServiceTest.java:[95,64] unchecked conversion
  required: java.util.Set<java.util.UUID>
  found:    java.util.Set
[WARNING] /workspace/source/src/test/java/org/entando/kubernetes/model/bundle/processor/LanguageProcessorTest.java:[78,60] unchecked conversion
  required: org.entando.kubernetes.model.bundle.installable.Installable<org.entando.kubernetes.model.bundle.descriptor.LanguageDescriptor>
  found:    capture#1 of ? extends org.entando.kubernetes.model.bundle.installable.Installable
[WARNING] /workspace/source/src/test/java/org/entando/kubernetes/model/bundle/processor/ComponentProcessorTest.java:[60,125] process(java.util.List) in org.entando.kubernetes.model.bundle.processor.ContentComponentProcessorTestDouble implements process(java.util.List<org.entando.kubernetes.model.job.EntandoBundleComponentJobEntity>) in org.entando.kubernetes.model.bundle.processor.ComponentProcessor
  return type requires unchecked conversion from java.util.List<org.entando.kubernetes.model.bundle.installable.Installable> to java.util.List<org.entando.kubernetes.model.bundle.installable.Installable<org.entando.kubernetes.model.bundle.descriptor.content.ContentDescriptor>>
[WARNING] /workspace/source/src/test/java/org/entando/kubernetes/assertionhelper/AnalysisReportAssertionHelper.java:[15,52] unchecked method invocation: method containsOnly in class org.assertj.core.api.MapAssert is applied to given types
  required: java.util.Map.Entry<? extends K,? extends V>[]
  found: java.util.Map.Entry[]
[WARNING] /workspace/source/src/test/java/org/entando/kubernetes/assertionhelper/AnalysisReportAssertionHelper.java:[15,71] unchecked conversion
  required: java.util.Map.Entry<? extends K,? extends V>[]
  found:    java.util.Map.Entry[]
[WARNING] /workspace/source/src/test/java/org/entando/kubernetes/assertionhelper/AnalysisReportAssertionHelper.java:[16,55] unchecked method invocation: method containsOnly in class org.assertj.core.api.MapAssert is applied to given types
  required: java.util.Map.Entry<? extends K,? extends V>[]
  found: java.util.Map.Entry[]
[WARNING] /workspace/source/src/test/java/org/entando/kubernetes/assertionhelper/AnalysisReportAssertionHelper.java:[16,74] unchecked conversion
  required: java.util.Map.Entry<? extends K,? extends V>[]
  found:    java.util.Map.Entry[]
[WARNING] /workspace/source/src/test/java/org/entando/kubernetes/assertionhelper/AnalysisReportAssertionHelper.java:[17,54] unchecked method invocation: method containsOnly in class org.assertj.core.api.MapAssert is applied to given types
  required: java.util.Map.Entry<? extends K,? extends V>[]
  found: java.util.Map.Entry[]
[WARNING] /workspace/source/src/test/java/org/entando/kubernetes/assertionhelper/AnalysisReportAssertionHelper.java:[17,73] unchecked conversion
  required: java.util.Map.Entry<? extends K,? extends V>[]
  found:    java.util.Map.Entry[]
[WARNING] /workspace/source/src/test/java/org/entando/kubernetes/assertionhelper/AnalysisReportAssertionHelper.java:[18,62] unchecked method invocation: method containsOnly in class org.assertj.core.api.MapAssert is applied to given types
  required: java.util.Map.Entry<? extends K,? extends V>[]
  found: java.util.Map.Entry[]
[WARNING] /workspace/source/src/test/java/org/entando/kubernetes/assertionhelper/AnalysisReportAssertionHelper.java:[18,81] unchecked conversion
  required: java.util.Map.Entry<? extends K,? extends V>[]
  found:    java.util.Map.Entry[]
[WARNING] /workspace/source/src/test/java/org/entando/kubernetes/assertionhelper/AnalysisReportAssertionHelper.java:[19,58] unchecked method invocation: method containsOnly in class org.assertj.core.api.MapAssert is applied to given types
  required: java.util.Map.Entry<? extends K,? extends V>[]
  found: java.util.Map.Entry[]
[WARNING] /workspace/source/src/test/java/org/entando/kubernetes/assertionhelper/AnalysisReportAssertionHelper.java:[19,77] unchecked conversion
  required: java.util.Map.Entry<? extends K,? extends V>[]
  found:    java.util.Map.Entry[]
[WARNING] /workspace/source/src/test/java/org/entando/kubernetes/assertionhelper/AnalysisReportAssertionHelper.java:[20,52] unchecked method invocation: method containsOnly in class org.assertj.core.api.MapAssert is applied to given types
  required: java.util.Map.Entry<? extends K,? extends V>[]
  found: java.util.Map.Entry[]
[WARNING] /workspace/source/src/test/java/org/entando/kubernetes/assertionhelper/AnalysisReportAssertionHelper.java:[20,71] unchecked conversion
  required: java.util.Map.Entry<? extends K,? extends V>[]
  found:    java.util.Map.Entry[]
[WARNING] /workspace/source/src/test/java/org/entando/kubernetes/assertionhelper/AnalysisReportAssertionHelper.java:[21,52] unchecked method invocation: method containsOnly in class org.assertj.core.api.MapAssert is applied to given types
  required: java.util.Map.Entry<? extends K,? extends V>[]
  found: java.util.Map.Entry[]
[WARNING] /workspace/source/src/test/java/org/entando/kubernetes/assertionhelper/AnalysisReportAssertionHelper.java:[21,71] unchecked conversion
  required: java.util.Map.Entry<? extends K,? extends V>[]
  found:    java.util.Map.Entry[]
[WARNING] /workspace/source/src/test/java/org/entando/kubernetes/assertionhelper/AnalysisReportAssertionHelper.java:[22,55] unchecked method invocation: method containsOnly in class org.assertj.core.api.MapAssert is applied to given types
  required: java.util.Map.Entry<? extends K,? extends V>[]
  found: java.util.Map.Entry[]
[WARNING] /workspace/source/src/test/java/org/entando/kubernetes/assertionhelper/AnalysisReportAssertionHelper.java:[22,74] unchecked conversion
  required: java.util.Map.Entry<? extends K,? extends V>[]
  found:    java.util.Map.Entry[]
[WARNING] /workspace/source/src/test/java/org/entando/kubernetes/assertionhelper/AnalysisReportAssertionHelper.java:[23,51] unchecked method invocation: method containsOnly in class org.assertj.core.api.MapAssert is applied to given types
  required: java.util.Map.Entry<? extends K,? extends V>[]
  found: java.util.Map.Entry[]
[WARNING] /workspace/source/src/test/java/org/entando/kubernetes/assertionhelper/AnalysisReportAssertionHelper.java:[23,70] unchecked conversion
  required: java.util.Map.Entry<? extends K,? extends V>[]
  found:    java.util.Map.Entry[]
[WARNING] /workspace/source/src/test/java/org/entando/kubernetes/assertionhelper/AnalysisReportAssertionHelper.java:[24,59] unchecked method invocation: method containsOnly in class org.assertj.core.api.MapAssert is applied to given types
  required: java.util.Map.Entry<? extends K,? extends V>[]
  found: java.util.Map.Entry[]
[WARNING] /workspace/source/src/test/java/org/entando/kubernetes/assertionhelper/AnalysisReportAssertionHelper.java:[24,78] unchecked conversion
  required: java.util.Map.Entry<? extends K,? extends V>[]
  found:    java.util.Map.Entry[]
[WARNING] /workspace/source/src/test/java/org/entando/kubernetes/assertionhelper/AnalysisReportAssertionHelper.java:[25,53] unchecked method invocation: method containsOnly in class org.assertj.core.api.MapAssert is applied to given types
  required: java.util.Map.Entry<? extends K,? extends V>[]
  found: java.util.Map.Entry[]
[WARNING] /workspace/source/src/test/java/org/entando/kubernetes/assertionhelper/AnalysisReportAssertionHelper.java:[25,72] unchecked conversion
  required: java.util.Map.Entry<? extends K,? extends V>[]
  found:    java.util.Map.Entry[]
[WARNING] /workspace/source/src/test/java/org/entando/kubernetes/assertionhelper/AnalysisReportAssertionHelper.java:[26,56] unchecked method invocation: method containsOnly in class org.assertj.core.api.MapAssert is applied to given types
  required: java.util.Map.Entry<? extends K,? extends V>[]
  found: java.util.Map.Entry[]
[WARNING] /workspace/source/src/test/java/org/entando/kubernetes/assertionhelper/AnalysisReportAssertionHelper.java:[26,75] unchecked conversion
  required: java.util.Map.Entry<? extends K,? extends V>[]
  found:    java.util.Map.Entry[]
[WARNING] /workspace/source/src/test/java/org/entando/kubernetes/assertionhelper/AnalysisReportAssertionHelper.java:[27,55] unchecked method invocation: method containsOnly in class org.assertj.core.api.MapAssert is applied to given types
  required: java.util.Map.Entry<? extends K,? extends V>[]
  found: java.util.Map.Entry[]
[WARNING] /workspace/source/src/test/java/org/entando/kubernetes/assertionhelper/AnalysisReportAssertionHelper.java:[27,74] unchecked conversion
  required: java.util.Map.Entry<? extends K,? extends V>[]
  found:    java.util.Map.Entry[]
[WARNING] /workspace/source/src/test/java/org/entando/kubernetes/assertionhelper/AnalysisReportAssertionHelper.java:[28,53] unchecked method invocation: method containsOnly in class org.assertj.core.api.MapAssert is applied to given types
  required: java.util.Map.Entry<? extends K,? extends V>[]
  found: java.util.Map.Entry[]
[WARNING] /workspace/source/src/test/java/org/entando/kubernetes/assertionhelper/AnalysisReportAssertionHelper.java:[28,72] unchecked conversion
  required: java.util.Map.Entry<? extends K,? extends V>[]
  found:    java.util.Map.Entry[]
[INFO] 68 warnings 
[INFO] -------------------------------------------------------------
[INFO] -------------------------------------------------------------
[ERROR] COMPILATION ERROR : 
[INFO] -------------------------------------------------------------
[ERROR] /workspace/source/src/test/java/org/entando/kubernetes/client/EntandoBundleJobRepositoryTestDouble.java:[25,8] org.entando.kubernetes.client.EntandoBundleJobRepositoryTestDouble is not abstract and does not override abstract method getById(java.util.UUID) in org.springframework.data.jpa.repository.JpaRepository
[ERROR] /workspace/source/src/test/java/org/entando/kubernetes/client/EntandoBundleComponentJobRepositoryTestDouble.java:[25,8] org.entando.kubernetes.client.EntandoBundleComponentJobRepositoryTestDouble is not abstract and does not override abstract method getById(java.util.UUID) in org.springframework.data.jpa.repository.JpaRepository
[INFO] 2 errors 
[INFO] -------------------------------------------------------------
[INFO] 
[INFO] ------------------------------------------------------------------------
[INFO] Skipping Entando Component Manager
[INFO] This project has been banned from the build due to previous failures.
[INFO] ------------------------------------------------------------------------
[INFO] ------------------------------------------------------------------------
[INFO] BUILD FAILURE
[INFO] ------------------------------------------------------------------------
[INFO] Total time:  34.455 s
[INFO] Finished at: 2021-08-03T10:23:48Z
[INFO] ------------------------------------------------------------------------
[ERROR] Failed to e**cute goal org.apache.maven.plugins:maven-compiler-plugin:3.8.1:testCompile (default-testCompile) on project entando-component-manager: Compilation failure: Compilation failure: 
[ERROR] /workspace/source/src/test/java/org/entando/kubernetes/client/EntandoBundleJobRepositoryTestDouble.java:[25,8] org.entando.kubernetes.client.EntandoBundleJobRepositoryTestDouble is not abstract and does not override abstract method getById(java.util.UUID) in org.springframework.data.jpa.repository.JpaRepository
[ERROR] /workspace/source/src/test/java/org/entando/kubernetes/client/EntandoBundleComponentJobRepositoryTestDouble.java:[25,8] org.entando.kubernetes.client.EntandoBundleComponentJobRepositoryTestDouble is not abstract and does not override abstract method getById(java.util.UUID) in org.springframework.data.jpa.repository.JpaRepository
[ERROR] -> [Help 1]
[ERROR] 
[ERROR] To see the full stack trace of the errors, re-run Maven with the -e switch.
[ERROR] Re-run Maven using the -X switch to enable full debug logging.
[ERROR] 
[ERROR] For more information about the errors and possible solutions, please read the following articles:
[ERROR] [Help 1] http://cwiki.apache.org/confluence/display/MAVEN/MojoFailureException
Picked up _JAVA_OPTIONS: -XX:+UnlockExperimentalVMOptions -Dsun.zip.disableMemoryMapping=**** -XX:+UseParallelGC -XX:MinHeapFreeRatio=5 -XX:MaxHeapFreeRatio=10 -XX:GCTimeRatio=4 -XX:AdaptiveSizePolicyWeight=90 -Xms1000m -Xmx12000m
[INFO] Scanning for projects...
[INFO] 
[INFO] ---------------< org.entando:entando-component-manager >----------------
[INFO] Building Entando Component Manager 0.0.0-SNAPSHOT-PR-135-4
[INFO] --------------------------------[ jar ]---------------------------------
[INFO] 
[INFO] --- maven-site-plugin:3.9.0:site (default-site) @ entando-component-manager ---
[INFO] configuring report plugin org.apache.maven.plugins:maven-project-info-reports-plugin:3.0.0
[WARNING] dependency-info report is declared twice in default reportSet
[WARNING] distribution-management report is declared twice in default reportSet
[WARNING] index report is declared twice in default reportSet
[WARNING] ci-management report is declared twice in default reportSet
[WARNING] issue-management report is declared twice in default reportSet
[WARNING] licenses report is declared twice in default reportSet
[WARNING] plugins report is declared twice in default reportSet
[WARNING] scm report is declared twice in default reportSet
[WARNING] summary report is declared twice in default reportSet
[INFO] 9 reports configured for maven-project-info-reports-plugin:3.0.0: dependency-info, distribution-management, index, ci-management, issue-management, licenses, plugins, scm, summary
[INFO] Rendering site with default locale English (en)
[WARNING] Unable to find a URL to the parent project. The parent menu will NOT be added.
[INFO] Relativizing decoration links with respect to localized project URL: http://www.entando.com/
[INFO] Rendering content with org.apache.maven.skins:maven-default-skin:jar:1.3 skin.
[INFO] Generating "Dependency Information" report --- maven-project-info-reports-plugin:3.0.0:dependency-info
[INFO] Generating "About" report         --- maven-project-info-reports-plugin:3.0.0:index
[INFO] Generating "Issue Management" report --- maven-project-info-reports-plugin:3.0.0:issue-management
[INFO] Generating "Licenses" report      --- maven-project-info-reports-plugin:3.0.0:licenses
[INFO] Generating "Plugins" report       --- maven-project-info-reports-plugin:3.0.0:plugins
[INFO] Generating "Source Code Management" report --- maven-project-info-reports-plugin:3.0.0:scm
[INFO] Generating "Summary" report       --- maven-project-info-reports-plugin:3.0.0:summary
[INFO] ------------------------------------------------------------------------
[INFO] BUILD SUCCESS
[INFO] ------------------------------------------------------------------------
[INFO] Total time:  27.135 s
[INFO] Finished at: 2021-08-03T10:24:17Z
[INFO] ------------------------------------------------------------------------
error: etcdserver: request is too large
No pre-deployment test results found for entando-component-manager-PR-135.
No OWASP dependency check found for entando-component-manager-PR-135.
The following checks failed for entando-component-manager-PR-135:
No pre-deployment test results produced by build
No OWASP dependency check results produced by build
[31m
Pipeline failed on stage 'from-build-pack' : container 'step-build-mvn-verify-pr'. The execution of the pipeline has stopped.[0m
