
Showing logs for build [32mentando-k8s-entando-k8s-keycloa-zbhxx-8[0m stage [32mfrom-build-pack[0m and container [32mcredential-initializer[0m
{"level":"info","ts":1639779397.8394396,"caller":"creds-init/main.go:44","msg":"Credentials initialized."}

Showing logs for build [32mentando-k8s-entando-k8s-keycloa-zbhxx-8[0m stage [32mfrom-build-pack[0m and container [32mworking-dir-initializer[0m

Showing logs for build [32mentando-k8s-entando-k8s-keycloa-zbhxx-8[0m stage [32mfrom-build-pack[0m and container [32mplace-tools[0m

Showing logs for build [32mentando-k8s-entando-k8s-keycloa-zbhxx-8[0m stage [32mfrom-build-pack[0m and container [32mstep-git-source-entando-k8s-entando-k8s-keycloa-zbhxx-qmkvf[0m
{"level":"info","ts":1639779464.3467221,"caller":"git/git.go:105","msg":"Successfully cloned https://github.com/entando-k8s/entando-k8s-keycloak-controller.git @ master in path /workspace/source"}
{"level":"warn","ts":1639779464.3469834,"caller":"git/git.go:152","msg":"Unexpected error: creating symlink: symlink /tekton/home/.ssh /****/.ssh: file exists"}
{"level":"info","ts":1639779464.4338553,"caller":"git/git.go:133","msg":"Successfully initialized and updated submodules in path /workspace/source"}

Showing logs for build [32mentando-k8s-entando-k8s-keycloa-zbhxx-8[0m stage [32mfrom-build-pack[0m and container [32mstep-setup-builder-home[0m

Showing logs for build [32mentando-k8s-entando-k8s-keycloa-zbhxx-8[0m stage [32mfrom-build-pack[0m and container [32mstep-git-merge[0m
Using SHAs from PULL_REFS=master:e56239843316b080e72c77a8c905dcc22537a3b2,32:21f8c467b7ba317d092b103f8b5392b73a9f34f2
DEBUG: LC_ALL=C JX_LOG_LEVEL=error git fetch origin --unshallow 21f8c467b7ba317d092b103f8b5392b73a9f34f2: e56239843316b080e72c77a8c905dcc22537a3b2:
DEBUG: ran git fetch --unshallow origin 21f8c467b7ba317d092b103f8b5392b73a9f34f2: e56239843316b080e72c77a8c905dcc22537a3b2: in 
DEBUG: LC_ALL=C JX_LOG_LEVEL=error git branch
DEBUG: LC_ALL=C JX_LOG_LEVEL=error git checkout master
DEBUG: ran git checkout master in 
DEBUG: LC_ALL=C JX_LOG_LEVEL=error git reset --hard e56239843316b080e72c77a8c905dcc22537a3b2
DEBUG: ran git reset --hard e56239843316b080e72c77a8c905dcc22537a3b2 in 
DEBUG: LC_ALL=C JX_LOG_LEVEL=error git clean -fd .
DEBUG: ran clean --force -d . in 
DEBUG: JX_LOG_LEVEL=error LC_ALL=C git merge 21f8c467b7ba317d092b103f8b5392b73a9f34f2
DEBUG: ran git merge 21f8c467b7ba317d092b103f8b5392b73a9f34f2 in 
DEBUG: LC_ALL=C JX_LOG_LEVEL=error git log --format=%H%x1f%an%x1f%ae%x1f%cn%x1f%ce%x1f%s%n%b%x1e e56239843316b080e72c77a8c905dcc22537a3b2..HEAD
Merged SHA 21f8c467b7ba317d092b103f8b5392b73a9f34f2 with commit message 'ENG-3060 Updating pom license' into base branch master
Merged SHA aaca6498c1c3069dc34004045bd1025b8d6d20bd with commit message 'Update pom.xml' into base branch master
Merged SHA ead13d39f3995c9096305099e93b231cf10ae58b with commit message 'ENG-2968 Updating entando-quarkus-parent version' into base branch master
Merged SHA 278a1b77bb40562dd0bd02cb516d802eecf391d4 with commit message 'ENG-2968 Updating snyk suppression file' into base branch master
Merged SHA e02d44f9348128f3b3fc7487a593b2f62f714286 with commit message 'ENG-2968 Updating snyk suppression file' into base branch master
Merged SHA f0835985373fe7ed0e2a63af22c93749d856d5c9 with commit message 'ENG-2968 Updating entando-quarkus-parent version' into base branch master
Merged SHA 6d5d438aa6f1edc205380d12de3f09a09680f3c4 with commit message 'ENG-2968 Updating parent version' into base branch master

Showing logs for build [32mentando-k8s-entando-k8s-keycloa-zbhxx-8[0m stage [32mfrom-build-pack[0m and container [32mstep-build-set-version[0m
Picked up _JAVA_OPTIONS: -XX:+UnlockExperimentalVMOptions -Dsun.zip.disableMemoryMapping=**** -XX:+UseParallelGC -XX:MinHeapFreeRatio=5 -XX:MaxHeapFreeRatio=10 -XX:GCTimeRatio=4 -XX:AdaptiveSizePolicyWeight=90 -Xms1000m -Xmx12000m
[INFO] Scanning for projects...
[WARNING] 
[WARNING] Some problems were encountered while building the effective model for org.entando:entando-k8s-keycloak-controller:jar:7.0.0-SNAPSHOT
[WARNING] 'dependencies.dependency.scope' for com.fasterxml.jackson:jackson-bom:pom must be one of [provided, compile, runtime, test, ******] but is 'import'. @ org.entando:entando-quarkus-parent:7.0.3, /home/jenkins/.mvnrepository/org/entando/entando-quarkus-parent/7.0.3/entando-quarkus-parent-7.0.3.pom, line 403, column 20
[WARNING] 'dependencies.dependency.scope' for org.jboss.resteasy:resteasy-bom:pom must be one of [provided, compile, runtime, test, ******] but is 'import'. @ org.entando:entando-quarkus-parent:7.0.3, /home/jenkins/.mvnrepository/org/entando/entando-quarkus-parent/7.0.3/entando-quarkus-parent-7.0.3.pom, line 410, column 20
[WARNING] 'dependencies.dependency.scope' for org.junit:junit-bom:pom must be one of [provided, compile, runtime, test, ******] but is 'import'. @ org.entando:entando-quarkus-parent:7.0.3, /home/jenkins/.mvnrepository/org/entando/entando-quarkus-parent/7.0.3/entando-quarkus-parent-7.0.3.pom, line 417, column 20
[WARNING] 'dependencies.dependency.scope' for io.quarkus:quarkus-bom:pom must be one of [provided, compile, runtime, test, ******] but is 'import'. @ org.entando:entando-quarkus-parent:7.0.3, /home/jenkins/.mvnrepository/org/entando/entando-quarkus-parent/7.0.3/entando-quarkus-parent-7.0.3.pom, line 424, column 20
[WARNING] 
[WARNING] It is highly recommended to fix these problems because they threaten the stability of your build.
[WARNING] 
[WARNING] For this reason, future Maven versions might no longer support building such malformed projects.
[WARNING] 
[INFO] 
[INFO] ------------< org.entando:entando-k8s-keycloak-controller >-------------
[INFO] Building Entando K8S Controller for Keycloak 7.0.0-SNAPSHOT
[INFO] --------------------------------[ jar ]---------------------------------
[INFO] 
[INFO] --- versions-maven-plugin:2.8.1:set (default-cli) @ entando-k8s-keycloak-controller ---
[INFO] Local aggregation ****: /workspace/source
[INFO] Processing change of org.entando:entando-k8s-keycloak-controller:7.0.0-SNAPSHOT -> 0.0.0-SNAPSHOT-PR-32-8
[INFO] Processing org.entando:entando-k8s-keycloak-controller
[INFO]     Updating project org.entando:entando-k8s-keycloak-controller
[INFO]         from version 7.0.0-SNAPSHOT to 0.0.0-SNAPSHOT-PR-32-8
[INFO] 
[INFO] ------------------------------------------------------------------------
[INFO] BUILD SUCCESS
[INFO] ------------------------------------------------------------------------
[INFO] Total time:  10.085 s
[INFO] Finished at: 2021-12-17T22:17:59Z
[INFO] ------------------------------------------------------------------------

Showing logs for build [32mentando-k8s-entando-k8s-keycloa-zbhxx-8[0m stage [32mfrom-build-pack[0m and container [32mstep-build-fix-git-for-sonar[0m
M	pom.xml
Switched to a new branch 'PR-32'
Deleted branch master (was 21f8c46).
From https://github.com/entando-k8s/entando-k8s-keycloak-controller
 * [new branch]      master     -> master
 * [new tag]         v6.0.24    -> v6.0.24
 * [new tag]         v6.0.31    -> v6.0.31

Showing logs for build [32mentando-k8s-entando-k8s-keycloa-zbhxx-8[0m stage [32mfrom-build-pack[0m and container [32mstep-build-mvn-verify-pr[0m
Picked up _JAVA_OPTIONS: -XX:+UnlockExperimentalVMOptions -Dsun.zip.disableMemoryMapping=**** -XX:+UseParallelGC -XX:MinHeapFreeRatio=5 -XX:MaxHeapFreeRatio=10 -XX:GCTimeRatio=4 -XX:AdaptiveSizePolicyWeight=90 -Xms1000m -Xmx12000m
[INFO] Scanning for projects...
[WARNING] 
[WARNING] Some problems were encountered while building the effective model for org.entando:entando-k8s-keycloak-controller:jar:0.0.0-SNAPSHOT-PR-32-8
[WARNING] 'dependencies.dependency.scope' for com.fasterxml.jackson:jackson-bom:pom must be one of [provided, compile, runtime, test, ******] but is 'import'. @ org.entando:entando-quarkus-parent:7.0.3, /home/jenkins/.mvnrepository/org/entando/entando-quarkus-parent/7.0.3/entando-quarkus-parent-7.0.3.pom, line 403, column 20
[WARNING] 'dependencies.dependency.scope' for org.jboss.resteasy:resteasy-bom:pom must be one of [provided, compile, runtime, test, ******] but is 'import'. @ org.entando:entando-quarkus-parent:7.0.3, /home/jenkins/.mvnrepository/org/entando/entando-quarkus-parent/7.0.3/entando-quarkus-parent-7.0.3.pom, line 410, column 20
[WARNING] 'dependencies.dependency.scope' for org.junit:junit-bom:pom must be one of [provided, compile, runtime, test, ******] but is 'import'. @ org.entando:entando-quarkus-parent:7.0.3, /home/jenkins/.mvnrepository/org/entando/entando-quarkus-parent/7.0.3/entando-quarkus-parent-7.0.3.pom, line 417, column 20
[WARNING] 'dependencies.dependency.scope' for io.quarkus:quarkus-bom:pom must be one of [provided, compile, runtime, test, ******] but is 'import'. @ org.entando:entando-quarkus-parent:7.0.3, /home/jenkins/.mvnrepository/org/entando/entando-quarkus-parent/7.0.3/entando-quarkus-parent-7.0.3.pom, line 424, column 20
[WARNING] 
[WARNING] It is highly recommended to fix these problems because they threaten the stability of your build.
[WARNING] 
[WARNING] For this reason, future Maven versions might no longer support building such malformed projects.
[WARNING] 
[INFO] 
[INFO] ------------< org.entando:entando-k8s-keycloak-controller >-------------
[INFO] Building Entando K8S Controller for Keycloak 0.0.0-SNAPSHOT-PR-32-8
[INFO] --------------------------------[ jar ]---------------------------------
[INFO] 
[INFO] --- maven-checkstyle-plugin:3.1.1:check (validate) @ entando-k8s-keycloak-controller ---
[INFO] Starting audit...
Audit done.
[INFO] You have 0 Checkstyle violations.
[INFO] 
[INFO] --- maven-checkstyle-plugin:3.1.1:checkstyle (validate) @ entando-k8s-keycloak-controller ---
[INFO] Starting audit...
Audit done.
[INFO] 
[INFO] --- jacoco-maven-plugin:0.8.7:prepare-agent (prepare-agent) @ entando-k8s-keycloak-controller ---
[INFO] argLine set to -javaagent:/home/jenkins/.mvnrepository/org/jacoco/org.jacoco.agent/0.8.7/org.jacoco.agent-0.8.7-runtime.jar=destfile=/workspace/source/target/jacoco.e**c
[INFO] 
[INFO] --- maven-resources-plugin:2.6:resources (default-resources) @ entando-k8s-keycloak-controller ---
[INFO] Using 'UTF-8' encoding to copy filtered resources.
[INFO] Copying 4 resources
[INFO] 
[INFO] --- maven-compiler-plugin:3.8.1:compile (default-compile) @ entando-k8s-keycloak-controller ---
[INFO] Changes detected - recompiling the module!
[INFO] Compiling 6 source files to /workspace/source/target/classes
[INFO] 
[INFO] --- maven-resources-plugin:2.6:testResources (default-testResources) @ entando-k8s-keycloak-controller ---
[INFO] Using 'UTF-8' encoding to copy filtered resources.
[INFO] Copying 7 resources
[INFO] 
[INFO] --- maven-compiler-plugin:3.8.1:testCompile (default-testCompile) @ entando-k8s-keycloak-controller ---
[INFO] Changes detected - recompiling the module!
[INFO] Compiling 6 source files to /workspace/source/target/test-classes
[INFO] 
[INFO] --- maven-surefire-plugin:3.0.0-M1:test (default-test) @ entando-k8s-keycloak-controller ---
[INFO] 
[INFO] -------------------------------------------------------
[INFO]  T E S T S
[INFO] -------------------------------------------------------
[INFO] Running org.entando.kubernetes.controller.keycloakserver.DeployedKeycloakCapabilityTest
Dec 17, 2021 10:18:51 PM org.entando.kubernetes.controller.keycloakserver.EntandoKeycloakServerController ensureKeycloakRealm
SEVERE: Attempting to log into Keycloak at http://my-app-sso-service.my-namespace.svc.cluster.local:8080/auth
Dec 17, 2021 10:18:54 PM org.entando.kubernetes.controller.keycloakserver.EntandoKeycloakServerController ensureKeycloakRealm
SEVERE: Attempting to log into Keycloak at http://default-sso-in-namespace-service.my-namespace.svc.cluster.local:8080/auth
Dec 17, 2021 10:18:56 PM org.entando.kubernetes.controller.keycloakserver.EntandoKeycloakServerController ensureKeycloakRealm
SEVERE: Attempting to log into Keycloak at http://default-sso-in-namespace-service.my-namespace.svc.cluster.local:8080/auth
[INFO] Tests run: 3, Failures: 0, Errors: 0, Skipped: 0, Time elapsed: 12.271 s - in org.entando.kubernetes.controller.keycloakserver.DeployedKeycloakCapabilityTest
[INFO] Running org.entando.kubernetes.controller.keycloakserver.ExternalKeycloakCapabilityTest
Dec 17, 2021 10:18:56 PM org.entando.kubernetes.controller.keycloakserver.EntandoKeycloakServerController run
SEVERE: Please provide the hostname of the SSO service you intend to connect to using the ProvidedCapability.spec.externallyProvisionedService.host property.
org.entando.kubernetes.controller.spi.common.EntandoControllerException: Please provide the hostname of the SSO service you intend to connect to using the ProvidedCapability.spec.externallyProvisionedService.host property.
	at org.entando.kubernetes.controller.keycloakserver.EntandoKeycloakServerController.validateExternalServiceRequirements(EntandoKeycloakServerController.java:170)
	at org.entando.kubernetes.controller.keycloakserver.EntandoKeycloakServerController.run(EntandoKeycloakServerController.java:112)
	at org.entando.kubernetes.test.common.ControllerTestHelper.runControllerAgainstCapabilityAndUpdateStatus(ControllerTestHelper.java:145)
	at org.entando.kubernetes.test.common.ControllerTestHelper.lambda$runControllerAgainstCapabilityRequirement$0(ControllerTestHelper.java:94)
	at java.base/java.util.concurrent.E**cutors$RunnableAdapter.call(E**cutors.java:515)
	at java.base/java.util.concurrent.FutureTask.run(FutureTask.java:264)
	at java.base/java.util.concurrent.ScheduledThreadPoolE**cutor$ScheduledFutureTask.run(ScheduledThreadPoolE**cutor.java:304)
	at java.base/java.util.concurrent.ThreadPoolE**cutor.runWorker(ThreadPoolE**cutor.java:1128)
	at java.base/java.util.concurrent.ThreadPoolE**cutor$Worker.run(ThreadPoolE**cutor.java:628)
	at java.base/java.lang.Thread.run(Thread.java:834)

Dec 17, 2021 10:18:57 PM org.entando.kubernetes.controller.keycloakserver.EntandoKeycloakServerController run
SEVERE: Please provide the name of the secret containing the ***** credentials for the SSO service you intend to connect to using the ProvidedCapability.spec.externallyProvisionedService.*****SecretName property.
org.entando.kubernetes.controller.spi.common.EntandoControllerException: Please provide the name of the secret containing the ***** credentials for the SSO service you intend to connect to using the ProvidedCapability.spec.externallyProvisionedService.*****SecretName property.
	at org.entando.kubernetes.controller.keycloakserver.EntandoKeycloakServerController.lambda$validateExternalServiceRequirements$2(EntandoKeycloakServerController.java:159)
	at java.base/java.util.Optional.orElseThrow(Optional.java:408)
	at org.entando.kubernetes.controller.keycloakserver.EntandoKeycloakServerController.validateExternalServiceRequirements(EntandoKeycloakServerController.java:159)
	at org.entando.kubernetes.controller.keycloakserver.EntandoKeycloakServerController.run(EntandoKeycloakServerController.java:112)
	at org.entando.kubernetes.test.common.ControllerTestHelper.runControllerAgainstCapabilityAndUpdateStatus(ControllerTestHelper.java:145)
	at org.entando.kubernetes.test.common.ControllerTestHelper.lambda$runControllerAgainstCapabilityRequirement$0(ControllerTestHelper.java:94)
	at java.base/java.util.concurrent.E**cutors$RunnableAdapter.call(E**cutors.java:515)
	at java.base/java.util.concurrent.FutureTask.run(FutureTask.java:264)
	at java.base/java.util.concurrent.ScheduledThreadPoolE**cutor$ScheduledFutureTask.run(ScheduledThreadPoolE**cutor.java:304)
	at java.base/java.util.concurrent.ThreadPoolE**cutor.runWorker(ThreadPoolE**cutor.java:1128)
	at java.base/java.util.concurrent.ThreadPoolE**cutor$Worker.run(ThreadPoolE**cutor.java:628)
	at java.base/java.lang.Thread.run(Thread.java:834)

Dec 17, 2021 10:18:57 PM org.entando.kubernetes.controller.keycloakserver.EntandoKeycloakServerController ensureKeycloakRealm
SEVERE: Attempting to log into Keycloak at https://kc.*************/auth
Dec 17, 2021 10:18:58 PM org.entando.kubernetes.controller.keycloakserver.EntandoKeycloakServerController ensureKeycloakRealm
SEVERE: Attempting to log into Keycloak at https://kc.*************:8080/auth
Dec 17, 2021 10:18:58 PM org.entando.kubernetes.controller.keycloakserver.EntandoKeycloakServerController run
SEVERE: Please ensure that a secret with the name 'my-existing-sso-*****-secret' exists in the requested namespace default-sso-in-namespace
org.entando.kubernetes.controller.spi.common.EntandoControllerException: Please ensure that a secret with the name 'my-existing-sso-*****-secret' exists in the requested namespace default-sso-in-namespace
	at org.entando.kubernetes.controller.keycloakserver.EntandoKeycloakServerController.validateExternalServiceRequirements(EntandoKeycloakServerController.java:165)
	at org.entando.kubernetes.controller.keycloakserver.EntandoKeycloakServerController.run(EntandoKeycloakServerController.java:112)
	at org.entando.kubernetes.test.common.ControllerTestHelper.runControllerAgainstCapabilityAndUpdateStatus(ControllerTestHelper.java:145)
	at org.entando.kubernetes.test.common.ControllerTestHelper.lambda$runControllerAgainstCapabilityRequirement$0(ControllerTestHelper.java:94)
	at java.base/java.util.concurrent.E**cutors$RunnableAdapter.call(E**cutors.java:515)
	at java.base/java.util.concurrent.FutureTask.run(FutureTask.java:264)
	at java.base/java.util.concurrent.ScheduledThreadPoolE**cutor$ScheduledFutureTask.run(ScheduledThreadPoolE**cutor.java:304)
	at java.base/java.util.concurrent.ThreadPoolE**cutor.runWorker(ThreadPoolE**cutor.java:1128)
	at java.base/java.util.concurrent.ThreadPoolE**cutor$Worker.run(ThreadPoolE**cutor.java:628)
	at java.base/java.lang.Thread.run(Thread.java:834)

[INFO] Tests run: 5, Failures: 0, Errors: 0, Skipped: 0, Time elapsed: 2.121 s - in org.entando.kubernetes.controller.keycloakserver.ExternalKeycloakCapabilityTest
[INFO] Running org.entando.kubernetes.controller.keycloakserver.DeployedKeycloakServerTest
Dec 17, 2021 10:18:59 PM org.entando.kubernetes.controller.keycloakserver.EntandoKeycloakServerController ensureKeycloakRealm
SEVERE: Attempting to log into Keycloak at http://my-keycloak-service.my-namespace.svc.cluster.local:8080/auth
Dec 17, 2021 10:19:00 PM org.entando.kubernetes.controller.keycloakserver.EntandoKeycloakServerController ensureKeycloakRealm
SEVERE: Attempting to log into Keycloak at http://my-keycloak-service.my-namespace.svc.cluster.local:8080/auth
Dec 17, 2021 10:19:01 PM org.entando.kubernetes.controller.keycloakserver.EntandoKeycloakServerController ensureKeycloakRealm
SEVERE: Attempting to log into Keycloak at http://my-keycloak-service.my-namespace.svc.cluster.local:8080/auth
Dec 17, 2021 10:19:02 PM org.entando.kubernetes.controller.keycloakserver.EntandoKeycloakServerController run
SEVERE: Could not prepare a DBMS capability for SSO my-namespace/my-keycloak. Please inspect the ProvidedCapability my-namespace/default-********ql-dbms-in-namespace, address the deployment failure and force a redeployment using the annotation value 'entando.org/processing-instruction: force. The following message was received:
 java.lang.NullPointerException
	at org.entando.kubernetes.controller.keycloakserver.DeployedKeycloakServerTest.lambda$shouldFailIfTheDatabaseProvisioningFailed$59(DeployedKeycloakServerTest.java:496)
	at io.qameta.allure.Allure.lambda$step$1(Allure.java:127)
	at io.qameta.allure.Allure.step(Allure.java:181)
	at io.qameta.allure.Allure.step(Allure.java:125)
	at org.entando.kubernetes.controller.keycloakserver.DeployedKeycloakServerTest.shouldFailIfTheDatabaseProvisioningFailed(DeployedKeycloakServerTest.java:494)
	at java.base/jdk.internal.reflect.NativeMethodAccessorImpl.invoke0(Native Method)
	at java.base/jdk.internal.reflect.NativeMethodAccessorImpl.invoke(NativeMethodAccessorImpl.java:62)
	at java.base/jdk.internal.reflect.DelegatingMethodAccessorImpl.invoke(DelegatingMethodAccessorImpl.java:43)
	at java.base/java.lang.reflect.Method.invoke(Method.java:566)
	at org.junit.platform.commons.util.ReflectionUtils.invokeMethod(ReflectionUtils.java:688)
	at org.junit.jupiter.engine.e**cution.MethodInvocation.proceed(MethodInvocation.java:60)
	at org.junit.jupiter.engine.e**cution.InvocationInterceptorChain$ValidatingInvocation.proceed(InvocationInterceptorChain.java:131)
	at org.junit.jupiter.api.extension.InvocationInterceptor.interceptTestMethod(InvocationInterceptor.java:117)
	at org.junit.jupiter.engine.e**cution.E**cutableInvoker$ReflectiveInterceptorCall.lambda$ofVoidMethod$0(E**cutableInvoker.java:115)
	at org.junit.jupiter.engine.e**cution.E**cutableInvoker.lambda$invoke$0(E**cutableInvoker.java:105)
	at org.junit.jupiter.engine.e**cution.InvocationInterceptorChain$InterceptedInvocation.proceed(InvocationInterceptorChain.java:106)
	at org.junit.jupiter.engine.extension.TimeoutExtension.intercept(TimeoutExtension.java:149)
	at org.junit.jupiter.engine.extension.TimeoutExtension.interceptTestableMethod(TimeoutExtension.java:140)
	at org.junit.jupiter.engine.extension.TimeoutExtension.interceptTestMethod(TimeoutExtension.java:84)
	at org.junit.jupiter.engine.e**cution.E**cutableInvoker$ReflectiveInterceptorCall.lambda$ofVoidMethod$0(E**cutableInvoker.java:115)
	at org.junit.jupiter.engine.e**cution.E**cutableInvoker.lambda$invoke$0(E**cutableInvoker.java:105)
	at org.junit.jupiter.engine.e**cution.InvocationInterceptorChain$InterceptedInvocation.proceed(InvocationInterceptorChain.java:106)
	at org.junit.jupiter.engine.e**cution.InvocationInterceptorChain.proceed(InvocationInterceptorChain.java:64)
	at org.junit.jupiter.engine.e**cution.InvocationInterceptorChain.chainAndInvoke(InvocationInterceptorChain.java:45)
	at org.junit.jupiter.engine.e**cution.InvocationInterceptorChain.invoke(InvocationInterceptorChain.java:37)
	at org.junit.jupiter.engine.e**cution.E**cutableInvoker.invoke(E**cutableInvoker.java:104)
	at org.junit.jupiter.engine.e**cution.E**cutableInvoker.invoke(E**cutableInvoker.java:98)
	at org.junit.jupiter.engine.descriptor.TestMethodTestDescriptor.lambda$invokeTestMethod$6(TestMethodTestDescriptor.java:210)
	at org.junit.platform.engine.support.hierarchical.ThrowableCollector.e**cute(ThrowableCollector.java:73)
	at org.junit.jupiter.engine.descriptor.TestMethodTestDescriptor.invokeTestMethod(TestMethodTestDescriptor.java:206)
	at org.junit.jupiter.engine.descriptor.TestMethodTestDescriptor.e**cute(TestMethodTestDescriptor.java:131)
	at org.junit.jupiter.engine.descriptor.TestMethodTestDescriptor.e**cute(TestMethodTestDescriptor.java:65)
	at org.junit.platform.engine.support.hierarchical.NodeTestTask.lambda$e**cuteRecursively$5(NodeTestTask.java:139)
	at org.junit.platform.engine.support.hierarchical.ThrowableCollector.e**cute(ThrowableCollector.java:73)
	at org.junit.platform.engine.support.hierarchical.NodeTestTask.lambda$e**cuteRecursively$7(NodeTestTask.java:129)
	at org.junit.platform.engine.support.hierarchical.Node.around(Node.java:137)
	at org.junit.platform.engine.support.hierarchical.NodeTestTask.lambda$e**cuteRecursively$8(NodeTestTask.java:127)
	at org.junit.platform.engine.support.hierarchical.ThrowableCollector.e**cute(ThrowableCollector.java:73)
	at org.junit.platform.engine.support.hierarchical.NodeTestTask.e**cuteRecursively(NodeTestTask.java:126)
	at org.junit.platform.engine.support.hierarchical.NodeTestTask.e**cute(NodeTestTask.java:84)
	at org.junit.platform.engine.support.hierarchical.ForkJoinPoolHierarchicalTestE**cutorService$ExclusiveTask.compute(ForkJoinPoolHierarchicalTestE**cutorService.java:185)
	at org.junit.platform.engine.support.hierarchical.ForkJoinPoolHierarchicalTestE**cutorService.e**cuteNonConcurrentTasks(ForkJoinPoolHierarchicalTestE**cutorService.java:155)
	at org.junit.platform.engine.support.hierarchical.ForkJoinPoolHierarchicalTestE**cutorService.invokeAll(ForkJoinPoolHierarchicalTestE**cutorService.java:135)
	at org.junit.platform.engine.support.hierarchical.NodeTestTask.lambda$e**cuteRecursively$5(NodeTestTask.java:143)
	at org.junit.platform.engine.support.hierarchical.ThrowableCollector.e**cute(ThrowableCollector.java:73)
	at org.junit.platform.engine.support.hierarchical.NodeTestTask.lambda$e**cuteRecursively$7(NodeTestTask.java:129)
	at org.junit.platform.engine.support.hierarchical.Node.around(Node.java:137)
	at org.junit.platform.engine.support.hierarchical.NodeTestTask.lambda$e**cuteRecursively$8(NodeTestTask.java:127)
	at org.junit.platform.engine.support.hierarchical.ThrowableCollector.e**cute(ThrowableCollector.java:73)
	at org.junit.platform.engine.support.hierarchical.NodeTestTask.e**cuteRecursively(NodeTestTask.java:126)
	at org.junit.platform.engine.support.hierarchical.NodeTestTask.e**cute(NodeTestTask.java:84)
	at org.junit.platform.engine.support.hierarchical.ForkJoinPoolHierarchicalTestE**cutorService$ExclusiveTask.compute(ForkJoinPoolHierarchicalTestE**cutorService.java:185)
	at org.junit.platform.engine.support.hierarchical.ForkJoinPoolHierarchicalTestE**cutorService.e**cuteNonConcurrentTasks(ForkJoinPoolHierarchicalTestE**cutorService.java:155)
	at org.junit.platform.engine.support.hierarchical.ForkJoinPoolHierarchicalTestE**cutorService.invokeAll(ForkJoinPoolHierarchicalTestE**cutorService.java:135)
	at org.junit.platform.engine.support.hierarchical.NodeTestTask.lambda$e**cuteRecursively$5(NodeTestTask.java:143)
	at org.junit.platform.engine.support.hierarchical.ThrowableCollector.e**cute(ThrowableCollector.java:73)
	at org.junit.platform.engine.support.hierarchical.NodeTestTask.lambda$e**cuteRecursively$7(NodeTestTask.java:129)
	at org.junit.platform.engine.support.hierarchical.Node.around(Node.java:137)
	at org.junit.platform.engine.support.hierarchical.NodeTestTask.lambda$e**cuteRecursively$8(NodeTestTask.java:127)
	at org.junit.platform.engine.support.hierarchical.ThrowableCollector.e**cute(ThrowableCollector.java:73)
	at org.junit.platform.engine.support.hierarchical.NodeTestTask.e**cuteRecursively(NodeTestTask.java:126)
	at org.junit.platform.engine.support.hierarchical.NodeTestTask.e**cute(NodeTestTask.java:84)
	at org.junit.platform.engine.support.hierarchical.ForkJoinPoolHierarchicalTestE**cutorService$ExclusiveTask.compute(ForkJoinPoolHierarchicalTestE**cutorService.java:185)
	at java.base/java.util.concurrent.RecursiveAction.e**c(RecursiveAction.java:189)
	at java.base/java.util.concurrent.ForkJoinTask.doE**c(ForkJoinTask.java:290)
	at java.base/java.util.concurrent.ForkJoinPool$WorkQueue.topLevelE**c(ForkJoinPool.java:1020)
	at java.base/java.util.concurrent.ForkJoinPool.scan(ForkJoinPool.java:1656)
	at java.base/java.util.concurrent.ForkJoinPool.runWorker(ForkJoinPool.java:1594)
	at java.base/java.util.concurrent.ForkJoinWorkerThread.run(ForkJoinWorkerThread.java:177)

org.entando.kubernetes.controller.spi.common.EntandoControllerException: Could not prepare a DBMS capability for SSO my-namespace/my-keycloak. Please inspect the ProvidedCapability my-namespace/default-********ql-dbms-in-namespace, address the deployment failure and force a redeployment using the annotation value 'entando.org/processing-instruction: force. The following message was received:
 java.lang.NullPointerException
	at org.entando.kubernetes.controller.keycloakserver.DeployedKeycloakServerTest.lambda$shouldFailIfTheDatabaseProvisioningFailed$59(DeployedKeycloakServerTest.java:496)
	at io.qameta.allure.Allure.lambda$step$1(Allure.java:127)
	at io.qameta.allure.Allure.step(Allure.java:181)
	at io.qameta.allure.Allure.step(Allure.java:125)
	at org.entando.kubernetes.controller.keycloakserver.DeployedKeycloakServerTest.shouldFailIfTheDatabaseProvisioningFailed(DeployedKeycloakServerTest.java:494)
	at java.base/jdk.internal.reflect.NativeMethodAccessorImpl.invoke0(Native Method)
	at java.base/jdk.internal.reflect.NativeMethodAccessorImpl.invoke(NativeMethodAccessorImpl.java:62)
	at java.base/jdk.internal.reflect.DelegatingMethodAccessorImpl.invoke(DelegatingMethodAccessorImpl.java:43)
	at java.base/java.lang.reflect.Method.invoke(Method.java:566)
	at org.junit.platform.commons.util.ReflectionUtils.invokeMethod(ReflectionUtils.java:688)
	at org.junit.jupiter.engine.e**cution.MethodInvocation.proceed(MethodInvocation.java:60)
	at org.junit.jupiter.engine.e**cution.InvocationInterceptorChain$ValidatingInvocation.proceed(InvocationInterceptorChain.java:131)
	at org.junit.jupiter.api.extension.InvocationInterceptor.interceptTestMethod(InvocationInterceptor.java:117)
	at org.junit.jupiter.engine.e**cution.E**cutableInvoker$ReflectiveInterceptorCall.lambda$ofVoidMethod$0(E**cutableInvoker.java:115)
	at org.junit.jupiter.engine.e**cution.E**cutableInvoker.lambda$invoke$0(E**cutableInvoker.java:105)
	at org.junit.jupiter.engine.e**cution.InvocationInterceptorChain$InterceptedInvocation.proceed(InvocationInterceptorChain.java:106)
	at org.junit.jupiter.engine.extension.TimeoutExtension.intercept(TimeoutExtension.java:149)
	at org.junit.jupiter.engine.extension.TimeoutExtension.interceptTestableMethod(TimeoutExtension.java:140)
	at org.junit.jupiter.engine.extension.TimeoutExtension.interceptTestMethod(TimeoutExtension.java:84)
	at org.junit.jupiter.engine.e**cution.E**cutableInvoker$ReflectiveInterceptorCall.lambda$ofVoidMethod$0(E**cutableInvoker.java:115)
	at org.junit.jupiter.engine.e**cution.E**cutableInvoker.lambda$invoke$0(E**cutableInvoker.java:105)
	at org.junit.jupiter.engine.e**cution.InvocationInterceptorChain$InterceptedInvocation.proceed(InvocationInterceptorChain.java:106)
	at org.junit.jupiter.engine.e**cution.InvocationInterceptorChain.proceed(InvocationInterceptorChain.java:64)
	at org.junit.jupiter.engine.e**cution.InvocationInterceptorChain.chainAndInvoke(InvocationInterceptorChain.java:45)
	at org.junit.jupiter.engine.e**cution.InvocationInterceptorChain.invoke(InvocationInterceptorChain.java:37)
	at org.junit.jupiter.engine.e**cution.E**cutableInvoker.invoke(E**cutableInvoker.java:104)
	at org.junit.jupiter.engine.e**cution.E**cutableInvoker.invoke(E**cutableInvoker.java:98)
	at org.junit.jupiter.engine.descriptor.TestMethodTestDescriptor.lambda$invokeTestMethod$6(TestMethodTestDescriptor.java:210)
	at org.junit.platform.engine.support.hierarchical.ThrowableCollector.e**cute(ThrowableCollector.java:73)
	at org.junit.jupiter.engine.descriptor.TestMethodTestDescriptor.invokeTestMethod(TestMethodTestDescriptor.java:206)
	at org.junit.jupiter.engine.descriptor.TestMethodTestDescriptor.e**cute(TestMethodTestDescriptor.java:131)
	at org.junit.jupiter.engine.descriptor.TestMethodTestDescriptor.e**cute(TestMethodTestDescriptor.java:65)
	at org.junit.platform.engine.support.hierarchical.NodeTestTask.lambda$e**cuteRecursively$5(NodeTestTask.java:139)
	at org.junit.platform.engine.support.hierarchical.ThrowableCollector.e**cute(ThrowableCollector.java:73)
	at org.junit.platform.engine.support.hierarchical.NodeTestTask.lambda$e**cuteRecursively$7(NodeTestTask.java:129)
	at org.junit.platform.engine.support.hierarchical.Node.around(Node.java:137)
	at org.junit.platform.engine.support.hierarchical.NodeTestTask.lambda$e**cuteRecursively$8(NodeTestTask.java:127)
	at org.junit.platform.engine.support.hierarchical.ThrowableCollector.e**cute(ThrowableCollector.java:73)
	at org.junit.platform.engine.support.hierarchical.NodeTestTask.e**cuteRecursively(NodeTestTask.java:126)
	at org.junit.platform.engine.support.hierarchical.NodeTestTask.e**cute(NodeTestTask.java:84)
	at org.junit.platform.engine.support.hierarchical.ForkJoinPoolHierarchicalTestE**cutorService$ExclusiveTask.compute(ForkJoinPoolHierarchicalTestE**cutorService.java:185)
	at org.junit.platform.engine.support.hierarchical.ForkJoinPoolHierarchicalTestE**cutorService.e**cuteNonConcurrentTasks(ForkJoinPoolHierarchicalTestE**cutorService.java:155)
	at org.junit.platform.engine.support.hierarchical.ForkJoinPoolHierarchicalTestE**cutorService.invokeAll(ForkJoinPoolHierarchicalTestE**cutorService.java:135)
	at org.junit.platform.engine.support.hierarchical.NodeTestTask.lambda$e**cuteRecursively$5(NodeTestTask.java:143)
	at org.junit.platform.engine.support.hierarchical.ThrowableCollector.e**cute(ThrowableCollector.java:73)
	at org.junit.platform.engine.support.hierarchical.NodeTestTask.lambda$e**cuteRecursively$7(NodeTestTask.java:129)
	at org.junit.platform.engine.support.hierarchical.Node.around(Node.java:137)
	at org.junit.platform.engine.support.hierarchical.NodeTestTask.lambda$e**cuteRecursively$8(NodeTestTask.java:127)
	at org.junit.platform.engine.support.hierarchical.ThrowableCollector.e**cute(ThrowableCollector.java:73)
	at org.junit.platform.engine.support.hierarchical.NodeTestTask.e**cuteRecursively(NodeTestTask.java:126)
	at org.junit.platform.engine.support.hierarchical.NodeTestTask.e**cute(NodeTestTask.java:84)
	at org.junit.platform.engine.support.hierarchical.ForkJoinPoolHierarchicalTestE**cutorService$ExclusiveTask.compute(ForkJoinPoolHierarchicalTestE**cutorService.java:185)
	at org.junit.platform.engine.support.hierarchical.ForkJoinPoolHierarchicalTestE**cutorService.e**cuteNonConcurrentTasks(ForkJoinPoolHierarchicalTestE**cutorService.java:155)
	at org.junit.platform.engine.support.hierarchical.ForkJoinPoolHierarchicalTestE**cutorService.invokeAll(ForkJoinPoolHierarchicalTestE**cutorService.java:135)
	at org.junit.platform.engine.support.hierarchical.NodeTestTask.lambda$e**cuteRecursively$5(NodeTestTask.java:143)
	at org.junit.platform.engine.support.hierarchical.ThrowableCollector.e**cute(ThrowableCollector.java:73)
	at org.junit.platform.engine.support.hierarchical.NodeTestTask.lambda$e**cuteRecursively$7(NodeTestTask.java:129)
	at org.junit.platform.engine.support.hierarchical.Node.around(Node.java:137)
	at org.junit.platform.engine.support.hierarchical.NodeTestTask.lambda$e**cuteRecursively$8(NodeTestTask.java:127)
	at org.junit.platform.engine.support.hierarchical.ThrowableCollector.e**cute(ThrowableCollector.java:73)
	at org.junit.platform.engine.support.hierarchical.NodeTestTask.e**cuteRecursively(NodeTestTask.java:126)
	at org.junit.platform.engine.support.hierarchical.NodeTestTask.e**cute(NodeTestTask.java:84)
	at org.junit.platform.engine.support.hierarchical.ForkJoinPoolHierarchicalTestE**cutorService$ExclusiveTask.compute(ForkJoinPoolHierarchicalTestE**cutorService.java:185)
	at java.base/java.util.concurrent.RecursiveAction.e**c(RecursiveAction.java:189)
	at java.base/java.util.concurrent.ForkJoinTask.doE**c(ForkJoinTask.java:290)
	at java.base/java.util.concurrent.ForkJoinPool$WorkQueue.topLevelE**c(ForkJoinPool.java:1020)
	at java.base/java.util.concurrent.ForkJoinPool.scan(ForkJoinPool.java:1656)
	at java.base/java.util.concurrent.ForkJoinPool.runWorker(ForkJoinPool.java:1594)
	at java.base/java.util.concurrent.ForkJoinWorkerThread.run(ForkJoinWorkerThread.java:177)

	at org.entando.kubernetes.controller.keycloakserver.EntandoKeycloakServerController.lambda$provideDatabaseIfRequired$12(EntandoKeycloakServerController.java:331)
	at java.base/java.util.Optional.ifPresent(Optional.java:183)
	at org.entando.kubernetes.controller.keycloakserver.EntandoKeycloakServerController.provideDatabaseIfRequired(EntandoKeycloakServerController.java:329)
	at org.entando.kubernetes.controller.keycloakserver.EntandoKeycloakServerController.run(EntandoKeycloakServerController.java:120)
	at org.entando.kubernetes.test.common.ControllerTestHelper.runControllerAgainstCustomResource(ControllerTestHelper.java:121)
	at org.entando.kubernetes.controller.keycloakserver.DeployedKeycloakServerTest.lambda$shouldFailIfTheDatabaseProvisioningFailed$60(DeployedKeycloakServerTest.java:500)
	at org.assertj.core.api.ThrowableAssert.catchThrowable(ThrowableAssert.java:62)
	at org.assertj.core.api.AssertionsForClassTypes.catchThrowable(AssertionsForClassTypes.java:877)
	at org.assertj.core.api.Assertions.catchThrowable(Assertions.java:1306)
	at org.entando.kubernetes.controller.keycloakserver.DeployedKeycloakServerTest.lambda$shouldFailIfTheDatabaseProvisioningFailed$61(DeployedKeycloakServerTest.java:500)
	at io.qameta.allure.Allure.lambda$step$0(Allure.java:113)
	at io.qameta.allure.Allure.lambda$step$1(Allure.java:127)
	at io.qameta.allure.Allure.step(Allure.java:181)
	at io.qameta.allure.Allure.step(Allure.java:125)
	at io.qameta.allure.Allure.step(Allure.java:112)
	at org.entando.kubernetes.controller.keycloakserver.DeployedKeycloakServerTest.shouldFailIfTheDatabaseProvisioningFailed(DeployedKeycloakServerTest.java:499)
	at java.base/jdk.internal.reflect.NativeMethodAccessorImpl.invoke0(Native Method)
	at java.base/jdk.internal.reflect.NativeMethodAccessorImpl.invoke(NativeMethodAccessorImpl.java:62)
	at java.base/jdk.internal.reflect.DelegatingMethodAccessorImpl.invoke(DelegatingMethodAccessorImpl.java:43)
	at java.base/java.lang.reflect.Method.invoke(Method.java:566)
	at org.junit.platform.commons.util.ReflectionUtils.invokeMethod(ReflectionUtils.java:688)
	at org.junit.jupiter.engine.e**cution.MethodInvocation.proceed(MethodInvocation.java:60)
	at org.junit.jupiter.engine.e**cution.InvocationInterceptorChain$ValidatingInvocation.proceed(InvocationInterceptorChain.java:131)
	at org.junit.jupiter.api.extension.InvocationInterceptor.interceptTestMethod(InvocationInterceptor.java:117)
	at org.junit.jupiter.engine.e**cution.E**cutableInvoker$ReflectiveInterceptorCall.lambda$ofVoidMethod$0(E**cutableInvoker.java:115)
	at org.junit.jupiter.engine.e**cution.E**cutableInvoker.lambda$invoke$0(E**cutableInvoker.java:105)
	at org.junit.jupiter.engine.e**cution.InvocationInterceptorChain$InterceptedInvocation.proceed(InvocationInterceptorChain.java:106)
	at org.junit.jupiter.engine.extension.TimeoutExtension.intercept(TimeoutExtension.java:149)
	at org.junit.jupiter.engine.extension.TimeoutExtension.interceptTestableMethod(TimeoutExtension.java:140)
	at org.junit.jupiter.engine.extension.TimeoutExtension.interceptTestMethod(TimeoutExtension.java:84)
	at org.junit.jupiter.engine.e**cution.E**cutableInvoker$ReflectiveInterceptorCall.lambda$ofVoidMethod$0(E**cutableInvoker.java:115)
	at org.junit.jupiter.engine.e**cution.E**cutableInvoker.lambda$invoke$0(E**cutableInvoker.java:105)
	at org.junit.jupiter.engine.e**cution.InvocationInterceptorChain$InterceptedInvocation.proceed(InvocationInterceptorChain.java:106)
	at org.junit.jupiter.engine.e**cution.InvocationInterceptorChain.proceed(InvocationInterceptorChain.java:64)
	at org.junit.jupiter.engine.e**cution.InvocationInterceptorChain.chainAndInvoke(InvocationInterceptorChain.java:45)
	at org.junit.jupiter.engine.e**cution.InvocationInterceptorChain.invoke(InvocationInterceptorChain.java:37)
	at org.junit.jupiter.engine.e**cution.E**cutableInvoker.invoke(E**cutableInvoker.java:104)
	at org.junit.jupiter.engine.e**cution.E**cutableInvoker.invoke(E**cutableInvoker.java:98)
	at org.junit.jupiter.engine.descriptor.TestMethodTestDescriptor.lambda$invokeTestMethod$6(TestMethodTestDescriptor.java:210)
	at org.junit.platform.engine.support.hierarchical.ThrowableCollector.e**cute(ThrowableCollector.java:73)
	at org.junit.jupiter.engine.descriptor.TestMethodTestDescriptor.invokeTestMethod(TestMethodTestDescriptor.java:206)
	at org.junit.jupiter.engine.descriptor.TestMethodTestDescriptor.e**cute(TestMethodTestDescriptor.java:131)
	at org.junit.jupiter.engine.descriptor.TestMethodTestDescriptor.e**cute(TestMethodTestDescriptor.java:65)
	at org.junit.platform.engine.support.hierarchical.NodeTestTask.lambda$e**cuteRecursively$5(NodeTestTask.java:139)
	at org.junit.platform.engine.support.hierarchical.ThrowableCollector.e**cute(ThrowableCollector.java:73)
	at org.junit.platform.engine.support.hierarchical.NodeTestTask.lambda$e**cuteRecursively$7(NodeTestTask.java:129)
	at org.junit.platform.engine.support.hierarchical.Node.around(Node.java:137)
	at org.junit.platform.engine.support.hierarchical.NodeTestTask.lambda$e**cuteRecursively$8(NodeTestTask.java:127)
	at org.junit.platform.engine.support.hierarchical.ThrowableCollector.e**cute(ThrowableCollector.java:73)
	at org.junit.platform.engine.support.hierarchical.NodeTestTask.e**cuteRecursively(NodeTestTask.java:126)
	at org.junit.platform.engine.support.hierarchical.NodeTestTask.e**cute(NodeTestTask.java:84)
	at org.junit.platform.engine.support.hierarchical.ForkJoinPoolHierarchicalTestE**cutorService$ExclusiveTask.compute(ForkJoinPoolHierarchicalTestE**cutorService.java:185)
	at org.junit.platform.engine.support.hierarchical.ForkJoinPoolHierarchicalTestE**cutorService.e**cuteNonConcurrentTasks(ForkJoinPoolHierarchicalTestE**cutorService.java:155)
	at org.junit.platform.engine.support.hierarchical.ForkJoinPoolHierarchicalTestE**cutorService.invokeAll(ForkJoinPoolHierarchicalTestE**cutorService.java:135)
	at org.junit.platform.engine.support.hierarchical.NodeTestTask.lambda$e**cuteRecursively$5(NodeTestTask.java:143)
	at org.junit.platform.engine.support.hierarchical.ThrowableCollector.e**cute(ThrowableCollector.java:73)
	at org.junit.platform.engine.support.hierarchical.NodeTestTask.lambda$e**cuteRecursively$7(NodeTestTask.java:129)
	at org.junit.platform.engine.support.hierarchical.Node.around(Node.java:137)
	at org.junit.platform.engine.support.hierarchical.NodeTestTask.lambda$e**cuteRecursively$8(NodeTestTask.java:127)
	at org.junit.platform.engine.support.hierarchical.ThrowableCollector.e**cute(ThrowableCollector.java:73)
	at org.junit.platform.engine.support.hierarchical.NodeTestTask.e**cuteRecursively(NodeTestTask.java:126)
	at org.junit.platform.engine.support.hierarchical.NodeTestTask.e**cute(NodeTestTask.java:84)
	at org.junit.platform.engine.support.hierarchical.ForkJoinPoolHierarchicalTestE**cutorService$ExclusiveTask.compute(ForkJoinPoolHierarchicalTestE**cutorService.java:185)
	at org.junit.platform.engine.support.hierarchical.ForkJoinPoolHierarchicalTestE**cutorService.e**cuteNonConcurrentTasks(ForkJoinPoolHierarchicalTestE**cutorService.java:155)
	at org.junit.platform.engine.support.hierarchical.ForkJoinPoolHierarchicalTestE**cutorService.invokeAll(ForkJoinPoolHierarchicalTestE**cutorService.java:135)
	at org.junit.platform.engine.support.hierarchical.NodeTestTask.lambda$e**cuteRecursively$5(NodeTestTask.java:143)
	at org.junit.platform.engine.support.hierarchical.ThrowableCollector.e**cute(ThrowableCollector.java:73)
	at org.junit.platform.engine.support.hierarchical.NodeTestTask.lambda$e**cuteRecursively$7(NodeTestTask.java:129)
	at org.junit.platform.engine.support.hierarchical.Node.around(Node.java:137)
	at org.junit.platform.engine.support.hierarchical.NodeTestTask.lambda$e**cuteRecursively$8(NodeTestTask.java:127)
	at org.junit.platform.engine.support.hierarchical.ThrowableCollector.e**cute(ThrowableCollector.java:73)
	at org.junit.platform.engine.support.hierarchical.NodeTestTask.e**cuteRecursively(NodeTestTask.java:126)
	at org.junit.platform.engine.support.hierarchical.NodeTestTask.e**cute(NodeTestTask.java:84)
	at org.junit.platform.engine.support.hierarchical.ForkJoinPoolHierarchicalTestE**cutorService$ExclusiveTask.compute(ForkJoinPoolHierarchicalTestE**cutorService.java:185)
	at java.base/java.util.concurrent.RecursiveAction.e**c(RecursiveAction.java:189)
	at java.base/java.util.concurrent.ForkJoinTask.doE**c(ForkJoinTask.java:290)
	at java.base/java.util.concurrent.ForkJoinPool$WorkQueue.topLevelE**c(ForkJoinPool.java:1020)
	at java.base/java.util.concurrent.ForkJoinPool.scan(ForkJoinPool.java:1656)
	at java.base/java.util.concurrent.ForkJoinPool.runWorker(ForkJoinPool.java:1594)
	at java.base/java.util.concurrent.ForkJoinWorkerThread.run(ForkJoinWorkerThread.java:177)

Dec 17, 2021 10:19:02 PM org.entando.kubernetes.test.common.ControllerTestHelper runControllerAgainstCustomResource
WARNING: java.lang.NullPointerException
	at org.entando.kubernetes.controller.keycloakserver.DeployedKeycloakServerTest.lambda$shouldFailIfTheDatabaseProvisioningFailed$59(DeployedKeycloakServerTest.java:496)
	at io.qameta.allure.Allure.lambda$step$1(Allure.java:127)
	at io.qameta.allure.Allure.step(Allure.java:181)
	at io.qameta.allure.Allure.step(Allure.java:125)
	at org.entando.kubernetes.controller.keycloakserver.DeployedKeycloakServerTest.shouldFailIfTheDatabaseProvisioningFailed(DeployedKeycloakServerTest.java:494)
	at java.base/jdk.internal.reflect.NativeMethodAccessorImpl.invoke0(Native Method)
	at java.base/jdk.internal.reflect.NativeMethodAccessorImpl.invoke(NativeMethodAccessorImpl.java:62)
	at java.base/jdk.internal.reflect.DelegatingMethodAccessorImpl.invoke(DelegatingMethodAccessorImpl.java:43)
	at java.base/java.lang.reflect.Method.invoke(Method.java:566)
	at org.junit.platform.commons.util.ReflectionUtils.invokeMethod(ReflectionUtils.java:688)
	at org.junit.jupiter.engine.e**cution.MethodInvocation.proceed(MethodInvocation.java:60)
	at org.junit.jupiter.engine.e**cution.InvocationInterceptorChain$ValidatingInvocation.proceed(InvocationInterceptorChain.java:131)
	at org.junit.jupiter.api.extension.InvocationInterceptor.interceptTestMethod(InvocationInterceptor.java:117)
	at org.junit.jupiter.engine.e**cution.E**cutableInvoker$ReflectiveInterceptorCall.lambda$ofVoidMethod$0(E**cutableInvoker.java:115)
	at org.junit.jupiter.engine.e**cution.E**cutableInvoker.lambda$invoke$0(E**cutableInvoker.java:105)
	at org.junit.jupiter.engine.e**cution.InvocationInterceptorChain$InterceptedInvocation.proceed(InvocationInterceptorChain.java:106)
	at org.junit.jupiter.engine.extension.TimeoutExtension.intercept(TimeoutExtension.java:149)
	at org.junit.jupiter.engine.extension.TimeoutExtension.interceptTestableMethod(TimeoutExtension.java:140)
	at org.junit.jupiter.engine.extension.TimeoutExtension.interceptTestMethod(TimeoutExtension.java:84)
	at org.junit.jupiter.engine.e**cution.E**cutableInvoker$ReflectiveInterceptorCall.lambda$ofVoidMethod$0(E**cutableInvoker.java:115)
	at org.junit.jupiter.engine.e**cution.E**cutableInvoker.lambda$invoke$0(E**cutableInvoker.java:105)
	at org.junit.jupiter.engine.e**cution.InvocationInterceptorChain$InterceptedInvocation.proceed(InvocationInterceptorChain.java:106)
	at org.junit.jupiter.engine.e**cution.InvocationInterceptorChain.proceed(InvocationInterceptorChain.java:64)
	at org.junit.jupiter.engine.e**cution.InvocationInterceptorChain.chainAndInvoke(InvocationInterceptorChain.java:45)
	at org.junit.jupiter.engine.e**cution.InvocationInterceptorChain.invoke(InvocationInterceptorChain.java:37)
	at org.junit.jupiter.engine.e**cution.E**cutableInvoker.invoke(E**cutableInvoker.java:104)
	at org.junit.jupiter.engine.e**cution.E**cutableInvoker.invoke(E**cutableInvoker.java:98)
	at org.junit.jupiter.engine.descriptor.TestMethodTestDescriptor.lambda$invokeTestMethod$6(TestMethodTestDescriptor.java:210)
	at org.junit.platform.engine.support.hierarchical.ThrowableCollector.e**cute(ThrowableCollector.java:73)
	at org.junit.jupiter.engine.descriptor.TestMethodTestDescriptor.invokeTestMethod(TestMethodTestDescriptor.java:206)
	at org.junit.jupiter.engine.descriptor.TestMethodTestDescriptor.e**cute(TestMethodTestDescriptor.java:131)
	at org.junit.jupiter.engine.descriptor.TestMethodTestDescriptor.e**cute(TestMethodTestDescriptor.java:65)
	at org.junit.platform.engine.support.hierarchical.NodeTestTask.lambda$e**cuteRecursively$5(NodeTestTask.java:139)
	at org.junit.platform.engine.support.hierarchical.ThrowableCollector.e**cute(ThrowableCollector.java:73)
	at org.junit.platform.engine.support.hierarchical.NodeTestTask.lambda$e**cuteRecursively$7(NodeTestTask.java:129)
	at org.junit.platform.engine.support.hierarchical.Node.around(Node.java:137)
	at org.junit.platform.engine.support.hierarchical.NodeTestTask.lambda$e**cuteRecursively$8(NodeTestTask.java:127)
	at org.junit.platform.engine.support.hierarchical.ThrowableCollector.e**cute(ThrowableCollector.java:73)
	at org.junit.platform.engine.support.hierarchical.NodeTestTask.e**cuteRecursively(NodeTestTask.java:126)
	at org.junit.platform.engine.support.hierarchical.NodeTestTask.e**cute(NodeTestTask.java:84)
	at org.junit.platform.engine.support.hierarchical.ForkJoinPoolHierarchicalTestE**cutorService$ExclusiveTask.compute(ForkJoinPoolHierarchicalTestE**cutorService.java:185)
	at org.junit.platform.engine.support.hierarchical.ForkJoinPoolHierarchicalTestE**cutorService.e**cuteNonConcurrentTasks(ForkJoinPoolHierarchicalTestE**cutorService.java:155)
	at org.junit.platform.engine.support.hierarchical.ForkJoinPoolHierarchicalTestE**cutorService.invokeAll(ForkJoinPoolHierarchicalTestE**cutorService.java:135)
	at org.junit.platform.engine.support.hierarchical.NodeTestTask.lambda$e**cuteRecursively$5(NodeTestTask.java:143)
	at org.junit.platform.engine.support.hierarchical.ThrowableCollector.e**cute(ThrowableCollector.java:73)
	at org.junit.platform.engine.support.hierarchical.NodeTestTask.lambda$e**cuteRecursively$7(NodeTestTask.java:129)
	at org.junit.platform.engine.support.hierarchical.Node.around(Node.java:137)
	at org.junit.platform.engine.support.hierarchical.NodeTestTask.lambda$e**cuteRecursively$8(NodeTestTask.java:127)
	at org.junit.platform.engine.support.hierarchical.ThrowableCollector.e**cute(ThrowableCollector.java:73)
	at org.junit.platform.engine.support.hierarchical.NodeTestTask.e**cuteRecursively(NodeTestTask.java:126)
	at org.junit.platform.engine.support.hierarchical.NodeTestTask.e**cute(NodeTestTask.java:84)
	at org.junit.platform.engine.support.hierarchical.ForkJoinPoolHierarchicalTestE**cutorService$ExclusiveTask.compute(ForkJoinPoolHierarchicalTestE**cutorService.java:185)
	at org.junit.platform.engine.support.hierarchical.ForkJoinPoolHierarchicalTestE**cutorService.e**cuteNonConcurrentTasks(ForkJoinPoolHierarchicalTestE**cutorService.java:155)
	at org.junit.platform.engine.support.hierarchical.ForkJoinPoolHierarchicalTestE**cutorService.invokeAll(ForkJoinPoolHierarchicalTestE**cutorService.java:135)
	at org.junit.platform.engine.support.hierarchical.NodeTestTask.lambda$e**cuteRecursively$5(NodeTestTask.java:143)
	at org.junit.platform.engine.support.hierarchical.ThrowableCollector.e**cute(ThrowableCollector.java:73)
	at org.junit.platform.engine.support.hierarchical.NodeTestTask.lambda$e**cuteRecursively$7(NodeTestTask.java:129)
	at org.junit.platform.engine.support.hierarchical.Node.around(Node.java:137)
	at org.junit.platform.engine.support.hierarchical.NodeTestTask.lambda$e**cuteRecursively$8(NodeTestTask.java:127)
	at org.junit.platform.engine.support.hierarchical.ThrowableCollector.e**cute(ThrowableCollector.java:73)
	at org.junit.platform.engine.support.hierarchical.NodeTestTask.e**cuteRecursively(NodeTestTask.java:126)
	at org.junit.platform.engine.support.hierarchical.NodeTestTask.e**cute(NodeTestTask.java:84)
	at org.junit.platform.engine.support.hierarchical.ForkJoinPoolHierarchicalTestE**cutorService$ExclusiveTask.compute(ForkJoinPoolHierarchicalTestE**cutorService.java:185)
	at java.base/java.util.concurrent.RecursiveAction.e**c(RecursiveAction.java:189)
	at java.base/java.util.concurrent.ForkJoinTask.doE**c(ForkJoinTask.java:290)
	at java.base/java.util.concurrent.ForkJoinPool$WorkQueue.topLevelE**c(ForkJoinPool.java:1020)
	at java.base/java.util.concurrent.ForkJoinPool.scan(ForkJoinPool.java:1656)
	at java.base/java.util.concurrent.ForkJoinPool.runWorker(ForkJoinPool.java:1594)
	at java.base/java.util.concurrent.ForkJoinWorkerThread.run(ForkJoinWorkerThread.java:177)

picocli.CommandLine$E**cutionException: java.lang.NullPointerException
	at org.entando.kubernetes.controller.keycloakserver.DeployedKeycloakServerTest.lambda$shouldFailIfTheDatabaseProvisioningFailed$59(DeployedKeycloakServerTest.java:496)
	at io.qameta.allure.Allure.lambda$step$1(Allure.java:127)
	at io.qameta.allure.Allure.step(Allure.java:181)
	at io.qameta.allure.Allure.step(Allure.java:125)
	at org.entando.kubernetes.controller.keycloakserver.DeployedKeycloakServerTest.shouldFailIfTheDatabaseProvisioningFailed(DeployedKeycloakServerTest.java:494)
	at java.base/jdk.internal.reflect.NativeMethodAccessorImpl.invoke0(Native Method)
	at java.base/jdk.internal.reflect.NativeMethodAccessorImpl.invoke(NativeMethodAccessorImpl.java:62)
	at java.base/jdk.internal.reflect.DelegatingMethodAccessorImpl.invoke(DelegatingMethodAccessorImpl.java:43)
	at java.base/java.lang.reflect.Method.invoke(Method.java:566)
	at org.junit.platform.commons.util.ReflectionUtils.invokeMethod(ReflectionUtils.java:688)
	at org.junit.jupiter.engine.e**cution.MethodInvocation.proceed(MethodInvocation.java:60)
	at org.junit.jupiter.engine.e**cution.InvocationInterceptorChain$ValidatingInvocation.proceed(InvocationInterceptorChain.java:131)
	at org.junit.jupiter.api.extension.InvocationInterceptor.interceptTestMethod(InvocationInterceptor.java:117)
	at org.junit.jupiter.engine.e**cution.E**cutableInvoker$ReflectiveInterceptorCall.lambda$ofVoidMethod$0(E**cutableInvoker.java:115)
	at org.junit.jupiter.engine.e**cution.E**cutableInvoker.lambda$invoke$0(E**cutableInvoker.java:105)
	at org.junit.jupiter.engine.e**cution.InvocationInterceptorChain$InterceptedInvocation.proceed(InvocationInterceptorChain.java:106)
	at org.junit.jupiter.engine.extension.TimeoutExtension.intercept(TimeoutExtension.java:149)
	at org.junit.jupiter.engine.extension.TimeoutExtension.interceptTestableMethod(TimeoutExtension.java:140)
	at org.junit.jupiter.engine.extension.TimeoutExtension.interceptTestMethod(TimeoutExtension.java:84)
	at org.junit.jupiter.engine.e**cution.E**cutableInvoker$ReflectiveInterceptorCall.lambda$ofVoidMethod$0(E**cutableInvoker.java:115)
	at org.junit.jupiter.engine.e**cution.E**cutableInvoker.lambda$invoke$0(E**cutableInvoker.java:105)
	at org.junit.jupiter.engine.e**cution.InvocationInterceptorChain$InterceptedInvocation.proceed(InvocationInterceptorChain.java:106)
	at org.junit.jupiter.engine.e**cution.InvocationInterceptorChain.proceed(InvocationInterceptorChain.java:64)
	at org.junit.jupiter.engine.e**cution.InvocationInterceptorChain.chainAndInvoke(InvocationInterceptorChain.java:45)
	at org.junit.jupiter.engine.e**cution.InvocationInterceptorChain.invoke(InvocationInterceptorChain.java:37)
	at org.junit.jupiter.engine.e**cution.E**cutableInvoker.invoke(E**cutableInvoker.java:104)
	at org.junit.jupiter.engine.e**cution.E**cutableInvoker.invoke(E**cutableInvoker.java:98)
	at org.junit.jupiter.engine.descriptor.TestMethodTestDescriptor.lambda$invokeTestMethod$6(TestMethodTestDescriptor.java:210)
	at org.junit.platform.engine.support.hierarchical.ThrowableCollector.e**cute(ThrowableCollector.java:73)
	at org.junit.jupiter.engine.descriptor.TestMethodTestDescriptor.invokeTestMethod(TestMethodTestDescriptor.java:206)
	at org.junit.jupiter.engine.descriptor.TestMethodTestDescriptor.e**cute(TestMethodTestDescriptor.java:131)
	at org.junit.jupiter.engine.descriptor.TestMethodTestDescriptor.e**cute(TestMethodTestDescriptor.java:65)
	at org.junit.platform.engine.support.hierarchical.NodeTestTask.lambda$e**cuteRecursively$5(NodeTestTask.java:139)
	at org.junit.platform.engine.support.hierarchical.ThrowableCollector.e**cute(ThrowableCollector.java:73)
	at org.junit.platform.engine.support.hierarchical.NodeTestTask.lambda$e**cuteRecursively$7(NodeTestTask.java:129)
	at org.junit.platform.engine.support.hierarchical.Node.around(Node.java:137)
	at org.junit.platform.engine.support.hierarchical.NodeTestTask.lambda$e**cuteRecursively$8(NodeTestTask.java:127)
	at org.junit.platform.engine.support.hierarchical.ThrowableCollector.e**cute(ThrowableCollector.java:73)
	at org.junit.platform.engine.support.hierarchical.NodeTestTask.e**cuteRecursively(NodeTestTask.java:126)
	at org.junit.platform.engine.support.hierarchical.NodeTestTask.e**cute(NodeTestTask.java:84)
	at org.junit.platform.engine.support.hierarchical.ForkJoinPoolHierarchicalTestE**cutorService$ExclusiveTask.compute(ForkJoinPoolHierarchicalTestE**cutorService.java:185)
	at org.junit.platform.engine.support.hierarchical.ForkJoinPoolHierarchicalTestE**cutorService.e**cuteNonConcurrentTasks(ForkJoinPoolHierarchicalTestE**cutorService.java:155)
	at org.junit.platform.engine.support.hierarchical.ForkJoinPoolHierarchicalTestE**cutorService.invokeAll(ForkJoinPoolHierarchicalTestE**cutorService.java:135)
	at org.junit.platform.engine.support.hierarchical.NodeTestTask.lambda$e**cuteRecursively$5(NodeTestTask.java:143)
	at org.junit.platform.engine.support.hierarchical.ThrowableCollector.e**cute(ThrowableCollector.java:73)
	at org.junit.platform.engine.support.hierarchical.NodeTestTask.lambda$e**cuteRecursively$7(NodeTestTask.java:129)
	at org.junit.platform.engine.support.hierarchical.Node.around(Node.java:137)
	at org.junit.platform.engine.support.hierarchical.NodeTestTask.lambda$e**cuteRecursively$8(NodeTestTask.java:127)
	at org.junit.platform.engine.support.hierarchical.ThrowableCollector.e**cute(ThrowableCollector.java:73)
	at org.junit.platform.engine.support.hierarchical.NodeTestTask.e**cuteRecursively(NodeTestTask.java:126)
	at org.junit.platform.engine.support.hierarchical.NodeTestTask.e**cute(NodeTestTask.java:84)
	at org.junit.platform.engine.support.hierarchical.ForkJoinPoolHierarchicalTestE**cutorService$ExclusiveTask.compute(ForkJoinPoolHierarchicalTestE**cutorService.java:185)
	at org.junit.platform.engine.support.hierarchical.ForkJoinPoolHierarchicalTestE**cutorService.e**cuteNonConcurrentTasks(ForkJoinPoolHierarchicalTestE**cutorService.java:155)
	at org.junit.platform.engine.support.hierarchical.ForkJoinPoolHierarchicalTestE**cutorService.invokeAll(ForkJoinPoolHierarchicalTestE**cutorService.java:135)
	at org.junit.platform.engine.support.hierarchical.NodeTestTask.lambda$e**cuteRecursively$5(NodeTestTask.java:143)
	at org.junit.platform.engine.support.hierarchical.ThrowableCollector.e**cute(ThrowableCollector.java:73)
	at org.junit.platform.engine.support.hierarchical.NodeTestTask.lambda$e**cuteRecursively$7(NodeTestTask.java:129)
	at org.junit.platform.engine.support.hierarchical.Node.around(Node.java:137)
	at org.junit.platform.engine.support.hierarchical.NodeTestTask.lambda$e**cuteRecursively$8(NodeTestTask.java:127)
	at org.junit.platform.engine.support.hierarchical.ThrowableCollector.e**cute(ThrowableCollector.java:73)
	at org.junit.platform.engine.support.hierarchical.NodeTestTask.e**cuteRecursively(NodeTestTask.java:126)
	at org.junit.platform.engine.support.hierarchical.NodeTestTask.e**cute(NodeTestTask.java:84)
	at org.junit.platform.engine.support.hierarchical.ForkJoinPoolHierarchicalTestE**cutorService$ExclusiveTask.compute(ForkJoinPoolHierarchicalTestE**cutorService.java:185)
	at java.base/java.util.concurrent.RecursiveAction.e**c(RecursiveAction.java:189)
	at java.base/java.util.concurrent.ForkJoinTask.doE**c(ForkJoinTask.java:290)
	at java.base/java.util.concurrent.ForkJoinPool$WorkQueue.topLevelE**c(ForkJoinPool.java:1020)
	at java.base/java.util.concurrent.ForkJoinPool.scan(ForkJoinPool.java:1656)
	at java.base/java.util.concurrent.ForkJoinPool.runWorker(ForkJoinPool.java:1594)
	at java.base/java.util.concurrent.ForkJoinWorkerThread.run(ForkJoinWorkerThread.java:177)

	at org.entando.kubernetes.controller.keycloakserver.EntandoKeycloakServerController.lambda$run$0(EntandoKeycloakServerController.java:143)
	at java.base/java.util.Optional.ifPresent(Optional.java:183)
	at org.entando.kubernetes.controller.keycloakserver.EntandoKeycloakServerController.run(EntandoKeycloakServerController.java:142)
	at org.entando.kubernetes.test.common.ControllerTestHelper.runControllerAgainstCustomResource(ControllerTestHelper.java:121)
	at org.entando.kubernetes.controller.keycloakserver.DeployedKeycloakServerTest.lambda$shouldFailIfTheDatabaseProvisioningFailed$60(DeployedKeycloakServerTest.java:500)
	at org.assertj.core.api.ThrowableAssert.catchThrowable(ThrowableAssert.java:62)
	at org.assertj.core.api.AssertionsForClassTypes.catchThrowable(AssertionsForClassTypes.java:877)
	at org.assertj.core.api.Assertions.catchThrowable(Assertions.java:1306)
	at org.entando.kubernetes.controller.keycloakserver.DeployedKeycloakServerTest.lambda$shouldFailIfTheDatabaseProvisioningFailed$61(DeployedKeycloakServerTest.java:500)
	at io.qameta.allure.Allure.lambda$step$0(Allure.java:113)
	at io.qameta.allure.Allure.lambda$step$1(Allure.java:127)
	at io.qameta.allure.Allure.step(Allure.java:181)
	at io.qameta.allure.Allure.step(Allure.java:125)
	at io.qameta.allure.Allure.step(Allure.java:112)
	at org.entando.kubernetes.controller.keycloakserver.DeployedKeycloakServerTest.shouldFailIfTheDatabaseProvisioningFailed(DeployedKeycloakServerTest.java:499)
	at java.base/jdk.internal.reflect.NativeMethodAccessorImpl.invoke0(Native Method)
	at java.base/jdk.internal.reflect.NativeMethodAccessorImpl.invoke(NativeMethodAccessorImpl.java:62)
	at java.base/jdk.internal.reflect.DelegatingMethodAccessorImpl.invoke(DelegatingMethodAccessorImpl.java:43)
	at java.base/java.lang.reflect.Method.invoke(Method.java:566)
	at org.junit.platform.commons.util.ReflectionUtils.invokeMethod(ReflectionUtils.java:688)
	at org.junit.jupiter.engine.e**cution.MethodInvocation.proceed(MethodInvocation.java:60)
	at org.junit.jupiter.engine.e**cution.InvocationInterceptorChain$ValidatingInvocation.proceed(InvocationInterceptorChain.java:131)
	at org.junit.jupiter.api.extension.InvocationInterceptor.interceptTestMethod(InvocationInterceptor.java:117)
	at org.junit.jupiter.engine.e**cution.E**cutableInvoker$ReflectiveInterceptorCall.lambda$ofVoidMethod$0(E**cutableInvoker.java:115)
	at org.junit.jupiter.engine.e**cution.E**cutableInvoker.lambda$invoke$0(E**cutableInvoker.java:105)
	at org.junit.jupiter.engine.e**cution.InvocationInterceptorChain$InterceptedInvocation.proceed(InvocationInterceptorChain.java:106)
	at org.junit.jupiter.engine.extension.TimeoutExtension.intercept(TimeoutExtension.java:149)
	at org.junit.jupiter.engine.extension.TimeoutExtension.interceptTestableMethod(TimeoutExtension.java:140)
	at org.junit.jupiter.engine.extension.TimeoutExtension.interceptTestMethod(TimeoutExtension.java:84)
	at org.junit.jupiter.engine.e**cution.E**cutableInvoker$ReflectiveInterceptorCall.lambda$ofVoidMethod$0(E**cutableInvoker.java:115)
	at org.junit.jupiter.engine.e**cution.E**cutableInvoker.lambda$invoke$0(E**cutableInvoker.java:105)
	at org.junit.jupiter.engine.e**cution.InvocationInterceptorChain$InterceptedInvocation.proceed(InvocationInterceptorChain.java:106)
	at org.junit.jupiter.engine.e**cution.InvocationInterceptorChain.proceed(InvocationInterceptorChain.java:64)
	at org.junit.jupiter.engine.e**cution.InvocationInterceptorChain.chainAndInvoke(InvocationInterceptorChain.java:45)
	at org.junit.jupiter.engine.e**cution.InvocationInterceptorChain.invoke(InvocationInterceptorChain.java:37)
	at org.junit.jupiter.engine.e**cution.E**cutableInvoker.invoke(E**cutableInvoker.java:104)
	at org.junit.jupiter.engine.e**cution.E**cutableInvoker.invoke(E**cutableInvoker.java:98)
	at org.junit.jupiter.engine.descriptor.TestMethodTestDescriptor.lambda$invokeTestMethod$6(TestMethodTestDescriptor.java:210)
	at org.junit.platform.engine.support.hierarchical.ThrowableCollector.e**cute(ThrowableCollector.java:73)
	at org.junit.jupiter.engine.descriptor.TestMethodTestDescriptor.invokeTestMethod(TestMethodTestDescriptor.java:206)
	at org.junit.jupiter.engine.descriptor.TestMethodTestDescriptor.e**cute(TestMethodTestDescriptor.java:131)
	at org.junit.jupiter.engine.descriptor.TestMethodTestDescriptor.e**cute(TestMethodTestDescriptor.java:65)
	at org.junit.platform.engine.support.hierarchical.NodeTestTask.lambda$e**cuteRecursively$5(NodeTestTask.java:139)
	at org.junit.platform.engine.support.hierarchical.ThrowableCollector.e**cute(ThrowableCollector.java:73)
	at org.junit.platform.engine.support.hierarchical.NodeTestTask.lambda$e**cuteRecursively$7(NodeTestTask.java:129)
	at org.junit.platform.engine.support.hierarchical.Node.around(Node.java:137)
	at org.junit.platform.engine.support.hierarchical.NodeTestTask.lambda$e**cuteRecursively$8(NodeTestTask.java:127)
	at org.junit.platform.engine.support.hierarchical.ThrowableCollector.e**cute(ThrowableCollector.java:73)
	at org.junit.platform.engine.support.hierarchical.NodeTestTask.e**cuteRecursively(NodeTestTask.java:126)
	at org.junit.platform.engine.support.hierarchical.NodeTestTask.e**cute(NodeTestTask.java:84)
	at org.junit.platform.engine.support.hierarchical.ForkJoinPoolHierarchicalTestE**cutorService$ExclusiveTask.compute(ForkJoinPoolHierarchicalTestE**cutorService.java:185)
	at org.junit.platform.engine.support.hierarchical.ForkJoinPoolHierarchicalTestE**cutorService.e**cuteNonConcurrentTasks(ForkJoinPoolHierarchicalTestE**cutorService.java:155)
	at org.junit.platform.engine.support.hierarchical.ForkJoinPoolHierarchicalTestE**cutorService.invokeAll(ForkJoinPoolHierarchicalTestE**cutorService.java:135)
	at org.junit.platform.engine.support.hierarchical.NodeTestTask.lambda$e**cuteRecursively$5(NodeTestTask.java:143)
	at org.junit.platform.engine.support.hierarchical.ThrowableCollector.e**cute(ThrowableCollector.java:73)
	at org.junit.platform.engine.support.hierarchical.NodeTestTask.lambda$e**cuteRecursively$7(NodeTestTask.java:129)
	at org.junit.platform.engine.support.hierarchical.Node.around(Node.java:137)
	at org.junit.platform.engine.support.hierarchical.NodeTestTask.lambda$e**cuteRecursively$8(NodeTestTask.java:127)
	at org.junit.platform.engine.support.hierarchical.ThrowableCollector.e**cute(ThrowableCollector.java:73)
	at org.junit.platform.engine.support.hierarchical.NodeTestTask.e**cuteRecursively(NodeTestTask.java:126)
	at org.junit.platform.engine.support.hierarchical.NodeTestTask.e**cute(NodeTestTask.java:84)
	at org.junit.platform.engine.support.hierarchical.ForkJoinPoolHierarchicalTestE**cutorService$ExclusiveTask.compute(ForkJoinPoolHierarchicalTestE**cutorService.java:185)
	at org.junit.platform.engine.support.hierarchical.ForkJoinPoolHierarchicalTestE**cutorService.e**cuteNonConcurrentTasks(ForkJoinPoolHierarchicalTestE**cutorService.java:155)
	at org.junit.platform.engine.support.hierarchical.ForkJoinPoolHierarchicalTestE**cutorService.invokeAll(ForkJoinPoolHierarchicalTestE**cutorService.java:135)
	at org.junit.platform.engine.support.hierarchical.NodeTestTask.lambda$e**cuteRecursively$5(NodeTestTask.java:143)
	at org.junit.platform.engine.support.hierarchical.ThrowableCollector.e**cute(ThrowableCollector.java:73)
	at org.junit.platform.engine.support.hierarchical.NodeTestTask.lambda$e**cuteRecursively$7(NodeTestTask.java:129)
	at org.junit.platform.engine.support.hierarchical.Node.around(Node.java:137)
	at org.junit.platform.engine.support.hierarchical.NodeTestTask.lambda$e**cuteRecursively$8(NodeTestTask.java:127)
	at org.junit.platform.engine.support.hierarchical.ThrowableCollector.e**cute(ThrowableCollector.java:73)
	at org.junit.platform.engine.support.hierarchical.NodeTestTask.e**cuteRecursively(NodeTestTask.java:126)
	at org.junit.platform.engine.support.hierarchical.NodeTestTask.e**cute(NodeTestTask.java:84)
	at org.junit.platform.engine.support.hierarchical.ForkJoinPoolHierarchicalTestE**cutorService$ExclusiveTask.compute(ForkJoinPoolHierarchicalTestE**cutorService.java:185)
	at java.base/java.util.concurrent.RecursiveAction.e**c(RecursiveAction.java:189)
	at java.base/java.util.concurrent.ForkJoinTask.doE**c(ForkJoinTask.java:290)
	at java.base/java.util.concurrent.ForkJoinPool$WorkQueue.topLevelE**c(ForkJoinPool.java:1020)
	at java.base/java.util.concurrent.ForkJoinPool.scan(ForkJoinPool.java:1656)
	at java.base/java.util.concurrent.ForkJoinPool.runWorker(ForkJoinPool.java:1594)
	at java.base/java.util.concurrent.ForkJoinWorkerThread.run(ForkJoinWorkerThread.java:177)

Dec 17, 2021 10:19:03 PM org.entando.kubernetes.controller.keycloakserver.EntandoKeycloakServerController run
SEVERE: Could not disable Keycloak HTTPS requirement:E**cution failed!
org.entando.kubernetes.controller.spi.common.EntandoControllerException: Could not disable Keycloak HTTPS requirement:E**cution failed!
	at org.entando.kubernetes.controller.keycloakserver.EntandoKeycloakServerController.ensureHttpAccess(EntandoKeycloakServerController.java:306)
	at org.entando.kubernetes.controller.keycloakserver.EntandoKeycloakServerController.run(EntandoKeycloakServerController.java:129)
	at org.entando.kubernetes.test.common.ControllerTestHelper.runControllerAgainstCustomResource(ControllerTestHelper.java:121)
	at org.entando.kubernetes.controller.keycloakserver.DeployedKeycloakServerTest.lambda$shouldFailIfTheDisableHttpsCommandFailed$71(DeployedKeycloakServerTest.java:565)
	at org.assertj.core.api.ThrowableAssert.catchThrowable(ThrowableAssert.java:62)
	at org.assertj.core.api.AssertionsForClassTypes.catchThrowable(AssertionsForClassTypes.java:877)
	at org.assertj.core.api.Assertions.catchThrowable(Assertions.java:1306)
	at org.entando.kubernetes.controller.keycloakserver.DeployedKeycloakServerTest.lambda$shouldFailIfTheDisableHttpsCommandFailed$72(DeployedKeycloakServerTest.java:565)
	at io.qameta.allure.Allure.lambda$step$0(Allure.java:113)
	at io.qameta.allure.Allure.lambda$step$1(Allure.java:127)
	at io.qameta.allure.Allure.step(Allure.java:181)
	at io.qameta.allure.Allure.step(Allure.java:125)
	at io.qameta.allure.Allure.step(Allure.java:112)
	at org.entando.kubernetes.controller.keycloakserver.DeployedKeycloakServerTest.shouldFailIfTheDisableHttpsCommandFailed(DeployedKeycloakServerTest.java:564)
	at java.base/jdk.internal.reflect.NativeMethodAccessorImpl.invoke0(Native Method)
	at java.base/jdk.internal.reflect.NativeMethodAccessorImpl.invoke(NativeMethodAccessorImpl.java:62)
	at java.base/jdk.internal.reflect.DelegatingMethodAccessorImpl.invoke(DelegatingMethodAccessorImpl.java:43)
	at java.base/java.lang.reflect.Method.invoke(Method.java:566)
	at org.junit.platform.commons.util.ReflectionUtils.invokeMethod(ReflectionUtils.java:688)
	at org.junit.jupiter.engine.e**cution.MethodInvocation.proceed(MethodInvocation.java:60)
	at org.junit.jupiter.engine.e**cution.InvocationInterceptorChain$ValidatingInvocation.proceed(InvocationInterceptorChain.java:131)
	at org.junit.jupiter.api.extension.InvocationInterceptor.interceptTestMethod(InvocationInterceptor.java:117)
	at org.junit.jupiter.engine.e**cution.E**cutableInvoker$ReflectiveInterceptorCall.lambda$ofVoidMethod$0(E**cutableInvoker.java:115)
	at org.junit.jupiter.engine.e**cution.E**cutableInvoker.lambda$invoke$0(E**cutableInvoker.java:105)
	at org.junit.jupiter.engine.e**cution.InvocationInterceptorChain$InterceptedInvocation.proceed(InvocationInterceptorChain.java:106)
	at org.junit.jupiter.engine.extension.TimeoutExtension.intercept(TimeoutExtension.java:149)
	at org.junit.jupiter.engine.extension.TimeoutExtension.interceptTestableMethod(TimeoutExtension.java:140)
	at org.junit.jupiter.engine.extension.TimeoutExtension.interceptTestMethod(TimeoutExtension.java:84)
	at org.junit.jupiter.engine.e**cution.E**cutableInvoker$ReflectiveInterceptorCall.lambda$ofVoidMethod$0(E**cutableInvoker.java:115)
	at org.junit.jupiter.engine.e**cution.E**cutableInvoker.lambda$invoke$0(E**cutableInvoker.java:105)
	at org.junit.jupiter.engine.e**cution.InvocationInterceptorChain$InterceptedInvocation.proceed(InvocationInterceptorChain.java:106)
	at org.junit.jupiter.engine.e**cution.InvocationInterceptorChain.proceed(InvocationInterceptorChain.java:64)
	at org.junit.jupiter.engine.e**cution.InvocationInterceptorChain.chainAndInvoke(InvocationInterceptorChain.java:45)
	at org.junit.jupiter.engine.e**cution.InvocationInterceptorChain.invoke(InvocationInterceptorChain.java:37)
	at org.junit.jupiter.engine.e**cution.E**cutableInvoker.invoke(E**cutableInvoker.java:104)
	at org.junit.jupiter.engine.e**cution.E**cutableInvoker.invoke(E**cutableInvoker.java:98)
	at org.junit.jupiter.engine.descriptor.TestMethodTestDescriptor.lambda$invokeTestMethod$6(TestMethodTestDescriptor.java:210)
	at org.junit.platform.engine.support.hierarchical.ThrowableCollector.e**cute(ThrowableCollector.java:73)
	at org.junit.jupiter.engine.descriptor.TestMethodTestDescriptor.invokeTestMethod(TestMethodTestDescriptor.java:206)
	at org.junit.jupiter.engine.descriptor.TestMethodTestDescriptor.e**cute(TestMethodTestDescriptor.java:131)
	at org.junit.jupiter.engine.descriptor.TestMethodTestDescriptor.e**cute(TestMethodTestDescriptor.java:65)
	at org.junit.platform.engine.support.hierarchical.NodeTestTask.lambda$e**cuteRecursively$5(NodeTestTask.java:139)
	at org.junit.platform.engine.support.hierarchical.ThrowableCollector.e**cute(ThrowableCollector.java:73)
	at org.junit.platform.engine.support.hierarchical.NodeTestTask.lambda$e**cuteRecursively$7(NodeTestTask.java:129)
	at org.junit.platform.engine.support.hierarchical.Node.around(Node.java:137)
	at org.junit.platform.engine.support.hierarchical.NodeTestTask.lambda$e**cuteRecursively$8(NodeTestTask.java:127)
	at org.junit.platform.engine.support.hierarchical.ThrowableCollector.e**cute(ThrowableCollector.java:73)
	at org.junit.platform.engine.support.hierarchical.NodeTestTask.e**cuteRecursively(NodeTestTask.java:126)
	at org.junit.platform.engine.support.hierarchical.NodeTestTask.e**cute(NodeTestTask.java:84)
	at org.junit.platform.engine.support.hierarchical.ForkJoinPoolHierarchicalTestE**cutorService$ExclusiveTask.compute(ForkJoinPoolHierarchicalTestE**cutorService.java:185)
	at org.junit.platform.engine.support.hierarchical.ForkJoinPoolHierarchicalTestE**cutorService.e**cuteNonConcurrentTasks(ForkJoinPoolHierarchicalTestE**cutorService.java:155)
	at org.junit.platform.engine.support.hierarchical.ForkJoinPoolHierarchicalTestE**cutorService.invokeAll(ForkJoinPoolHierarchicalTestE**cutorService.java:135)
	at org.junit.platform.engine.support.hierarchical.NodeTestTask.lambda$e**cuteRecursively$5(NodeTestTask.java:143)
	at org.junit.platform.engine.support.hierarchical.ThrowableCollector.e**cute(ThrowableCollector.java:73)
	at org.junit.platform.engine.support.hierarchical.NodeTestTask.lambda$e**cuteRecursively$7(NodeTestTask.java:129)
	at org.junit.platform.engine.support.hierarchical.Node.around(Node.java:137)
	at org.junit.platform.engine.support.hierarchical.NodeTestTask.lambda$e**cuteRecursively$8(NodeTestTask.java:127)
	at org.junit.platform.engine.support.hierarchical.ThrowableCollector.e**cute(ThrowableCollector.java:73)
	at org.junit.platform.engine.support.hierarchical.NodeTestTask.e**cuteRecursively(NodeTestTask.java:126)
	at org.junit.platform.engine.support.hierarchical.NodeTestTask.e**cute(NodeTestTask.java:84)
	at org.junit.platform.engine.support.hierarchical.ForkJoinPoolHierarchicalTestE**cutorService$ExclusiveTask.compute(ForkJoinPoolHierarchicalTestE**cutorService.java:185)
	at org.junit.platform.engine.support.hierarchical.ForkJoinPoolHierarchicalTestE**cutorService.e**cuteNonConcurrentTasks(ForkJoinPoolHierarchicalTestE**cutorService.java:155)
	at org.junit.platform.engine.support.hierarchical.ForkJoinPoolHierarchicalTestE**cutorService.invokeAll(ForkJoinPoolHierarchicalTestE**cutorService.java:135)
	at org.junit.platform.engine.support.hierarchical.NodeTestTask.lambda$e**cuteRecursively$5(NodeTestTask.java:143)
	at org.junit.platform.engine.support.hierarchical.ThrowableCollector.e**cute(ThrowableCollector.java:73)
	at org.junit.platform.engine.support.hierarchical.NodeTestTask.lambda$e**cuteRecursively$7(NodeTestTask.java:129)
	at org.junit.platform.engine.support.hierarchical.Node.around(Node.java:137)
	at org.junit.platform.engine.support.hierarchical.NodeTestTask.lambda$e**cuteRecursively$8(NodeTestTask.java:127)
	at org.junit.platform.engine.support.hierarchical.ThrowableCollector.e**cute(ThrowableCollector.java:73)
	at org.junit.platform.engine.support.hierarchical.NodeTestTask.e**cuteRecursively(NodeTestTask.java:126)
	at org.junit.platform.engine.support.hierarchical.NodeTestTask.e**cute(NodeTestTask.java:84)
	at org.junit.platform.engine.support.hierarchical.ForkJoinPoolHierarchicalTestE**cutorService$ExclusiveTask.compute(ForkJoinPoolHierarchicalTestE**cutorService.java:185)
	at java.base/java.util.concurrent.RecursiveAction.e**c(RecursiveAction.java:189)
	at java.base/java.util.concurrent.ForkJoinTask.doE**c(ForkJoinTask.java:290)
	at java.base/java.util.concurrent.ForkJoinPool$WorkQueue.topLevelE**c(ForkJoinPool.java:1020)
	at java.base/java.util.concurrent.ForkJoinPool.scan(ForkJoinPool.java:1656)
	at java.base/java.util.concurrent.ForkJoinPool.runWorker(ForkJoinPool.java:1594)
	at java.base/java.util.concurrent.ForkJoinWorkerThread.run(ForkJoinWorkerThread.java:177)

Dec 17, 2021 10:19:03 PM org.entando.kubernetes.test.common.ControllerTestHelper runControllerAgainstCustomResource
WARNING: org.entando.kubernetes.controller.spi.common.EntandoControllerException: Could not disable Keycloak HTTPS requirement:E**cution failed!
	at org.entando.kubernetes.controller.keycloakserver.EntandoKeycloakServerController.ensureHttpAccess(EntandoKeycloakServerController.java:306)
	at org.entando.kubernetes.controller.keycloakserver.EntandoKeycloakServerController.run(EntandoKeycloakServerController.java:129)
	at org.entando.kubernetes.test.common.ControllerTestHelper.runControllerAgainstCustomResource(ControllerTestHelper.java:121)
	at org.entando.kubernetes.controller.keycloakserver.DeployedKeycloakServerTest.lambda$shouldFailIfTheDisableHttpsCommandFailed$71(DeployedKeycloakServerTest.java:565)
	at org.assertj.core.api.ThrowableAssert.catchThrowable(ThrowableAssert.java:62)
	at org.assertj.core.api.AssertionsForClassTypes.catchThrowable(AssertionsForClassTypes.java:877)
	at org.assertj.core.api.Assertions.catchThrowable(Assertions.java:1306)
	at org.entando.kubernetes.controller.keycloakserver.DeployedKeycloakServerTest.lambda$shouldFailIfTheDisableHttpsCommandFailed$72(DeployedKeycloakServerTest.java:565)
	at io.qameta.allure.Allure.lambda$step$0(Allure.java:113)
	at io.qameta.allure.Allure.lambda$step$1(Allure.java:127)
	at io.qameta.allure.Allure.step(Allure.java:181)
	at io.qameta.allure.Allure.step(Allure.java:125)
	at io.qameta.allure.Allure.step(Allure.java:112)
	at org.entando.kubernetes.controller.keycloakserver.DeployedKeycloakServerTest.shouldFailIfTheDisableHttpsCommandFailed(DeployedKeycloakServerTest.java:564)
	at java.base/jdk.internal.reflect.NativeMethodAccessorImpl.invoke0(Native Method)
	at java.base/jdk.internal.reflect.NativeMethodAccessorImpl.invoke(NativeMethodAccessorImpl.java:62)
	at java.base/jdk.internal.reflect.DelegatingMethodAccessorImpl.invoke(DelegatingMethodAccessorImpl.java:43)
	at java.base/java.lang.reflect.Method.invoke(Method.java:566)
	at org.junit.platform.commons.util.ReflectionUtils.invokeMethod(ReflectionUtils.java:688)
	at org.junit.jupiter.engine.e**cution.MethodInvocation.proceed(MethodInvocation.java:60)
	at org.junit.jupiter.engine.e**cution.InvocationInterceptorChain$ValidatingInvocation.proceed(InvocationInterceptorChain.java:131)
	at org.junit.jupiter.api.extension.InvocationInterceptor.interceptTestMethod(InvocationInterceptor.java:117)
	at org.junit.jupiter.engine.e**cution.E**cutableInvoker$ReflectiveInterceptorCall.lambda$ofVoidMethod$0(E**cutableInvoker.java:115)
	at org.junit.jupiter.engine.e**cution.E**cutableInvoker.lambda$invoke$0(E**cutableInvoker.java:105)
	at org.junit.jupiter.engine.e**cution.InvocationInterceptorChain$InterceptedInvocation.proceed(InvocationInterceptorChain.java:106)
	at org.junit.jupiter.engine.extension.TimeoutExtension.intercept(TimeoutExtension.java:149)
	at org.junit.jupiter.engine.extension.TimeoutExtension.interceptTestableMethod(TimeoutExtension.java:140)
	at org.junit.jupiter.engine.extension.TimeoutExtension.interceptTestMethod(TimeoutExtension.java:84)
	at org.junit.jupiter.engine.e**cution.E**cutableInvoker$ReflectiveInterceptorCall.lambda$ofVoidMethod$0(E**cutableInvoker.java:115)
	at org.junit.jupiter.engine.e**cution.E**cutableInvoker.lambda$invoke$0(E**cutableInvoker.java:105)
	at org.junit.jupiter.engine.e**cution.InvocationInterceptorChain$InterceptedInvocation.proceed(InvocationInterceptorChain.java:106)
	at org.junit.jupiter.engine.e**cution.InvocationInterceptorChain.proceed(InvocationInterceptorChain.java:64)
	at org.junit.jupiter.engine.e**cution.InvocationInterceptorChain.chainAndInvoke(InvocationInterceptorChain.java:45)
	at org.junit.jupiter.engine.e**cution.InvocationInterceptorChain.invoke(InvocationInterceptorChain.java:37)
	at org.junit.jupiter.engine.e**cution.E**cutableInvoker.invoke(E**cutableInvoker.java:104)
	at org.junit.jupiter.engine.e**cution.E**cutableInvoker.invoke(E**cutableInvoker.java:98)
	at org.junit.jupiter.engine.descriptor.TestMethodTestDescriptor.lambda$invokeTestMethod$6(TestMethodTestDescriptor.java:210)
	at org.junit.platform.engine.support.hierarchical.ThrowableCollector.e**cute(ThrowableCollector.java:73)
	at org.junit.jupiter.engine.descriptor.TestMethodTestDescriptor.invokeTestMethod(TestMethodTestDescriptor.java:206)
	at org.junit.jupiter.engine.descriptor.TestMethodTestDescriptor.e**cute(TestMethodTestDescriptor.java:131)
	at org.junit.jupiter.engine.descriptor.TestMethodTestDescriptor.e**cute(TestMethodTestDescriptor.java:65)
	at org.junit.platform.engine.support.hierarchical.NodeTestTask.lambda$e**cuteRecursively$5(NodeTestTask.java:139)
	at org.junit.platform.engine.support.hierarchical.ThrowableCollector.e**cute(ThrowableCollector.java:73)
	at org.junit.platform.engine.support.hierarchical.NodeTestTask.lambda$e**cuteRecursively$7(NodeTestTask.java:129)
	at org.junit.platform.engine.support.hierarchical.Node.around(Node.java:137)
	at org.junit.platform.engine.support.hierarchical.NodeTestTask.lambda$e**cuteRecursively$8(NodeTestTask.java:127)
	at org.junit.platform.engine.support.hierarchical.ThrowableCollector.e**cute(ThrowableCollector.java:73)
	at org.junit.platform.engine.support.hierarchical.NodeTestTask.e**cuteRecursively(NodeTestTask.java:126)
	at org.junit.platform.engine.support.hierarchical.NodeTestTask.e**cute(NodeTestTask.java:84)
	at org.junit.platform.engine.support.hierarchical.ForkJoinPoolHierarchicalTestE**cutorService$ExclusiveTask.compute(ForkJoinPoolHierarchicalTestE**cutorService.java:185)
	at org.junit.platform.engine.support.hierarchical.ForkJoinPoolHierarchicalTestE**cutorService.e**cuteNonConcurrentTasks(ForkJoinPoolHierarchicalTestE**cutorService.java:155)
	at org.junit.platform.engine.support.hierarchical.ForkJoinPoolHierarchicalTestE**cutorService.invokeAll(ForkJoinPoolHierarchicalTestE**cutorService.java:135)
	at org.junit.platform.engine.support.hierarchical.NodeTestTask.lambda$e**cuteRecursively$5(NodeTestTask.java:143)
	at org.junit.platform.engine.support.hierarchical.ThrowableCollector.e**cute(ThrowableCollector.java:73)
	at org.junit.platform.engine.support.hierarchical.NodeTestTask.lambda$e**cuteRecursively$7(NodeTestTask.java:129)
	at org.junit.platform.engine.support.hierarchical.Node.around(Node.java:137)
	at org.junit.platform.engine.support.hierarchical.NodeTestTask.lambda$e**cuteRecursively$8(NodeTestTask.java:127)
	at org.junit.platform.engine.support.hierarchical.ThrowableCollector.e**cute(ThrowableCollector.java:73)
	at org.junit.platform.engine.support.hierarchical.NodeTestTask.e**cuteRecursively(NodeTestTask.java:126)
	at org.junit.platform.engine.support.hierarchical.NodeTestTask.e**cute(NodeTestTask.java:84)
	at org.junit.platform.engine.support.hierarchical.ForkJoinPoolHierarchicalTestE**cutorService$ExclusiveTask.compute(ForkJoinPoolHierarchicalTestE**cutorService.java:185)
	at org.junit.platform.engine.support.hierarchical.ForkJoinPoolHierarchicalTestE**cutorService.e**cuteNonConcurrentTasks(ForkJoinPoolHierarchicalTestE**cutorService.java:155)
	at org.junit.platform.engine.support.hierarchical.ForkJoinPoolHierarchicalTestE**cutorService.invokeAll(ForkJoinPoolHierarchicalTestE**cutorService.java:135)
	at org.junit.platform.engine.support.hierarchical.NodeTestTask.lambda$e**cuteRecursively$5(NodeTestTask.java:143)
	at org.junit.platform.engine.support.hierarchical.ThrowableCollector.e**cute(ThrowableCollector.java:73)
	at org.junit.platform.engine.support.hierarchical.NodeTestTask.lambda$e**cuteRecursively$7(NodeTestTask.java:129)
	at org.junit.platform.engine.support.hierarchical.Node.around(Node.java:137)
	at org.junit.platform.engine.support.hierarchical.NodeTestTask.lambda$e**cuteRecursively$8(NodeTestTask.java:127)
	at org.junit.platform.engine.support.hierarchical.ThrowableCollector.e**cute(ThrowableCollector.java:73)
	at org.junit.platform.engine.support.hierarchical.NodeTestTask.e**cuteRecursively(NodeTestTask.java:126)
	at org.junit.platform.engine.support.hierarchical.NodeTestTask.e**cute(NodeTestTask.java:84)
	at org.junit.platform.engine.support.hierarchical.ForkJoinPoolHierarchicalTestE**cutorService$ExclusiveTask.compute(ForkJoinPoolHierarchicalTestE**cutorService.java:185)
	at java.base/java.util.concurrent.RecursiveAction.e**c(RecursiveAction.java:189)
	at java.base/java.util.concurrent.ForkJoinTask.doE**c(ForkJoinTask.java:290)
	at java.base/java.util.concurrent.ForkJoinPool$WorkQueue.topLevelE**c(ForkJoinPool.java:1020)
	at java.base/java.util.concurrent.ForkJoinPool.scan(ForkJoinPool.java:1656)
	at java.base/java.util.concurrent.ForkJoinPool.runWorker(ForkJoinPool.java:1594)
	at java.base/java.util.concurrent.ForkJoinWorkerThread.run(ForkJoinWorkerThread.java:177)

picocli.CommandLine$E**cutionException: org.entando.kubernetes.controller.spi.common.EntandoControllerException: Could not disable Keycloak HTTPS requirement:E**cution failed!
	at org.entando.kubernetes.controller.keycloakserver.EntandoKeycloakServerController.ensureHttpAccess(EntandoKeycloakServerController.java:306)
	at org.entando.kubernetes.controller.keycloakserver.EntandoKeycloakServerController.run(EntandoKeycloakServerController.java:129)
	at org.entando.kubernetes.test.common.ControllerTestHelper.runControllerAgainstCustomResource(ControllerTestHelper.java:121)
	at org.entando.kubernetes.controller.keycloakserver.DeployedKeycloakServerTest.lambda$shouldFailIfTheDisableHttpsCommandFailed$71(DeployedKeycloakServerTest.java:565)
	at org.assertj.core.api.ThrowableAssert.catchThrowable(ThrowableAssert.java:62)
	at org.assertj.core.api.AssertionsForClassTypes.catchThrowable(AssertionsForClassTypes.java:877)
	at org.assertj.core.api.Assertions.catchThrowable(Assertions.java:1306)
	at org.entando.kubernetes.controller.keycloakserver.DeployedKeycloakServerTest.lambda$shouldFailIfTheDisableHttpsCommandFailed$72(DeployedKeycloakServerTest.java:565)
	at io.qameta.allure.Allure.lambda$step$0(Allure.java:113)
	at io.qameta.allure.Allure.lambda$step$1(Allure.java:127)
	at io.qameta.allure.Allure.step(Allure.java:181)
	at io.qameta.allure.Allure.step(Allure.java:125)
	at io.qameta.allure.Allure.step(Allure.java:112)
	at org.entando.kubernetes.controller.keycloakserver.DeployedKeycloakServerTest.shouldFailIfTheDisableHttpsCommandFailed(DeployedKeycloakServerTest.java:564)
	at java.base/jdk.internal.reflect.NativeMethodAccessorImpl.invoke0(Native Method)
	at java.base/jdk.internal.reflect.NativeMethodAccessorImpl.invoke(NativeMethodAccessorImpl.java:62)
	at java.base/jdk.internal.reflect.DelegatingMethodAccessorImpl.invoke(DelegatingMethodAccessorImpl.java:43)
	at java.base/java.lang.reflect.Method.invoke(Method.java:566)
	at org.junit.platform.commons.util.ReflectionUtils.invokeMethod(ReflectionUtils.java:688)
	at org.junit.jupiter.engine.e**cution.MethodInvocation.proceed(MethodInvocation.java:60)
	at org.junit.jupiter.engine.e**cution.InvocationInterceptorChain$ValidatingInvocation.proceed(InvocationInterceptorChain.java:131)
	at org.junit.jupiter.api.extension.InvocationInterceptor.interceptTestMethod(InvocationInterceptor.java:117)
	at org.junit.jupiter.engine.e**cution.E**cutableInvoker$ReflectiveInterceptorCall.lambda$ofVoidMethod$0(E**cutableInvoker.java:115)
	at org.junit.jupiter.engine.e**cution.E**cutableInvoker.lambda$invoke$0(E**cutableInvoker.java:105)
	at org.junit.jupiter.engine.e**cution.InvocationInterceptorChain$InterceptedInvocation.proceed(InvocationInterceptorChain.java:106)
	at org.junit.jupiter.engine.extension.TimeoutExtension.intercept(TimeoutExtension.java:149)
	at org.junit.jupiter.engine.extension.TimeoutExtension.interceptTestableMethod(TimeoutExtension.java:140)
	at org.junit.jupiter.engine.extension.TimeoutExtension.interceptTestMethod(TimeoutExtension.java:84)
	at org.junit.jupiter.engine.e**cution.E**cutableInvoker$ReflectiveInterceptorCall.lambda$ofVoidMethod$0(E**cutableInvoker.java:115)
	at org.junit.jupiter.engine.e**cution.E**cutableInvoker.lambda$invoke$0(E**cutableInvoker.java:105)
	at org.junit.jupiter.engine.e**cution.InvocationInterceptorChain$InterceptedInvocation.proceed(InvocationInterceptorChain.java:106)
	at org.junit.jupiter.engine.e**cution.InvocationInterceptorChain.proceed(InvocationInterceptorChain.java:64)
	at org.junit.jupiter.engine.e**cution.InvocationInterceptorChain.chainAndInvoke(InvocationInterceptorChain.java:45)
	at org.junit.jupiter.engine.e**cution.InvocationInterceptorChain.invoke(InvocationInterceptorChain.java:37)
	at org.junit.jupiter.engine.e**cution.E**cutableInvoker.invoke(E**cutableInvoker.java:104)
	at org.junit.jupiter.engine.e**cution.E**cutableInvoker.invoke(E**cutableInvoker.java:98)
	at org.junit.jupiter.engine.descriptor.TestMethodTestDescriptor.lambda$invokeTestMethod$6(TestMethodTestDescriptor.java:210)
	at org.junit.platform.engine.support.hierarchical.ThrowableCollector.e**cute(ThrowableCollector.java:73)
	at org.junit.jupiter.engine.descriptor.TestMethodTestDescriptor.invokeTestMethod(TestMethodTestDescriptor.java:206)
	at org.junit.jupiter.engine.descriptor.TestMethodTestDescriptor.e**cute(TestMethodTestDescriptor.java:131)
	at org.junit.jupiter.engine.descriptor.TestMethodTestDescriptor.e**cute(TestMethodTestDescriptor.java:65)
	at org.junit.platform.engine.support.hierarchical.NodeTestTask.lambda$e**cuteRecursively$5(NodeTestTask.java:139)
	at org.junit.platform.engine.support.hierarchical.ThrowableCollector.e**cute(ThrowableCollector.java:73)
	at org.junit.platform.engine.support.hierarchical.NodeTestTask.lambda$e**cuteRecursively$7(NodeTestTask.java:129)
	at org.junit.platform.engine.support.hierarchical.Node.around(Node.java:137)
	at org.junit.platform.engine.support.hierarchical.NodeTestTask.lambda$e**cuteRecursively$8(NodeTestTask.java:127)
	at org.junit.platform.engine.support.hierarchical.ThrowableCollector.e**cute(ThrowableCollector.java:73)
	at org.junit.platform.engine.support.hierarchical.NodeTestTask.e**cuteRecursively(NodeTestTask.java:126)
	at org.junit.platform.engine.support.hierarchical.NodeTestTask.e**cute(NodeTestTask.java:84)
	at org.junit.platform.engine.support.hierarchical.ForkJoinPoolHierarchicalTestE**cutorService$ExclusiveTask.compute(ForkJoinPoolHierarchicalTestE**cutorService.java:185)
	at org.junit.platform.engine.support.hierarchical.ForkJoinPoolHierarchicalTestE**cutorService.e**cuteNonConcurrentTasks(ForkJoinPoolHierarchicalTestE**cutorService.java:155)
	at org.junit.platform.engine.support.hierarchical.ForkJoinPoolHierarchicalTestE**cutorService.invokeAll(ForkJoinPoolHierarchicalTestE**cutorService.java:135)
	at org.junit.platform.engine.support.hierarchical.NodeTestTask.lambda$e**cuteRecursively$5(NodeTestTask.java:143)
	at org.junit.platform.engine.support.hierarchical.ThrowableCollector.e**cute(ThrowableCollector.java:73)
	at org.junit.platform.engine.support.hierarchical.NodeTestTask.lambda$e**cuteRecursively$7(NodeTestTask.java:129)
	at org.junit.platform.engine.support.hierarchical.Node.around(Node.java:137)
	at org.junit.platform.engine.support.hierarchical.NodeTestTask.lambda$e**cuteRecursively$8(NodeTestTask.java:127)
	at org.junit.platform.engine.support.hierarchical.ThrowableCollector.e**cute(ThrowableCollector.java:73)
	at org.junit.platform.engine.support.hierarchical.NodeTestTask.e**cuteRecursively(NodeTestTask.java:126)
	at org.junit.platform.engine.support.hierarchical.NodeTestTask.e**cute(NodeTestTask.java:84)
	at org.junit.platform.engine.support.hierarchical.ForkJoinPoolHierarchicalTestE**cutorService$ExclusiveTask.compute(ForkJoinPoolHierarchicalTestE**cutorService.java:185)
	at org.junit.platform.engine.support.hierarchical.ForkJoinPoolHierarchicalTestE**cutorService.e**cuteNonConcurrentTasks(ForkJoinPoolHierarchicalTestE**cutorService.java:155)
	at org.junit.platform.engine.support.hierarchical.ForkJoinPoolHierarchicalTestE**cutorService.invokeAll(ForkJoinPoolHierarchicalTestE**cutorService.java:135)
	at org.junit.platform.engine.support.hierarchical.NodeTestTask.lambda$e**cuteRecursively$5(NodeTestTask.java:143)
	at org.junit.platform.engine.support.hierarchical.ThrowableCollector.e**cute(ThrowableCollector.java:73)
	at org.junit.platform.engine.support.hierarchical.NodeTestTask.lambda$e**cuteRecursively$7(NodeTestTask.java:129)
	at org.junit.platform.engine.support.hierarchical.Node.around(Node.java:137)
	at org.junit.platform.engine.support.hierarchical.NodeTestTask.lambda$e**cuteRecursively$8(NodeTestTask.java:127)
	at org.junit.platform.engine.support.hierarchical.ThrowableCollector.e**cute(ThrowableCollector.java:73)
	at org.junit.platform.engine.support.hierarchical.NodeTestTask.e**cuteRecursively(NodeTestTask.java:126)
	at org.junit.platform.engine.support.hierarchical.NodeTestTask.e**cute(NodeTestTask.java:84)
	at org.junit.platform.engine.support.hierarchical.ForkJoinPoolHierarchicalTestE**cutorService$ExclusiveTask.compute(ForkJoinPoolHierarchicalTestE**cutorService.java:185)
	at java.base/java.util.concurrent.RecursiveAction.e**c(RecursiveAction.java:189)
	at java.base/java.util.concurrent.ForkJoinTask.doE**c(ForkJoinTask.java:290)
	at java.base/java.util.concurrent.ForkJoinPool$WorkQueue.topLevelE**c(ForkJoinPool.java:1020)
	at java.base/java.util.concurrent.ForkJoinPool.scan(ForkJoinPool.java:1656)
	at java.base/java.util.concurrent.ForkJoinPool.runWorker(ForkJoinPool.java:1594)
	at java.base/java.util.concurrent.ForkJoinWorkerThread.run(ForkJoinWorkerThread.java:177)

	at org.entando.kubernetes.controller.keycloakserver.EntandoKeycloakServerController.lambda$run$0(EntandoKeycloakServerController.java:143)
	at java.base/java.util.Optional.ifPresent(Optional.java:183)
	at org.entando.kubernetes.controller.keycloakserver.EntandoKeycloakServerController.run(EntandoKeycloakServerController.java:142)
	at org.entando.kubernetes.test.common.ControllerTestHelper.runControllerAgainstCustomResource(ControllerTestHelper.java:121)
	at org.entando.kubernetes.controller.keycloakserver.DeployedKeycloakServerTest.lambda$shouldFailIfTheDisableHttpsCommandFailed$71(DeployedKeycloakServerTest.java:565)
	at org.assertj.core.api.ThrowableAssert.catchThrowable(ThrowableAssert.java:62)
	at org.assertj.core.api.AssertionsForClassTypes.catchThrowable(AssertionsForClassTypes.java:877)
	at org.assertj.core.api.Assertions.catchThrowable(Assertions.java:1306)
	at org.entando.kubernetes.controller.keycloakserver.DeployedKeycloakServerTest.lambda$shouldFailIfTheDisableHttpsCommandFailed$72(DeployedKeycloakServerTest.java:565)
	at io.qameta.allure.Allure.lambda$step$0(Allure.java:113)
	at io.qameta.allure.Allure.lambda$step$1(Allure.java:127)
	at io.qameta.allure.Allure.step(Allure.java:181)
	at io.qameta.allure.Allure.step(Allure.java:125)
	at io.qameta.allure.Allure.step(Allure.java:112)
	at org.entando.kubernetes.controller.keycloakserver.DeployedKeycloakServerTest.shouldFailIfTheDisableHttpsCommandFailed(DeployedKeycloakServerTest.java:564)
	at java.base/jdk.internal.reflect.NativeMethodAccessorImpl.invoke0(Native Method)
	at java.base/jdk.internal.reflect.NativeMethodAccessorImpl.invoke(NativeMethodAccessorImpl.java:62)
	at java.base/jdk.internal.reflect.DelegatingMethodAccessorImpl.invoke(DelegatingMethodAccessorImpl.java:43)
	at java.base/java.lang.reflect.Method.invoke(Method.java:566)
	at org.junit.platform.commons.util.ReflectionUtils.invokeMethod(ReflectionUtils.java:688)
	at org.junit.jupiter.engine.e**cution.MethodInvocation.proceed(MethodInvocation.java:60)
	at org.junit.jupiter.engine.e**cution.InvocationInterceptorChain$ValidatingInvocation.proceed(InvocationInterceptorChain.java:131)
	at org.junit.jupiter.api.extension.InvocationInterceptor.interceptTestMethod(InvocationInterceptor.java:117)
	at org.junit.jupiter.engine.e**cution.E**cutableInvoker$ReflectiveInterceptorCall.lambda$ofVoidMethod$0(E**cutableInvoker.java:115)
	at org.junit.jupiter.engine.e**cution.E**cutableInvoker.lambda$invoke$0(E**cutableInvoker.java:105)
	at org.junit.jupiter.engine.e**cution.InvocationInterceptorChain$InterceptedInvocation.proceed(InvocationInterceptorChain.java:106)
	at org.junit.jupiter.engine.extension.TimeoutExtension.intercept(TimeoutExtension.java:149)
	at org.junit.jupiter.engine.extension.TimeoutExtension.interceptTestableMethod(TimeoutExtension.java:140)
	at org.junit.jupiter.engine.extension.TimeoutExtension.interceptTestMethod(TimeoutExtension.java:84)
	at org.junit.jupiter.engine.e**cution.E**cutableInvoker$ReflectiveInterceptorCall.lambda$ofVoidMethod$0(E**cutableInvoker.java:115)
	at org.junit.jupiter.engine.e**cution.E**cutableInvoker.lambda$invoke$0(E**cutableInvoker.java:105)
	at org.junit.jupiter.engine.e**cution.InvocationInterceptorChain$InterceptedInvocation.proceed(InvocationInterceptorChain.java:106)
	at org.junit.jupiter.engine.e**cution.InvocationInterceptorChain.proceed(InvocationInterceptorChain.java:64)
	at org.junit.jupiter.engine.e**cution.InvocationInterceptorChain.chainAndInvoke(InvocationInterceptorChain.java:45)
	at org.junit.jupiter.engine.e**cution.InvocationInterceptorChain.invoke(InvocationInterceptorChain.java:37)
	at org.junit.jupiter.engine.e**cution.E**cutableInvoker.invoke(E**cutableInvoker.java:104)
	at org.junit.jupiter.engine.e**cution.E**cutableInvoker.invoke(E**cutableInvoker.java:98)
	at org.junit.jupiter.engine.descriptor.TestMethodTestDescriptor.lambda$invokeTestMethod$6(TestMethodTestDescriptor.java:210)
	at org.junit.platform.engine.support.hierarchical.ThrowableCollector.e**cute(ThrowableCollector.java:73)
	at org.junit.jupiter.engine.descriptor.TestMethodTestDescriptor.invokeTestMethod(TestMethodTestDescriptor.java:206)
	at org.junit.jupiter.engine.descriptor.TestMethodTestDescriptor.e**cute(TestMethodTestDescriptor.java:131)
	at org.junit.jupiter.engine.descriptor.TestMethodTestDescriptor.e**cute(TestMethodTestDescriptor.java:65)
	at org.junit.platform.engine.support.hierarchical.NodeTestTask.lambda$e**cuteRecursively$5(NodeTestTask.java:139)
	at org.junit.platform.engine.support.hierarchical.ThrowableCollector.e**cute(ThrowableCollector.java:73)
	at org.junit.platform.engine.support.hierarchical.NodeTestTask.lambda$e**cuteRecursively$7(NodeTestTask.java:129)
	at org.junit.platform.engine.support.hierarchical.Node.around(Node.java:137)
	at org.junit.platform.engine.support.hierarchical.NodeTestTask.lambda$e**cuteRecursively$8(NodeTestTask.java:127)
	at org.junit.platform.engine.support.hierarchical.ThrowableCollector.e**cute(ThrowableCollector.java:73)
	at org.junit.platform.engine.support.hierarchical.NodeTestTask.e**cuteRecursively(NodeTestTask.java:126)
	at org.junit.platform.engine.support.hierarchical.NodeTestTask.e**cute(NodeTestTask.java:84)
	at org.junit.platform.engine.support.hierarchical.ForkJoinPoolHierarchicalTestE**cutorService$ExclusiveTask.compute(ForkJoinPoolHierarchicalTestE**cutorService.java:185)
	at org.junit.platform.engine.support.hierarchical.ForkJoinPoolHierarchicalTestE**cutorService.e**cuteNonConcurrentTasks(ForkJoinPoolHierarchicalTestE**cutorService.java:155)
	at org.junit.platform.engine.support.hierarchical.ForkJoinPoolHierarchicalTestE**cutorService.invokeAll(ForkJoinPoolHierarchicalTestE**cutorService.java:135)
	at org.junit.platform.engine.support.hierarchical.NodeTestTask.lambda$e**cuteRecursively$5(NodeTestTask.java:143)
	at org.junit.platform.engine.support.hierarchical.ThrowableCollector.e**cute(ThrowableCollector.java:73)
	at org.junit.platform.engine.support.hierarchical.NodeTestTask.lambda$e**cuteRecursively$7(NodeTestTask.java:129)
	at org.junit.platform.engine.support.hierarchical.Node.around(Node.java:137)
	at org.junit.platform.engine.support.hierarchical.NodeTestTask.lambda$e**cuteRecursively$8(NodeTestTask.java:127)
	at org.junit.platform.engine.support.hierarchical.ThrowableCollector.e**cute(ThrowableCollector.java:73)
	at org.junit.platform.engine.support.hierarchical.NodeTestTask.e**cuteRecursively(NodeTestTask.java:126)
	at org.junit.platform.engine.support.hierarchical.NodeTestTask.e**cute(NodeTestTask.java:84)
	at org.junit.platform.engine.support.hierarchical.ForkJoinPoolHierarchicalTestE**cutorService$ExclusiveTask.compute(ForkJoinPoolHierarchicalTestE**cutorService.java:185)
	at org.junit.platform.engine.support.hierarchical.ForkJoinPoolHierarchicalTestE**cutorService.e**cuteNonConcurrentTasks(ForkJoinPoolHierarchicalTestE**cutorService.java:155)
	at org.junit.platform.engine.support.hierarchical.ForkJoinPoolHierarchicalTestE**cutorService.invokeAll(ForkJoinPoolHierarchicalTestE**cutorService.java:135)
	at org.junit.platform.engine.support.hierarchical.NodeTestTask.lambda$e**cuteRecursively$5(NodeTestTask.java:143)
	at org.junit.platform.engine.support.hierarchical.ThrowableCollector.e**cute(ThrowableCollector.java:73)
	at org.junit.platform.engine.support.hierarchical.NodeTestTask.lambda$e**cuteRecursively$7(NodeTestTask.java:129)
	at org.junit.platform.engine.support.hierarchical.Node.around(Node.java:137)
	at org.junit.platform.engine.support.hierarchical.NodeTestTask.lambda$e**cuteRecursively$8(NodeTestTask.java:127)
	at org.junit.platform.engine.support.hierarchical.ThrowableCollector.e**cute(ThrowableCollector.java:73)
	at org.junit.platform.engine.support.hierarchical.NodeTestTask.e**cuteRecursively(NodeTestTask.java:126)
	at org.junit.platform.engine.support.hierarchical.NodeTestTask.e**cute(NodeTestTask.java:84)
	at org.junit.platform.engine.support.hierarchical.ForkJoinPoolHierarchicalTestE**cutorService$ExclusiveTask.compute(ForkJoinPoolHierarchicalTestE**cutorService.java:185)
	at java.base/java.util.concurrent.RecursiveAction.e**c(RecursiveAction.java:189)
	at java.base/java.util.concurrent.ForkJoinTask.doE**c(ForkJoinTask.java:290)
	at java.base/java.util.concurrent.ForkJoinPool$WorkQueue.topLevelE**c(ForkJoinPool.java:1020)
	at java.base/java.util.concurrent.ForkJoinPool.scan(ForkJoinPool.java:1656)
	at java.base/java.util.concurrent.ForkJoinPool.runWorker(ForkJoinPool.java:1594)
	at java.base/java.util.concurrent.ForkJoinWorkerThread.run(ForkJoinWorkerThread.java:177)

[INFO] Tests run: 5, Failures: 0, Errors: 0, Skipped: 0, Time elapsed: 5.068 s - in org.entando.kubernetes.controller.keycloakserver.DeployedKeycloakServerTest
[INFO] Running org.entando.kubernetes.controller.keycloakserver.ExternalKeycloakServerTest
Dec 17, 2021 10:19:03 PM org.entando.kubernetes.controller.keycloakserver.EntandoKeycloakServerController run
SEVERE: Please provide the name of the secret containing the ***** credentials for the SSO service you intend to connect to using the EntandoKeycloakServer.spec.*****SecretName property.
org.entando.kubernetes.controller.spi.common.EntandoControllerException: Please provide the name of the secret containing the ***** credentials for the SSO service you intend to connect to using the EntandoKeycloakServer.spec.*****SecretName property.
	at org.entando.kubernetes.controller.keycloakserver.EntandoKeycloakServerController.lambda$validateExternalServiceRequirements$3(EntandoKeycloakServerController.java:186)
	at java.base/java.util.Optional.orElseThrow(Optional.java:408)
	at org.entando.kubernetes.controller.keycloakserver.EntandoKeycloakServerController.validateExternalServiceRequirements(EntandoKeycloakServerController.java:186)
	at org.entando.kubernetes.controller.keycloakserver.EntandoKeycloakServerController.run(EntandoKeycloakServerController.java:105)
	at org.entando.kubernetes.test.common.ControllerTestHelper.runControllerAgainstCustomResource(ControllerTestHelper.java:121)
	at org.entando.kubernetes.controller.keycloakserver.ExternalKeycloakServerTest.lambda$shouldFailWhenNoAdminSecretName$19(ExternalKeycloakServerTest.java:236)
	at org.junit.jupiter.api.AssertThrows.assertThrows(AssertThrows.java:55)
	at org.junit.jupiter.api.AssertThrows.assertThrows(AssertThrows.java:37)
	at org.junit.jupiter.api.Assertions.assertThrows(Assertions.java:3007)
	at org.entando.kubernetes.controller.keycloakserver.ExternalKeycloakServerTest.lambda$shouldFailWhenNoAdminSecretName$20(ExternalKeycloakServerTest.java:235)
	at io.qameta.allure.Allure.lambda$step$1(Allure.java:127)
	at io.qameta.allure.Allure.step(Allure.java:181)
	at io.qameta.allure.Allure.step(Allure.java:125)
	at org.entando.kubernetes.controller.keycloakserver.ExternalKeycloakServerTest.shouldFailWhenNoAdminSecretName(ExternalKeycloakServerTest.java:***)
	at java.base/jdk.internal.reflect.NativeMethodAccessorImpl.invoke0(Native Method)
	at java.base/jdk.internal.reflect.NativeMethodAccessorImpl.invoke(NativeMethodAccessorImpl.java:62)
	at java.base/jdk.internal.reflect.DelegatingMethodAccessorImpl.invoke(DelegatingMethodAccessorImpl.java:43)
	at java.base/java.lang.reflect.Method.invoke(Method.java:566)
	at org.junit.platform.commons.util.ReflectionUtils.invokeMethod(ReflectionUtils.java:688)
	at org.junit.jupiter.engine.e**cution.MethodInvocation.proceed(MethodInvocation.java:60)
	at org.junit.jupiter.engine.e**cution.InvocationInterceptorChain$ValidatingInvocation.proceed(InvocationInterceptorChain.java:131)
	at org.junit.jupiter.api.extension.InvocationInterceptor.interceptTestMethod(InvocationInterceptor.java:117)
	at org.junit.jupiter.engine.e**cution.E**cutableInvoker$ReflectiveInterceptorCall.lambda$ofVoidMethod$0(E**cutableInvoker.java:115)
	at org.junit.jupiter.engine.e**cution.E**cutableInvoker.lambda$invoke$0(E**cutableInvoker.java:105)
	at org.junit.jupiter.engine.e**cution.InvocationInterceptorChain$InterceptedInvocation.proceed(InvocationInterceptorChain.java:106)
	at org.junit.jupiter.engine.extension.TimeoutExtension.intercept(TimeoutExtension.java:149)
	at org.junit.jupiter.engine.extension.TimeoutExtension.interceptTestableMethod(TimeoutExtension.java:140)
	at org.junit.jupiter.engine.extension.TimeoutExtension.interceptTestMethod(TimeoutExtension.java:84)
	at org.junit.jupiter.engine.e**cution.E**cutableInvoker$ReflectiveInterceptorCall.lambda$ofVoidMethod$0(E**cutableInvoker.java:115)
	at org.junit.jupiter.engine.e**cution.E**cutableInvoker.lambda$invoke$0(E**cutableInvoker.java:105)
	at org.junit.jupiter.engine.e**cution.InvocationInterceptorChain$InterceptedInvocation.proceed(InvocationInterceptorChain.java:106)
	at org.junit.jupiter.engine.e**cution.InvocationInterceptorChain.proceed(InvocationInterceptorChain.java:64)
	at org.junit.jupiter.engine.e**cution.InvocationInterceptorChain.chainAndInvoke(InvocationInterceptorChain.java:45)
	at org.junit.jupiter.engine.e**cution.InvocationInterceptorChain.invoke(InvocationInterceptorChain.java:37)
	at org.junit.jupiter.engine.e**cution.E**cutableInvoker.invoke(E**cutableInvoker.java:104)
	at org.junit.jupiter.engine.e**cution.E**cutableInvoker.invoke(E**cutableInvoker.java:98)
	at org.junit.jupiter.engine.descriptor.TestMethodTestDescriptor.lambda$invokeTestMethod$6(TestMethodTestDescriptor.java:210)
	at org.junit.platform.engine.support.hierarchical.ThrowableCollector.e**cute(ThrowableCollector.java:73)
	at org.junit.jupiter.engine.descriptor.TestMethodTestDescriptor.invokeTestMethod(TestMethodTestDescriptor.java:206)
	at org.junit.jupiter.engine.descriptor.TestMethodTestDescriptor.e**cute(TestMethodTestDescriptor.java:131)
	at org.junit.jupiter.engine.descriptor.TestMethodTestDescriptor.e**cute(TestMethodTestDescriptor.java:65)
	at org.junit.platform.engine.support.hierarchical.NodeTestTask.lambda$e**cuteRecursively$5(NodeTestTask.java:139)
	at org.junit.platform.engine.support.hierarchical.ThrowableCollector.e**cute(ThrowableCollector.java:73)
	at org.junit.platform.engine.support.hierarchical.NodeTestTask.lambda$e**cuteRecursively$7(NodeTestTask.java:129)
	at org.junit.platform.engine.support.hierarchical.Node.around(Node.java:137)
	at org.junit.platform.engine.support.hierarchical.NodeTestTask.lambda$e**cuteRecursively$8(NodeTestTask.java:127)
	at org.junit.platform.engine.support.hierarchical.ThrowableCollector.e**cute(ThrowableCollector.java:73)
	at org.junit.platform.engine.support.hierarchical.NodeTestTask.e**cuteRecursively(NodeTestTask.java:126)
	at org.junit.platform.engine.support.hierarchical.NodeTestTask.e**cute(NodeTestTask.java:84)
	at org.junit.platform.engine.support.hierarchical.ForkJoinPoolHierarchicalTestE**cutorService$ExclusiveTask.compute(ForkJoinPoolHierarchicalTestE**cutorService.java:185)
	at org.junit.platform.engine.support.hierarchical.ForkJoinPoolHierarchicalTestE**cutorService.e**cuteNonConcurrentTasks(ForkJoinPoolHierarchicalTestE**cutorService.java:155)
	at org.junit.platform.engine.support.hierarchical.ForkJoinPoolHierarchicalTestE**cutorService.invokeAll(ForkJoinPoolHierarchicalTestE**cutorService.java:135)
	at org.junit.platform.engine.support.hierarchical.NodeTestTask.lambda$e**cuteRecursively$5(NodeTestTask.java:143)
	at org.junit.platform.engine.support.hierarchical.ThrowableCollector.e**cute(ThrowableCollector.java:73)
	at org.junit.platform.engine.support.hierarchical.NodeTestTask.lambda$e**cuteRecursively$7(NodeTestTask.java:129)
	at org.junit.platform.engine.support.hierarchical.Node.around(Node.java:137)
	at org.junit.platform.engine.support.hierarchical.NodeTestTask.lambda$e**cuteRecursively$8(NodeTestTask.java:127)
	at org.junit.platform.engine.support.hierarchical.ThrowableCollector.e**cute(ThrowableCollector.java:73)
	at org.junit.platform.engine.support.hierarchical.NodeTestTask.e**cuteRecursively(NodeTestTask.java:126)
	at org.junit.platform.engine.support.hierarchical.NodeTestTask.e**cute(NodeTestTask.java:84)
	at org.junit.platform.engine.support.hierarchical.ForkJoinPoolHierarchicalTestE**cutorService$ExclusiveTask.compute(ForkJoinPoolHierarchicalTestE**cutorService.java:185)
	at org.junit.platform.engine.support.hierarchical.ForkJoinPoolHierarchicalTestE**cutorService.e**cuteNonConcurrentTasks(ForkJoinPoolHierarchicalTestE**cutorService.java:155)
	at org.junit.platform.engine.support.hierarchical.ForkJoinPoolHierarchicalTestE**cutorService.invokeAll(ForkJoinPoolHierarchicalTestE**cutorService.java:135)
	at org.junit.platform.engine.support.hierarchical.NodeTestTask.lambda$e**cuteRecursively$5(NodeTestTask.java:143)
	at org.junit.platform.engine.support.hierarchical.ThrowableCollector.e**cute(ThrowableCollector.java:73)
	at org.junit.platform.engine.support.hierarchical.NodeTestTask.lambda$e**cuteRecursively$7(NodeTestTask.java:129)
	at org.junit.platform.engine.support.hierarchical.Node.around(Node.java:137)
	at org.junit.platform.engine.support.hierarchical.NodeTestTask.lambda$e**cuteRecursively$8(NodeTestTask.java:127)
	at org.junit.platform.engine.support.hierarchical.ThrowableCollector.e**cute(ThrowableCollector.java:73)
	at org.junit.platform.engine.support.hierarchical.NodeTestTask.e**cuteRecursively(NodeTestTask.java:126)
	at org.junit.platform.engine.support.hierarchical.NodeTestTask.e**cute(NodeTestTask.java:84)
	at org.junit.platform.engine.support.hierarchical.ForkJoinPoolHierarchicalTestE**cutorService$ExclusiveTask.compute(ForkJoinPoolHierarchicalTestE**cutorService.java:185)
	at java.base/java.util.concurrent.RecursiveAction.e**c(RecursiveAction.java:189)
	at java.base/java.util.concurrent.ForkJoinTask.doE**c(ForkJoinTask.java:290)
	at java.base/java.util.concurrent.ForkJoinPool$WorkQueue.topLevelE**c(ForkJoinPool.java:1020)
	at java.base/java.util.concurrent.ForkJoinPool.scan(ForkJoinPool.java:1656)
	at java.base/java.util.concurrent.ForkJoinPool.runWorker(ForkJoinPool.java:1594)
	at java.base/java.util.concurrent.ForkJoinWorkerThread.run(ForkJoinWorkerThread.java:177)

Dec 17, 2021 10:19:03 PM org.entando.kubernetes.test.common.ControllerTestHelper runControllerAgainstCustomResource
WARNING: org.entando.kubernetes.controller.spi.common.EntandoControllerException: Please provide the name of the secret containing the ***** credentials for the SSO service you intend to connect to using the EntandoKeycloakServer.spec.*****SecretName property.
	at org.entando.kubernetes.controller.keycloakserver.EntandoKeycloakServerController.lambda$validateExternalServiceRequirements$3(EntandoKeycloakServerController.java:186)
	at java.base/java.util.Optional.orElseThrow(Optional.java:408)
	at org.entando.kubernetes.controller.keycloakserver.EntandoKeycloakServerController.validateExternalServiceRequirements(EntandoKeycloakServerController.java:186)
	at org.entando.kubernetes.controller.keycloakserver.EntandoKeycloakServerController.run(EntandoKeycloakServerController.java:105)
	at org.entando.kubernetes.test.common.ControllerTestHelper.runControllerAgainstCustomResource(ControllerTestHelper.java:121)
	at org.entando.kubernetes.controller.keycloakserver.ExternalKeycloakServerTest.lambda$shouldFailWhenNoAdminSecretName$19(ExternalKeycloakServerTest.java:236)
	at org.junit.jupiter.api.AssertThrows.assertThrows(AssertThrows.java:55)
	at org.junit.jupiter.api.AssertThrows.assertThrows(AssertThrows.java:37)
	at org.junit.jupiter.api.Assertions.assertThrows(Assertions.java:3007)
	at org.entando.kubernetes.controller.keycloakserver.ExternalKeycloakServerTest.lambda$shouldFailWhenNoAdminSecretName$20(ExternalKeycloakServerTest.java:235)
	at io.qameta.allure.Allure.lambda$step$1(Allure.java:127)
	at io.qameta.allure.Allure.step(Allure.java:181)
	at io.qameta.allure.Allure.step(Allure.java:125)
	at org.entando.kubernetes.controller.keycloakserver.ExternalKeycloakServerTest.shouldFailWhenNoAdminSecretName(ExternalKeycloakServerTest.java:***)
	at java.base/jdk.internal.reflect.NativeMethodAccessorImpl.invoke0(Native Method)
	at java.base/jdk.internal.reflect.NativeMethodAccessorImpl.invoke(NativeMethodAccessorImpl.java:62)
	at java.base/jdk.internal.reflect.DelegatingMethodAccessorImpl.invoke(DelegatingMethodAccessorImpl.java:43)
	at java.base/java.lang.reflect.Method.invoke(Method.java:566)
	at org.junit.platform.commons.util.ReflectionUtils.invokeMethod(ReflectionUtils.java:688)
	at org.junit.jupiter.engine.e**cution.MethodInvocation.proceed(MethodInvocation.java:60)
	at org.junit.jupiter.engine.e**cution.InvocationInterceptorChain$ValidatingInvocation.proceed(InvocationInterceptorChain.java:131)
	at org.junit.jupiter.api.extension.InvocationInterceptor.interceptTestMethod(InvocationInterceptor.java:117)
	at org.junit.jupiter.engine.e**cution.E**cutableInvoker$ReflectiveInterceptorCall.lambda$ofVoidMethod$0(E**cutableInvoker.java:115)
	at org.junit.jupiter.engine.e**cution.E**cutableInvoker.lambda$invoke$0(E**cutableInvoker.java:105)
	at org.junit.jupiter.engine.e**cution.InvocationInterceptorChain$InterceptedInvocation.proceed(InvocationInterceptorChain.java:106)
	at org.junit.jupiter.engine.extension.TimeoutExtension.intercept(TimeoutExtension.java:149)
	at org.junit.jupiter.engine.extension.TimeoutExtension.interceptTestableMethod(TimeoutExtension.java:140)
	at org.junit.jupiter.engine.extension.TimeoutExtension.interceptTestMethod(TimeoutExtension.java:84)
	at org.junit.jupiter.engine.e**cution.E**cutableInvoker$ReflectiveInterceptorCall.lambda$ofVoidMethod$0(E**cutableInvoker.java:115)
	at org.junit.jupiter.engine.e**cution.E**cutableInvoker.lambda$invoke$0(E**cutableInvoker.java:105)
	at org.junit.jupiter.engine.e**cution.InvocationInterceptorChain$InterceptedInvocation.proceed(InvocationInterceptorChain.java:106)
	at org.junit.jupiter.engine.e**cution.InvocationInterceptorChain.proceed(InvocationInterceptorChain.java:64)
	at org.junit.jupiter.engine.e**cution.InvocationInterceptorChain.chainAndInvoke(InvocationInterceptorChain.java:45)
	at org.junit.jupiter.engine.e**cution.InvocationInterceptorChain.invoke(InvocationInterceptorChain.java:37)
	at org.junit.jupiter.engine.e**cution.E**cutableInvoker.invoke(E**cutableInvoker.java:104)
	at org.junit.jupiter.engine.e**cution.E**cutableInvoker.invoke(E**cutableInvoker.java:98)
	at org.junit.jupiter.engine.descriptor.TestMethodTestDescriptor.lambda$invokeTestMethod$6(TestMethodTestDescriptor.java:210)
	at org.junit.platform.engine.support.hierarchical.ThrowableCollector.e**cute(ThrowableCollector.java:73)
	at org.junit.jupiter.engine.descriptor.TestMethodTestDescriptor.invokeTestMethod(TestMethodTestDescriptor.java:206)
	at org.junit.jupiter.engine.descriptor.TestMethodTestDescriptor.e**cute(TestMethodTestDescriptor.java:131)
	at org.junit.jupiter.engine.descriptor.TestMethodTestDescriptor.e**cute(TestMethodTestDescriptor.java:65)
	at org.junit.platform.engine.support.hierarchical.NodeTestTask.lambda$e**cuteRecursively$5(NodeTestTask.java:139)
	at org.junit.platform.engine.support.hierarchical.ThrowableCollector.e**cute(ThrowableCollector.java:73)
	at org.junit.platform.engine.support.hierarchical.NodeTestTask.lambda$e**cuteRecursively$7(NodeTestTask.java:129)
	at org.junit.platform.engine.support.hierarchical.Node.around(Node.java:137)
	at org.junit.platform.engine.support.hierarchical.NodeTestTask.lambda$e**cuteRecursively$8(NodeTestTask.java:127)
	at org.junit.platform.engine.support.hierarchical.ThrowableCollector.e**cute(ThrowableCollector.java:73)
	at org.junit.platform.engine.support.hierarchical.NodeTestTask.e**cuteRecursively(NodeTestTask.java:126)
	at org.junit.platform.engine.support.hierarchical.NodeTestTask.e**cute(NodeTestTask.java:84)
	at org.junit.platform.engine.support.hierarchical.ForkJoinPoolHierarchicalTestE**cutorService$ExclusiveTask.compute(ForkJoinPoolHierarchicalTestE**cutorService.java:185)
	at org.junit.platform.engine.support.hierarchical.ForkJoinPoolHierarchicalTestE**cutorService.e**cuteNonConcurrentTasks(ForkJoinPoolHierarchicalTestE**cutorService.java:155)
	at org.junit.platform.engine.support.hierarchical.ForkJoinPoolHierarchicalTestE**cutorService.invokeAll(ForkJoinPoolHierarchicalTestE**cutorService.java:135)
	at org.junit.platform.engine.support.hierarchical.NodeTestTask.lambda$e**cuteRecursively$5(NodeTestTask.java:143)
	at org.junit.platform.engine.support.hierarchical.ThrowableCollector.e**cute(ThrowableCollector.java:73)
	at org.junit.platform.engine.support.hierarchical.NodeTestTask.lambda$e**cuteRecursively$7(NodeTestTask.java:129)
	at org.junit.platform.engine.support.hierarchical.Node.around(Node.java:137)
	at org.junit.platform.engine.support.hierarchical.NodeTestTask.lambda$e**cuteRecursively$8(NodeTestTask.java:127)
	at org.junit.platform.engine.support.hierarchical.ThrowableCollector.e**cute(ThrowableCollector.java:73)
	at org.junit.platform.engine.support.hierarchical.NodeTestTask.e**cuteRecursively(NodeTestTask.java:126)
	at org.junit.platform.engine.support.hierarchical.NodeTestTask.e**cute(NodeTestTask.java:84)
	at org.junit.platform.engine.support.hierarchical.ForkJoinPoolHierarchicalTestE**cutorService$ExclusiveTask.compute(ForkJoinPoolHierarchicalTestE**cutorService.java:185)
	at org.junit.platform.engine.support.hierarchical.ForkJoinPoolHierarchicalTestE**cutorService.e**cuteNonConcurrentTasks(ForkJoinPoolHierarchicalTestE**cutorService.java:155)
	at org.junit.platform.engine.support.hierarchical.ForkJoinPoolHierarchicalTestE**cutorService.invokeAll(ForkJoinPoolHierarchicalTestE**cutorService.java:135)
	at org.junit.platform.engine.support.hierarchical.NodeTestTask.lambda$e**cuteRecursively$5(NodeTestTask.java:143)
	at org.junit.platform.engine.support.hierarchical.ThrowableCollector.e**cute(ThrowableCollector.java:73)
	at org.junit.platform.engine.support.hierarchical.NodeTestTask.lambda$e**cuteRecursively$7(NodeTestTask.java:129)
	at org.junit.platform.engine.support.hierarchical.Node.around(Node.java:137)
	at org.junit.platform.engine.support.hierarchical.NodeTestTask.lambda$e**cuteRecursively$8(NodeTestTask.java:127)
	at org.junit.platform.engine.support.hierarchical.ThrowableCollector.e**cute(ThrowableCollector.java:73)
	at org.junit.platform.engine.support.hierarchical.NodeTestTask.e**cuteRecursively(NodeTestTask.java:126)
	at org.junit.platform.engine.support.hierarchical.NodeTestTask.e**cute(NodeTestTask.java:84)
	at org.junit.platform.engine.support.hierarchical.ForkJoinPoolHierarchicalTestE**cutorService$ExclusiveTask.compute(ForkJoinPoolHierarchicalTestE**cutorService.java:185)
	at java.base/java.util.concurrent.RecursiveAction.e**c(RecursiveAction.java:189)
	at java.base/java.util.concurrent.ForkJoinTask.doE**c(ForkJoinTask.java:290)
	at java.base/java.util.concurrent.ForkJoinPool$WorkQueue.topLevelE**c(ForkJoinPool.java:1020)
	at java.base/java.util.concurrent.ForkJoinPool.scan(ForkJoinPool.java:1656)
	at java.base/java.util.concurrent.ForkJoinPool.runWorker(ForkJoinPool.java:1594)
	at java.base/java.util.concurrent.ForkJoinWorkerThread.run(ForkJoinWorkerThread.java:177)

picocli.CommandLine$E**cutionException: org.entando.kubernetes.controller.spi.common.EntandoControllerException: Please provide the name of the secret containing the ***** credentials for the SSO service you intend to connect to using the EntandoKeycloakServer.spec.*****SecretName property.
	at org.entando.kubernetes.controller.keycloakserver.EntandoKeycloakServerController.lambda$validateExternalServiceRequirements$3(EntandoKeycloakServerController.java:186)
	at java.base/java.util.Optional.orElseThrow(Optional.java:408)
	at org.entando.kubernetes.controller.keycloakserver.EntandoKeycloakServerController.validateExternalServiceRequirements(EntandoKeycloakServerController.java:186)
	at org.entando.kubernetes.controller.keycloakserver.EntandoKeycloakServerController.run(EntandoKeycloakServerController.java:105)
	at org.entando.kubernetes.test.common.ControllerTestHelper.runControllerAgainstCustomResource(ControllerTestHelper.java:121)
	at org.entando.kubernetes.controller.keycloakserver.ExternalKeycloakServerTest.lambda$shouldFailWhenNoAdminSecretName$19(ExternalKeycloakServerTest.java:236)
	at org.junit.jupiter.api.AssertThrows.assertThrows(AssertThrows.java:55)
	at org.junit.jupiter.api.AssertThrows.assertThrows(AssertThrows.java:37)
	at org.junit.jupiter.api.Assertions.assertThrows(Assertions.java:3007)
	at org.entando.kubernetes.controller.keycloakserver.ExternalKeycloakServerTest.lambda$shouldFailWhenNoAdminSecretName$20(ExternalKeycloakServerTest.java:235)
	at io.qameta.allure.Allure.lambda$step$1(Allure.java:127)
	at io.qameta.allure.Allure.step(Allure.java:181)
	at io.qameta.allure.Allure.step(Allure.java:125)
	at org.entando.kubernetes.controller.keycloakserver.ExternalKeycloakServerTest.shouldFailWhenNoAdminSecretName(ExternalKeycloakServerTest.java:***)
	at java.base/jdk.internal.reflect.NativeMethodAccessorImpl.invoke0(Native Method)
	at java.base/jdk.internal.reflect.NativeMethodAccessorImpl.invoke(NativeMethodAccessorImpl.java:62)
	at java.base/jdk.internal.reflect.DelegatingMethodAccessorImpl.invoke(DelegatingMethodAccessorImpl.java:43)
	at java.base/java.lang.reflect.Method.invoke(Method.java:566)
	at org.junit.platform.commons.util.ReflectionUtils.invokeMethod(ReflectionUtils.java:688)
	at org.junit.jupiter.engine.e**cution.MethodInvocation.proceed(MethodInvocation.java:60)
	at org.junit.jupiter.engine.e**cution.InvocationInterceptorChain$ValidatingInvocation.proceed(InvocationInterceptorChain.java:131)
	at org.junit.jupiter.api.extension.InvocationInterceptor.interceptTestMethod(InvocationInterceptor.java:117)
	at org.junit.jupiter.engine.e**cution.E**cutableInvoker$ReflectiveInterceptorCall.lambda$ofVoidMethod$0(E**cutableInvoker.java:115)
	at org.junit.jupiter.engine.e**cution.E**cutableInvoker.lambda$invoke$0(E**cutableInvoker.java:105)
	at org.junit.jupiter.engine.e**cution.InvocationInterceptorChain$InterceptedInvocation.proceed(InvocationInterceptorChain.java:106)
	at org.junit.jupiter.engine.extension.TimeoutExtension.intercept(TimeoutExtension.java:149)
	at org.junit.jupiter.engine.extension.TimeoutExtension.interceptTestableMethod(TimeoutExtension.java:140)
	at org.junit.jupiter.engine.extension.TimeoutExtension.interceptTestMethod(TimeoutExtension.java:84)
	at org.junit.jupiter.engine.e**cution.E**cutableInvoker$ReflectiveInterceptorCall.lambda$ofVoidMethod$0(E**cutableInvoker.java:115)
	at org.junit.jupiter.engine.e**cution.E**cutableInvoker.lambda$invoke$0(E**cutableInvoker.java:105)
	at org.junit.jupiter.engine.e**cution.InvocationInterceptorChain$InterceptedInvocation.proceed(InvocationInterceptorChain.java:106)
	at org.junit.jupiter.engine.e**cution.InvocationInterceptorChain.proceed(InvocationInterceptorChain.java:64)
	at org.junit.jupiter.engine.e**cution.InvocationInterceptorChain.chainAndInvoke(InvocationInterceptorChain.java:45)
	at org.junit.jupiter.engine.e**cution.InvocationInterceptorChain.invoke(InvocationInterceptorChain.java:37)
	at org.junit.jupiter.engine.e**cution.E**cutableInvoker.invoke(E**cutableInvoker.java:104)
	at org.junit.jupiter.engine.e**cution.E**cutableInvoker.invoke(E**cutableInvoker.java:98)
	at org.junit.jupiter.engine.descriptor.TestMethodTestDescriptor.lambda$invokeTestMethod$6(TestMethodTestDescriptor.java:210)
	at org.junit.platform.engine.support.hierarchical.ThrowableCollector.e**cute(ThrowableCollector.java:73)
	at org.junit.jupiter.engine.descriptor.TestMethodTestDescriptor.invokeTestMethod(TestMethodTestDescriptor.java:206)
	at org.junit.jupiter.engine.descriptor.TestMethodTestDescriptor.e**cute(TestMethodTestDescriptor.java:131)
	at org.junit.jupiter.engine.descriptor.TestMethodTestDescriptor.e**cute(TestMethodTestDescriptor.java:65)
	at org.junit.platform.engine.support.hierarchical.NodeTestTask.lambda$e**cuteRecursively$5(NodeTestTask.java:139)
	at org.junit.platform.engine.support.hierarchical.ThrowableCollector.e**cute(ThrowableCollector.java:73)
	at org.junit.platform.engine.support.hierarchical.NodeTestTask.lambda$e**cuteRecursively$7(NodeTestTask.java:129)
	at org.junit.platform.engine.support.hierarchical.Node.around(Node.java:137)
	at org.junit.platform.engine.support.hierarchical.NodeTestTask.lambda$e**cuteRecursively$8(NodeTestTask.java:127)
	at org.junit.platform.engine.support.hierarchical.ThrowableCollector.e**cute(ThrowableCollector.java:73)
	at org.junit.platform.engine.support.hierarchical.NodeTestTask.e**cuteRecursively(NodeTestTask.java:126)
	at org.junit.platform.engine.support.hierarchical.NodeTestTask.e**cute(NodeTestTask.java:84)
	at org.junit.platform.engine.support.hierarchical.ForkJoinPoolHierarchicalTestE**cutorService$ExclusiveTask.compute(ForkJoinPoolHierarchicalTestE**cutorService.java:185)
	at org.junit.platform.engine.support.hierarchical.ForkJoinPoolHierarchicalTestE**cutorService.e**cuteNonConcurrentTasks(ForkJoinPoolHierarchicalTestE**cutorService.java:155)
	at org.junit.platform.engine.support.hierarchical.ForkJoinPoolHierarchicalTestE**cutorService.invokeAll(ForkJoinPoolHierarchicalTestE**cutorService.java:135)
	at org.junit.platform.engine.support.hierarchical.NodeTestTask.lambda$e**cuteRecursively$5(NodeTestTask.java:143)
	at org.junit.platform.engine.support.hierarchical.ThrowableCollector.e**cute(ThrowableCollector.java:73)
	at org.junit.platform.engine.support.hierarchical.NodeTestTask.lambda$e**cuteRecursively$7(NodeTestTask.java:129)
	at org.junit.platform.engine.support.hierarchical.Node.around(Node.java:137)
	at org.junit.platform.engine.support.hierarchical.NodeTestTask.lambda$e**cuteRecursively$8(NodeTestTask.java:127)
	at org.junit.platform.engine.support.hierarchical.ThrowableCollector.e**cute(ThrowableCollector.java:73)
	at org.junit.platform.engine.support.hierarchical.NodeTestTask.e**cuteRecursively(NodeTestTask.java:126)
	at org.junit.platform.engine.support.hierarchical.NodeTestTask.e**cute(NodeTestTask.java:84)
	at org.junit.platform.engine.support.hierarchical.ForkJoinPoolHierarchicalTestE**cutorService$ExclusiveTask.compute(ForkJoinPoolHierarchicalTestE**cutorService.java:185)
	at org.junit.platform.engine.support.hierarchical.ForkJoinPoolHierarchicalTestE**cutorService.e**cuteNonConcurrentTasks(ForkJoinPoolHierarchicalTestE**cutorService.java:155)
	at org.junit.platform.engine.support.hierarchical.ForkJoinPoolHierarchicalTestE**cutorService.invokeAll(ForkJoinPoolHierarchicalTestE**cutorService.java:135)
	at org.junit.platform.engine.support.hierarchical.NodeTestTask.lambda$e**cuteRecursively$5(NodeTestTask.java:143)
	at org.junit.platform.engine.support.hierarchical.ThrowableCollector.e**cute(ThrowableCollector.java:73)
	at org.junit.platform.engine.support.hierarchical.NodeTestTask.lambda$e**cuteRecursively$7(NodeTestTask.java:129)
	at org.junit.platform.engine.support.hierarchical.Node.around(Node.java:137)
	at org.junit.platform.engine.support.hierarchical.NodeTestTask.lambda$e**cuteRecursively$8(NodeTestTask.java:127)
	at org.junit.platform.engine.support.hierarchical.ThrowableCollector.e**cute(ThrowableCollector.java:73)
	at org.junit.platform.engine.support.hierarchical.NodeTestTask.e**cuteRecursively(NodeTestTask.java:126)
	at org.junit.platform.engine.support.hierarchical.NodeTestTask.e**cute(NodeTestTask.java:84)
	at org.junit.platform.engine.support.hierarchical.ForkJoinPoolHierarchicalTestE**cutorService$ExclusiveTask.compute(ForkJoinPoolHierarchicalTestE**cutorService.java:185)
	at java.base/java.util.concurrent.RecursiveAction.e**c(RecursiveAction.java:189)
	at java.base/java.util.concurrent.ForkJoinTask.doE**c(ForkJoinTask.java:290)
	at java.base/java.util.concurrent.ForkJoinPool$WorkQueue.topLevelE**c(ForkJoinPool.java:1020)
	at java.base/java.util.concurrent.ForkJoinPool.scan(ForkJoinPool.java:1656)
	at java.base/java.util.concurrent.ForkJoinPool.runWorker(ForkJoinPool.java:1594)
	at java.base/java.util.concurrent.ForkJoinWorkerThread.run(ForkJoinWorkerThread.java:177)

	at org.entando.kubernetes.controller.keycloakserver.EntandoKeycloakServerController.lambda$run$0(EntandoKeycloakServerController.java:143)
	at java.base/java.util.Optional.ifPresent(Optional.java:183)
	at org.entando.kubernetes.controller.keycloakserver.EntandoKeycloakServerController.run(EntandoKeycloakServerController.java:142)
	at org.entando.kubernetes.test.common.ControllerTestHelper.runControllerAgainstCustomResource(ControllerTestHelper.java:121)
	at org.entando.kubernetes.controller.keycloakserver.ExternalKeycloakServerTest.lambda$shouldFailWhenNoAdminSecretName$19(ExternalKeycloakServerTest.java:236)
	at org.junit.jupiter.api.AssertThrows.assertThrows(AssertThrows.java:55)
	at org.junit.jupiter.api.AssertThrows.assertThrows(AssertThrows.java:37)
	at org.junit.jupiter.api.Assertions.assertThrows(Assertions.java:3007)
	at org.entando.kubernetes.controller.keycloakserver.ExternalKeycloakServerTest.lambda$shouldFailWhenNoAdminSecretName$20(ExternalKeycloakServerTest.java:235)
	at io.qameta.allure.Allure.lambda$step$1(Allure.java:127)
	at io.qameta.allure.Allure.step(Allure.java:181)
	at io.qameta.allure.Allure.step(Allure.java:125)
	at org.entando.kubernetes.controller.keycloakserver.ExternalKeycloakServerTest.shouldFailWhenNoAdminSecretName(ExternalKeycloakServerTest.java:***)
	at java.base/jdk.internal.reflect.NativeMethodAccessorImpl.invoke0(Native Method)
	at java.base/jdk.internal.reflect.NativeMethodAccessorImpl.invoke(NativeMethodAccessorImpl.java:62)
	at java.base/jdk.internal.reflect.DelegatingMethodAccessorImpl.invoke(DelegatingMethodAccessorImpl.java:43)
	at java.base/java.lang.reflect.Method.invoke(Method.java:566)
	at org.junit.platform.commons.util.ReflectionUtils.invokeMethod(ReflectionUtils.java:688)
	at org.junit.jupiter.engine.e**cution.MethodInvocation.proceed(MethodInvocation.java:60)
	at org.junit.jupiter.engine.e**cution.InvocationInterceptorChain$ValidatingInvocation.proceed(InvocationInterceptorChain.java:131)
	at org.junit.jupiter.api.extension.InvocationInterceptor.interceptTestMethod(InvocationInterceptor.java:117)
	at org.junit.jupiter.engine.e**cution.E**cutableInvoker$ReflectiveInterceptorCall.lambda$ofVoidMethod$0(E**cutableInvoker.java:115)
	at org.junit.jupiter.engine.e**cution.E**cutableInvoker.lambda$invoke$0(E**cutableInvoker.java:105)
	at org.junit.jupiter.engine.e**cution.InvocationInterceptorChain$InterceptedInvocation.proceed(InvocationInterceptorChain.java:106)
	at org.junit.jupiter.engine.extension.TimeoutExtension.intercept(TimeoutExtension.java:149)
	at org.junit.jupiter.engine.extension.TimeoutExtension.interceptTestableMethod(TimeoutExtension.java:140)
	at org.junit.jupiter.engine.extension.TimeoutExtension.interceptTestMethod(TimeoutExtension.java:84)
	at org.junit.jupiter.engine.e**cution.E**cutableInvoker$ReflectiveInterceptorCall.lambda$ofVoidMethod$0(E**cutableInvoker.java:115)
	at org.junit.jupiter.engine.e**cution.E**cutableInvoker.lambda$invoke$0(E**cutableInvoker.java:105)
	at org.junit.jupiter.engine.e**cution.InvocationInterceptorChain$InterceptedInvocation.proceed(InvocationInterceptorChain.java:106)
	at org.junit.jupiter.engine.e**cution.InvocationInterceptorChain.proceed(InvocationInterceptorChain.java:64)
	at org.junit.jupiter.engine.e**cution.InvocationInterceptorChain.chainAndInvoke(InvocationInterceptorChain.java:45)
	at org.junit.jupiter.engine.e**cution.InvocationInterceptorChain.invoke(InvocationInterceptorChain.java:37)
	at org.junit.jupiter.engine.e**cution.E**cutableInvoker.invoke(E**cutableInvoker.java:104)
	at org.junit.jupiter.engine.e**cution.E**cutableInvoker.invoke(E**cutableInvoker.java:98)
	at org.junit.jupiter.engine.descriptor.TestMethodTestDescriptor.lambda$invokeTestMethod$6(TestMethodTestDescriptor.java:210)
	at org.junit.platform.engine.support.hierarchical.ThrowableCollector.e**cute(ThrowableCollector.java:73)
	at org.junit.jupiter.engine.descriptor.TestMethodTestDescriptor.invokeTestMethod(TestMethodTestDescriptor.java:206)
	at org.junit.jupiter.engine.descriptor.TestMethodTestDescriptor.e**cute(TestMethodTestDescriptor.java:131)
	at org.junit.jupiter.engine.descriptor.TestMethodTestDescriptor.e**cute(TestMethodTestDescriptor.java:65)
	at org.junit.platform.engine.support.hierarchical.NodeTestTask.lambda$e**cuteRecursively$5(NodeTestTask.java:139)
	at org.junit.platform.engine.support.hierarchical.ThrowableCollector.e**cute(ThrowableCollector.java:73)
	at org.junit.platform.engine.support.hierarchical.NodeTestTask.lambda$e**cuteRecursively$7(NodeTestTask.java:129)
	at org.junit.platform.engine.support.hierarchical.Node.around(Node.java:137)
	at org.junit.platform.engine.support.hierarchical.NodeTestTask.lambda$e**cuteRecursively$8(NodeTestTask.java:127)
	at org.junit.platform.engine.support.hierarchical.ThrowableCollector.e**cute(ThrowableCollector.java:73)
	at org.junit.platform.engine.support.hierarchical.NodeTestTask.e**cuteRecursively(NodeTestTask.java:126)
	at org.junit.platform.engine.support.hierarchical.NodeTestTask.e**cute(NodeTestTask.java:84)
	at org.junit.platform.engine.support.hierarchical.ForkJoinPoolHierarchicalTestE**cutorService$ExclusiveTask.compute(ForkJoinPoolHierarchicalTestE**cutorService.java:185)
	at org.junit.platform.engine.support.hierarchical.ForkJoinPoolHierarchicalTestE**cutorService.e**cuteNonConcurrentTasks(ForkJoinPoolHierarchicalTestE**cutorService.java:155)
	at org.junit.platform.engine.support.hierarchical.ForkJoinPoolHierarchicalTestE**cutorService.invokeAll(ForkJoinPoolHierarchicalTestE**cutorService.java:135)
	at org.junit.platform.engine.support.hierarchical.NodeTestTask.lambda$e**cuteRecursively$5(NodeTestTask.java:143)
	at org.junit.platform.engine.support.hierarchical.ThrowableCollector.e**cute(ThrowableCollector.java:73)
	at org.junit.platform.engine.support.hierarchical.NodeTestTask.lambda$e**cuteRecursively$7(NodeTestTask.java:129)
	at org.junit.platform.engine.support.hierarchical.Node.around(Node.java:137)
	at org.junit.platform.engine.support.hierarchical.NodeTestTask.lambda$e**cuteRecursively$8(NodeTestTask.java:127)
	at org.junit.platform.engine.support.hierarchical.ThrowableCollector.e**cute(ThrowableCollector.java:73)
	at org.junit.platform.engine.support.hierarchical.NodeTestTask.e**cuteRecursively(NodeTestTask.java:126)
	at org.junit.platform.engine.support.hierarchical.NodeTestTask.e**cute(NodeTestTask.java:84)
	at org.junit.platform.engine.support.hierarchical.ForkJoinPoolHierarchicalTestE**cutorService$ExclusiveTask.compute(ForkJoinPoolHierarchicalTestE**cutorService.java:185)
	at org.junit.platform.engine.support.hierarchical.ForkJoinPoolHierarchicalTestE**cutorService.e**cuteNonConcurrentTasks(ForkJoinPoolHierarchicalTestE**cutorService.java:155)
	at org.junit.platform.engine.support.hierarchical.ForkJoinPoolHierarchicalTestE**cutorService.invokeAll(ForkJoinPoolHierarchicalTestE**cutorService.java:135)
	at org.junit.platform.engine.support.hierarchical.NodeTestTask.lambda$e**cuteRecursively$5(NodeTestTask.java:143)
	at org.junit.platform.engine.support.hierarchical.ThrowableCollector.e**cute(ThrowableCollector.java:73)
	at org.junit.platform.engine.support.hierarchical.NodeTestTask.lambda$e**cuteRecursively$7(NodeTestTask.java:129)
	at org.junit.platform.engine.support.hierarchical.Node.around(Node.java:137)
	at org.junit.platform.engine.support.hierarchical.NodeTestTask.lambda$e**cuteRecursively$8(NodeTestTask.java:127)
	at org.junit.platform.engine.support.hierarchical.ThrowableCollector.e**cute(ThrowableCollector.java:73)
	at org.junit.platform.engine.support.hierarchical.NodeTestTask.e**cuteRecursively(NodeTestTask.java:126)
	at org.junit.platform.engine.support.hierarchical.NodeTestTask.e**cute(NodeTestTask.java:84)
	at org.junit.platform.engine.support.hierarchical.ForkJoinPoolHierarchicalTestE**cutorService$ExclusiveTask.compute(ForkJoinPoolHierarchicalTestE**cutorService.java:185)
	at java.base/java.util.concurrent.RecursiveAction.e**c(RecursiveAction.java:189)
	at java.base/java.util.concurrent.ForkJoinTask.doE**c(ForkJoinTask.java:290)
	at java.base/java.util.concurrent.ForkJoinPool$WorkQueue.topLevelE**c(ForkJoinPool.java:1020)
	at java.base/java.util.concurrent.ForkJoinPool.scan(ForkJoinPool.java:1656)
	at java.base/java.util.concurrent.ForkJoinPool.runWorker(ForkJoinPool.java:1594)
	at java.base/java.util.concurrent.ForkJoinWorkerThread.run(ForkJoinWorkerThread.java:177)

Dec 17, 2021 10:19:04 PM org.entando.kubernetes.controller.keycloakserver.EntandoKeycloakServerController ensureKeycloakRealm
SEVERE: Attempting to log into Keycloak at https://kc.*************/auth
Dec 17, 2021 10:19:04 PM org.entando.kubernetes.controller.keycloakserver.EntandoKeycloakServerController run
SEVERE: Please provide the base URL of the SSO service you intend to connect to using the EntandoKeycloakServer.spec.frontEndUrl property.
org.entando.kubernetes.controller.spi.common.EntandoControllerException: Please provide the base URL of the SSO service you intend to connect to using the EntandoKeycloakServer.spec.frontEndUrl property.
	at org.entando.kubernetes.controller.keycloakserver.EntandoKeycloakServerController.validateExternalServiceRequirements(EntandoKeycloakServerController.java:181)
	at org.entando.kubernetes.controller.keycloakserver.EntandoKeycloakServerController.run(EntandoKeycloakServerController.java:105)
	at org.entando.kubernetes.test.common.ControllerTestHelper.runControllerAgainstCustomResource(ControllerTestHelper.java:121)
	at org.entando.kubernetes.controller.keycloakserver.ExternalKeycloakServerTest.lambda$shouldFailWhenNoFrontEndUrlSpecified$13(ExternalKeycloakServerTest.java:179)
	at org.junit.jupiter.api.AssertThrows.assertThrows(AssertThrows.java:55)
	at org.junit.jupiter.api.AssertThrows.assertThrows(AssertThrows.java:37)
	at org.junit.jupiter.api.Assertions.assertThrows(Assertions.java:3007)
	at org.entando.kubernetes.controller.keycloakserver.ExternalKeycloakServerTest.lambda$shouldFailWhenNoFrontEndUrlSpecified$14(ExternalKeycloakServerTest.java:178)
	at io.qameta.allure.Allure.lambda$step$1(Allure.java:127)
	at io.qameta.allure.Allure.step(Allure.java:181)
	at io.qameta.allure.Allure.step(Allure.java:125)
	at org.entando.kubernetes.controller.keycloakserver.ExternalKeycloakServerTest.shouldFailWhenNoFrontEndUrlSpecified(ExternalKeycloakServerTest.java:177)
	at java.base/jdk.internal.reflect.NativeMethodAccessorImpl.invoke0(Native Method)
	at java.base/jdk.internal.reflect.NativeMethodAccessorImpl.invoke(NativeMethodAccessorImpl.java:62)
	at java.base/jdk.internal.reflect.DelegatingMethodAccessorImpl.invoke(DelegatingMethodAccessorImpl.java:43)
	at java.base/java.lang.reflect.Method.invoke(Method.java:566)
	at org.junit.platform.commons.util.ReflectionUtils.invokeMethod(ReflectionUtils.java:688)
	at org.junit.jupiter.engine.e**cution.MethodInvocation.proceed(MethodInvocation.java:60)
	at org.junit.jupiter.engine.e**cution.InvocationInterceptorChain$ValidatingInvocation.proceed(InvocationInterceptorChain.java:131)
	at org.junit.jupiter.api.extension.InvocationInterceptor.interceptTestMethod(InvocationInterceptor.java:117)
	at org.junit.jupiter.engine.e**cution.E**cutableInvoker$ReflectiveInterceptorCall.lambda$ofVoidMethod$0(E**cutableInvoker.java:115)
	at org.junit.jupiter.engine.e**cution.E**cutableInvoker.lambda$invoke$0(E**cutableInvoker.java:105)
	at org.junit.jupiter.engine.e**cution.InvocationInterceptorChain$InterceptedInvocation.proceed(InvocationInterceptorChain.java:106)
	at org.junit.jupiter.engine.extension.TimeoutExtension.intercept(TimeoutExtension.java:149)
	at org.junit.jupiter.engine.extension.TimeoutExtension.interceptTestableMethod(TimeoutExtension.java:140)
	at org.junit.jupiter.engine.extension.TimeoutExtension.interceptTestMethod(TimeoutExtension.java:84)
	at org.junit.jupiter.engine.e**cution.E**cutableInvoker$ReflectiveInterceptorCall.lambda$ofVoidMethod$0(E**cutableInvoker.java:115)
	at org.junit.jupiter.engine.e**cution.E**cutableInvoker.lambda$invoke$0(E**cutableInvoker.java:105)
	at org.junit.jupiter.engine.e**cution.InvocationInterceptorChain$InterceptedInvocation.proceed(InvocationInterceptorChain.java:106)
	at org.junit.jupiter.engine.e**cution.InvocationInterceptorChain.proceed(InvocationInterceptorChain.java:64)
	at org.junit.jupiter.engine.e**cution.InvocationInterceptorChain.chainAndInvoke(InvocationInterceptorChain.java:45)
	at org.junit.jupiter.engine.e**cution.InvocationInterceptorChain.invoke(InvocationInterceptorChain.java:37)
	at org.junit.jupiter.engine.e**cution.E**cutableInvoker.invoke(E**cutableInvoker.java:104)
	at org.junit.jupiter.engine.e**cution.E**cutableInvoker.invoke(E**cutableInvoker.java:98)
	at org.junit.jupiter.engine.descriptor.TestMethodTestDescriptor.lambda$invokeTestMethod$6(TestMethodTestDescriptor.java:210)
	at org.junit.platform.engine.support.hierarchical.ThrowableCollector.e**cute(ThrowableCollector.java:73)
	at org.junit.jupiter.engine.descriptor.TestMethodTestDescriptor.invokeTestMethod(TestMethodTestDescriptor.java:206)
	at org.junit.jupiter.engine.descriptor.TestMethodTestDescriptor.e**cute(TestMethodTestDescriptor.java:131)
	at org.junit.jupiter.engine.descriptor.TestMethodTestDescriptor.e**cute(TestMethodTestDescriptor.java:65)
	at org.junit.platform.engine.support.hierarchical.NodeTestTask.lambda$e**cuteRecursively$5(NodeTestTask.java:139)
	at org.junit.platform.engine.support.hierarchical.ThrowableCollector.e**cute(ThrowableCollector.java:73)
	at org.junit.platform.engine.support.hierarchical.NodeTestTask.lambda$e**cuteRecursively$7(NodeTestTask.java:129)
	at org.junit.platform.engine.support.hierarchical.Node.around(Node.java:137)
	at org.junit.platform.engine.support.hierarchical.NodeTestTask.lambda$e**cuteRecursively$8(NodeTestTask.java:127)
	at org.junit.platform.engine.support.hierarchical.ThrowableCollector.e**cute(ThrowableCollector.java:73)
	at org.junit.platform.engine.support.hierarchical.NodeTestTask.e**cuteRecursively(NodeTestTask.java:126)
	at org.junit.platform.engine.support.hierarchical.NodeTestTask.e**cute(NodeTestTask.java:84)
	at org.junit.platform.engine.support.hierarchical.ForkJoinPoolHierarchicalTestE**cutorService$ExclusiveTask.compute(ForkJoinPoolHierarchicalTestE**cutorService.java:185)
	at org.junit.platform.engine.support.hierarchical.ForkJoinPoolHierarchicalTestE**cutorService.e**cuteNonConcurrentTasks(ForkJoinPoolHierarchicalTestE**cutorService.java:155)
	at org.junit.platform.engine.support.hierarchical.ForkJoinPoolHierarchicalTestE**cutorService.invokeAll(ForkJoinPoolHierarchicalTestE**cutorService.java:135)
	at org.junit.platform.engine.support.hierarchical.NodeTestTask.lambda$e**cuteRecursively$5(NodeTestTask.java:143)
	at org.junit.platform.engine.support.hierarchical.ThrowableCollector.e**cute(ThrowableCollector.java:73)
	at org.junit.platform.engine.support.hierarchical.NodeTestTask.lambda$e**cuteRecursively$7(NodeTestTask.java:129)
	at org.junit.platform.engine.support.hierarchical.Node.around(Node.java:137)
	at org.junit.platform.engine.support.hierarchical.NodeTestTask.lambda$e**cuteRecursively$8(NodeTestTask.java:127)
	at org.junit.platform.engine.support.hierarchical.ThrowableCollector.e**cute(ThrowableCollector.java:73)
	at org.junit.platform.engine.support.hierarchical.NodeTestTask.e**cuteRecursively(NodeTestTask.java:126)
	at org.junit.platform.engine.support.hierarchical.NodeTestTask.e**cute(NodeTestTask.java:84)
	at org.junit.platform.engine.support.hierarchical.ForkJoinPoolHierarchicalTestE**cutorService$ExclusiveTask.compute(ForkJoinPoolHierarchicalTestE**cutorService.java:185)
	at org.junit.platform.engine.support.hierarchical.ForkJoinPoolHierarchicalTestE**cutorService.e**cuteNonConcurrentTasks(ForkJoinPoolHierarchicalTestE**cutorService.java:155)
	at org.junit.platform.engine.support.hierarchical.ForkJoinPoolHierarchicalTestE**cutorService.invokeAll(ForkJoinPoolHierarchicalTestE**cutorService.java:135)
	at org.junit.platform.engine.support.hierarchical.NodeTestTask.lambda$e**cuteRecursively$5(NodeTestTask.java:143)
	at org.junit.platform.engine.support.hierarchical.ThrowableCollector.e**cute(ThrowableCollector.java:73)
	at org.junit.platform.engine.support.hierarchical.NodeTestTask.lambda$e**cuteRecursively$7(NodeTestTask.java:129)
	at org.junit.platform.engine.support.hierarchical.Node.around(Node.java:137)
	at org.junit.platform.engine.support.hierarchical.NodeTestTask.lambda$e**cuteRecursively$8(NodeTestTask.java:127)
	at org.junit.platform.engine.support.hierarchical.ThrowableCollector.e**cute(ThrowableCollector.java:73)
	at org.junit.platform.engine.support.hierarchical.NodeTestTask.e**cuteRecursively(NodeTestTask.java:126)
	at org.junit.platform.engine.support.hierarchical.NodeTestTask.e**cute(NodeTestTask.java:84)
	at org.junit.platform.engine.support.hierarchical.ForkJoinPoolHierarchicalTestE**cutorService$ExclusiveTask.compute(ForkJoinPoolHierarchicalTestE**cutorService.java:185)
	at java.base/java.util.concurrent.RecursiveAction.e**c(RecursiveAction.java:189)
	at java.base/java.util.concurrent.ForkJoinTask.doE**c(ForkJoinTask.java:290)
	at java.base/java.util.concurrent.ForkJoinPool$WorkQueue.topLevelE**c(ForkJoinPool.java:1020)
	at java.base/java.util.concurrent.ForkJoinPool.scan(ForkJoinPool.java:1656)
	at java.base/java.util.concurrent.ForkJoinPool.runWorker(ForkJoinPool.java:1594)
	at java.base/java.util.concurrent.ForkJoinWorkerThread.run(ForkJoinWorkerThread.java:177)

Dec 17, 2021 10:19:04 PM org.entando.kubernetes.test.common.ControllerTestHelper runControllerAgainstCustomResource
WARNING: org.entando.kubernetes.controller.spi.common.EntandoControllerException: Please provide the base URL of the SSO service you intend to connect to using the EntandoKeycloakServer.spec.frontEndUrl property.
	at org.entando.kubernetes.controller.keycloakserver.EntandoKeycloakServerController.validateExternalServiceRequirements(EntandoKeycloakServerController.java:181)
	at org.entando.kubernetes.controller.keycloakserver.EntandoKeycloakServerController.run(EntandoKeycloakServerController.java:105)
	at org.entando.kubernetes.test.common.ControllerTestHelper.runControllerAgainstCustomResource(ControllerTestHelper.java:121)
	at org.entando.kubernetes.controller.keycloakserver.ExternalKeycloakServerTest.lambda$shouldFailWhenNoFrontEndUrlSpecified$13(ExternalKeycloakServerTest.java:179)
	at org.junit.jupiter.api.AssertThrows.assertThrows(AssertThrows.java:55)
	at org.junit.jupiter.api.AssertThrows.assertThrows(AssertThrows.java:37)
	at org.junit.jupiter.api.Assertions.assertThrows(Assertions.java:3007)
	at org.entando.kubernetes.controller.keycloakserver.ExternalKeycloakServerTest.lambda$shouldFailWhenNoFrontEndUrlSpecified$14(ExternalKeycloakServerTest.java:178)
	at io.qameta.allure.Allure.lambda$step$1(Allure.java:127)
	at io.qameta.allure.Allure.step(Allure.java:181)
	at io.qameta.allure.Allure.step(Allure.java:125)
	at org.entando.kubernetes.controller.keycloakserver.ExternalKeycloakServerTest.shouldFailWhenNoFrontEndUrlSpecified(ExternalKeycloakServerTest.java:177)
	at java.base/jdk.internal.reflect.NativeMethodAccessorImpl.invoke0(Native Method)
	at java.base/jdk.internal.reflect.NativeMethodAccessorImpl.invoke(NativeMethodAccessorImpl.java:62)
	at java.base/jdk.internal.reflect.DelegatingMethodAccessorImpl.invoke(DelegatingMethodAccessorImpl.java:43)
	at java.base/java.lang.reflect.Method.invoke(Method.java:566)
	at org.junit.platform.commons.util.ReflectionUtils.invokeMethod(ReflectionUtils.java:688)
	at org.junit.jupiter.engine.e**cution.MethodInvocation.proceed(MethodInvocation.java:60)
	at org.junit.jupiter.engine.e**cution.InvocationInterceptorChain$ValidatingInvocation.proceed(InvocationInterceptorChain.java:131)
	at org.junit.jupiter.api.extension.InvocationInterceptor.interceptTestMethod(InvocationInterceptor.java:117)
	at org.junit.jupiter.engine.e**cution.E**cutableInvoker$ReflectiveInterceptorCall.lambda$ofVoidMethod$0(E**cutableInvoker.java:115)
	at org.junit.jupiter.engine.e**cution.E**cutableInvoker.lambda$invoke$0(E**cutableInvoker.java:105)
	at org.junit.jupiter.engine.e**cution.InvocationInterceptorChain$InterceptedInvocation.proceed(InvocationInterceptorChain.java:106)
	at org.junit.jupiter.engine.extension.TimeoutExtension.intercept(TimeoutExtension.java:149)
	at org.junit.jupiter.engine.extension.TimeoutExtension.interceptTestableMethod(TimeoutExtension.java:140)
	at org.junit.jupiter.engine.extension.TimeoutExtension.interceptTestMethod(TimeoutExtension.java:84)
	at org.junit.jupiter.engine.e**cution.E**cutableInvoker$ReflectiveInterceptorCall.lambda$ofVoidMethod$0(E**cutableInvoker.java:115)
	at org.junit.jupiter.engine.e**cution.E**cutableInvoker.lambda$invoke$0(E**cutableInvoker.java:105)
	at org.junit.jupiter.engine.e**cution.InvocationInterceptorChain$InterceptedInvocation.proceed(InvocationInterceptorChain.java:106)
	at org.junit.jupiter.engine.e**cution.InvocationInterceptorChain.proceed(InvocationInterceptorChain.java:64)
	at org.junit.jupiter.engine.e**cution.InvocationInterceptorChain.chainAndInvoke(InvocationInterceptorChain.java:45)
	at org.junit.jupiter.engine.e**cution.InvocationInterceptorChain.invoke(InvocationInterceptorChain.java:37)
	at org.junit.jupiter.engine.e**cution.E**cutableInvoker.invoke(E**cutableInvoker.java:104)
	at org.junit.jupiter.engine.e**cution.E**cutableInvoker.invoke(E**cutableInvoker.java:98)
	at org.junit.jupiter.engine.descriptor.TestMethodTestDescriptor.lambda$invokeTestMethod$6(TestMethodTestDescriptor.java:210)
	at org.junit.platform.engine.support.hierarchical.ThrowableCollector.e**cute(ThrowableCollector.java:73)
	at org.junit.jupiter.engine.descriptor.TestMethodTestDescriptor.invokeTestMethod(TestMethodTestDescriptor.java:206)
	at org.junit.jupiter.engine.descriptor.TestMethodTestDescriptor.e**cute(TestMethodTestDescriptor.java:131)
	at org.junit.jupiter.engine.descriptor.TestMethodTestDescriptor.e**cute(TestMethodTestDescriptor.java:65)
	at org.junit.platform.engine.support.hierarchical.NodeTestTask.lambda$e**cuteRecursively$5(NodeTestTask.java:139)
	at org.junit.platform.engine.support.hierarchical.ThrowableCollector.e**cute(ThrowableCollector.java:73)
	at org.junit.platform.engine.support.hierarchical.NodeTestTask.lambda$e**cuteRecursively$7(NodeTestTask.java:129)
	at org.junit.platform.engine.support.hierarchical.Node.around(Node.java:137)
	at org.junit.platform.engine.support.hierarchical.NodeTestTask.lambda$e**cuteRecursively$8(NodeTestTask.java:127)
	at org.junit.platform.engine.support.hierarchical.ThrowableCollector.e**cute(ThrowableCollector.java:73)
	at org.junit.platform.engine.support.hierarchical.NodeTestTask.e**cuteRecursively(NodeTestTask.java:126)
	at org.junit.platform.engine.support.hierarchical.NodeTestTask.e**cute(NodeTestTask.java:84)
	at org.junit.platform.engine.support.hierarchical.ForkJoinPoolHierarchicalTestE**cutorService$ExclusiveTask.compute(ForkJoinPoolHierarchicalTestE**cutorService.java:185)
	at org.junit.platform.engine.support.hierarchical.ForkJoinPoolHierarchicalTestE**cutorService.e**cuteNonConcurrentTasks(ForkJoinPoolHierarchicalTestE**cutorService.java:155)
	at org.junit.platform.engine.support.hierarchical.ForkJoinPoolHierarchicalTestE**cutorService.invokeAll(ForkJoinPoolHierarchicalTestE**cutorService.java:135)
	at org.junit.platform.engine.support.hierarchical.NodeTestTask.lambda$e**cuteRecursively$5(NodeTestTask.java:143)
	at org.junit.platform.engine.support.hierarchical.ThrowableCollector.e**cute(ThrowableCollector.java:73)
	at org.junit.platform.engine.support.hierarchical.NodeTestTask.lambda$e**cuteRecursively$7(NodeTestTask.java:129)
	at org.junit.platform.engine.support.hierarchical.Node.around(Node.java:137)
	at org.junit.platform.engine.support.hierarchical.NodeTestTask.lambda$e**cuteRecursively$8(NodeTestTask.java:127)
	at org.junit.platform.engine.support.hierarchical.ThrowableCollector.e**cute(ThrowableCollector.java:73)
	at org.junit.platform.engine.support.hierarchical.NodeTestTask.e**cuteRecursively(NodeTestTask.java:126)
	at org.junit.platform.engine.support.hierarchical.NodeTestTask.e**cute(NodeTestTask.java:84)
	at org.junit.platform.engine.support.hierarchical.ForkJoinPoolHierarchicalTestE**cutorService$ExclusiveTask.compute(ForkJoinPoolHierarchicalTestE**cutorService.java:185)
	at org.junit.platform.engine.support.hierarchical.ForkJoinPoolHierarchicalTestE**cutorService.e**cuteNonConcurrentTasks(ForkJoinPoolHierarchicalTestE**cutorService.java:155)
	at org.junit.platform.engine.support.hierarchical.ForkJoinPoolHierarchicalTestE**cutorService.invokeAll(ForkJoinPoolHierarchicalTestE**cutorService.java:135)
	at org.junit.platform.engine.support.hierarchical.NodeTestTask.lambda$e**cuteRecursively$5(NodeTestTask.java:143)
	at org.junit.platform.engine.support.hierarchical.ThrowableCollector.e**cute(ThrowableCollector.java:73)
	at org.junit.platform.engine.support.hierarchical.NodeTestTask.lambda$e**cuteRecursively$7(NodeTestTask.java:129)
	at org.junit.platform.engine.support.hierarchical.Node.around(Node.java:137)
	at org.junit.platform.engine.support.hierarchical.NodeTestTask.lambda$e**cuteRecursively$8(NodeTestTask.java:127)
	at org.junit.platform.engine.support.hierarchical.ThrowableCollector.e**cute(ThrowableCollector.java:73)
	at org.junit.platform.engine.support.hierarchical.NodeTestTask.e**cuteRecursively(NodeTestTask.java:126)
	at org.junit.platform.engine.support.hierarchical.NodeTestTask.e**cute(NodeTestTask.java:84)
	at org.junit.platform.engine.support.hierarchical.ForkJoinPoolHierarchicalTestE**cutorService$ExclusiveTask.compute(ForkJoinPoolHierarchicalTestE**cutorService.java:185)
	at java.base/java.util.concurrent.RecursiveAction.e**c(RecursiveAction.java:189)
	at java.base/java.util.concurrent.ForkJoinTask.doE**c(ForkJoinTask.java:290)
	at java.base/java.util.concurrent.ForkJoinPool$WorkQueue.topLevelE**c(ForkJoinPool.java:1020)
	at java.base/java.util.concurrent.ForkJoinPool.scan(ForkJoinPool.java:1656)
	at java.base/java.util.concurrent.ForkJoinPool.runWorker(ForkJoinPool.java:1594)
	at java.base/java.util.concurrent.ForkJoinWorkerThread.run(ForkJoinWorkerThread.java:177)

picocli.CommandLine$E**cutionException: org.entando.kubernetes.controller.spi.common.EntandoControllerException: Please provide the base URL of the SSO service you intend to connect to using the EntandoKeycloakServer.spec.frontEndUrl property.
	at org.entando.kubernetes.controller.keycloakserver.EntandoKeycloakServerController.validateExternalServiceRequirements(EntandoKeycloakServerController.java:181)
	at org.entando.kubernetes.controller.keycloakserver.EntandoKeycloakServerController.run(EntandoKeycloakServerController.java:105)
	at org.entando.kubernetes.test.common.ControllerTestHelper.runControllerAgainstCustomResource(ControllerTestHelper.java:121)
	at org.entando.kubernetes.controller.keycloakserver.ExternalKeycloakServerTest.lambda$shouldFailWhenNoFrontEndUrlSpecified$13(ExternalKeycloakServerTest.java:179)
	at org.junit.jupiter.api.AssertThrows.assertThrows(AssertThrows.java:55)
	at org.junit.jupiter.api.AssertThrows.assertThrows(AssertThrows.java:37)
	at org.junit.jupiter.api.Assertions.assertThrows(Assertions.java:3007)
	at org.entando.kubernetes.controller.keycloakserver.ExternalKeycloakServerTest.lambda$shouldFailWhenNoFrontEndUrlSpecified$14(ExternalKeycloakServerTest.java:178)
	at io.qameta.allure.Allure.lambda$step$1(Allure.java:127)
	at io.qameta.allure.Allure.step(Allure.java:181)
	at io.qameta.allure.Allure.step(Allure.java:125)
	at org.entando.kubernetes.controller.keycloakserver.ExternalKeycloakServerTest.shouldFailWhenNoFrontEndUrlSpecified(ExternalKeycloakServerTest.java:177)
	at java.base/jdk.internal.reflect.NativeMethodAccessorImpl.invoke0(Native Method)
	at java.base/jdk.internal.reflect.NativeMethodAccessorImpl.invoke(NativeMethodAccessorImpl.java:62)
	at java.base/jdk.internal.reflect.DelegatingMethodAccessorImpl.invoke(DelegatingMethodAccessorImpl.java:43)
	at java.base/java.lang.reflect.Method.invoke(Method.java:566)
	at org.junit.platform.commons.util.ReflectionUtils.invokeMethod(ReflectionUtils.java:688)
	at org.junit.jupiter.engine.e**cution.MethodInvocation.proceed(MethodInvocation.java:60)
	at org.junit.jupiter.engine.e**cution.InvocationInterceptorChain$ValidatingInvocation.proceed(InvocationInterceptorChain.java:131)
	at org.junit.jupiter.api.extension.InvocationInterceptor.interceptTestMethod(InvocationInterceptor.java:117)
	at org.junit.jupiter.engine.e**cution.E**cutableInvoker$ReflectiveInterceptorCall.lambda$ofVoidMethod$0(E**cutableInvoker.java:115)
	at org.junit.jupiter.engine.e**cution.E**cutableInvoker.lambda$invoke$0(E**cutableInvoker.java:105)
	at org.junit.jupiter.engine.e**cution.InvocationInterceptorChain$InterceptedInvocation.proceed(InvocationInterceptorChain.java:106)
	at org.junit.jupiter.engine.extension.TimeoutExtension.intercept(TimeoutExtension.java:149)
	at org.junit.jupiter.engine.extension.TimeoutExtension.interceptTestableMethod(TimeoutExtension.java:140)
	at org.junit.jupiter.engine.extension.TimeoutExtension.interceptTestMethod(TimeoutExtension.java:84)
	at org.junit.jupiter.engine.e**cution.E**cutableInvoker$ReflectiveInterceptorCall.lambda$ofVoidMethod$0(E**cutableInvoker.java:115)
	at org.junit.jupiter.engine.e**cution.E**cutableInvoker.lambda$invoke$0(E**cutableInvoker.java:105)
	at org.junit.jupiter.engine.e**cution.InvocationInterceptorChain$InterceptedInvocation.proceed(InvocationInterceptorChain.java:106)
	at org.junit.jupiter.engine.e**cution.InvocationInterceptorChain.proceed(InvocationInterceptorChain.java:64)
	at org.junit.jupiter.engine.e**cution.InvocationInterceptorChain.chainAndInvoke(InvocationInterceptorChain.java:45)
	at org.junit.jupiter.engine.e**cution.InvocationInterceptorChain.invoke(InvocationInterceptorChain.java:37)
	at org.junit.jupiter.engine.e**cution.E**cutableInvoker.invoke(E**cutableInvoker.java:104)
	at org.junit.jupiter.engine.e**cution.E**cutableInvoker.invoke(E**cutableInvoker.java:98)
	at org.junit.jupiter.engine.descriptor.TestMethodTestDescriptor.lambda$invokeTestMethod$6(TestMethodTestDescriptor.java:210)
	at org.junit.platform.engine.support.hierarchical.ThrowableCollector.e**cute(ThrowableCollector.java:73)
	at org.junit.jupiter.engine.descriptor.TestMethodTestDescriptor.invokeTestMethod(TestMethodTestDescriptor.java:206)
	at org.junit.jupiter.engine.descriptor.TestMethodTestDescriptor.e**cute(TestMethodTestDescriptor.java:131)
	at org.junit.jupiter.engine.descriptor.TestMethodTestDescriptor.e**cute(TestMethodTestDescriptor.java:65)
	at org.junit.platform.engine.support.hierarchical.NodeTestTask.lambda$e**cuteRecursively$5(NodeTestTask.java:139)
	at org.junit.platform.engine.support.hierarchical.ThrowableCollector.e**cute(ThrowableCollector.java:73)
	at org.junit.platform.engine.support.hierarchical.NodeTestTask.lambda$e**cuteRecursively$7(NodeTestTask.java:129)
	at org.junit.platform.engine.support.hierarchical.Node.around(Node.java:137)
	at org.junit.platform.engine.support.hierarchical.NodeTestTask.lambda$e**cuteRecursively$8(NodeTestTask.java:127)
	at org.junit.platform.engine.support.hierarchical.ThrowableCollector.e**cute(ThrowableCollector.java:73)
	at org.junit.platform.engine.support.hierarchical.NodeTestTask.e**cuteRecursively(NodeTestTask.java:126)
	at org.junit.platform.engine.support.hierarchical.NodeTestTask.e**cute(NodeTestTask.java:84)
	at org.junit.platform.engine.support.hierarchical.ForkJoinPoolHierarchicalTestE**cutorService$ExclusiveTask.compute(ForkJoinPoolHierarchicalTestE**cutorService.java:185)
	at org.junit.platform.engine.support.hierarchical.ForkJoinPoolHierarchicalTestE**cutorService.e**cuteNonConcurrentTasks(ForkJoinPoolHierarchicalTestE**cutorService.java:155)
	at org.junit.platform.engine.support.hierarchical.ForkJoinPoolHierarchicalTestE**cutorService.invokeAll(ForkJoinPoolHierarchicalTestE**cutorService.java:135)
	at org.junit.platform.engine.support.hierarchical.NodeTestTask.lambda$e**cuteRecursively$5(NodeTestTask.java:143)
	at org.junit.platform.engine.support.hierarchical.ThrowableCollector.e**cute(ThrowableCollector.java:73)
	at org.junit.platform.engine.support.hierarchical.NodeTestTask.lambda$e**cuteRecursively$7(NodeTestTask.java:129)
	at org.junit.platform.engine.support.hierarchical.Node.around(Node.java:137)
	at org.junit.platform.engine.support.hierarchical.NodeTestTask.lambda$e**cuteRecursively$8(NodeTestTask.java:127)
	at org.junit.platform.engine.support.hierarchical.ThrowableCollector.e**cute(ThrowableCollector.java:73)
	at org.junit.platform.engine.support.hierarchical.NodeTestTask.e**cuteRecursively(NodeTestTask.java:126)
	at org.junit.platform.engine.support.hierarchical.NodeTestTask.e**cute(NodeTestTask.java:84)
	at org.junit.platform.engine.support.hierarchical.ForkJoinPoolHierarchicalTestE**cutorService$ExclusiveTask.compute(ForkJoinPoolHierarchicalTestE**cutorService.java:185)
	at org.junit.platform.engine.support.hierarchical.ForkJoinPoolHierarchicalTestE**cutorService.e**cuteNonConcurrentTasks(ForkJoinPoolHierarchicalTestE**cutorService.java:155)
	at org.junit.platform.engine.support.hierarchical.ForkJoinPoolHierarchicalTestE**cutorService.invokeAll(ForkJoinPoolHierarchicalTestE**cutorService.java:135)
	at org.junit.platform.engine.support.hierarchical.NodeTestTask.lambda$e**cuteRecursively$5(NodeTestTask.java:143)
	at org.junit.platform.engine.support.hierarchical.ThrowableCollector.e**cute(ThrowableCollector.java:73)
	at org.junit.platform.engine.support.hierarchical.NodeTestTask.lambda$e**cuteRecursively$7(NodeTestTask.java:129)
	at org.junit.platform.engine.support.hierarchical.Node.around(Node.java:137)
	at org.junit.platform.engine.support.hierarchical.NodeTestTask.lambda$e**cuteRecursively$8(NodeTestTask.java:127)
	at org.junit.platform.engine.support.hierarchical.ThrowableCollector.e**cute(ThrowableCollector.java:73)
	at org.junit.platform.engine.support.hierarchical.NodeTestTask.e**cuteRecursively(NodeTestTask.java:126)
	at org.junit.platform.engine.support.hierarchical.NodeTestTask.e**cute(NodeTestTask.java:84)
	at org.junit.platform.engine.support.hierarchical.ForkJoinPoolHierarchicalTestE**cutorService$ExclusiveTask.compute(ForkJoinPoolHierarchicalTestE**cutorService.java:185)
	at java.base/java.util.concurrent.RecursiveAction.e**c(RecursiveAction.java:189)
	at java.base/java.util.concurrent.ForkJoinTask.doE**c(ForkJoinTask.java:290)
	at java.base/java.util.concurrent.ForkJoinPool$WorkQueue.topLevelE**c(ForkJoinPool.java:1020)
	at java.base/java.util.concurrent.ForkJoinPool.scan(ForkJoinPool.java:1656)
	at java.base/java.util.concurrent.ForkJoinPool.runWorker(ForkJoinPool.java:1594)
	at java.base/java.util.concurrent.ForkJoinWorkerThread.run(ForkJoinWorkerThread.java:177)

	at org.entando.kubernetes.controller.keycloakserver.EntandoKeycloakServerController.lambda$run$0(EntandoKeycloakServerController.java:143)
	at java.base/java.util.Optional.ifPresent(Optional.java:183)
	at org.entando.kubernetes.controller.keycloakserver.EntandoKeycloakServerController.run(EntandoKeycloakServerController.java:142)
	at org.entando.kubernetes.test.common.ControllerTestHelper.runControllerAgainstCustomResource(ControllerTestHelper.java:121)
	at org.entando.kubernetes.controller.keycloakserver.ExternalKeycloakServerTest.lambda$shouldFailWhenNoFrontEndUrlSpecified$13(ExternalKeycloakServerTest.java:179)
	at org.junit.jupiter.api.AssertThrows.assertThrows(AssertThrows.java:55)
	at org.junit.jupiter.api.AssertThrows.assertThrows(AssertThrows.java:37)
	at org.junit.jupiter.api.Assertions.assertThrows(Assertions.java:3007)
	at org.entando.kubernetes.controller.keycloakserver.ExternalKeycloakServerTest.lambda$shouldFailWhenNoFrontEndUrlSpecified$14(ExternalKeycloakServerTest.java:178)
	at io.qameta.allure.Allure.lambda$step$1(Allure.java:127)
	at io.qameta.allure.Allure.step(Allure.java:181)
	at io.qameta.allure.Allure.step(Allure.java:125)
	at org.entando.kubernetes.controller.keycloakserver.ExternalKeycloakServerTest.shouldFailWhenNoFrontEndUrlSpecified(ExternalKeycloakServerTest.java:177)
	at java.base/jdk.internal.reflect.NativeMethodAccessorImpl.invoke0(Native Method)
	at java.base/jdk.internal.reflect.NativeMethodAccessorImpl.invoke(NativeMethodAccessorImpl.java:62)
	at java.base/jdk.internal.reflect.DelegatingMethodAccessorImpl.invoke(DelegatingMethodAccessorImpl.java:43)
	at java.base/java.lang.reflect.Method.invoke(Method.java:566)
	at org.junit.platform.commons.util.ReflectionUtils.invokeMethod(ReflectionUtils.java:688)
	at org.junit.jupiter.engine.e**cution.MethodInvocation.proceed(MethodInvocation.java:60)
	at org.junit.jupiter.engine.e**cution.InvocationInterceptorChain$ValidatingInvocation.proceed(InvocationInterceptorChain.java:131)
	at org.junit.jupiter.api.extension.InvocationInterceptor.interceptTestMethod(InvocationInterceptor.java:117)
	at org.junit.jupiter.engine.e**cution.E**cutableInvoker$ReflectiveInterceptorCall.lambda$ofVoidMethod$0(E**cutableInvoker.java:115)
	at org.junit.jupiter.engine.e**cution.E**cutableInvoker.lambda$invoke$0(E**cutableInvoker.java:105)
	at org.junit.jupiter.engine.e**cution.InvocationInterceptorChain$InterceptedInvocation.proceed(InvocationInterceptorChain.java:106)
	at org.junit.jupiter.engine.extension.TimeoutExtension.intercept(TimeoutExtension.java:149)
	at org.junit.jupiter.engine.extension.TimeoutExtension.interceptTestableMethod(TimeoutExtension.java:140)
	at org.junit.jupiter.engine.extension.TimeoutExtension.interceptTestMethod(TimeoutExtension.java:84)
	at org.junit.jupiter.engine.e**cution.E**cutableInvoker$ReflectiveInterceptorCall.lambda$ofVoidMethod$0(E**cutableInvoker.java:115)
	at org.junit.jupiter.engine.e**cution.E**cutableInvoker.lambda$invoke$0(E**cutableInvoker.java:105)
	at org.junit.jupiter.engine.e**cution.InvocationInterceptorChain$InterceptedInvocation.proceed(InvocationInterceptorChain.java:106)
	at org.junit.jupiter.engine.e**cution.InvocationInterceptorChain.proceed(InvocationInterceptorChain.java:64)
	at org.junit.jupiter.engine.e**cution.InvocationInterceptorChain.chainAndInvoke(InvocationInterceptorChain.java:45)
	at org.junit.jupiter.engine.e**cution.InvocationInterceptorChain.invoke(InvocationInterceptorChain.java:37)
	at org.junit.jupiter.engine.e**cution.E**cutableInvoker.invoke(E**cutableInvoker.java:104)
	at org.junit.jupiter.engine.e**cution.E**cutableInvoker.invoke(E**cutableInvoker.java:98)
	at org.junit.jupiter.engine.descriptor.TestMethodTestDescriptor.lambda$invokeTestMethod$6(TestMethodTestDescriptor.java:210)
	at org.junit.platform.engine.support.hierarchical.ThrowableCollector.e**cute(ThrowableCollector.java:73)
	at org.junit.jupiter.engine.descriptor.TestMethodTestDescriptor.invokeTestMethod(TestMethodTestDescriptor.java:206)
	at org.junit.jupiter.engine.descriptor.TestMethodTestDescriptor.e**cute(TestMethodTestDescriptor.java:131)
	at org.junit.jupiter.engine.descriptor.TestMethodTestDescriptor.e**cute(TestMethodTestDescriptor.java:65)
	at org.junit.platform.engine.support.hierarchical.NodeTestTask.lambda$e**cuteRecursively$5(NodeTestTask.java:139)
	at org.junit.platform.engine.support.hierarchical.ThrowableCollector.e**cute(ThrowableCollector.java:73)
	at org.junit.platform.engine.support.hierarchical.NodeTestTask.lambda$e**cuteRecursively$7(NodeTestTask.java:129)
	at org.junit.platform.engine.support.hierarchical.Node.around(Node.java:137)
	at org.junit.platform.engine.support.hierarchical.NodeTestTask.lambda$e**cuteRecursively$8(NodeTestTask.java:127)
	at org.junit.platform.engine.support.hierarchical.ThrowableCollector.e**cute(ThrowableCollector.java:73)
	at org.junit.platform.engine.support.hierarchical.NodeTestTask.e**cuteRecursively(NodeTestTask.java:126)
	at org.junit.platform.engine.support.hierarchical.NodeTestTask.e**cute(NodeTestTask.java:84)
	at org.junit.platform.engine.support.hierarchical.ForkJoinPoolHierarchicalTestE**cutorService$ExclusiveTask.compute(ForkJoinPoolHierarchicalTestE**cutorService.java:185)
	at org.junit.platform.engine.support.hierarchical.ForkJoinPoolHierarchicalTestE**cutorService.e**cuteNonConcurrentTasks(ForkJoinPoolHierarchicalTestE**cutorService.java:155)
	at org.junit.platform.engine.support.hierarchical.ForkJoinPoolHierarchicalTestE**cutorService.invokeAll(ForkJoinPoolHierarchicalTestE**cutorService.java:135)
	at org.junit.platform.engine.support.hierarchical.NodeTestTask.lambda$e**cuteRecursively$5(NodeTestTask.java:143)
	at org.junit.platform.engine.support.hierarchical.ThrowableCollector.e**cute(ThrowableCollector.java:73)
	at org.junit.platform.engine.support.hierarchical.NodeTestTask.lambda$e**cuteRecursively$7(NodeTestTask.java:129)
	at org.junit.platform.engine.support.hierarchical.Node.around(Node.java:137)
	at org.junit.platform.engine.support.hierarchical.NodeTestTask.lambda$e**cuteRecursively$8(NodeTestTask.java:127)
	at org.junit.platform.engine.support.hierarchical.ThrowableCollector.e**cute(ThrowableCollector.java:73)
	at org.junit.platform.engine.support.hierarchical.NodeTestTask.e**cuteRecursively(NodeTestTask.java:126)
	at org.junit.platform.engine.support.hierarchical.NodeTestTask.e**cute(NodeTestTask.java:84)
	at org.junit.platform.engine.support.hierarchical.ForkJoinPoolHierarchicalTestE**cutorService$ExclusiveTask.compute(ForkJoinPoolHierarchicalTestE**cutorService.java:185)
	at org.junit.platform.engine.support.hierarchical.ForkJoinPoolHierarchicalTestE**cutorService.e**cuteNonConcurrentTasks(ForkJoinPoolHierarchicalTestE**cutorService.java:155)
	at org.junit.platform.engine.support.hierarchical.ForkJoinPoolHierarchicalTestE**cutorService.invokeAll(ForkJoinPoolHierarchicalTestE**cutorService.java:135)
	at org.junit.platform.engine.support.hierarchical.NodeTestTask.lambda$e**cuteRecursively$5(NodeTestTask.java:143)
	at org.junit.platform.engine.support.hierarchical.ThrowableCollector.e**cute(ThrowableCollector.java:73)
	at org.junit.platform.engine.support.hierarchical.NodeTestTask.lambda$e**cuteRecursively$7(NodeTestTask.java:129)
	at org.junit.platform.engine.support.hierarchical.Node.around(Node.java:137)
	at org.junit.platform.engine.support.hierarchical.NodeTestTask.lambda$e**cuteRecursively$8(NodeTestTask.java:127)
	at org.junit.platform.engine.support.hierarchical.ThrowableCollector.e**cute(ThrowableCollector.java:73)
	at org.junit.platform.engine.support.hierarchical.NodeTestTask.e**cuteRecursively(NodeTestTask.java:126)
	at org.junit.platform.engine.support.hierarchical.NodeTestTask.e**cute(NodeTestTask.java:84)
	at org.junit.platform.engine.support.hierarchical.ForkJoinPoolHierarchicalTestE**cutorService$ExclusiveTask.compute(ForkJoinPoolHierarchicalTestE**cutorService.java:185)
	at java.base/java.util.concurrent.RecursiveAction.e**c(RecursiveAction.java:189)
	at java.base/java.util.concurrent.ForkJoinTask.doE**c(ForkJoinTask.java:290)
	at java.base/java.util.concurrent.ForkJoinPool$WorkQueue.topLevelE**c(ForkJoinPool.java:1020)
	at java.base/java.util.concurrent.ForkJoinPool.scan(ForkJoinPool.java:1656)
	at java.base/java.util.concurrent.ForkJoinPool.runWorker(ForkJoinPool.java:1594)
	at java.base/java.util.concurrent.ForkJoinWorkerThread.run(ForkJoinWorkerThread.java:177)

Dec 17, 2021 10:19:04 PM org.entando.kubernetes.controller.keycloakserver.EntandoKeycloakServerController run
SEVERE: Please ensure that a secret with the name 'my-existing-sso-*****-secret' exists in the requested namespace my-external-kc
org.entando.kubernetes.controller.spi.common.EntandoControllerException: Please ensure that a secret with the name 'my-existing-sso-*****-secret' exists in the requested namespace my-external-kc
	at org.entando.kubernetes.controller.keycloakserver.EntandoKeycloakServerController.validateExternalServiceRequirements(EntandoKeycloakServerController.java:193)
	at org.entando.kubernetes.controller.keycloakserver.EntandoKeycloakServerController.run(EntandoKeycloakServerController.java:105)
	at org.entando.kubernetes.test.common.ControllerTestHelper.runControllerAgainstCustomResource(ControllerTestHelper.java:121)
	at org.entando.kubernetes.controller.keycloakserver.ExternalKeycloakServerTest.lambda$shouldFailWhenAdminSecretAbsent$7(ExternalKeycloakServerTest.java:120)
	at org.junit.jupiter.api.AssertThrows.assertThrows(AssertThrows.java:55)
	at org.junit.jupiter.api.AssertThrows.assertThrows(AssertThrows.java:37)
	at org.junit.jupiter.api.Assertions.assertThrows(Assertions.java:3007)
	at org.entando.kubernetes.controller.keycloakserver.ExternalKeycloakServerTest.lambda$shouldFailWhenAdminSecretAbsent$8(ExternalKeycloakServerTest.java:119)
	at io.qameta.allure.Allure.lambda$step$1(Allure.java:127)
	at io.qameta.allure.Allure.step(Allure.java:181)
	at io.qameta.allure.Allure.step(Allure.java:125)
	at org.entando.kubernetes.controller.keycloakserver.ExternalKeycloakServerTest.shouldFailWhenAdminSecretAbsent(ExternalKeycloakServerTest.java:118)
	at java.base/jdk.internal.reflect.NativeMethodAccessorImpl.invoke0(Native Method)
	at java.base/jdk.internal.reflect.NativeMethodAccessorImpl.invoke(NativeMethodAccessorImpl.java:62)
	at java.base/jdk.internal.reflect.DelegatingMethodAccessorImpl.invoke(DelegatingMethodAccessorImpl.java:43)
	at java.base/java.lang.reflect.Method.invoke(Method.java:566)
	at org.junit.platform.commons.util.ReflectionUtils.invokeMethod(ReflectionUtils.java:688)
	at org.junit.jupiter.engine.e**cution.MethodInvocation.proceed(MethodInvocation.java:60)
	at org.junit.jupiter.engine.e**cution.InvocationInterceptorChain$ValidatingInvocation.proceed(InvocationInterceptorChain.java:131)
	at org.junit.jupiter.api.extension.InvocationInterceptor.interceptTestMethod(InvocationInterceptor.java:117)
	at org.junit.jupiter.engine.e**cution.E**cutableInvoker$ReflectiveInterceptorCall.lambda$ofVoidMethod$0(E**cutableInvoker.java:115)
	at org.junit.jupiter.engine.e**cution.E**cutableInvoker.lambda$invoke$0(E**cutableInvoker.java:105)
	at org.junit.jupiter.engine.e**cution.InvocationInterceptorChain$InterceptedInvocation.proceed(InvocationInterceptorChain.java:106)
	at org.junit.jupiter.engine.extension.TimeoutExtension.intercept(TimeoutExtension.java:149)
	at org.junit.jupiter.engine.extension.TimeoutExtension.interceptTestableMethod(TimeoutExtension.java:140)
	at org.junit.jupiter.engine.extension.TimeoutExtension.interceptTestMethod(TimeoutExtension.java:84)
	at org.junit.jupiter.engine.e**cution.E**cutableInvoker$ReflectiveInterceptorCall.lambda$ofVoidMethod$0(E**cutableInvoker.java:115)
	at org.junit.jupiter.engine.e**cution.E**cutableInvoker.lambda$invoke$0(E**cutableInvoker.java:105)
	at org.junit.jupiter.engine.e**cution.InvocationInterceptorChain$InterceptedInvocation.proceed(InvocationInterceptorChain.java:106)
	at org.junit.jupiter.engine.e**cution.InvocationInterceptorChain.proceed(InvocationInterceptorChain.java:64)
	at org.junit.jupiter.engine.e**cution.InvocationInterceptorChain.chainAndInvoke(InvocationInterceptorChain.java:45)
	at org.junit.jupiter.engine.e**cution.InvocationInterceptorChain.invoke(InvocationInterceptorChain.java:37)
	at org.junit.jupiter.engine.e**cution.E**cutableInvoker.invoke(E**cutableInvoker.java:104)
	at org.junit.jupiter.engine.e**cution.E**cutableInvoker.invoke(E**cutableInvoker.java:98)
	at org.junit.jupiter.engine.descriptor.TestMethodTestDescriptor.lambda$invokeTestMethod$6(TestMethodTestDescriptor.java:210)
	at org.junit.platform.engine.support.hierarchical.ThrowableCollector.e**cute(ThrowableCollector.java:73)
	at org.junit.jupiter.engine.descriptor.TestMethodTestDescriptor.invokeTestMethod(TestMethodTestDescriptor.java:206)
	at org.junit.jupiter.engine.descriptor.TestMethodTestDescriptor.e**cute(TestMethodTestDescriptor.java:131)
	at org.junit.jupiter.engine.descriptor.TestMethodTestDescriptor.e**cute(TestMethodTestDescriptor.java:65)
	at org.junit.platform.engine.support.hierarchical.NodeTestTask.lambda$e**cuteRecursively$5(NodeTestTask.java:139)
	at org.junit.platform.engine.support.hierarchical.ThrowableCollector.e**cute(ThrowableCollector.java:73)
	at org.junit.platform.engine.support.hierarchical.NodeTestTask.lambda$e**cuteRecursively$7(NodeTestTask.java:129)
	at org.junit.platform.engine.support.hierarchical.Node.around(Node.java:137)
	at org.junit.platform.engine.support.hierarchical.NodeTestTask.lambda$e**cuteRecursively$8(NodeTestTask.java:127)
	at org.junit.platform.engine.support.hierarchical.ThrowableCollector.e**cute(ThrowableCollector.java:73)
	at org.junit.platform.engine.support.hierarchical.NodeTestTask.e**cuteRecursively(NodeTestTask.java:126)
	at org.junit.platform.engine.support.hierarchical.NodeTestTask.e**cute(NodeTestTask.java:84)
	at org.junit.platform.engine.support.hierarchical.ForkJoinPoolHierarchicalTestE**cutorService$ExclusiveTask.compute(ForkJoinPoolHierarchicalTestE**cutorService.java:185)
	at org.junit.platform.engine.support.hierarchical.ForkJoinPoolHierarchicalTestE**cutorService.e**cuteNonConcurrentTasks(ForkJoinPoolHierarchicalTestE**cutorService.java:155)
	at org.junit.platform.engine.support.hierarchical.ForkJoinPoolHierarchicalTestE**cutorService.invokeAll(ForkJoinPoolHierarchicalTestE**cutorService.java:135)
	at org.junit.platform.engine.support.hierarchical.NodeTestTask.lambda$e**cuteRecursively$5(NodeTestTask.java:143)
	at org.junit.platform.engine.support.hierarchical.ThrowableCollector.e**cute(ThrowableCollector.java:73)
	at org.junit.platform.engine.support.hierarchical.NodeTestTask.lambda$e**cuteRecursively$7(NodeTestTask.java:129)
	at org.junit.platform.engine.support.hierarchical.Node.around(Node.java:137)
	at org.junit.platform.engine.support.hierarchical.NodeTestTask.lambda$e**cuteRecursively$8(NodeTestTask.java:127)
	at org.junit.platform.engine.support.hierarchical.ThrowableCollector.e**cute(ThrowableCollector.java:73)
	at org.junit.platform.engine.support.hierarchical.NodeTestTask.e**cuteRecursively(NodeTestTask.java:126)
	at org.junit.platform.engine.support.hierarchical.NodeTestTask.e**cute(NodeTestTask.java:84)
	at org.junit.platform.engine.support.hierarchical.ForkJoinPoolHierarchicalTestE**cutorService$ExclusiveTask.compute(ForkJoinPoolHierarchicalTestE**cutorService.java:185)
	at org.junit.platform.engine.support.hierarchical.ForkJoinPoolHierarchicalTestE**cutorService.e**cuteNonConcurrentTasks(ForkJoinPoolHierarchicalTestE**cutorService.java:155)
	at org.junit.platform.engine.support.hierarchical.ForkJoinPoolHierarchicalTestE**cutorService.invokeAll(ForkJoinPoolHierarchicalTestE**cutorService.java:135)
	at org.junit.platform.engine.support.hierarchical.NodeTestTask.lambda$e**cuteRecursively$5(NodeTestTask.java:143)
	at org.junit.platform.engine.support.hierarchical.ThrowableCollector.e**cute(ThrowableCollector.java:73)
	at org.junit.platform.engine.support.hierarchical.NodeTestTask.lambda$e**cuteRecursively$7(NodeTestTask.java:129)
	at org.junit.platform.engine.support.hierarchical.Node.around(Node.java:137)
	at org.junit.platform.engine.support.hierarchical.NodeTestTask.lambda$e**cuteRecursively$8(NodeTestTask.java:127)
	at org.junit.platform.engine.support.hierarchical.ThrowableCollector.e**cute(ThrowableCollector.java:73)
	at org.junit.platform.engine.support.hierarchical.NodeTestTask.e**cuteRecursively(NodeTestTask.java:126)
	at org.junit.platform.engine.support.hierarchical.NodeTestTask.e**cute(NodeTestTask.java:84)
	at org.junit.platform.engine.support.hierarchical.ForkJoinPoolHierarchicalTestE**cutorService$ExclusiveTask.compute(ForkJoinPoolHierarchicalTestE**cutorService.java:185)
	at java.base/java.util.concurrent.RecursiveAction.e**c(RecursiveAction.java:189)
	at java.base/java.util.concurrent.ForkJoinTask.doE**c(ForkJoinTask.java:290)
	at java.base/java.util.concurrent.ForkJoinPool$WorkQueue.topLevelE**c(ForkJoinPool.java:1020)
	at java.base/java.util.concurrent.ForkJoinPool.scan(ForkJoinPool.java:1656)
	at java.base/java.util.concurrent.ForkJoinPool.runWorker(ForkJoinPool.java:1594)
	at java.base/java.util.concurrent.ForkJoinWorkerThread.run(ForkJoinWorkerThread.java:177)

Dec 17, 2021 10:19:04 PM org.entando.kubernetes.test.common.ControllerTestHelper runControllerAgainstCustomResource
WARNING: org.entando.kubernetes.controller.spi.common.EntandoControllerException: Please ensure that a secret with the name 'my-existing-sso-*****-secret' exists in the requested namespace my-external-kc
	at org.entando.kubernetes.controller.keycloakserver.EntandoKeycloakServerController.validateExternalServiceRequirements(EntandoKeycloakServerController.java:193)
	at org.entando.kubernetes.controller.keycloakserver.EntandoKeycloakServerController.run(EntandoKeycloakServerController.java:105)
	at org.entando.kubernetes.test.common.ControllerTestHelper.runControllerAgainstCustomResource(ControllerTestHelper.java:121)
	at org.entando.kubernetes.controller.keycloakserver.ExternalKeycloakServerTest.lambda$shouldFailWhenAdminSecretAbsent$7(ExternalKeycloakServerTest.java:120)
	at org.junit.jupiter.api.AssertThrows.assertThrows(AssertThrows.java:55)
	at org.junit.jupiter.api.AssertThrows.assertThrows(AssertThrows.java:37)
	at org.junit.jupiter.api.Assertions.assertThrows(Assertions.java:3007)
	at org.entando.kubernetes.controller.keycloakserver.ExternalKeycloakServerTest.lambda$shouldFailWhenAdminSecretAbsent$8(ExternalKeycloakServerTest.java:119)
	at io.qameta.allure.Allure.lambda$step$1(Allure.java:127)
	at io.qameta.allure.Allure.step(Allure.java:181)
	at io.qameta.allure.Allure.step(Allure.java:125)
	at org.entando.kubernetes.controller.keycloakserver.ExternalKeycloakServerTest.shouldFailWhenAdminSecretAbsent(ExternalKeycloakServerTest.java:118)
	at java.base/jdk.internal.reflect.NativeMethodAccessorImpl.invoke0(Native Method)
	at java.base/jdk.internal.reflect.NativeMethodAccessorImpl.invoke(NativeMethodAccessorImpl.java:62)
	at java.base/jdk.internal.reflect.DelegatingMethodAccessorImpl.invoke(DelegatingMethodAccessorImpl.java:43)
	at java.base/java.lang.reflect.Method.invoke(Method.java:566)
	at org.junit.platform.commons.util.ReflectionUtils.invokeMethod(ReflectionUtils.java:688)
	at org.junit.jupiter.engine.e**cution.MethodInvocation.proceed(MethodInvocation.java:60)
	at org.junit.jupiter.engine.e**cution.InvocationInterceptorChain$ValidatingInvocation.proceed(InvocationInterceptorChain.java:131)
	at org.junit.jupiter.api.extension.InvocationInterceptor.interceptTestMethod(InvocationInterceptor.java:117)
	at org.junit.jupiter.engine.e**cution.E**cutableInvoker$ReflectiveInterceptorCall.lambda$ofVoidMethod$0(E**cutableInvoker.java:115)
	at org.junit.jupiter.engine.e**cution.E**cutableInvoker.lambda$invoke$0(E**cutableInvoker.java:105)
	at org.junit.jupiter.engine.e**cution.InvocationInterceptorChain$InterceptedInvocation.proceed(InvocationInterceptorChain.java:106)
	at org.junit.jupiter.engine.extension.TimeoutExtension.intercept(TimeoutExtension.java:149)
	at org.junit.jupiter.engine.extension.TimeoutExtension.interceptTestableMethod(TimeoutExtension.java:140)
	at org.junit.jupiter.engine.extension.TimeoutExtension.interceptTestMethod(TimeoutExtension.java:84)
	at org.junit.jupiter.engine.e**cution.E**cutableInvoker$ReflectiveInterceptorCall.lambda$ofVoidMethod$0(E**cutableInvoker.java:115)
	at org.junit.jupiter.engine.e**cution.E**cutableInvoker.lambda$invoke$0(E**cutableInvoker.java:105)
	at org.junit.jupiter.engine.e**cution.InvocationInterceptorChain$InterceptedInvocation.proceed(InvocationInterceptorChain.java:106)
	at org.junit.jupiter.engine.e**cution.InvocationInterceptorChain.proceed(InvocationInterceptorChain.java:64)
	at org.junit.jupiter.engine.e**cution.InvocationInterceptorChain.chainAndInvoke(InvocationInterceptorChain.java:45)
	at org.junit.jupiter.engine.e**cution.InvocationInterceptorChain.invoke(InvocationInterceptorChain.java:37)
	at org.junit.jupiter.engine.e**cution.E**cutableInvoker.invoke(E**cutableInvoker.java:104)
	at org.junit.jupiter.engine.e**cution.E**cutableInvoker.invoke(E**cutableInvoker.java:98)
	at org.junit.jupiter.engine.descriptor.TestMethodTestDescriptor.lambda$invokeTestMethod$6(TestMethodTestDescriptor.java:210)
	at org.junit.platform.engine.support.hierarchical.ThrowableCollector.e**cute(ThrowableCollector.java:73)
	at org.junit.jupiter.engine.descriptor.TestMethodTestDescriptor.invokeTestMethod(TestMethodTestDescriptor.java:206)
	at org.junit.jupiter.engine.descriptor.TestMethodTestDescriptor.e**cute(TestMethodTestDescriptor.java:131)
	at org.junit.jupiter.engine.descriptor.TestMethodTestDescriptor.e**cute(TestMethodTestDescriptor.java:65)
	at org.junit.platform.engine.support.hierarchical.NodeTestTask.lambda$e**cuteRecursively$5(NodeTestTask.java:139)
	at org.junit.platform.engine.support.hierarchical.ThrowableCollector.e**cute(ThrowableCollector.java:73)
	at org.junit.platform.engine.support.hierarchical.NodeTestTask.lambda$e**cuteRecursively$7(NodeTestTask.java:129)
	at org.junit.platform.engine.support.hierarchical.Node.around(Node.java:137)
	at org.junit.platform.engine.support.hierarchical.NodeTestTask.lambda$e**cuteRecursively$8(NodeTestTask.java:127)
	at org.junit.platform.engine.support.hierarchical.ThrowableCollector.e**cute(ThrowableCollector.java:73)
	at org.junit.platform.engine.support.hierarchical.NodeTestTask.e**cuteRecursively(NodeTestTask.java:126)
	at org.junit.platform.engine.support.hierarchical.NodeTestTask.e**cute(NodeTestTask.java:84)
	at org.junit.platform.engine.support.hierarchical.ForkJoinPoolHierarchicalTestE**cutorService$ExclusiveTask.compute(ForkJoinPoolHierarchicalTestE**cutorService.java:185)
	at org.junit.platform.engine.support.hierarchical.ForkJoinPoolHierarchicalTestE**cutorService.e**cuteNonConcurrentTasks(ForkJoinPoolHierarchicalTestE**cutorService.java:155)
	at org.junit.platform.engine.support.hierarchical.ForkJoinPoolHierarchicalTestE**cutorService.invokeAll(ForkJoinPoolHierarchicalTestE**cutorService.java:135)
	at org.junit.platform.engine.support.hierarchical.NodeTestTask.lambda$e**cuteRecursively$5(NodeTestTask.java:143)
	at org.junit.platform.engine.support.hierarchical.ThrowableCollector.e**cute(ThrowableCollector.java:73)
	at org.junit.platform.engine.support.hierarchical.NodeTestTask.lambda$e**cuteRecursively$7(NodeTestTask.java:129)
	at org.junit.platform.engine.support.hierarchical.Node.around(Node.java:137)
	at org.junit.platform.engine.support.hierarchical.NodeTestTask.lambda$e**cuteRecursively$8(NodeTestTask.java:127)
	at org.junit.platform.engine.support.hierarchical.ThrowableCollector.e**cute(ThrowableCollector.java:73)
	at org.junit.platform.engine.support.hierarchical.NodeTestTask.e**cuteRecursively(NodeTestTask.java:126)
	at org.junit.platform.engine.support.hierarchical.NodeTestTask.e**cute(NodeTestTask.java:84)
	at org.junit.platform.engine.support.hierarchical.ForkJoinPoolHierarchicalTestE**cutorService$ExclusiveTask.compute(ForkJoinPoolHierarchicalTestE**cutorService.java:185)
	at org.junit.platform.engine.support.hierarchical.ForkJoinPoolHierarchicalTestE**cutorService.e**cuteNonConcurrentTasks(ForkJoinPoolHierarchicalTestE**cutorService.java:155)
	at org.junit.platform.engine.support.hierarchical.ForkJoinPoolHierarchicalTestE**cutorService.invokeAll(ForkJoinPoolHierarchicalTestE**cutorService.java:135)
	at org.junit.platform.engine.support.hierarchical.NodeTestTask.lambda$e**cuteRecursively$5(NodeTestTask.java:143)
	at org.junit.platform.engine.support.hierarchical.ThrowableCollector.e**cute(ThrowableCollector.java:73)
	at org.junit.platform.engine.support.hierarchical.NodeTestTask.lambda$e**cuteRecursively$7(NodeTestTask.java:129)
	at org.junit.platform.engine.support.hierarchical.Node.around(Node.java:137)
	at org.junit.platform.engine.support.hierarchical.NodeTestTask.lambda$e**cuteRecursively$8(NodeTestTask.java:127)
	at org.junit.platform.engine.support.hierarchical.ThrowableCollector.e**cute(ThrowableCollector.java:73)
	at org.junit.platform.engine.support.hierarchical.NodeTestTask.e**cuteRecursively(NodeTestTask.java:126)
	at org.junit.platform.engine.support.hierarchical.NodeTestTask.e**cute(NodeTestTask.java:84)
	at org.junit.platform.engine.support.hierarchical.ForkJoinPoolHierarchicalTestE**cutorService$ExclusiveTask.compute(ForkJoinPoolHierarchicalTestE**cutorService.java:185)
	at java.base/java.util.concurrent.RecursiveAction.e**c(RecursiveAction.java:189)
	at java.base/java.util.concurrent.ForkJoinTask.doE**c(ForkJoinTask.java:290)
	at java.base/java.util.concurrent.ForkJoinPool$WorkQueue.topLevelE**c(ForkJoinPool.java:1020)
	at java.base/java.util.concurrent.ForkJoinPool.scan(ForkJoinPool.java:1656)
	at java.base/java.util.concurrent.ForkJoinPool.runWorker(ForkJoinPool.java:1594)
	at java.base/java.util.concurrent.ForkJoinWorkerThread.run(ForkJoinWorkerThread.java:177)

picocli.CommandLine$E**cutionException: org.entando.kubernetes.controller.spi.common.EntandoControllerException: Please ensure that a secret with the name 'my-existing-sso-*****-secret' exists in the requested namespace my-external-kc
	at org.entando.kubernetes.controller.keycloakserver.EntandoKeycloakServerController.validateExternalServiceRequirements(EntandoKeycloakServerController.java:193)
	at org.entando.kubernetes.controller.keycloakserver.EntandoKeycloakServerController.run(EntandoKeycloakServerController.java:105)
	at org.entando.kubernetes.test.common.ControllerTestHelper.runControllerAgainstCustomResource(ControllerTestHelper.java:121)
	at org.entando.kubernetes.controller.keycloakserver.ExternalKeycloakServerTest.lambda$shouldFailWhenAdminSecretAbsent$7(ExternalKeycloakServerTest.java:120)
	at org.junit.jupiter.api.AssertThrows.assertThrows(AssertThrows.java:55)
	at org.junit.jupiter.api.AssertThrows.assertThrows(AssertThrows.java:37)
	at org.junit.jupiter.api.Assertions.assertThrows(Assertions.java:3007)
	at org.entando.kubernetes.controller.keycloakserver.ExternalKeycloakServerTest.lambda$shouldFailWhenAdminSecretAbsent$8(ExternalKeycloakServerTest.java:119)
	at io.qameta.allure.Allure.lambda$step$1(Allure.java:127)
	at io.qameta.allure.Allure.step(Allure.java:181)
	at io.qameta.allure.Allure.step(Allure.java:125)
	at org.entando.kubernetes.controller.keycloakserver.ExternalKeycloakServerTest.shouldFailWhenAdminSecretAbsent(ExternalKeycloakServerTest.java:118)
	at java.base/jdk.internal.reflect.NativeMethodAccessorImpl.invoke0(Native Method)
	at java.base/jdk.internal.reflect.NativeMethodAccessorImpl.invoke(NativeMethodAccessorImpl.java:62)
	at java.base/jdk.internal.reflect.DelegatingMethodAccessorImpl.invoke(DelegatingMethodAccessorImpl.java:43)
	at java.base/java.lang.reflect.Method.invoke(Method.java:566)
	at org.junit.platform.commons.util.ReflectionUtils.invokeMethod(ReflectionUtils.java:688)
	at org.junit.jupiter.engine.e**cution.MethodInvocation.proceed(MethodInvocation.java:60)
	at org.junit.jupiter.engine.e**cution.InvocationInterceptorChain$ValidatingInvocation.proceed(InvocationInterceptorChain.java:131)
	at org.junit.jupiter.api.extension.InvocationInterceptor.interceptTestMethod(InvocationInterceptor.java:117)
	at org.junit.jupiter.engine.e**cution.E**cutableInvoker$ReflectiveInterceptorCall.lambda$ofVoidMethod$0(E**cutableInvoker.java:115)
	at org.junit.jupiter.engine.e**cution.E**cutableInvoker.lambda$invoke$0(E**cutableInvoker.java:105)
	at org.junit.jupiter.engine.e**cution.InvocationInterceptorChain$InterceptedInvocation.proceed(InvocationInterceptorChain.java:106)
	at org.junit.jupiter.engine.extension.TimeoutExtension.intercept(TimeoutExtension.java:149)
	at org.junit.jupiter.engine.extension.TimeoutExtension.interceptTestableMethod(TimeoutExtension.java:140)
	at org.junit.jupiter.engine.extension.TimeoutExtension.interceptTestMethod(TimeoutExtension.java:84)
	at org.junit.jupiter.engine.e**cution.E**cutableInvoker$ReflectiveInterceptorCall.lambda$ofVoidMethod$0(E**cutableInvoker.java:115)
	at org.junit.jupiter.engine.e**cution.E**cutableInvoker.lambda$invoke$0(E**cutableInvoker.java:105)
	at org.junit.jupiter.engine.e**cution.InvocationInterceptorChain$InterceptedInvocation.proceed(InvocationInterceptorChain.java:106)
	at org.junit.jupiter.engine.e**cution.InvocationInterceptorChain.proceed(InvocationInterceptorChain.java:64)
	at org.junit.jupiter.engine.e**cution.InvocationInterceptorChain.chainAndInvoke(InvocationInterceptorChain.java:45)
	at org.junit.jupiter.engine.e**cution.InvocationInterceptorChain.invoke(InvocationInterceptorChain.java:37)
	at org.junit.jupiter.engine.e**cution.E**cutableInvoker.invoke(E**cutableInvoker.java:104)
	at org.junit.jupiter.engine.e**cution.E**cutableInvoker.invoke(E**cutableInvoker.java:98)
	at org.junit.jupiter.engine.descriptor.TestMethodTestDescriptor.lambda$invokeTestMethod$6(TestMethodTestDescriptor.java:210)
	at org.junit.platform.engine.support.hierarchical.ThrowableCollector.e**cute(ThrowableCollector.java:73)
	at org.junit.jupiter.engine.descriptor.TestMethodTestDescriptor.invokeTestMethod(TestMethodTestDescriptor.java:206)
	at org.junit.jupiter.engine.descriptor.TestMethodTestDescriptor.e**cute(TestMethodTestDescriptor.java:131)
	at org.junit.jupiter.engine.descriptor.TestMethodTestDescriptor.e**cute(TestMethodTestDescriptor.java:65)
	at org.junit.platform.engine.support.hierarchical.NodeTestTask.lambda$e**cuteRecursively$5(NodeTestTask.java:139)
	at org.junit.platform.engine.support.hierarchical.ThrowableCollector.e**cute(ThrowableCollector.java:73)
	at org.junit.platform.engine.support.hierarchical.NodeTestTask.lambda$e**cuteRecursively$7(NodeTestTask.java:129)
	at org.junit.platform.engine.support.hierarchical.Node.around(Node.java:137)
	at org.junit.platform.engine.support.hierarchical.NodeTestTask.lambda$e**cuteRecursively$8(NodeTestTask.java:127)
	at org.junit.platform.engine.support.hierarchical.ThrowableCollector.e**cute(ThrowableCollector.java:73)
	at org.junit.platform.engine.support.hierarchical.NodeTestTask.e**cuteRecursively(NodeTestTask.java:126)
	at org.junit.platform.engine.support.hierarchical.NodeTestTask.e**cute(NodeTestTask.java:84)
	at org.junit.platform.engine.support.hierarchical.ForkJoinPoolHierarchicalTestE**cutorService$ExclusiveTask.compute(ForkJoinPoolHierarchicalTestE**cutorService.java:185)
	at org.junit.platform.engine.support.hierarchical.ForkJoinPoolHierarchicalTestE**cutorService.e**cuteNonConcurrentTasks(ForkJoinPoolHierarchicalTestE**cutorService.java:155)
	at org.junit.platform.engine.support.hierarchical.ForkJoinPoolHierarchicalTestE**cutorService.invokeAll(ForkJoinPoolHierarchicalTestE**cutorService.java:135)
	at org.junit.platform.engine.support.hierarchical.NodeTestTask.lambda$e**cuteRecursively$5(NodeTestTask.java:143)
	at org.junit.platform.engine.support.hierarchical.ThrowableCollector.e**cute(ThrowableCollector.java:73)
	at org.junit.platform.engine.support.hierarchical.NodeTestTask.lambda$e**cuteRecursively$7(NodeTestTask.java:129)
	at org.junit.platform.engine.support.hierarchical.Node.around(Node.java:137)
	at org.junit.platform.engine.support.hierarchical.NodeTestTask.lambda$e**cuteRecursively$8(NodeTestTask.java:127)
	at org.junit.platform.engine.support.hierarchical.ThrowableCollector.e**cute(ThrowableCollector.java:73)
	at org.junit.platform.engine.support.hierarchical.NodeTestTask.e**cuteRecursively(NodeTestTask.java:126)
	at org.junit.platform.engine.support.hierarchical.NodeTestTask.e**cute(NodeTestTask.java:84)
	at org.junit.platform.engine.support.hierarchical.ForkJoinPoolHierarchicalTestE**cutorService$ExclusiveTask.compute(ForkJoinPoolHierarchicalTestE**cutorService.java:185)
	at org.junit.platform.engine.support.hierarchical.ForkJoinPoolHierarchicalTestE**cutorService.e**cuteNonConcurrentTasks(ForkJoinPoolHierarchicalTestE**cutorService.java:155)
	at org.junit.platform.engine.support.hierarchical.ForkJoinPoolHierarchicalTestE**cutorService.invokeAll(ForkJoinPoolHierarchicalTestE**cutorService.java:135)
	at org.junit.platform.engine.support.hierarchical.NodeTestTask.lambda$e**cuteRecursively$5(NodeTestTask.java:143)
	at org.junit.platform.engine.support.hierarchical.ThrowableCollector.e**cute(ThrowableCollector.java:73)
	at org.junit.platform.engine.support.hierarchical.NodeTestTask.lambda$e**cuteRecursively$7(NodeTestTask.java:129)
	at org.junit.platform.engine.support.hierarchical.Node.around(Node.java:137)
	at org.junit.platform.engine.support.hierarchical.NodeTestTask.lambda$e**cuteRecursively$8(NodeTestTask.java:127)
	at org.junit.platform.engine.support.hierarchical.ThrowableCollector.e**cute(ThrowableCollector.java:73)
	at org.junit.platform.engine.support.hierarchical.NodeTestTask.e**cuteRecursively(NodeTestTask.java:126)
	at org.junit.platform.engine.support.hierarchical.NodeTestTask.e**cute(NodeTestTask.java:84)
	at org.junit.platform.engine.support.hierarchical.ForkJoinPoolHierarchicalTestE**cutorService$ExclusiveTask.compute(ForkJoinPoolHierarchicalTestE**cutorService.java:185)
	at java.base/java.util.concurrent.RecursiveAction.e**c(RecursiveAction.java:189)
	at java.base/java.util.concurrent.ForkJoinTask.doE**c(ForkJoinTask.java:290)
	at java.base/java.util.concurrent.ForkJoinPool$WorkQueue.topLevelE**c(ForkJoinPool.java:1020)
	at java.base/java.util.concurrent.ForkJoinPool.scan(ForkJoinPool.java:1656)
	at java.base/java.util.concurrent.ForkJoinPool.runWorker(ForkJoinPool.java:1594)
	at java.base/java.util.concurrent.ForkJoinWorkerThread.run(ForkJoinWorkerThread.java:177)

	at org.entando.kubernetes.controller.keycloakserver.EntandoKeycloakServerController.lambda$run$0(EntandoKeycloakServerController.java:143)
	at java.base/java.util.Optional.ifPresent(Optional.java:183)
	at org.entando.kubernetes.controller.keycloakserver.EntandoKeycloakServerController.run(EntandoKeycloakServerController.java:142)
	at org.entando.kubernetes.test.common.ControllerTestHelper.runControllerAgainstCustomResource(ControllerTestHelper.java:121)
	at org.entando.kubernetes.controller.keycloakserver.ExternalKeycloakServerTest.lambda$shouldFailWhenAdminSecretAbsent$7(ExternalKeycloakServerTest.java:120)
	at org.junit.jupiter.api.AssertThrows.assertThrows(AssertThrows.java:55)
	at org.junit.jupiter.api.AssertThrows.assertThrows(AssertThrows.java:37)
	at org.junit.jupiter.api.Assertions.assertThrows(Assertions.java:3007)
	at org.entando.kubernetes.controller.keycloakserver.ExternalKeycloakServerTest.lambda$shouldFailWhenAdminSecretAbsent$8(ExternalKeycloakServerTest.java:119)
	at io.qameta.allure.Allure.lambda$step$1(Allure.java:127)
	at io.qameta.allure.Allure.step(Allure.java:181)
	at io.qameta.allure.Allure.step(Allure.java:125)
	at org.entando.kubernetes.controller.keycloakserver.ExternalKeycloakServerTest.shouldFailWhenAdminSecretAbsent(ExternalKeycloakServerTest.java:118)
	at java.base/jdk.internal.reflect.NativeMethodAccessorImpl.invoke0(Native Method)
	at java.base/jdk.internal.reflect.NativeMethodAccessorImpl.invoke(NativeMethodAccessorImpl.java:62)
	at java.base/jdk.internal.reflect.DelegatingMethodAccessorImpl.invoke(DelegatingMethodAccessorImpl.java:43)
	at java.base/java.lang.reflect.Method.invoke(Method.java:566)
	at org.junit.platform.commons.util.ReflectionUtils.invokeMethod(ReflectionUtils.java:688)
	at org.junit.jupiter.engine.e**cution.MethodInvocation.proceed(MethodInvocation.java:60)
	at org.junit.jupiter.engine.e**cution.InvocationInterceptorChain$ValidatingInvocation.proceed(InvocationInterceptorChain.java:131)
	at org.junit.jupiter.api.extension.InvocationInterceptor.interceptTestMethod(InvocationInterceptor.java:117)
	at org.junit.jupiter.engine.e**cution.E**cutableInvoker$ReflectiveInterceptorCall.lambda$ofVoidMethod$0(E**cutableInvoker.java:115)
	at org.junit.jupiter.engine.e**cution.E**cutableInvoker.lambda$invoke$0(E**cutableInvoker.java:105)
	at org.junit.jupiter.engine.e**cution.InvocationInterceptorChain$InterceptedInvocation.proceed(InvocationInterceptorChain.java:106)
	at org.junit.jupiter.engine.extension.TimeoutExtension.intercept(TimeoutExtension.java:149)
	at org.junit.jupiter.engine.extension.TimeoutExtension.interceptTestableMethod(TimeoutExtension.java:140)
	at org.junit.jupiter.engine.extension.TimeoutExtension.interceptTestMethod(TimeoutExtension.java:84)
	at org.junit.jupiter.engine.e**cution.E**cutableInvoker$ReflectiveInterceptorCall.lambda$ofVoidMethod$0(E**cutableInvoker.java:115)
	at org.junit.jupiter.engine.e**cution.E**cutableInvoker.lambda$invoke$0(E**cutableInvoker.java:105)
	at org.junit.jupiter.engine.e**cution.InvocationInterceptorChain$InterceptedInvocation.proceed(InvocationInterceptorChain.java:106)
	at org.junit.jupiter.engine.e**cution.InvocationInterceptorChain.proceed(InvocationInterceptorChain.java:64)
	at org.junit.jupiter.engine.e**cution.InvocationInterceptorChain.chainAndInvoke(InvocationInterceptorChain.java:45)
	at org.junit.jupiter.engine.e**cution.InvocationInterceptorChain.invoke(InvocationInterceptorChain.java:37)
	at org.junit.jupiter.engine.e**cution.E**cutableInvoker.invoke(E**cutableInvoker.java:104)
	at org.junit.jupiter.engine.e**cution.E**cutableInvoker.invoke(E**cutableInvoker.java:98)
	at org.junit.jupiter.engine.descriptor.TestMethodTestDescriptor.lambda$invokeTestMethod$6(TestMethodTestDescriptor.java:210)
	at org.junit.platform.engine.support.hierarchical.ThrowableCollector.e**cute(ThrowableCollector.java:73)
	at org.junit.jupiter.engine.descriptor.TestMethodTestDescriptor.invokeTestMethod(TestMethodTestDescriptor.java:206)
	at org.junit.jupiter.engine.descriptor.TestMethodTestDescriptor.e**cute(TestMethodTestDescriptor.java:131)
	at org.junit.jupiter.engine.descriptor.TestMethodTestDescriptor.e**cute(TestMethodTestDescriptor.java:65)
	at org.junit.platform.engine.support.hierarchical.NodeTestTask.lambda$e**cuteRecursively$5(NodeTestTask.java:139)
	at org.junit.platform.engine.support.hierarchical.ThrowableCollector.e**cute(ThrowableCollector.java:73)
	at org.junit.platform.engine.support.hierarchical.NodeTestTask.lambda$e**cuteRecursively$7(NodeTestTask.java:129)
	at org.junit.platform.engine.support.hierarchical.Node.around(Node.java:137)
	at org.junit.platform.engine.support.hierarchical.NodeTestTask.lambda$e**cuteRecursively$8(NodeTestTask.java:127)
	at org.junit.platform.engine.support.hierarchical.ThrowableCollector.e**cute(ThrowableCollector.java:73)
	at org.junit.platform.engine.support.hierarchical.NodeTestTask.e**cuteRecursively(NodeTestTask.java:126)
	at org.junit.platform.engine.support.hierarchical.NodeTestTask.e**cute(NodeTestTask.java:84)
	at org.junit.platform.engine.support.hierarchical.ForkJoinPoolHierarchicalTestE**cutorService$ExclusiveTask.compute(ForkJoinPoolHierarchicalTestE**cutorService.java:185)
	at org.junit.platform.engine.support.hierarchical.ForkJoinPoolHierarchicalTestE**cutorService.e**cuteNonConcurrentTasks(ForkJoinPoolHierarchicalTestE**cutorService.java:155)
	at org.junit.platform.engine.support.hierarchical.ForkJoinPoolHierarchicalTestE**cutorService.invokeAll(ForkJoinPoolHierarchicalTestE**cutorService.java:135)
	at org.junit.platform.engine.support.hierarchical.NodeTestTask.lambda$e**cuteRecursively$5(NodeTestTask.java:143)
	at org.junit.platform.engine.support.hierarchical.ThrowableCollector.e**cute(ThrowableCollector.java:73)
	at org.junit.platform.engine.support.hierarchical.NodeTestTask.lambda$e**cuteRecursively$7(NodeTestTask.java:129)
	at org.junit.platform.engine.support.hierarchical.Node.around(Node.java:137)
	at org.junit.platform.engine.support.hierarchical.NodeTestTask.lambda$e**cuteRecursively$8(NodeTestTask.java:127)
	at org.junit.platform.engine.support.hierarchical.ThrowableCollector.e**cute(ThrowableCollector.java:73)
	at org.junit.platform.engine.support.hierarchical.NodeTestTask.e**cuteRecursively(NodeTestTask.java:126)
	at org.junit.platform.engine.support.hierarchical.NodeTestTask.e**cute(NodeTestTask.java:84)
	at org.junit.platform.engine.support.hierarchical.ForkJoinPoolHierarchicalTestE**cutorService$ExclusiveTask.compute(ForkJoinPoolHierarchicalTestE**cutorService.java:185)
	at org.junit.platform.engine.support.hierarchical.ForkJoinPoolHierarchicalTestE**cutorService.e**cuteNonConcurrentTasks(ForkJoinPoolHierarchicalTestE**cutorService.java:155)
	at org.junit.platform.engine.support.hierarchical.ForkJoinPoolHierarchicalTestE**cutorService.invokeAll(ForkJoinPoolHierarchicalTestE**cutorService.java:135)
	at org.junit.platform.engine.support.hierarchical.NodeTestTask.lambda$e**cuteRecursively$5(NodeTestTask.java:143)
	at org.junit.platform.engine.support.hierarchical.ThrowableCollector.e**cute(ThrowableCollector.java:73)
	at org.junit.platform.engine.support.hierarchical.NodeTestTask.lambda$e**cuteRecursively$7(NodeTestTask.java:129)
	at org.junit.platform.engine.support.hierarchical.Node.around(Node.java:137)
	at org.junit.platform.engine.support.hierarchical.NodeTestTask.lambda$e**cuteRecursively$8(NodeTestTask.java:127)
	at org.junit.platform.engine.support.hierarchical.ThrowableCollector.e**cute(ThrowableCollector.java:73)
	at org.junit.platform.engine.support.hierarchical.NodeTestTask.e**cuteRecursively(NodeTestTask.java:126)
	at org.junit.platform.engine.support.hierarchical.NodeTestTask.e**cute(NodeTestTask.java:84)
	at org.junit.platform.engine.support.hierarchical.ForkJoinPoolHierarchicalTestE**cutorService$ExclusiveTask.compute(ForkJoinPoolHierarchicalTestE**cutorService.java:185)
	at java.base/java.util.concurrent.RecursiveAction.e**c(RecursiveAction.java:189)
	at java.base/java.util.concurrent.ForkJoinTask.doE**c(ForkJoinTask.java:290)
	at java.base/java.util.concurrent.ForkJoinPool$WorkQueue.topLevelE**c(ForkJoinPool.java:1020)
	at java.base/java.util.concurrent.ForkJoinPool.scan(ForkJoinPool.java:1656)
	at java.base/java.util.concurrent.ForkJoinPool.runWorker(ForkJoinPool.java:1594)
	at java.base/java.util.concurrent.ForkJoinWorkerThread.run(ForkJoinWorkerThread.java:177)

[INFO] Tests run: 4, Failures: 0, Errors: 0, Skipped: 0, Time elapsed: 0.95 s - in org.entando.kubernetes.controller.keycloakserver.ExternalKeycloakServerTest
[INFO] 
[INFO] Results:
[INFO] 
[INFO] Tests run: 17, Failures: 0, Errors: 0, Skipped: 0
[INFO] 
[INFO] 
[INFO] --- maven-jar-plugin:3.2.0:jar (default-jar) @ entando-k8s-keycloak-controller ---
[INFO] Building jar: /workspace/source/target/entando-k8s-keycloak-controller-0.0.0-SNAPSHOT-PR-32-8.jar
[INFO] 
[INFO] --- maven-jar-plugin:3.2.0:test-jar (build-test-jar) @ entando-k8s-keycloak-controller ---
[INFO] Building jar: /workspace/source/target/entando-k8s-keycloak-controller-0.0.0-SNAPSHOT-PR-32-8-tests.jar
[INFO] 
[INFO] --- maven-javadoc-plugin:3.2.0:jar (attach-javadocs) @ entando-k8s-keycloak-controller ---
[INFO] Skipping javadoc generation
[INFO] 
[INFO] --- license-maven-plugin:2.0.0:aggregate-download-licenses (download-licenses) @ entando-k8s-keycloak-controller ---
[INFO] skip flag is on, will skip goal.
[INFO] 
[INFO] --- quarkus-maven-plugin:1.13.7.Final:build (default) @ entando-k8s-keycloak-controller ---
[INFO] [org.jboss.threads] JBoss Threads version 3.2.0.Final
[WARNING] [io.quarkus.deployment.steps.ReflectiveHierarchyStep] Unable to properly register the hierarchy of the following classes for reflection as they are not in the Jandex index:
	- org.entando.kubernetes.model.common.EntandoCustomResourceStatus (source: JacksonProcessor > org.entando.kubernetes.controller.spi.client.SerializedEntandoResource)
	- org.entando.kubernetes.model.common.ExpectedRole (source: JacksonProcessor > org.entando.kubernetes.controller.spi.deployable.SsoClientConfig)
	- org.entando.kubernetes.model.common.Permission (source: JacksonProcessor > org.entando.kubernetes.controller.spi.deployable.SsoClientConfig)
Consider adding them to the index either by creating a Jandex index for your dependency via the Maven plugin, an empty META-INF/beans.xml or quarkus.index-dependency properties.
[INFO] [io.quarkus.deployment.QuarkusAugmentor] Quarkus augmentation completed in 2061ms
[INFO] 
[INFO] --- maven-surefire-report-plugin:3.0.0-M4:failsafe-report-only (integration-tests) @ entando-k8s-keycloak-controller ---
[INFO] 
[INFO] --- dependency-check-maven:6.1.5:aggregate (default) @ entando-k8s-keycloak-controller ---
[INFO] Checking for updates
[INFO] NVD CVE requires several updates; this could take a couple of minutes.
[INFO] Download Started for NVD CVE - 2006
[INFO] Download Started for NVD CVE - 2007
[INFO] Download Complete for NVD CVE - 2007  (1171 ms)
[INFO] Processing Started for NVD CVE - 2007
[INFO] Download Complete for NVD CVE - 2006  (1190 ms)
[INFO] Download Started for NVD CVE - 2010
[INFO] Processing Started for NVD CVE - 2006
[INFO] Download Started for NVD CVE - 2012
WARNING: An illegal reflective access operation has occurred
WARNING: Illegal reflective access by com.fasterxml.jackson.module.afterburner.util.MyClassLoader (file:/home/jenkins/.mvnrepository/com/fasterxml/jackson/module/jackson-module-afterburner/2.12.2/jackson-module-afterburner-2.12.2.jar) to method java.lang.ClassLoader.findLoadedClass(java.lang.String)
WARNING: Please consider reporting this to the maintainers of com.fasterxml.jackson.module.afterburner.util.MyClassLoader
WARNING: Use --illegal-access=warn to enable warnings of further illegal reflective access operations
WARNING: All illegal access operations will be denied in a future release
[INFO] Download Complete for NVD CVE - 2010  (1114 ms)
[INFO] Download Started for NVD CVE - 2014
[INFO] Processing Started for NVD CVE - 2010
[INFO] Download Complete for NVD CVE - 2012  (1147 ms)
[INFO] Download Started for NVD CVE - 2015
[INFO] Processing Started for NVD CVE - 2012
[INFO] Download Complete for NVD CVE - 2014  (1106 ms)
[INFO] Download Complete for NVD CVE - 2015  (1062 ms)
[INFO] Download Started for NVD CVE - 2016
[INFO] Processing Started for NVD CVE - 2014
[INFO] Download Started for NVD CVE - 2017
[INFO] Processing Started for NVD CVE - 2015
[INFO] Download Complete for NVD CVE - 2016  (1318 ms)
[INFO] Download Started for NVD CVE - 2018
[INFO] Processing Started for NVD CVE - 2016
[INFO] Download Complete for NVD CVE - 2017  (1504 ms)
[INFO] Processing Started for NVD CVE - 2017
[INFO] Download Started for NVD CVE - 2019
[INFO] Download Complete for NVD CVE - 2018  (1607 ms)
[INFO] Download Started for NVD CVE - 2020
[INFO] Download Complete for NVD CVE - 2019  (1647 ms)
[INFO] Download Started for NVD CVE - 2021
[INFO] Download Complete for NVD CVE - 2020  (1752 ms)
[INFO] Download Complete for NVD CVE - 2021  (1580 ms)
[INFO] Processing Complete for NVD CVE - 2010  (3297555 ms)
[INFO] Processing Started for NVD CVE - 2018
[INFO] Processing Complete for NVD CVE - 2007  (3347913 ms)
[INFO] Processing Started for NVD CVE - 2019
[INFO] Processing Complete for NVD CVE - 2006  (3376299 ms)
[INFO] Processing Started for NVD CVE - 2020
[INFO] Processing Complete for NVD CVE - 2012  (3418575 ms)
[INFO] Processing Started for NVD CVE - 2021
[INFO] Processing Complete for NVD CVE - 2015  (3426830 ms)
[INFO] Processing Complete for NVD CVE - 2014  (3470010 ms)
[INFO] Processing Complete for NVD CVE - 2016  (3541658 ms)
[INFO] Processing Complete for NVD CVE - 2017  (3738775 ms)
[INFO] Processing Complete for NVD CVE - 2019  (600790 ms)
[INFO] Processing Complete for NVD CVE - 2018  (677206 ms)
[INFO] Processing Complete for NVD CVE - 2021  (582181 ms)
[INFO] Processing Complete for NVD CVE - 2020  (636079 ms)
[INFO] Download Started for NVD CVE - Modified
[INFO] Download Complete for NVD CVE - Modified  (764 ms)
[INFO] Processing Started for NVD CVE - Modified
[INFO] Processing Complete for NVD CVE - Modified  (8761 ms)
[INFO] Begin database maintenance
[ERROR] An unexpected SQL Exception occurred; please see the verbose log for more details.
[ERROR] Unexpected SQL Exception
org.*****.dependencycheck.data.update.exception.UpdateException: Unexpected SQL Exception
    at org.*****.dependencycheck.data.update.NvdCveUpdater.performUpdate (NvdCveUpdater.java:324)
    at org.*****.dependencycheck.data.update.NvdCveUpdater.update (NvdCveUpdater.java:125)
    at org.*****.dependencycheck.Engine.doUpdates (Engine.java:860)
    at org.*****.dependencycheck.Engine.initializeAndUpdateDatabase (Engine.java:667)
    at org.*****.dependencycheck.Engine.analyzeDependencies (Engine.java:593)
    at org.*****.dependencycheck.maven.BaseDependencyCheckMojo.runCheck (BaseDependencyCheckMojo.java:1660)
    at org.*****.dependencycheck.maven.BaseDependencyCheckMojo.e**cute (BaseDependencyCheckMojo.java:929)
    at org.apache.maven.plugin.DefaultBuildPluginManager.e**cuteMojo (DefaultBuildPluginManager.java:137)
    at org.apache.maven.lifecycle.internal.MojoE**cutor.e**cute (MojoE**cutor.java:210)
    at org.apache.maven.lifecycle.internal.MojoE**cutor.e**cute (MojoE**cutor.java:156)
    at org.apache.maven.lifecycle.internal.MojoE**cutor.e**cute (MojoE**cutor.java:148)
    at org.apache.maven.lifecycle.internal.LifecycleModuleBuilder.buildProject (LifecycleModuleBuilder.java:117)
    at org.apache.maven.lifecycle.internal.LifecycleModuleBuilder.buildProject (LifecycleModuleBuilder.java:81)
    at org.apache.maven.lifecycle.internal.builder.singlethreaded.SingleThreadedBuilder.build (SingleThreadedBuilder.java:56)
    at org.apache.maven.lifecycle.internal.LifecycleStarter.e**cute (LifecycleStarter.java:128)
    at org.apache.maven.DefaultMaven.doE**cute (DefaultMaven.java:305)
    at org.apache.maven.DefaultMaven.doE**cute (DefaultMaven.java:192)
    at org.apache.maven.DefaultMaven.e**cute (DefaultMaven.java:105)
    at org.apache.maven.cli.MavenCli.e**cute (MavenCli.java:957)
    at org.apache.maven.cli.MavenCli.doMain (MavenCli.java:289)
    at org.apache.maven.cli.MavenCli.main (MavenCli.java:193)
    at jdk.internal.reflect.NativeMethodAccessorImpl.invoke0 (Native Method)
    at jdk.internal.reflect.NativeMethodAccessorImpl.invoke (NativeMethodAccessorImpl.java:62)
    at jdk.internal.reflect.DelegatingMethodAccessorImpl.invoke (DelegatingMethodAccessorImpl.java:43)
    at java.lang.reflect.Method.invoke (Method.java:566)
    at org.codehaus.plexus.classworlds.launcher.Launcher.launchEnhanced (Launcher.java:282)
    at org.codehaus.plexus.classworlds.launcher.Launcher.launch (Launcher.java:225)
    at org.codehaus.plexus.classworlds.launcher.Launcher.mainWithExitCode (Launcher.java:406)
    at org.codehaus.plexus.classworlds.launcher.Launcher.main (Launcher.java:347)
Caused by: org.********ql.util.PSQLException: ERROR: update or delete on table "cpeentry" violates foreign key constraint "fksoftwarecpeproduct" on table "software"
  Detail: Key (id)=(215875) is still referenced from table "software".
    at org.********ql.core.v3.QueryE**cutorImpl.receiveErrorResponse (QueryE**cutorImpl.java:2532)
    at org.********ql.core.v3.QueryE**cutorImpl.processResults (QueryE**cutorImpl.java:2267)
    at org.********ql.core.v3.QueryE**cutorImpl.e**cute (QueryE**cutorImpl.java:312)
    at org.********ql.jdbc.PgStatement.e**cuteInternal (PgStatement.java:448)
    at org.********ql.jdbc.PgStatement.e**cute (PgStatement.java:369)
    at org.********ql.jdbc.PgPreparedStatement.e**cuteWithFlags (PgPreparedStatement.java:153)
    at org.********ql.jdbc.PgPreparedStatement.e**cuteUpdate (PgPreparedStatement.java:119)
    at org.*****.dependencycheck.data.nvdcve.CveDB.cleanupDatabase (CveDB.java:1378)
    at org.*****.dependencycheck.data.update.NvdCveUpdater.performUpdate (NvdCveUpdater.java:322)
    at org.*****.dependencycheck.data.update.NvdCveUpdater.update (NvdCveUpdater.java:125)
    at org.*****.dependencycheck.Engine.doUpdates (Engine.java:860)
    at org.*****.dependencycheck.Engine.initializeAndUpdateDatabase (Engine.java:667)
    at org.*****.dependencycheck.Engine.analyzeDependencies (Engine.java:593)
    at org.*****.dependencycheck.maven.BaseDependencyCheckMojo.runCheck (BaseDependencyCheckMojo.java:1660)
    at org.*****.dependencycheck.maven.BaseDependencyCheckMojo.e**cute (BaseDependencyCheckMojo.java:929)
    at org.apache.maven.plugin.DefaultBuildPluginManager.e**cuteMojo (DefaultBuildPluginManager.java:137)
    at org.apache.maven.lifecycle.internal.MojoE**cutor.e**cute (MojoE**cutor.java:210)
    at org.apache.maven.lifecycle.internal.MojoE**cutor.e**cute (MojoE**cutor.java:156)
    at org.apache.maven.lifecycle.internal.MojoE**cutor.e**cute (MojoE**cutor.java:148)
    at org.apache.maven.lifecycle.internal.LifecycleModuleBuilder.buildProject (LifecycleModuleBuilder.java:117)
    at org.apache.maven.lifecycle.internal.LifecycleModuleBuilder.buildProject (LifecycleModuleBuilder.java:81)
    at org.apache.maven.lifecycle.internal.builder.singlethreaded.SingleThreadedBuilder.build (SingleThreadedBuilder.java:56)
    at org.apache.maven.lifecycle.internal.LifecycleStarter.e**cute (LifecycleStarter.java:128)
    at org.apache.maven.DefaultMaven.doE**cute (DefaultMaven.java:305)
    at org.apache.maven.DefaultMaven.doE**cute (DefaultMaven.java:192)
    at org.apache.maven.DefaultMaven.e**cute (DefaultMaven.java:105)
    at org.apache.maven.cli.MavenCli.e**cute (MavenCli.java:957)
    at org.apache.maven.cli.MavenCli.doMain (MavenCli.java:289)
    at org.apache.maven.cli.MavenCli.main (MavenCli.java:193)
    at jdk.internal.reflect.NativeMethodAccessorImpl.invoke0 (Native Method)
    at jdk.internal.reflect.NativeMethodAccessorImpl.invoke (NativeMethodAccessorImpl.java:62)
    at jdk.internal.reflect.DelegatingMethodAccessorImpl.invoke (DelegatingMethodAccessorImpl.java:43)
    at java.lang.reflect.Method.invoke (Method.java:566)
    at org.codehaus.plexus.classworlds.launcher.Launcher.launchEnhanced (Launcher.java:282)
    at org.codehaus.plexus.classworlds.launcher.Launcher.launch (Launcher.java:225)
    at org.codehaus.plexus.classworlds.launcher.Launcher.mainWithExitCode (Launcher.java:406)
    at org.codehaus.plexus.classworlds.launcher.Launcher.main (Launcher.java:347)
[WARNING] Unable to update 1 or more Cached Web DataSource, using local data instead. Results may not include recent vulnerabilities.
[ERROR] Unable to continue dependency-check analysis.
[INFO] 
[INFO] ------------------------------------------------------------------------
[INFO] Skipping Entando K8S Controller for Keycloak
[INFO] This project has been banned from the build due to previous failures.
[INFO] ------------------------------------------------------------------------
[INFO] ------------------------------------------------------------------------
[INFO] BUILD FAILURE
[INFO] ------------------------------------------------------------------------
[INFO] Total time:  01:08 h
[INFO] Finished at: 2021-12-17T23:26:37Z
[INFO] ------------------------------------------------------------------------
[ERROR] Failed to e**cute goal org.*****:dependency-check-maven:6.1.5:aggregate (default) on project entando-k8s-keycloak-controller: Fatal exception(s) analyzing Entando K8S Controller for Keycloak: One or more exceptions occurred during analysis:
[ERROR] 	UpdateException: Unexpected SQL Exception
[ERROR] 		caused by PSQLException: ERROR: update or delete on table "cpeentry" violates foreign key constraint "fksoftwarecpeproduct" on table "software"
[ERROR]   Detail: Key (id)=(215875) is still referenced from table "software".
[ERROR] 	NoDataException: No documents exist
[ERROR] -> [Help 1]
[ERROR] 
[ERROR] To see the full stack trace of the errors, re-run Maven with the -e switch.
[ERROR] Re-run Maven using the -X switch to enable full debug logging.
[ERROR] 
[ERROR] For more information about the errors and possible solutions, please read the following articles:
[ERROR] [Help 1] http://cwiki.apache.org/confluence/display/MAVEN/MojoE**cutionException
Picked up _JAVA_OPTIONS: -XX:+UnlockExperimentalVMOptions -Dsun.zip.disableMemoryMapping=**** -XX:+UseParallelGC -XX:MinHeapFreeRatio=5 -XX:MaxHeapFreeRatio=10 -XX:GCTimeRatio=4 -XX:AdaptiveSizePolicyWeight=90 -Xms1000m -Xmx12000m
[INFO] Scanning for projects...
[WARNING] 
[WARNING] Some problems were encountered while building the effective model for org.entando:entando-k8s-keycloak-controller:jar:0.0.0-SNAPSHOT-PR-32-8
[WARNING] 'dependencies.dependency.scope' for com.fasterxml.jackson:jackson-bom:pom must be one of [provided, compile, runtime, test, ******] but is 'import'. @ org.entando:entando-quarkus-parent:7.0.3, /home/jenkins/.mvnrepository/org/entando/entando-quarkus-parent/7.0.3/entando-quarkus-parent-7.0.3.pom, line 403, column 20
[WARNING] 'dependencies.dependency.scope' for org.jboss.resteasy:resteasy-bom:pom must be one of [provided, compile, runtime, test, ******] but is 'import'. @ org.entando:entando-quarkus-parent:7.0.3, /home/jenkins/.mvnrepository/org/entando/entando-quarkus-parent/7.0.3/entando-quarkus-parent-7.0.3.pom, line 410, column 20
[WARNING] 'dependencies.dependency.scope' for org.junit:junit-bom:pom must be one of [provided, compile, runtime, test, ******] but is 'import'. @ org.entando:entando-quarkus-parent:7.0.3, /home/jenkins/.mvnrepository/org/entando/entando-quarkus-parent/7.0.3/entando-quarkus-parent-7.0.3.pom, line 417, column 20
[WARNING] 'dependencies.dependency.scope' for io.quarkus:quarkus-bom:pom must be one of [provided, compile, runtime, test, ******] but is 'import'. @ org.entando:entando-quarkus-parent:7.0.3, /home/jenkins/.mvnrepository/org/entando/entando-quarkus-parent/7.0.3/entando-quarkus-parent-7.0.3.pom, line 424, column 20
[WARNING] 
[WARNING] It is highly recommended to fix these problems because they threaten the stability of your build.
[WARNING] 
[WARNING] For this reason, future Maven versions might no longer support building such malformed projects.
[WARNING] 
[INFO] 
[INFO] ------------< org.entando:entando-k8s-keycloak-controller >-------------
[INFO] Building Entando K8S Controller for Keycloak 0.0.0-SNAPSHOT-PR-32-8
[INFO] --------------------------------[ jar ]---------------------------------
[INFO] 
[INFO] --- maven-site-plugin:3.9.0:site (default-site) @ entando-k8s-keycloak-controller ---
[INFO] configuring report plugin org.apache.maven.plugins:maven-project-info-reports-plugin:3.0.0
[INFO] 9 reports configured for maven-project-info-reports-plugin:3.0.0: dependency-info, distribution-management, index, ci-management, issue-management, licenses, plugins, scm, summary
[INFO] Rendering site with default locale English (en)
[WARNING] Unable to find a URL to the parent project. The parent menu will NOT be added.
[INFO] Relativizing decoration links with respect to localized project URL: https://central.entando.com
[INFO] Rendering content with org.apache.maven.skins:maven-default-skin:jar:1.3 skin.
[INFO] Generating "Dependency Information" report --- maven-project-info-reports-plugin:3.0.0:dependency-info
[INFO] Generating "About" report         --- maven-project-info-reports-plugin:3.0.0:index
[INFO] Generating "Issue Management" report --- maven-project-info-reports-plugin:3.0.0:issue-management
[INFO] Generating "Licenses" report      --- maven-project-info-reports-plugin:3.0.0:licenses
[INFO] Generating "Plugins" report       --- maven-project-info-reports-plugin:3.0.0:plugins
[INFO] Generating "Source Code Management" report --- maven-project-info-reports-plugin:3.0.0:scm
[INFO] Generating "Summary" report       --- maven-project-info-reports-plugin:3.0.0:summary
[INFO] 
[INFO] --- allure-maven:2.10.0:report (default) @ entando-k8s-keycloak-controller ---
[INFO] Allure installation directory /workspace/source/.allure
[INFO] Try to finding out allure 2.14.0
[INFO] Downloading allure commandline...
[INFO] Proxy is not specified.
[INFO] Downloading allure commandline complete
[INFO] Generate Allure report (report) with version 2.14.0
[INFO] Generate Allure report to /workspace/source/target/site/allure-reports
[INFO] Found results directory /workspace/source/target/allure-results
[INFO] Can't find information about categories.
[INFO] Generate report to /workspace/source/target/site/allure-reports
Picked up _JAVA_OPTIONS: -XX:+UnlockExperimentalVMOptions -Dsun.zip.disableMemoryMapping=**** -XX:+UseParallelGC -XX:MinHeapFreeRatio=5 -XX:MaxHeapFreeRatio=10 -XX:GCTimeRatio=4 -XX:AdaptiveSizePolicyWeight=90 -Xms1000m -Xmx12000m
Report successfully generated to /workspace/source/target/site/allure-reports
[INFO] Report generated successfully.
[INFO] ------------------------------------------------------------------------
[INFO] BUILD SUCCESS
[INFO] ------------------------------------------------------------------------
[INFO] Total time:  25.202 s
[INFO] Finished at: 2021-12-17T23:27:05Z
[INFO] ------------------------------------------------------------------------
error: failed to collect patterns target/site/* to path entando-k8s-keycloak-controller/PR-32: Have you set up a git credential helper? See https://help.github.com/articles/caching-your-github-password-in-git/
: git output: To https://github.com/entando-k8s/devops-results.git
 ! [rejected]            gh-pages -> gh-pages (fetch first)
error: failed to push some refs to 'https://github.com/entando-k8s/devops-results.git'
hint: Updates were rejected because the remote contains work that you do
hint: not have locally. This is usually caused by another repository pushing
hint: to the same ref. You may want to first integrate the remote changes
hint: (e.g., 'git pull ...') before pushing again.
hint: See the 'Note about fast-forwards' in 'git push --help' for details.: failed to run 'git push origin gh-pages' command in directory '/tmp/jenkins-x-collect320365827', output: 'To https://github.com/entando-k8s/devops-results.git
 ! [rejected]            gh-pages -> gh-pages (fetch first)
error: failed to push some refs to 'https://github.com/entando-k8s/devops-results.git'
hint: Updates were rejected because the remote contains work that you do
hint: not have locally. This is usually caused by another repository pushing
hint: to the same ref. You may want to first integrate the remote changes
hint: (e.g., 'git pull ...') before pushing again.
hint: See the 'Note about fast-forwards' in 'git push --help' for details.'
No OWASP dependency check found for entando-k8s-keycloak-controller-PR-32.
The following checks failed for entando-k8s-keycloak-controller-PR-32:
No OWASP dependency check results produced by build
[31m
Pipeline failed on stage 'from-build-pack' : container 'step-build-mvn-verify-pr'. The execution of the pipeline has stopped.[0m
